1074055
5109707
2006211
14917702
17780205
8953220
17556611
27713215
18862125
8403132
12981594
12372978
11697208
512662
333513
15217151
8191882
26820989
9912014
17971520
9326701
6697355
6690740
4774563
11615002
24453591
6942251
7142050
3081083
8335504
21583190
19269112
16678247
18107446
9670197
5949066
23663616
27007858
5843332
7888801
28201344
91350
18011358
15146626
5112767
6416007
27273011
20492653
16467628
22302695
1072711
360869
10959449
13357696
14876372
1488427
3304500
19238831
22543500
2393618
9551146
23487339
2193906
12373804
16637676
16601107
17576811
4411504
17171403
7567182
10361843
6565957
3556834
18118818
9184179
16510722
1783125
15525023
16123074
16870557
1272872
2190437
9819142
3035698
7448872
12022016
6068030
405991
14829174
15542520
14951140
13902497
28487043
154148
4117552
4222644
11711372
18549853
11041759
10450218
15556527
1042364
2526377
2077292
21663393
16911841
20698881
4923131
12793915
20755020
4109596
24248867
14252066
26103232
6213173
6251322
8210776
14005795
15825535
12806638
8357502
20669042
1081701
11597687
1032426
11780920
2012373
2631924
6415410
5416612
13886401
7689439
20368788
21043765
20212958
8855871
20722665
7054095
11481789
12530417
24853217
27157806
2162359
6953281
13224233
22099144
26273896
3320124
14622020
31518742
12483354
5152840
3456041
16659261
16958977
3177192
5645411
2841402
4375041
10316010
1258736
3245109
14066331
16463129
1569484
12272797
13850053
25464667
9564601
1590
11794682
14996446
18918315
10989124
9583330
7625127
6347354
17056182
22002581
13088442
12003506
26935005
26650708
7696145
24107009
10699365
943132
717610
4960550
3163061
3155404
8007315
14392864
5493457
13495350
1213478
28318985
11386209
4176916
11386593
25342455
20607136
16958066
1687289
8380576
6634412
12445850
19257534
10307636
16917343
13675090
15806140
19174158
1921927
170064
27406986
12255356
9025580
17138262
2879050
442367
20397224
11734917
19366286
8898244
147456
23380360
7279873
31040111
1903402
5038392
23456031
12669694
15863589
18567530
1702891
3232551
18312205
1228797
1986966
13622734
22753320
8947948
12452064
2701058
14324657
10996493
5693315
8730618
16489764
3266293
3068119
9071168
19710627
11434856
23038994
3399364
8893730
768388
5063958
16895248
9447131
14062107
16671054
2870885
5185618
8632202
16719254
532458
5129261
7942679
4422540
3228575
12813797
17547815
4411216
17780945
14143428
1050937
289129
17040965
10130377
1406445
1563092
12751049
20712452
11960326
16632393
5842016
2239642
28324228
2374605
9215955
24973048
21361383
17466830
6688047
5143615
1919870
497092
1986639
17752623
12128977
23866403
19166560
24731789
9708816
924977
4687472
21671051
27496137
4130277
7966284
4124801
2079672
7253504
21450651
10160444
12808491
6099549
10663347
27176972
10996559
7091251
25541251
10674147
29920211
752576
20285800
8749883
6693016
10322114
5646540
9627492
13031997
14440195
23019709
23414003
6074693
22094459
3984136
12176144
17304228
4844639
16861143
1936349
3050204
5559088
26992050
18178476
9895844
10909054
15594984
1355106
6387313
22488
3496680
1755271
17033009
7007817
12704797
6036166
6867249
9972710
21347375
17396138
15925655
1569130
137073
11723402
14795582
16717215
2523856
634104
15578017
22880001
3182119
7785351
26579888
11678759
21098579
5845160
3096578
25790401
8352459
14183759
20003760
5173921
1089505
16708048
16725288
24634905
2230897
27185966
8711111
12889711
15485370
5450743
5543307
13639685
27152183
4386025
14456635
2392903
5330100
5192139
10577698
3258022
13399723
2092765
2479357
2514370
2204898
1038306
523125
17521566
2423247
18866569
5856429
1962634
8626427
4680980
12596259
19582823
20584420
1184362
1823142
2388328
26056760
3895217
28171356
1456420
11166467
31117791
9440090
26381464
15001174
19319327
12764277
24500725
18122831
22714150
3624246
23630450
4021075
7512357
5547284
2861711
6339813
4633560
24115847
9967215
31388835
9543442
2249490
9172124
5177382
6406612
10996927
19379263
13891155
26455384
6929555
19877268
2578979
10718711
5565924
2329040
16913828
2659150
4791171
3524161
3537849
16848093
19322954
6440752
7784673
10287050
8558688
123132
17179351
20160987
26171112
4257146
1446141
4280416
27375179
9925053
5713873
7105885
17439386
24298126
4595638
9877566
5223471
30025430
6461502
2481265
9964598
19528716
8022112
2065126
18542291
5293702
3268841
5405031
820635
3997485
8894423
11721877
2980174
10780783
18842534
1121534
14618234
8543660
20596654
515157
25895004
880084
11901306
9722945
21918869
20590639
1207298
10817298
9004903
11599159
14814747
17944415
4793859
4647550
9209444
4350487
9790682
5274941
26991415
2704113
30524042
2876622
18434376
22006127
4486834
17633112
1709877
22836100
4403130
23180622
494958
24055323
325207
12627919
10821879
8624836
23550270
6008396
15034976
10371967
11439604
18914678
14944094
13276991
12364915
6710945
1266411
12372436
4787412
11778441
27457158
23037089
3597671
9268965
13798840
10631928
5178043
20689635
7890078
4234229
701363
3220160
5667450
1698517
14128141
5527609
23005710
6310587
2554886
24027292
21145477
12835408
6218446
19699252
5838196
9497010
14902720
3949093
7259545
17028376
4364346
24550714
3130392
17898487
13136626
4144097
3948690
9667386
12496291
12835544
24924993
9119859
2577938
21309406
746810
14564323
6490105
3226822
15158548
28029865
1662688
28062102
16418849
1822306
8278580
5248563
11014885
6438354
9565154
5662350
10540999
5890899
21486282
83638
8839345
1781777
10646894
25259384
19058114
2266185
9833002
6709984
17437630
25783926
18426627
20298982
2388129
13985665
16337232
18924930
5547557
9505825
14619072
3650494
25270376
22028138
2580983
5405011
3832717
15686381
3655532
8060382
26099907
6417736
5692915
5388888
1757053
9338565
10813510
24075479
18175206
1484232
14746780
1230449
6954493
5645580
4442053
5541679
7122372
13657350
9543059
4504269
15589112
3574312
22199097
9922759
21698965
12068253
14513047
25529735
6086070
24629889
4824405
10240597
13872393
19265457
3845293
15923122
7680380
7651318
17512235
3588045
8390190
2457849
22856603
14479948
328033
2708002
1317812
27190385
27593143
1423132
21705403
1068427
132329
7938206
18816589
15491729
8727521
13192037
7551191
15518218
17567958
21538918
13874355
19006628
4955526
137257
1165427
9618403
8509340
8448885
1676116
3580314
8773588
2669839
6805794
5152272
21413763
13955082
7153611
21551728
26577804
4370328
851390
2684657
22414535
7023664
6359432
11838835
24802166
5562835
9613897
7493013
17834025
13929674
25977933
27948578
891810
17398563
2338044
24776500
14697748
30272782
18510149
5935296
2495469
14645890
7001341
13830331
626664
5325290
1374451
6223105
16662515
11667967
23437409
10324497
5611580
4893134
12257562
2278769
3660375
5692404
3648898
4225709
9847278
14293246
2899960
6462449
13715929
20939756
15387678
1363394
9533218
28422759
4681423
12562183
545114
22274008
13655372
3129701
10447858
8981392
17697638
30359079
10669288
4942475
18139420
10557745
12457889
28191758
16263861
20514713
15554179
13263494
17790572
9008997
4191911
7394227
3243827
26019636
7826245
14793
8496405
17214745
538610
10247506
4176401
4430997
269356
20815131
13862190
826601
6605689
3745483
8349571
2668980
12101922
17230324
7536964
17405285
19588344
3624399
14568500
312559
23915637
14437657
14566303
26030950
3312926
3450272
7738952
3869382
6393247
10220241
30804980
17967385
3554058
8079187
13017253
13359970
2444467
5288740
7386282
4130307
12992044
13650896
18068446
15803278
26928493
10803834
10569239
12936767
8326030
5034137
13432265
12855552
6025720
895880
2441036
12149558
1779150
10538282
8547113
21614930
1561068
310500
11745710
8095557
1970688
15262403
16654470
20921816
10073973
15901995
809871
8529993
9862839
5624116
4059584
14121286
1425465
18227007
6831368
2904398
10785099
2014003
2152396
5726399
2575968
17681328
1242329
26672254
5259056
21500989
6202596
15245589
7091231
9389814
12090951
20054685
7153229
15321297
6236652
2669800
6199316
10414278
5229453
19127394
25591506
19982358
9395113
21298054
6601892
5215240
3448191
9234106
20185174
8553582
14800820
13317773
3109735
51542
2772988
25357928
953791
21943741
14718545
2036680
20347431
1512722
30761761
9359406
7122627
9501259
7316217
10650478
6051699
79887
10443344
4524815
5234817
9970067
16482629
18717914
10067275
12318272
1082421
3278340
12065259
13464597
14191459
5803908
10880152
3288300
2201601
3430578
6178633
582796
14682329
1963252
13149149
6426199
15251365
10519200
21522218
11295625
3522905
2358555
15167342
8022200
3028899
27169
26742730
27267462
20504766
3583410
21433074
859142
15722685
25286000
19672380
4211665
8163312
26533092
3502919
506162
12731349
6066988
19501783
3318458
4552309
4543197
3999382
4406589
24385919
17036273
4849731
5653754
15020974
28024188
8905011
906437
26709134
2875665
25220416
15454251
27515159
27997732
3262148
17417440
5384405
15166430
15314224
10068695
20434450
7612062
23583041
20413874
7074452
9038853
12769204
4388795
24956838
5529992
1328917
21011337
7317438
15814131
8370674
17755709
14112678
7804510
13838502
2224632
5398064
25420954
9952665
4381373
24420577
1409961
17688498
16998487
5706526
1843238
2682746
11358557
22656773
1106496
2858564
24541227
28153267
27555659
1199711
29768349
2286318
19353184
7257167
2830925
3581648
14249849
596721
7390744
19341801
14472986
7435636
3580766
961165
4573070
4436710
4264961
299167
9162967
16134720
4759159
6785451
2877443
25038051
24990571
4659066
9260185
1467168
9647925
12100667
2892406
2981437
3314908
606719
3627457
5335153
13164901
16316757
3599735
9869568
24485769
21923246
1076401
13239048
12841451
3085845
27150520
17849266
10137796
10073556
29146976
13105786
11940599
1413537
10982844
1368374
13047121
12756862
1575309
13557487
26839660
10833495
744067
4013305
19329656
11126785
26482155
8263092
11217305
12227681
20277093
8016842
27065232
7198209
3050297
4176255
6122835
4962299
5714257
7664930
19721683
27296936
3149418
28571151
14898803
14652260
27338869
301740
4104847
6490884
7797114
8135505
7490456
8094180
23514977
14323188
22614633
7678922
16798824
16189820
104795
503415
4853840
2921359
2825985
920703
2170809
25084199
14789753
19518417
14333517
10617028
19773485
27957412
3056477
7097979
19146589
19202123
3257721
15918252
3542165
30294146
16287601
9284783
5324314
27910345
14262671
2036381
10343494
8627075
15838386
23164791
22631940
27022789
5687205
2616339
6037941
21549622
22565770
10058086
15765755
3034873
13497168
16922945
26454615
11848793
20484688
6921060
11371418
25800647
17303990
19988134
10251284
22019735
23847930
19404019
16848112
11338590
14850004
16055856
20111528
12199005
12756386
10181516
20489832
22179120
23406811
13421738
10427046
10439221
5250179
6490703
4917402
4476775
11370506
12336838
23507970
22274168
5533607
7729971
143034
27018500
8965564
4180854
10575520
10053697
6456104
8328453
21168739
6281900
12454127
6321060
15036728
2996975
5384305
5185353
17450977
10757348
1211789
4735913
18868656
2888915
12713728
15929468
9358583
18296209
12809763
27326221
17860186
8788965
7065598
9516232
9031627
1076748
4050061
16201131
12691901
12733538
1341023
7780916
15020266
10605714
10408338
15001483
13664900
88600
6819788
7912763
20442936
2358165
18093406
2424979
18733784
27541692
13190476
6625920
28659081
19747652
3442340
7007021
7225915
7972714
13065418
1208456
20564303
3971659
1031777
32294311
747630
5673326
6706723
4727246
16825452
5108200
2597697
12742902
20586116
4488027
11811587
13759426
8586157
8958708
1498357
6660859
4975883
7138292
15657557
9431019
10618116
5835701
13256325
6231395
17353106
16957991
9126270
7519647
16257389
12396889
19815386
14897431
13176486
15135909
228125
24527674
11048505
17267551
25645375
13979041
26832826
6598510
11691820
4522009
22586293
22942978
23663561
20151770
3062619
11032032
17255736
1010484
28127377
28243954
12941993
8231018
5628551
27059775
21501907
6368593
7879733
9071304
3496331
13015131
6600718
22418245
26355931
5247916
10857053
1536514
8777858
9530796
5655433
1551913
4060558
13623781
6412051
7887252
29201631
14586610
58084
6403998
18079361
9835810
8701721
2085078
20774021
29409412
20144732
15116698
6296558
3936465
1736402
7479878
3475710
15300906
16525871
17321589
22055853
2001191
5928490
22163569
8464080
20308969
39389
13107286
8590658
30547087
28457853
7979063
19518905
7197101
658284
11296774
20725776
5949766
5954253
31685518
17930821
13659403
7509359
1184642
9988769
3283859
26841507
22095092
19650872
5736236
8508172
11610610
5918885
10998789
27568677
6251120
8718692
18213112
5649732
23172593
2149916
23348476
6481917
20788216
30839470
16027973
6581485
4892916
6993180
2417479
10370177
7247254
2476364
9171436
14248141
5736244
16772898
6517888
856878
11348720
5745825
21218121
444827
16642032
15665315
14503505
7476825
239413
15861681
6203017
6404518
16134541
6538241
18635449
10060432
9586804
12056752
22294288
20410227
7029941
18899683
4551858
25523724
14873881
21646062
8058905
5705398
5282237
18520946
3038728
3392947
9418344
16966173
10841914
7784520
3959009
2512548
12260599
23456752
23760050
10903253
25110264
15658218
2159622
23413487
10469142
19257285
9592284
15482271
16163876
20040930
23636087
4539684
21602144
24581317
22323883
17150361
21129826
9591562
15224278
20326595
6662470
10817992
13399789
2465219
24912576
14218204
828865
26312825
2081583
11886344
10138746
20571405
25865867
15494249
6694040
8181194
3261983
11437575
26210441
16692295
1617997
1832636
5873520
13112114
756721
10254890
12658525
4474781
16877769
15059964
11293186
28929453
543180
17160700
423377
456243
18100324
7847235
19856013
10880548
7506147
1788667
10613686
3995145
10177954
7852596
24886403
16277973
18204240
20164552
20845091
11834844
23947895
1062563
19315129
1547276
15910466
15293119
14548846
18093415
1060597
8887859
25502526
23648184
17183486
8771144
8765287
15987974
2819217
23860625
22199523
21417357
15139826
2579585
18257921
12559890
8592221
17248088
2922609
14074993
19469555
15251600
24532228
20268779
15910038
962159
24022182
7321956
652608
492549
9279752
168552
26386623
2715772
1166898
20855176
2994686
3313504
14834366
8028113
4299357
5651841
9289738
15568531
19270564
603013
20967600
12458588
18196200
26466476
10340201
1334110
13431267
17445124
22504977
2915547
4595850
1273492
14090030
17505894
1828424
4421641
3162875
22074540
8923267
9911505
14548570
20882753
5558776
6408066
1113159
20582853
21466016
4787774
4368713
3180351
21487873
28932168
9484995
8267791
15337321
4378869
4960739
13461518
3309277
2389500
9550384
6848768
17577790
14022416
9343569
6612929
6086256
2084411
10179292
4361459
12703249
29091411
8073052
10979894
14874257
17213935
19767171
25344319
18948069
7552146
11025194
4848291
31549639
4489910
4649925
117706
5832866
24787651
14073518
5247495
8953704
1053310
1261024
6315137
23463577
2555733
36022
26413592
884863
7656151
15730881
11561445
28158799
1208233
14663988
3980578
693165
22729040
7355271
4854492
3092652
26527009
11533745
27570277
16577495
1264331
5740028
11981063
3677597
25568543
16774878
5585873
9638684
6810069
18374990
11973535
11552561
233752
30917770
1959764
27330326
10972729
6568253
4500868
12447842
24973053
5023669
27853720
2067481
5205052
4183065
12271459
576865
24297667
21099996
12012437
2887396
8223506
21206468
5632469
20635095
5396098
23712655
11979096
1133123
12580293
2832279
8393091
180533
5350758
2336615
9242439
13142657
13985603
28552695
16407352
30636636
19143571
446269
1014496
14144983
16289750
1371536
11394336
4219874
23232514
1359246
20907527
21856460
11131599
3046969
4229173
11035849
13566416
4546937
27610774
4174133
21733502
146689
306173
12526737
13295215
2357464
4094500
4084669
10033430
15520488
6688873
541536
28648488
7768619
21864778
1448855
23574882
17939452
9934637
15313258
13311587
4595377
6356399
5711176
16823408
7783290
13353759
28744227
4738118
1549898
24476950
24778132
13966443
10191664
7365302
18395496
5881978
24147888
3191527
6907036
5415999
546589
11802099
9973297
3508488
16872507
1729582
6420617
12650604
5846948
11408992
15431692
25359690
7433520
6548402
17700734
9001074
17382621
9779748
3852339
13289470
1829221
6961628
4457091
8179768
5842681
7414775
21251054
173979
20130459
30777015
3953925
6342368
15675683
13226668
17320612
21581966
24863300
665833
24062200
4859609
2835656
5164403
15371446
13986507
3383705
3572459
23029149
9422295
9127692
16694413
14853938
1468348
12407064
17177709
17941376
4410033
13772473
5632659
6215538
7866542
10092399
18624933
9696049
17318498
3924639
23780472
2168976
15255279
8241679
8517804
15820912
9598318
27866897
5270657
6664855
8540653
1624207
21600534
8238047
14114100
5685914
18652886
6432415
2999789
12480548
16707956
3130394
24433513
11595396
2698231
18739556
1700480
22301886
3062923
13343855
4002369
23317653
1286973
1535473
3978026
8805680
7522168
4612184
10502091
220264
11324692
3336864
14449545
11448592
3539083
3901751
14838697
18480185
17456347
12261781
2126120
29406157
13340208
5242132
870899
22083138
21646654
12849045
4544952
7760984
14336078
10503119
8912253
18497300
19140383
15672617
19719176
23971916
4525476
26565007
4210797
10474680
784278
19069539
12290015
14579223
18621257
4139375
4560801
14484958
5375979
7843075
19890680
8308658
18546551
10957644
27117209
17486547
11299426
18780451
19044523
12790721
8710882
4725945
4467854
2863039
17726924
18809685
4322415
21686278
5289474
613098
527001
6820807
794062
15219543
13768206
5042384
17740342
2939908
12615895
20910380
506361
1079348
11706751
8320130
11690098
6929918
8169547
2359011
3683240
720815
23610220
9128452
13605501
18388078
5227147
6792223
3124823
20153074
3319367
25759785
4058371
8802714
14259781
18950254
19630238
5311765
6010399
13110310
8328526
5870288
14403693
14853904
15529946
12661102
1548987
8076267
27538668
9722790
20759356
28550942
1255331
3998534
15535013
1171088
20089753
6528338
1164628
12422784
16514547
23771953
8296021
16314581
28080302
27949144
6789245
14971076
16346481
28607791
27140323
694557
8260281
771803
24375460
5364144
14438966
16219611
7933365
7373370
7022480
11508124
9148828
22875602
5023417
688305
21062066
10220796
15301380
18747493
30762470
15457626
18699377
19618376
20144753
20163352
25646750
26646726
2564998
24652872
21255344
12168363
30009558
12159643
13513579
31109076
12846501
18654102
4254192
4554188
16422323
16415456
318093
24173699
11034431
3497234
17863254
634691
2781453
24456981
6946079
25392652
15379680
7542378
19976461
517639
4144254
7566248
13226935
7859616
2021834
11632938
20707735
27213783
16145940
6583219
2994419
1464380
4031313
2968561
15279301
4806969
2111547
18560172
21508865
7832497
4954148
155099
11596137
15460184
22089694
13387081
1180972
5802470
9114481
2599950
3700536
3334574
5750284
4664782
12253129
12311036
1099807
11838751
24570635
1910017
3898305
18120019
12097281
23582891
5592390
23577425
1819671
4151566
21353213
1987905
3171530
25590765
18124223
8449875
20837762
15170680
5372851
14957020
5186801
5972737
1434354
23252754
7752268
1187462
3883313
3701908
1804817
29955534
14855174
9211154
30484828
9297369
31697066
22591967
17156972
22228975
11611962
2816631
5753894
3192785
1827915
8675218
7111962
5661875
1277410
10387082
19414578
28967347
21737988
11703853
3206917
2150077
5236925
5994027
6503141
749968
10974141
21815361
16220644
12900268
6973382
7974071
21702194
30359914
23221861
22721020
766804
3427057
6645721
10206376
9811610
11523578
2240982
21302073
3197016
15341985
3658354
26012711
4748096
4558110
27954736
4615938
4686572
18070931
4666666
10573582
2345536
2060950
14123335
4446518
975311
19426409
5513982
10107569
3105046
12967198
5068913
11373111
9713665
26616235
13467609
14046231
8836237
1861673
4711225
23507142
17889484
24099115
2858820
13162628
2065178
8904614
14374589
5492145
5255524
2729236
15868402
3966804
9198425
19063228
1701056
12567063
11462090
12003279
9130484
3498761
6787684
13834337
831346
16160574
28156561
26950460
16875022
10597751
17964325
2927338
20264182
9183082
8054806
755126
26388301
18419800
3111161
908190
5663509
26577846
8637634
478334
3334893
19546716
10482573
17963276
2265864
19816769
19172313
8957519
8414913
21333380
3967462
1520768
27633112
21097738
20901479
365052
2589214
17495951
5605218
23198134
4281333
811938
8342985
13705405
1623269
5982626
11849322
21192980
15543092
3027810
2016206
17510731
8975835
9163850
2599047
8673134
7538210
3182667
3006694
10263552
5874907
99017
6672535
22177451
17416932
3182270
12409584
13307250
13724091
1523841
6601132
1734854
193516
28489189
1015094
3657503
9140044
11347560
12161419
6800038
8005188
29746924
1231605
16322183
15957482
8477578
9327854
1631971
5097851
24876728
17725110
22907030
3151625
1569705
25681302
1062519
12771275
19062521
8048801
1405560
3157073
2475644
3289141
5461106
9943186
3515093
15534399
3159411
10468671
26386413
7288290
13879350
1338684
3812604
20032505
11924750
18223977
10080321
625725
7985226
3727613
23428802
8847224
1028881
6791654
9410414
8164712
2668720
13630873
20309435
14938656
1579794
2899454
3494721
2078043
4726404
28976848
23646770
4444191
2900959
15656066
19593405
14947459
13375029
21196471
582687
27830852
6990936
9761544
13218386
3600235
4641905
26575500
416845
7365005
3322605
846174
18761273
25532712
13482782
23345080
9398228
11802829
3474364
10927142
10991737
12514933
3489693
1830398
11434530
4241218
10605291
25018646
11502048
8052052
1852835
12496438
7404586
4294985
30440937
21358115
30133990
3467827
14753899
17413471
14450289
3821437
3294613
1839404
18342637
2448539
1034145
8962419
2927778
26624291
11555532
26967540
17332162
5218665
26494472
15211860
15283067
1913839
6559845
9159815
6560580
17043389
14118957
3047305
18292097
6560885
3749244
6428151
5262143
1725381
10124901
3569415
4448344
5328737
3431691
1236048
9727013
21721036
23974366
2556034
20315843
3109284
6469386
15321511
14769440
2774886
1426321
19943023
20504322
6324323
6367988
7314271
25040036
11561122
13827719
7726641
2730090
6821322
24312667
10419352
22173087
15597055
9358757
7029212
15180952
5449577
1483714
6119028
1206953
14879526
9954609
10718288
3278115
26562693
13353637
10286014
1359536
10424281
23771253
10480987
2986471
1616187
6973617
11781503
16234990
11270710
2609533
23433641
8041799
3723441
18592831
15966099
13922723
8145569
15009125
1199649
19991961
3586584
716250
26986415
8639706
4588701
16258729
2176649
9156414
4169944
7729898
6729550
24592253
24467626
1549275
27701909
714658
402909
6479829
368254
11540589
10634434
12215315
20868285
898701
3752073
2296257
701376
11692390
4515422
7236493
1396129
3979755
30882921
11661292
6450763
14133383
4220721
309860
273838
5519087
15342
836517
1683398
3607076
4996540
21838451
17998639
1492246
4088669
4057350
8469128
923925
1741360
13132124
13072788
18518056
9031665
4956772
11539925
6299159
8588884
29717279
14135695
1226401
3886024
3347405
7967268
15623182
15140520
22393359
1744939
5108036
14431264
3906980
6900133
9308831
6733448
1225003
3176300
15148284
15184537
7925227
24683747
8606552
1136043
23574086
13294167
14068846
3827691
17945312
1579549
1470734
18657808
16289514
15286914
2160128
21374877
14192808
20171213
19211387
12379107
4277294
19750908
16489581
5085559
18009930
26346234
987972
12628509
11991645
13893213
11685554
5454786
14972314
37154
987565
2845567
8724078
932624
21204638
14283582
22511778
5425936
27716858
20493048
8290787
6578342
1772609
13486916
4288413
2879170
1686598
6430894
19650258
23017531
5182319
14698827
15117347
22738964
13482544
24315601
660599
12287641
115724
11698868
17131729
8995717
22341078
8112118
13735475
23310434
19603180
11885969
24720166
28019734
7274538
1283849
16059423
2763402
10510104
22822436
13854471
11800896
12514441
90396
7914712
17301856
12236087
17621222
24167576
19416362
4738715
7425388
3166031
22087029
9107596
27480928
5396459
1082891
18648956
22318262
15587093
15048387
7183448
14607182
16379004
11254826
5413208
24736326
5960847
5758444
9441605
9322807
20123426
595983
5423016
1914943
14274111
10580102
374881
28162999
745448
11437753
7093734
2241733
12588102
10096782
2133751
23813568
2537483
5772517
9814739
636833
20980691
528805
5988971
19426303
23464164
28027934
22277609
8173604
5186227
17290587
8780616
3198818
5835023
29060990
9607606
27089372
7058396
22037207
28342339
2280382
8913300
471564
13287907
2783823
2789734
22027297
3350504
3556024
2586375
8604457
26961610
8831911
18560412
4188456
5954774
6285270
13047290
13482528
15477811
7532046
17407350
22998023
10423211
15901729
20427063
13640681
22632564
9902718
23634360
27272196
8801551
4190548
10565528
7791878
11301889
26339219
29197790
4824574
15784943
5924425
632141
1029195
6522524
5724587
22347326
18725660
12871294
1085393
24313866
23099717
14594758
13904504
23547936
5183228
5902998
6671831
3232200
11151012
14246798
9320075
7093380
921448
3219629
2392965
736281
4721303
17687042
22719101
28400479
9163710
27447023
7234248
14322212
1292444
9337480
12427727
12857362
30633837
8994374
13825455
17811620
24929486
16867735
24608427
11804323
23770894
9125885
8560642
3553585
1652251
17105819
11653794
14208757
2504364
19086330
2578968
5715240
1732368
22256792
19046574
4353585
21729183
31875655
21384508
6902845
9829588
3190954
3339271
631833
2102667
25537689
32324270
4611334
5066903
6136296
15736822
24413568
8979303
20092650
11888665
2944935
2234916
4707584
16719363
3237931
11780952
337517
2651280
7204708
4514589
12095518
13929979
5420030
25675610
1419342
24060252
20866982
3616427
8430382
3107768
5222576
8373739
27433730
3220871
13876626
6540349
11588102
3452359
5911174
8155408
23056446
21224778
367436
2052232
11864646
17983949
14873245
8419844
15160612
12621894
9547563
21458835
7835041
10963609
5615493
23522025
3553253
7684140
12550555
9726925
7305193
8893329
6231832
23199228
2976909
3565575
31671721
17093765
7436268
12393532
8061048
24167122
11356583
15871080
5997313
22566783
19284455
32282117
11552838
2386148
29061614
9546806
12540747
2255294
7513435
6622357
2877812
14922
580654
17894341
11085546
26458529
442358
13142712
9520430
5929087
369995
20820225
14474855
6844882
8740485
23547045
2965740
27545443
2938831
6762081
744340
6573835
7520958
7100480
6838412
152820
18255677
330859
4955586
362961
8180391
2923384
7620849
13979549
18272137
18204885
18578958
4596143
2010969
22041188
5366847
516765
8511637
5260527
16219681
6198350
7413230
11177637
2872218
3442900
7730923
27264833
20786860
1255717
8018193
2073421
2125533
1315877
5030471
11939223
19946954
10851568
26352491
21409689
9759127
1172138
11021477
14926763
5847590
11371161
10815860
534676
1809533
1915901
4182934
12705585
1667485
12537836
20402810
5359050
12034580
3664142
889668
5554869
12087788
12395427
22860713
8489461
7581239
18489581
6713900
5596895
14881846
26733808
11244647
5708830
24372670
625308
15411736
4029406
6555878
5758694
15855982
2192663
1882972
10081952
4206752
5978665
8573041
5780529
15670245
20578042
943441
987581
221951
6419821
2349178
5645523
3004723
7018374
7717244
21776288
3818824
15639968
8593022
6435256
17309902
8141630
305348
680910
6226434
18384363
19075168
6471070
570241
6885316
10578223
7758178
20679647
23922837
13467885
4853643
2527562
9501776
11724802
6857793
4477214
478907
10298350
12688616
12148785
19739760
2075926
5406886
11848280
3731141
10994096
5324149
15499009
14828851
19443686
4840819
18585022
13688840
23946063
1132950
13457452
23130123
6434522
10811370
17005134
16162764
12939979
6244370
6054159
3933097
6289879
10706473
74062
16203030
10189142
6656543
4408567
28730593
9036577
6887206
1973692
18317880
7920000
11973588
10797484
11249500
25346188
87902
11880556
8474825
12142264
26747657
10708256
814360
4088806
20655016
16897919
9465699
7940174
3275345
24976671
17150458
9184948
6101029
444756
4430927
20438033
16862539
3517807
4895920
12444572
17180522
23549101
613128
10020699
15110656
2953683
3734548
25595303
13944130
1686945
16543968
20049557
731639
7951060
6437890
23081533
26422310
6964367
1997494
12650553
13916539
4396133
4321142
8221436
19534207
3235168
9547129
17765782
4370154
15029166
10630180
28635400
4821826
22226445
2537780
25708591
19373479
10884064
1835662
4699725
15642151
9498858
4293367
25781327
28138240
4433415
18727366
6726562
9081486
3007690
3919515
304725
4401366
17180968
12733381
16790801
15305457
10224414
9700809
6693746
9175039
10281776
3978430
16020473
9739199
7175489
9493221
3380347
19496260
5201978
5192307
16847850
101914
21352131
8075957
19396222
15564687
16357595
16692308
7220586
15467742
11943292
9916886
10188282
12818686
14443690
707512
18044346
12894153
14190642
1768938
14381929
3049669
3515713
12226234
6467236
18350521
6979247
13540717
22858459
4590626
1907413
7962072
537702
22845695
2542522
17279196
14271628
10404400
27349955
24451108
14523792
18016679
304238
23308441
18615709
6693185
12804901
15261188
601895
31585112
13464197
27214449
2124855
10138167
13787264
13453430
5989193
1077872
18794377
3690650
12797724
25186953
14117522
7675658
661468
1255614
16648666
15445366
3719146
12138777
7891551
9069445
10489579
11990230
20604496
20714915
971418
21504507
19230537
20274160
4452978
30073710
988111
22911840
2776477
6818973
14040619
16422745
14091987
9348350
14836565
14028351
542420
8078494
13301721
8226981
7150194
12493554
3037928
1970656
6593841
3549226
19592301
5473787
24449013
4422973
12982758
22519939
2579248
16556328
19009163
597984
13219247
21151167
21558220
6946921
11258803
10828237
6297771
14758033
6515833
816592
10933995
5469211
7629321
6284490
3812887
3298443
7629615
9336303
1252602
5853842
428906
24509088
5587855
22442840
13363318
23613523
12980053
18177175
10906407
2878853
6014126
26273443
21807842
12268553
7562552
12417729
8916640
9238799
844031
11835731
5364563
1126453
31542516
21740750
3099052
774400
6067588
412229
9899774
5379014
5512328
9885866
15108638
10874206
262196
7797182
9820564
5113233
8055416
13283708
15386591
24770850
18863144
1229198
6081684
139487
3331204
9857472
11606410
29144055
3717632
15674278
24310532
4799016
899787
876221
2889712
9102435
3201140
24417312
1693028
21613259
18334309
14614875
25617154
4871697
10714543
17675701
24011366
3225076
10295027
4064879
19283138
14009143
8935523
19257404
16777602
22524570
4332584
5078977
367837
17564095
964056
6934438
6323924
19198949
8496018
494876
29069859
3175106
6268410
7940493
11666296
3412627
27732961
25392233
1210824
2148747
2616851
932961
18997145
4967099
3428122
12378406
20790688
2466434
11502093
10112949
1432905
24962913
10174564
19382510
20202542
6048472
17885474
6475872
7633815
4078320
24371773
21745394
1062560
22042182
19386970
10739779
17274437
17142117
20501488
227076
420814
7579978
11224727
4215909
6856427
4631227
8854831
19981500
12653376
10361951
11072272
11594026
26503067
11902059
8765643
804983
13807413
20564271
7911670
3688681
7813072
10019107
1614
8848367
3786100
14540491
22519936
13795512
4148250
1341410
8724173
11553509
13640794
18246289
3704242
7526766
9403192
15152238
9555696
5515023
16396489
4304697
27570639
9769777
3295971
23100858
1120408
4586706
11619012
3053482
24813155
12610468
4191789
1674696
2929081
12137444
43069
3463154
12111390
19069803
4550779
2784083
3414659
23612207
21938672
7580677
3885554
11467984
9212250
3816152
6741450
17385310
8450802
6336441
4177587
25712686
9302614
12054263
10163353
8216811
5129289
27204645
5175288
111989
21380759
12223293
3609249
2540668
19190908
13267019
13995901
10996584
31404341
17927967
21987183
11923332
9875932
10700719
3791080
17429055
5202405
6355087
8769268
24660576
12237668
5441771
8220759
20436995
310437
30434064
9345060
13510653
53913
18804060
7687045
29972042
19058363
7256256
7813864
10963328
16198322
2235268
8224760
85541
27371212
10163883
24522283
5396218
16386029
15868406
2760058
15765677
17860027
10788178
3281093
11300961
8989
1512865
9947985
8830039
27348207
19952984
13244338
2896463
4138560
9144775
14230562
9231668
5654075
566170
12139558
21751786
14517432
5060217
13106862
14328693
12970614
3789992
10825705
12876861
2148153
8901561
23916647
6494414
20199460
15051560
15305528
23729603
10548154
742202
10293408
24624770
12096754
8109029
1660226
2834975
9777897
1339524
5041913
3398163
12574370
8950316
2582760
11835698
13104447
22668856
3778820
15766017
1808214
2173559
6263461
5754486
8452251
6567984
4026708
5234789
2539818
4060947
13421346
10966603
11362710
7579532
7948896
19780568
5610099
18935672
23954187
7499749
16490549
16800688
2559114
5638022
1599107
8862464
3030970
21582385
23561991
20810829
6317620
9719786
1931682
10362732
11969489
4685354
5484703
15063149
5568712
8397900
5011107
2624124
8605804
925179
1725494
340334
5719645
14862834
4402622
11586664
9345371
23662697
9544669
4774677
3360332
8794865
27134493
16061902
17515747
3155808
4583284
10412180
246098
17259762
3553867
11085838
5957388
1726333
17455201
9766973
10228398
17075523
8674526
24594838
22009158
16217985
5347945
2052085
22167304
8372078
1871243
10671869
1653974
6445794
1291479
8802244
10822824
14594323
12891214
7040768
18035829
7146241
8503751
9126166
764606
11852358
2846375
31729357
11733204
23722071
1055789
3107184
26853701
6669292
6856695
7587899
9694870
11683953
22318710
2444644
1068760
10016392
17599597
20485936
7314646
16176538
8963583
8900891
171187
11402611
13205347
24532728
4185385
16035080
22655744
5035294
448673
30046397
6911411
8795649
3200369
10218319
2142992
10209630
10011149
14083484
25408161
1731760
14984226
13651753
26060983
29759205
263503
3869085
15834488
27931769
3217006
11121915
8804620
11884854
24879893
6581722
15568684
13200942
2315390
3943377
11152948
14100579
846359
1898985
14072845
19951285
17719226
19047096
1696246
15031945
1618193
5619313
24209119
4814399
16551342
8014110
4763114
4963977
22351302
29710631
16490242
13302395
1216120
1453767
544568
1252441
13249456
5203079
4079080
4977429
14966321
12019426
3696468
2298993
12589871
328293
3430513
4559663
3324988
7648020
8773628
1571235
13836758
24378234
6133967
22418072
13993401
11098742
11603263
14921557
11404270
13914825
14772482
9715442
19833
6426805
11784691
19294555
17617889
23274770
3243658
3672545
201109
13152979
24701068
724623
9382600
8099917
10832740
1535321
6438817
11985480
108298
7467557
17504029
13528389
13695443
5035885
20465097
18457761
521585
4848858
2683204
10260007
13972489
20526493
14245885
18176051
4337066
157205
15168009
3255857
23049618
2071577
3013708
1215228
10009681
7294992
6124061
11342088
28479357
22691993
9818591
1391891
6873689
8084091
22961526
4774506
5474282
1187815
5285994
27283529
574569
10002708
106969
26268288
11330682
8991974
14791439
20899927
537026
13427996
2295009
4184077
925105
4654502
6942390
21735363
6982442
6745913
6853376
5057375
24832454
12429149
8286574
15213338
8822463
13828546
19068288
11547024
7296423
17711692
20592724
3481731
23726432
12145513
11008262
19137088
24337560
3193650
22682521
2813590
4476814
3203656
548232
13529806
1339656
17806004
8355941
13843541
17392695
7574898
4744088
24629249
8550081
2018977
5767518
15229959
7947757
1753731
5146484
9559284
3533138
5565243
7002122
8345589
16051003
14325876
10134518
21809680
9083660
1882397
29036508
14073617
8024694
10220991
2960700
1078250
6397864
6795711
8807495
9684220
5391894
23636213
15772950
27786804
4280702
11473782
856093
278212
9542370
14326078
1021874
1911029
11880979
7761613
13830854
14524647
3191805
4617442
5038005
7243295
19901921
11929439
6211788
3837655
5294485
221817
5110446
7914864
2369091
11309686
10010932
13053901
16384005
15161902
10510227
7930855
10730199
1441940
27545822
12200212
9861620
16229801
3680412
15614313
14984389
28880730
21628851
16194028
21452235
4413533
8640698
97341
19251787
10832283
7016237
18888603
11369852
9940726
6065802
11766763
12775363
1634867
3327142
21454188
19422449
1132233
29040792
14505448
27075223
16358582
2643695
5620624
7389283
5095939
11135188
11770626
16744068
8225700
9140405
7833599
2672012
3949925
3582856
21743357
10314402
11407023
16678909
6709841
9328467
164061
6171789
10946926
10503727
12818798
12276403
12346184
11630151
5887821
14719896
5829292
18346634
1478675
10676943
16077515
14635163
4557468
21182230
7598822
26187995
7005815
1951641
7092127
11511955
1297143
5287285
1878106
12937404
11928683
12684684
24156583
15102174
1857385
4332717
6520472
16846187
9922458
12229394
385782
8151093
280311
3892766
24393274
3087009
14074665
15196467
23419736
1287848
8073443
4287919
6768821
27831947
15669293
7174895
7661124
7338493
2579948
1834636
11583051
2949511
9697413
2724717
11095667
1027816
5783591
19686874
5840672
6829338
9319001
93563
15241252
5242087
1306868
2707289
9489039
11750124
18250329
4563090
9408639
24065998
5059282
13083769
19941854
21058485
4677841
6709860
13010668
12660745
9993260
15594847
3662425
2547400
23258777
19002457
154281
14181950
20098469
12423608
2459306
21216350
4921322
13789924
2985485
17704171
11875958
18241271
27550222
9908158
5650687
6076849
23800084
184015
9259036
8455486
26382059
11760297
10983315
714132
23908690
4202593
10896200
7656515
2205122
10302759
6698379
1999167
2969832
3450490
14032081
6369478
14373563
1947445
15591946
8185478
13851553
10474915
13063075
6334832
18575817
30741947
28308951
30730
22157062
18670195
13804991
1527673
23598009
22869425
22598748
1210451
2764286
3536095
6407884
7173101
5866967
10507074
9137925
5236064
9211179
16533790
2018912
983292
13058183
4233037
12056017
368651
19762174
23709369
4519126
10699891
1539436
862054
13094604
10281902
7090580
7400125
3693969
14850054
19208662
19254726
4568552
1166110
8972694
4045897
3652332
1073679
10791769
8718475
19040387
12734591
14106287
5011077
9157276
15766267
15440890
7683195
7899346
13051270
3273371
22681848
2376599
16626866
15263466
22972149
5144119
7797125
22195096
1690037
9394049
18934785
2597255
8807786
24602693
15418720
12288937
21511024
3253759
3134806
25691224
5024760
26568579
24387169
20658101
15380771
3377362
18997912
10969950
25339550
23414042
1365904
13523187
3946745
21488759
19591678
4160553
10013940
16083252
8880866
11740053
1368259
19762963
1278815
14817149
845672
4563347
5407034
12571123
1901486
11513806
17822664
23119074
2569798
1063784
21789517
14889760
1260506
26932
4575820
6677090
12203749
7354655
22777974
20033102
6351300
11907326
16876778
18443987
4481077
12604791
20749996
15829203
18748944
2693287
14707494
10489818
21438537
29582714
16888658
19362420
3923468
17888898
10468946
4692284
11546029
7557504
28653249
30619582
7813933
1046567
8033371
14309344
4121806
4183775
20280110
15720771
6616057
10617503
21776406
22400340
3274271
18937224
16474372
4883695
1421934
19777289
16552958
21496861
14428554
19324796
13786820
16635750
8292020
11399496
5628565
19216384
3255370
14204389
25605671
5143911
2955801
6681925
20183031
6406585
8359706
20830852
6720210
9845685
25008133
18614778
173407
19937311
7915694
17634187
14691628
11101661
6096476
14830212
3066014
582341
1434988
16252426
3505655
9302612
6631582
15139813
1357639
20348602
15089702
20174422
21368872
10554414
10626689
16489209
12643844
3894470
6963107
8360190
5893098
14891705
9952506
837783
7759281
8449793
2329956
1915847
5462764
9540239
21655722
10463442
5105002
1742645
25961536
4525454
4413929
7026142
15142057
22781261
72247
17380263
14420494
9549799
3094475
1860019
4938050
10336884
13746120
2019881
4497576
15691239
7790805
20445442
9759614
4953370
10291364
2163799
7934286
5063826
14484264
9505596
13765867
21868421
12530652
5430519
11078325
5629737
25941891
5778530
12120784
6504525
20736953
23125924
4076827
9721122
2953145
29096099
8828689
14584378
12944474
11761055
15129705
10228055
1572361
4421464
4326680
5103498
16511004
21792825
6639064
4026242
20354574
5146151
20326106
4976234
9542813
4880179
4802073
16918
4076484
2156096
14469345
77211
14287005
26941320
3641512
21742623
25523120
2807775
23034504
22725991
13330086
5815112
7199026
6730273
19805342
4358976
5700230
3052045
23210866
255754
1028074
2532113
4110844
3042164
7642681
12076445
20424917
3389454
20793550
10799223
10404083
6075236
451880
7221025
17587121
19491499
23504651
13495574
12832809
9936172
11491648
20982061
10970588
3088618
7197310
9417781
107373
1265452
1155476
1827578
453332
1821822
292075
9836233
788764
21198333
13552365
15168311
2244438
11274720
19322009
11699704
7523891
14179094
5820513
6789677
22616624
24094489
6851560
22021486
22247840
568872
10510179
14133282
12615793
32540397
12492142
2815591
7488805
2444999
23913453
958096
5509492
2213660
9750037
29185226
23005310
21881209
24789153
2591125
21270114
9728120
7833411
1704438
18633378
2978354
19825943
17534772
20815702
825590
20918301
18305343
12550334
15280770
1143262
10874861
454612
9622458
11622352
16807775
17108291
9172613
13951392
4623386
4127870
6042885
3456044
19647328
6632916
18296181
5850995
23380666
9027249
20689075
19975532
29500451
18062795
21758002
5073125
27340272
12659457
11561445
10172049
24685134
2824923
16223881
2551697
26989915
3453132
1767014
5880150
875475
23963021
12713994
378088
24584875
638907
11586434
1981562
22166628
6695729
6959789
19894370
2719735
5015371
11858193
11425508
7419603
8952230
103298
9806299
25992936
976488
19402803
11648392
1086588
1481259
15611963
4062360
5146585
19219332
16258123
10867043
44458
1505228
175949
27978195
6110867
2740497
27994978
15768276
7719060
2814033
3186171
11844177
22817819
11872038
22145399
3614864
232789
1251536
9383958
18838435
4752996
1548782
27412252
8841176
16698596
18320626
8590732
9385728
2226903
24480906
13456722
11229001
14091993
7653145
1122599
1296298
7374018
388540
16251839
2337430
1676763
14550378
17428191
15341712
3049569
12151999
568299
14745886
26703952
3804006
9943750
17614498
26811867
2719904
18640850
23768485
24896008
9601008
657713
1211634
2402487
1176484
4275167
1987413
7470983
3579258
1922532
9674549
3280648
2468495
14443310
14368201
11180984
1650173
11845946
6477391
13423831
202147
17614692
1401456
18531746
3595068
13980416
562028
12732586
21213941
2686071
2208012
7037692
6439443
3177905
12343436
11039400
4704768
3303737
5750355
3881196
2815658
19833844
3229132
10704570
12506644
13276359
8386078
9450618
23785853
10616585
5706221
14574213
244966
11769698
4640677
14268475
893226
8856979
30359315
3721850
10776153
14990563
3648388
1851996
14650129
8416356
15732981
888568
6678567
28694868
18950419
3347827
2835189
516757
4093672
4144093
4061072
665457
13024321
1290178
7735222
19034668
14721617
1939053
4771263
357173
9529320
23209251
15855734
14711336
2634830
415339
14467241
15423723
13700289
4196105
9331248
4774525
930841
11437526
5208279
14338080
5023262
12543757
6757024
4782451
12417057
8092397
9402069
24498668
26637440
15880359
393811
18511887
14765396
2355582
16227090
25208878
5281592
7538994
23454822
11096674
15617241
5675250
22755734
20410711
2093065
12581889
6747303
12913841
6593006
4768873
9651904
13057817
2222210
9503454
5222398
5314018
2895885
21586804
9448665
15981105
15724013
20680009
17190847
10890977
1810061
16647106
4700835
12504809
15385660
4287137
8869620
9979569
22142932
434233
13718450
24311142
1781809
13435271
273652
27456582
2187954
11966041
5825319
17052678
8615003
4249988
6591570
1608556
19766131
369720
4244808
20395883
14492390
14424557
6518264
29272197
12449118
8763757
2599062
21323189
14828790
23627709
10460055
15594322
20380108
3288789
16540792
17905777
12384363
10324085
3107932
13242252
14643272
4078411
10180535
15352135
16856480
1132365
6546569
932752
4217979
5420077
3430599
3936465
13165676
16285538
1448252
11791974
951283
7551598
697458
20975935
23407528
10501225
7866050
16990035
14434174
2107713
4930180
12502521
8078651
16017398
1612191
16205671
13054911
7068351
3012888
6728133
25371239
4056662
12989631
13704841
19883397
3831457
18196490
2454184
10445244
6098945
900550
18629322
9182261
12396013
12897537
8024324
22561464
5055841
2760650
13514109
2783426
28542989
1532143
7483921
17627986
6447800
8768293
20429867
11543858
12477921
4683510
11570774
6155189
15593601
12385928
5423094
28993191
941772
31531582
19210938
19519946
12601187
14909794
4078135
4391155
20879746
22634099
9243538
17377666
15731011
1872002
7325810
21646555
3929890
6909638
720628
10913332
16525465
28065374
19243004
6123994
1861598
26782857
21827639
18017819
13419542
17605119
21561515
286785
12175752
1897381
3957948
2395137
11703107
12083152
8821224
965137
1665693
22473805
16408711
11842370
9236916
16479257
18873213
4830583
12943571
2047008
14718709
8703350
5974237
155476
2481264
8640631
2438750
10738567
25311720
23293050
15110744
30792405
12634083
8128447
7788554
10208060
3484779
27022126
18185818
3001522
13733063
29147699
7323620
11347903
9730251
6209062
21930503
8579382
22445767
11232750
8704333
13717650
752787
23640985
2138296
969777
6393437
9584710
12520861
12999165
1205552
21835838
1273149
13429604
8160961
28646255
2879317
14571303
5067092
23309174
8681069
25295964
855887
6277041
24787568
8651225
14558949
26339265
12023601
3674697
7118152
6546742
12279659
1168742
8019915
18996271
17085377
17015223
16144035
5377259
13588016
12223393
10679367
22207475
14347152
9502680
21293206
797413
7502458
105140
5306214
11927187
8156108
9079198
15156078
17506939
18552010
14140791
2128875
25160878
16616692
1669414
15275207
8203764
8575529
9831475
7442838
19191922
2520635
15979905
8755856
2266636
2225029
6677140
12366559
5002784
7586317
13731617
8218182
990798
12618139
3236173
16537557
1294021
7676354
13513981
19121311
11104244
12117094
3274533
18120486
18328326
15218996
16160256
508157
6502175
19276784
8321616
6777795
9334839
19662483
15991775
17981428
14722649
12527265
15825767
1248529
7417423
27975287
9423661
27351468
3853708
7824216
7340682
10643536
426881
17068081
118748
1012488
6325720
25299119
10013742
1709554
12768371
6284858
2972951
20905508
3354671
13338660
11328090
18648489
3783507
26534463
5339084
5897935
1151674
805116
20791455
8058720
9180490
19363427
26193
9766184
8644775
7606189
7839975
12176893
2490392
16436574
6937362
10237263
10599943
21090627
24366083
5976916
16000225
14267661
18345609
4759933
3147113
3827698
4969559
12335391
10832340
3970014
19529987
18941516
16408578
13839256
28391100
9773736
6732591
8912313
836078
14301656
1414556
943321
12267796
2140986
8595237
10243382
1469139
6906601
8281852
16445413
27071135
23649168
6822852
17964982
8147787
6252611
4213955
4961453
19224956
3890146
1834703
15641420
856385
16915096
1696
834290
4197973
11867172
1352301
1959443
1828198
17490324
23131864
11255940
5927752
5592161
10354092
21377003
11383013
20294378
16546303
1554355
11226970
22883129
3609140
22338581
14575652
11872678
24651408
28385989
11450541
11323634
13367359
8270255
623267
16017234
19811508
3181900
1306465
1865551
1424325
18408386
22148220
7872192
13343131
5630769
21591393
22913780
3850255
11061053
4193442
5444777
6830814
17387850
4974071
13730610
5178100
19933699
3073424
7089845
33857
11440308
11791416
9887917
17891948
299350
9827283
10765360
6027030
6108104
6673174
20348818
15439581
16012230
6721260
3428423
639669
8501217
26084668
4155362
777167
24967371
2394975
11190689
4191286
2753737
19380471
20049709
5020067
1099686
20869498
24736688
14964339
9477306
3673927
21122979
7312511
12117111
20166787
13976895
18893442
7291736
8485785
9864269
2497281
8925683
16306598
10605533
14289464
11491738
1537446
18719924
14669328
25949520
12669430
22202431
21784872
21255161
3635423
27668647
16919015
9714704
13991299
21005939
4753923
7562483
5005993
4676641
5280869
595460
3846678
3132008
15896841
444452
24508969
10466040
10630038
4031538
4745628
643763
23687411
3524705
8572001
23869333
4029809
15557889
30692272
16762785
6254290
6375017
16599726
1193224
492060
14966391
14839348
11198004
7566351
7249354
28051207
4553331
31676089
11900126
12861176
11724562
12824768
16111679
14602938
14899154
13408927
25203464
17716776
6440492
19435684
3207976
9849702
24286657
12173081
4012494
10560460
12613572
5217995
2226843
16963787
5430525
617225
19370173
12202824
3308560
17060410
8258220
6551474
8242914
17680681
7723663
1124251
2352612
9547660
662272
15248665
2500739
12437702
8512963
31372918
17585007
13619487
6297080
2972018
16201450
16145164
3840725
2638135
9134998
8574246
20133415
23302825
14540202
792548
26709119
12051392
3662254
15204706
24813928
24634128
14732905
12350388
3952329
25776154
4337817
5053567
12125531
12929054
14742373
13418674
9197792
24736284
21043722
5979771
16470397
3699989
11562424
10317225
814161
4862627
11712261
12758007
8623059
15778520
828881
17571498
5837700
5907518
13275914
2876540
8453853
13577487
2699477
18657472
7480968
1531201
3735062
2485249
13411070
2341122
3177388
14677760
12055130
1164110
4005944
4652141
15442277
26259461
1742862
3694304
16439380
23848663
8311446
12744202
178026
24612208
13208442
9474491
15363890
14787961
28880067
6074279
16334373
11166527
26503744
4496379
5276070
13638157
21842101
11151820
13225019
30607216
17790682
29380281
5556169
12932333
1024110
22368118
2527705
1461135
8153860
12922393
2546284
1481668
7459533
6002498
6517221
1977608
18010671
4530418
12148385
1207560
6331029
20381598
3757796
3673981
3404958
13286851
5934692
3408935
5533086
9222188
10193729
5266348
5337480
7503518
19717441
28448900
4706907
414680
6061626
5549826
22995942
14605423
17160442
4889972
10086074
16875044
12499347
24577331
9709928
25286684
9676863
12953731
11502787
14476839
1978916
2063837
5613687
12449696
30272111
8976684
27956629
10793029
24367934
16395116
9944765
19560594
9730232
16806277
4040365
13279926
9351774
10948368
6553626
7411134
14888565
15380261
17294258
6536260
17661099
11148530
3010119
8348253
3431390
1942912
26991592
2908161
5077397
788923
9123009
13808818
3930983
23926
19042240
6750008
4446105
3829436
13591172
26002797
32072052
25447188
20319255
8222021
24986757
13173558
10420890
7546752
20728523
6165233
1991764
4931007
7225115
12165861
21963176
3000241
1656408
21057551
22581495
1078106
22405348
5306156
18202219
16132063
23829912
400100
1031598
22238168
9322031
11240621
18041766
3753664
16382988
4461229
10784106
5949270
21481687
22933422
19164609
5189792
11948423
394325
6092209
12063065
28674285
11026598
18820905
19738786
4686868
6486965
4325036
13330579
13227270
8357510
666535
21165240
21341084
5191285
14358919
14813301
11097624
13199497
3171275
24014254
12238810
25371916
16579522
19610498
9607594
5856726
1171874
7760847
7588146
2552055
6790370
1712200
1510882
28373899
12721529
8123466
3941780
7893657
84697
5582625
9516881
7495347
9375233
15894283
14217473
21008318
15241932
29102690
5380497
9933090
21041644
26512199
22379681
106134
5164984
4458891
4232434
15209273
5551814
28306261
74376
18260015
5511789
9259433
7005735
1393465
8199265
5612641
4358484
1247136
4161682
25843070
17141356
17127749
26644040
14073767
24910216
311602
9496621
7649680
7767960
2287234
2546237
1149307
1611380
5417778
2205854
8964413
1141904
10688515
23174661
874348
16970275
2501025
5071499
13836101
12521481
12193106
26568119
1462138
3105781
8903367
11217655
12992643
14650794
11967629
19750867
2080545
1615512
8051230
17447027
6741243
15209156
16874923
2320662
956733
2654191
534420
9498475
7315622
10724273
2441700
5435276
22690144
7344480
1431594
23521521
26842046
482638
8168528
8305957
11757501
10021631
10204535
1560120
17732023
20598609
11750762
15524623
6256148
14630754
5586908
8844884
9399054
16564510
20948016
14628425
16203275
15174337
21042766
6081748
3668532
3311614
11351320
24194006
17106153
7745826
5888349
4314180
4843372
9436808
6986022
18823185
596833
2331375
11054906
9294154
1883333
15540620
10991059
19938914
13698404
349174
5740486
4224495
14194290
3120873
25861180
31069520
17709187
3735478
24324523
19440562
13678593
14689096
10628318
28032485
12175959
443702
24854905
16554053
22888012
11548885
18263967
13385341
22983205
5832695
14493476
26716728
22849523
5753887
1718344
18030612
7795991
16054734
4654596
20366072
15242201
15973126
29045647
18122795
10842167
8936734
8518112
18970244
20836036
5861089
11885032
14815437
7186964
4204515
6901187
14789248
11252767
4243274
4317303
9021221
5887784
5527050
6715046
11364013
13654167
11613011
8203464
21767478
17239621
2466755
8466235
15073812
8323871
5474264
26312640
12682389
9450468
24814032
14485808
6698961
259849
579246
2487638
2131850
14644133
16412171
4132733
17151766
4262994
17730919
19228890
23548037
11170710
3266994
4180870
11767631
10406576
23933755
2218144
12599543
18286966
6806710
224361
7457489
6102610
3883200
11889448
6619100
18633066
16835328
3856975
10578566
10040652
15055097
8907722
12990240
19927266
20275980
19355528
504021
3592668
3137570
11999563
13137010
30024576
5348447
2226283
10294792
8670386
15081738
6740379
1375220
4247544
1048830
15941345
20951165
17453688
20409969
461265
23320118
3318598
27061055
11694088
8157733
6430440
27242242
23514269
2418155
21070467
22811760
11980220
3381221
17355882
5122193
17142232
13541514
12032195
10065155
8569984
9222844
3514549
545505
9060121
12363087
24460249
13122437
5675412
5206723
28706268
20001510
8792816
24069206
15102571
7855313
3768974
3462855
92701
7130655
6783474
6912310
3761750
10045549
6405182
16192307
3333884
239403
29455512
15134368
10521921
11245298
5741223
2317039
545365
501741
8182632
2632763
7152539
60538
4796598
6875329
31666936
10512879
8763606
10444667
21247108
10920328
14052535
6513129
3949086
335207
3166814
23142921
13939532
26735414
3412104
9592329
433585
22158905
14690504
18698631
15236551
3141514
7257373
13860532
13765672
17609085
8527523
2603206
25781420
9288849
1926680
7064473
18590468
3441030
5394961
5846157
4891129
26170848
19947586
5092871
3122587
16499434
15727728
9528967
12489548
17113399
3611886
17823803
7502852
21454177
8881015
2861545
24779551
6829401
27707534
4690837
346265
4737983
14855903
17804413
13071594
10673879
4480399
4904364
24191721
19519970
19925848
18245804
7464813
4880199
9973319
9756689
27064122
12589356
30930380
13109471
12760921
5428601
5970054
7054426
18321596
8637089
4757491
9057119
2728329
16512234
2565536
1627331
10072058
20860429
6383653
1308548
15845540
11938369
26549602
884887
11349932
2997002
18472022
14854027
1848112
2774950
8055198
27117383
8260163
9030295
7029677
20041315
33529
6825286
16109584
12132579
5583838
12150836
18215263
3480181
12129997
3725633
16203559
23834349
10957379
3617504
25227260
297586
6377253
10847820
13664079
16351818
4908743
13393914
8745642
5704319
19743574
13868110
10608244
18772855
6455097
4121752
11894295
1703788
29684692
18965097
11551386
17777969
4445554
8094001
8362751
27417157
4268374
9116546
1534813
25281467
13157845
191008
24688258
1656463
15106854
1153326
1446505
3783322
9465095
12262825
1298472
15864885
242339
10735644
12121834
14340251
10197618
23088933
1763439
468298
10003246
14057565
17688760
19689092
26725232
4574306
28006528
5827313
2047046
21941302
2625155
7588619
8027766
7858477
18008705
23802256
21382366
15084483
9720732
7061171
14650451
13273230
18064394
2824992
7360240
386864
3666442
10620566
3177078
10434832
9019228
26485030
24616032
10665006
1666030
9908816
2747009
3892977
18844882
29255139
9743343
7374944
7502677
7999340
19879
17619640
16314950
3394516
4731057
5934617
8653919
19947080
9132397
17079303
1426038
1874790
12310497
16304195
16319129
7643421
4420115
13609932
11649762
10956279
2373369
22337325
20453428
4465061
4954211
3565110
10752199
15517957
10453983
29943256
17127979
17943168
19226115
240519
2199026
260164
4627872
1819965
8640011
20099248
20332867
12508133
1143220
18845140
2738627
5970221
306616
10807174
14200343
9346140
12349600
6384324
23877241
17698686
1084698
3001226
14146397
408411
11445879
21730202
4221808
7757407
4862818
197934
7369185
17270711
571148
7313815
18026834
10248253
10729992
4709356
5067599
968662
101606
8689661
172684
17261005
2699633
13915805
2168658
17519656
3547508
19644868
2889680
1524231
2783286
21100423
14059701
9556048
10089439
10719187
15249474
22658527
18136576
879804
17958702
13874025
1431937
19653755
15796564
7545175
31062782
10783205
17692934
9622343
9050480
5280394
2709910
6279370
1667093
13315361
3001137
9449658
29230231
4899480
11049053
5467018
15297556
10428152
4168763
2298296
11369585
104039
2924435
5972555
5791291
269741
12518566
20465704
1471574
11770578
8340314
14058966
4498162
19289650
719017
25975827
5132019
15869617
14765012
8609104
26023277
4093723
12147580
2371979
6467655
1012452
9501876
2326061
8314264
7435449
10407952
733895
19474541
9251138
20910903
12697435
8370257
6127551
4393522
14566372
10384521
7408307
13896978
3911232
10645064
20511271
20347900
1575438
9955798
20963503
3162984
18075983
19831343
20774376
2989287
20368437
5332131
12556132
13042796
9468702
14260336
24769389
23676445
10347482
23585620
21962994
10285588
13906728
2612458
6392198
4669979
21262195
4622705
1230136
14262405
6757610
12258931
24871442
1780760
27804868
16708759
17890612
18661734
3840763
3331508
18974452
19046326
6643366
5511113
31021096
20155225
3183550
26861621
24969874
9309474
13995827
2584355
65746
7623331
22924313
25228954
3197920
16619945
16044870
14881738
4543659
836317
5096587
1392337
5918240
12138534
10630031
27752729
3552515
6020284
2581943
6250307
17227996
29534125
9166971
12698902
2438314
2684453
3013967
8691739
10974118
17253587
3497614
5181805
9122124
3582528
187500
11334758
4771780
22025197
10073794
8097843
16812457
8455060
17015398
18195069
697738
1859149
14107596
22329364
1661348
10612618
14618626
1746033
11635017
8389378
7935118
16357153
11588179
13322832
4572568
8696625
8207487
8532416
13990907
26320558
23785510
25350106
23516577
6229238
10692792
77740
3927331
22107605
8814911
18300091
4140673
23902648
19063606
8512150
23505534
11466201
22021138
2870387
2175583
7163514
2401999
1977928
180486
12745677
9301983
477226
17041170
9467527
12191870
2501214
6325611
202935
752320
7864437
11402959
2125487
30272525
14536160
17789043
8406806
3441224
4952065
14519876
15681481
10301725
17716385
7609740
3327076
12721689
9902676
22611240
28794560
13404897
10759525
7473886
2938242
5823256
18509374
29966055
14086617
22211250
7563656
2411794
3640098
2834285
35670
10045396
10019211
8145417
3750887
14744338
7298339
4025907
15070878
2330172
14076697
12894027
1832936
14248390
22883575
6521969
16817207
1033369
31766477
21961207
9642927
8816524
17316688
30317949
26769893
15922704
13626022
18067077
4325039
416055
8109397
2535201
3699428
12386875
1957244
23192765
2111991
739520
5340394
12059017
10952366
9222738
10453426
7410940
25854669
14937140
9318858
2362602
20020731
3287729
22821171
3338433
17590972
12531679
12744950
18662413
18205394
19241126
7598456
15780199
2370452
14579653
7057564
2604677
2323889
2711913
4312732
9529444
2491787
18129398
15886643
9666625
4709817
7990475
390517
25894956
3312723
676319
7914651
9041824
13487633
19298872
2119154
4590336
3813103
8894366
55987
5313347
9846896
8234888
9753043
4760692
31117385
7273010
1789660
19125446
1528681
8555264
4281757
5521856
5317791
13571124
12192151
12237503
635779
4071278
5790742
1106761
2810811
17851097
8848619
3715894
12176374
14660323
23199535
8459234
7144159
9409151
3154956
5678295
3642300
6352416
21808725
9318181
6552550
42046
13438224
20363912
13145148
8307770
5137042
15245899
7478861
23768434
25220249
11932381
22962188
24074355
10250568
4463066
18610434
5162246
1846539
13809717
18680832
8103968
10990397
5862991
8596385
3442501
9361276
11997842
23211465
2908440
19879085
14245410
2611689
1001607
18363435
6393259
8318864
24181098
13605186
3443863
4825842
2626474
17728458
2131781
6953839
10433147
13812421
19931736
13385072
3192988
2584216
11140375
1705463
19210174
5152079
1072049
10794256
10045455
3021976
25306456
13293540
10573470
10100690
17828675
8453237
7009713
8432492
9639134
20142806
1298940
7176806
23589842
1439930
23837174
4931384
15707203
17246140
23704745
19576909
7896492
15409175
27296567
21161446
1286548
21065501
12267528
8607414
11014432
8305710
15526299
9752498
4021620
15856232
5427641
15358271
3123574
4270169
6137674
14123617
11317824
12815769
9950045
12896087
1620249
24222465
4943842
6405082
4068984
8407519
18038394
2557440
4539966
478223
19519932
20587124
2938367
376574
10722741
1742970
4903614
5254483
469559
1263251
884948
964482
6454317
11129572
823932
26328684
6867690
14724329
20060950
5439680
1944581
17449311
19084416
7523154
9846882
21918179
23017945
780096
7246126
12944443
675773
871220
9715896
6816950
1719081
16182623
14906353
24384374
183372
25825325
3105501
15144954
7965651
5313051
16653218
9546133
28737304
1914796
13848678
1943608
5972396
873097
14869086
52811
22625030
29647171
2250450
5915295
1017555
5081371
7477192
6219713
4352087
10058483
27382057
9788647
23791870
18384544
10184832
5805349
9554674
12354981
21729885
7777606
10686114
11894639
13318717
11075430
10800156
2936234
5368104
1358344
823539
25804432
21443494
5401399
25550941
9458416
15773604
17069214
21805664
402644
15759316
2179998
18122968
8789510
160120
16821063
16684275
14402435
18896938
12999514
25502714
5892003
17949855
507134
10674561
9301594
6529078
14850232
1065554
24684576
1027252
2285864
16074503
3717907
8324344
356290
6837095
6694170
628691
2058602
13160528
8060969
8391962
12683445
8992625
19925839
5800588
1917317
2273846
12520734
2686701
6801489
20253459
4332022
358895
88336
1466645
6553207
3597514
4337208
2584708
2857643
1930771
7812271
13133918
3468706
3989031
22625951
7291353
2176160
8425316
27813159
6368472
13939278
8680380
12501061
12074330
7265317
3538679
6744910
11877538
14829065
18963344
14043381
3630167
5943275
9691880
22148698
25402438
22547148
8075773
27129962
17820340
16126857
5828235
6069127
9778257
32120162
10391392
3399164
8243613
10765056
2041623
5120979
10681582
17141323
1360781
734857
6357232
676737
8244874
4617649
21813634
6722562
10061222
18830603
20703448
4738311
3328242
924770
15434285
1654855
456336
4129748
15559474
1063569
8746289
12261330
20223057
16391751
9138270
29752891
14954082
18115925
25183929
14814611
20795925
3249212
1770250
6225038
18032649
8204275
12262304
14313301
22353213
2843429
7588782
13668624
8239779
7317068
18528128
19502104
18064812
1188016
4012307
3503090
17006803
4671533
1245756
9800368
22494884
22201485
2020452
26130864
13276902
21664984
9030855
4330995
3212547
22797927
4175968
23827557
20548479
28387529
26797879
11835018
19953045
1883811
24761468
2184561
18184263
6715643
5713685
19130883
2321396
18169745
397565
12207308
4163831
7175724
9587586
11545307
2906419
25468827
9023824
2804193
24798293
13160239
6991010
24490520
18246873
9700459
6524635
18332936
1126443
17511216
15258116
21634331
9097714
1709232
15549309
6053061
12430718
25606822
25005101
18203318
25125145
22207382
10144462
4002158
17552785
9236879
1632778
10369766
7143323
2412192
26143215
27285650
17468804
2098030
18132901
3362487
21654673
14201137
10703357
11715953
12275124
7562376
9485399
28895247
12173126
24309151
16360580
7914866
11380096
4259946
4489382
1115690
773718
17264591
4968164
11000186
1400203
8850341
230734
19471772
4594772
1426379
10351966
26373311
1126843
14009821
6326430
13330034
7041181
2331299
8550962
5196640
5472602
48635
1680665
10065460
18338133
1539904
19316835
14202986
2293727
11439715
7064550
10310629
6551152
8906354
7819728
22684474
24205470
3782906
5746750
8010599
6138256
7922069
9748169
27279241
14025343
14087026
23879599
27837784
11831426
8216764
11034452
2095870
24546281
19409249
3641971
28308394
3345015
13010651
20840523
22506447
27388419
4595312
12503742
3095507
22699775
22152449
14821255
4081366
29939422
4773323
2108250
5045534
8882713
184122
1127095
8714905
12904134
2690740
2267213
1500594
23232182
12001803
10516520
12194771
9239589
3892584
6354005
11350621
29046963
19673651
12520860
14210425
17738414
13100995
17333431
14784934
8570079
2357917
3313902
440620
5269714
10360096
23284720
1259902
16662294
12740480
8052216
2370737
1399799
9139965
17949601
9698270
1476516
294646
15869421
7910976
23756317
149655
24475758
6544869
4178113
3433563
14372125
8473449
11486705
10993780
10029636
23001430
19442630
19723695
12647354
13819550
6233250
2447413
12605143
21915395
1655666
8529124
12659713
19079520
5483871
17556491
9077518
15828147
2565075
14359433
17622603
17284774
1698961
10627240
16762022
8419599
8182790
15024991
7756978
19880279
9175469
13523469
18623134
13920064
28868053
4067852
27033863
12751789
3380388
16980064
31910453
23799927
10566709
4898537
20461610
3229715
8532671
16251244
4057271
6853937
7787349
15438745
22414249
15507051
21569044
10010462
211882
20598598
9223499
27663434
1950099
10198811
8504994
3664275
9506093
13199798
18305543
24199516
8430506
2165121
7901950
8884668
1407580
13835162
4544366
19384474
14652654
13991599
16261992
2631756
14313026
13344447
4830026
9871724
16652113
7786106
11787165
10313608
9936909
4422029
1845007
27113572
18335535
6584114
19598333
5665511
9282459
10172698
6316543
12864195
13526115
13236740
19999417
17494346
7204221
16392260
19284614
21114578
5650777
21860188
6472833
9630013
4798775
7663420
5257877
15051293
3976076
26762015
7446905
422597
20163248
6647973
12859525
8557243
3544047
9874973
2056320
4832215
4951111
506904
13905974
8676414
7181149
2781431
7196434
17539233
22102765
27731944
2996720
4443451
24868490
20004671
377691
13147552
7328577
12531979
12079876
21584673
5554302
11623090
24312071
375938
1976885
16157960
2913154
1578797
8851298
13267564
2211902
13792920
11324031
15780890
8780985
9911595
23866186
24560656
13904448
12416819
24998674
2908623
21433158
23940347
14214082
2428122
11979379
12673692
14011885
13552138
21399032
2161053
2971747
13849071
5716654
23187997
24450554
5036583
18131724
3046959
16468559
4635509
12412895
9370452
19837001
11849999
9476713
287355
29152540
8999790
30003987
3842928
5552950
16880524
20112538
12213680
4435993
5573399
14525309
1171643
12989947
3324450
17680484
12001306
16443847
7624563
11783275
505649
17560322
13134458
4533920
12118247
7702080
10366020
8047076
5476366
8169591
3853654
10841790
19603357
7984069
5465927
17451294
9877757
9391317
11548902
726460
989927
7270461
4589191
1532217
18133145
26398126
366626
14046451
15447770
26229199
14583874
16309358
10404224
19152743
20406477
29432749
14537378
9286422
1073841
7845370
17212526
121193
5724006
5606059
38591
18307378
20798201
24025215
20227443
2436887
9650368
3507954
7877207
3094986
16379543
26418465
12958332
20453272
17012102
27277525
8809174
5870057
12603420
21037871
25104284
2214262
4613665
14693522
13090421
24774648
8334239
9481872
13027434
5389895
4213077
931844
2776729
20408763
10512783
17727196
5434409
9833436
1194600
2513171
5548567
1276759
21106982
4727751
16564502
1138795
29345293
4033587
1867955
12914782
13607048
2896802
8792112
9064660
4807436
19460446
15442326
976949
18765511
3233972
17312072
25829738
20059851
17140431
3367909
1223745
800146
7610320
6291975
25077259
7168710
4273226
1934309
8713732
8839638
5668467
9407165
12462917
7142242
10896981
26398178
23137638
14548821
21151605
7733908
3522682
9527273
3209011
24566882
15192193
913259
7057943
1617507
24787123
15292751
7389136
14180424
8248046
10752946
15382641
16001362
15965384
2809738
13876572
6618424
19026148
9583707
22321260
3794656
4186148
740446
13275495
17092497
21141093
7259196
11476873
4700866
24096465
6848075
26621306
16288040
5828298
5459683
7347931
31087118
26285382
11858905
4228241
9461357
1078144
20932485
92520
13927504
20567063
4339586
21342221
10144253
14123297
13734402
1508542
18891186
11926879
208467
2817540
3317376
1793948
6984685
24439776
3223097
19483396
10415641
12442767
11922963
29493700
13955114
2050537
8925642
25575646
16662443
10046582
14344571
1287424
768515
8746782
3204566
17789787
26042785
21631206
11653901
25012876
10172480
7872029
8560986
9978035
4422213
7947488
9102852
16334840
1285394
17126289
19481847
7239305
17018450
4297942
3313897
4824808
8358543
20246259
12218910
20861208
28137876
23313671
14914334
17449893
15722130
15993762
6131194
11922879
9934472
1013409
5336633
825818
23583239
17206833
3524162
5349837
14088792
13848471
3349398
17403092
12819243
21696359
7792609
26082282
19330030
554409
1267601
10413495
30740397
280352
19483235
9920948
10812387
85655
9881027
27911356
4465237
11499392
6992926
17412405
3597869
28925133
13351688
2310132
13134963
211520
17807443
15582461
4557382
10619696
11810123
2639593
12149277
9889447
14456887
1012852
20003242
17928524
2503643
2141356
3118868
26809209
7868163
6919144
14161594
3297018
2492001
14044569
7864875
3372747
8756296
3762343
14519602
19352694
13101870
18460066
6145126
7977528
17827533
18939205
7744657
8492906
14984471
16125435
13842936
1908777
5996225
18651679
10084858
4373687
6669938
475853
6492401
30070014
29009913
1172936
8345531
10994440
4070786
20329416
31835860
20376205
19708804
23412152
25755016
6518875
1355664
1804446
7537957
804114
10295864
1749182
6033110
624114
881786
17343687
3438693
7709976
19639044
10468817
22940642
16548132
19432693
15508068
9502272
18785697
19950547
11074857
7563114
7479769
16565312
10744775
7748598
2428084
5245010
6561197
26173946
11945234
1183036
4651297
3852928
8571923
14278476
13242053
10361609
8377670
15031118
5281789
20155824
1316247
10862836
2795162
2605007
3299487
3343894
13329711
6413877
14739767
13669375
19032159
6640710
9634878
6809407
10485006
30099518
8288442
5816204
10941436
5815726
5926592
1450149
21998396
3136661
28444656
27540975
15157933
7108442
1764757
19052546
13240567
1123067
3432405
9768006
8079799
9500051
1313029
12635292
2138348
14421686
3475744
19231339
5234413
18416363
4817976
28192200
18423070
4871782
21952185
7817036
7232959
6975354
7900327
20069530
12200873
17572752
4350604
30255034
8732710
12020688
24475742
12583172
9398959
2952413
2241591
2047926
397663
1444215
8696323
23488691
5481886
21495715
13818821
4189386
16783414
12989544
7293482
11880667
29738424
15227194
17776594
210117
20683812
2872971
9117039
1254972
5194846
4401588
22191321
10463492
5153801
14320723
10389643
3256164
5647766
5604765
3326975
7236686
4280746
519358
17605902
14115121
6026815
3918908
962131
7513506
1551046
18816626
9594382
16249147
29719736
4413490
20198550
7592682
23960004
6333401
5472323
1586709
23235918
1586946
6153718
11894332
24480481
5892869
17900559
11906307
733946
7895027
6769900
3695161
26538673
17501840
11210245
3783979
6507183
13968975
9830898
14436112
10047548
5858920
9064944
12721534
8362373
924820
12887718
4081638
223200
7417304
19581024
17983633
1026115
12801576
1837148
944292
6610916
6598910
2013058
2177434
11784876
12145787
21636917
20902659
5888727
6273535
7697414
20162967
13849460
752112
5986271
5554359
11640179
8138358
27430421
17424840
9429282
17924314
16272414
4650610
28170390
9208416
6152043
1096538
4318292
480137
13724879
909968
12130541
10816609
3854199
23644762
8159839
15574014
13405075
5774984
4309637
8427918
3138937
23945409
9368830
12717650
2853324
17594565
14179553
2704281
19861124
22810958
10640978
4197986
17979531
24734487
19564819
4422961
3462420
12030387
10435574
5895994
22289463
14556694
3064454
6247380
219075
157344
599220
14980557
15392275
4039002
7957480
10595055
13709395
1619316
9562451
10904046
21870311
4007325
13134652
31185956
2121340
24749314
8658542
8728807
573618
23641728
7206670
11024371
9942833
6231883
9246116
6977091
5996249
17255906
2337380
3876697
8614400
21082602
11241657
3959841
22377012
13272224
4463352
2307654
2819399
12178519
1244368
3665650
1549338
7257188
11051159
6696398
3670291
13453668
3894116
9055331
12621675
17216228
6399734
24060595
2754078
4491352
18625896
2721834
1947581
3272489
4814507
8854495
13439159
2308117
2698051
7227168
870206
7870708
21538211
9935784
2938012
18413685
5367246
12107932
15716671
7620993
18310333
14849193
7152209
10498526
20997968
2545588
20736167
13100985
4439035
28116544
5146372
8478108
18340737
9165834
7036632
10201289
411778
11044127
3716497
9511095
4288479
1779095
11170518
7051218
10907402
21778007
613561
1048228
9788651
4567516
1622851
31427935
13014355
24850
20254326
11473337
12569091
11546183
10378522
644188
12343018
522285
1168679
41123
626059
17584042
5223905
21742229
10059594
20869695
5958019
13663138
3786552
10133082
162481
11907560
2402564
237357
10790180
20531189
5169134
23372739
23741026
17085063
19406604
549682
12918211
6499995
12200343
5067277
9042861
4610880
13426220
20589097
9869306
7390889
159390
5597259
30921729
15246260
17818486
1415057
3885564
25274502
1433040
15877532
628856
16012197
15985696
16319053
8492959
1264740
21851372
7763370
13205579
3207813
11477821
16318173
27697878
1221787
27148909
20555913
5734537
1553481
10400950
10863467
4009799
7507198
14177829
7224400
13900756
14749389
5631582
2243250
13365408
395975
25440677
7553018
2642831
22193809
7788895
809817
5881972
29510132
17309852
16139651
584844
4949034
3468203
15870313
5284350
3407313
11521098
5368657
5335603
671770
10537213
12860287
22935231
22411601
4342462
14636827
4430338
9739655
2369666
3449018
16523624
15362241
13062936
651013
6561591
6454663
826877
25474456
17962527
26218835
2385950
18285500
8669756
16327573
5891109
8479939
11884234
86891
25037172
18475326
15346194
12259128
5083988
16519637
22442792
13503802
6613611
14571095
1310194
1791359
7645827
5611012
9209347
22490814
7927209
29101892
15479441
11138527
648260
214659
19995898
11551659
21089222
27365020
29285336
5276785
17350427
173616
18133757
12805027
6295709
8853969
17582578
11257039
2921510
3398575
26115971
1247038
4356971
1486124
16639635
941740
5767783
4712137
8827553
20805326
3311119
4149385
8465770
6041742
9953424
8410923
19386900
20366609
5028003
10373980
9259720
23641769
30782634
4105278
8742852
14004687
7895953
2506979
9721470
9484416
11714900
17077959
1663934
6209053
3371368
425845
20403785
16027737
8280352
11237851
4479676
1939501
6654516
6557039
12747406
3001257
8401078
24381921
538397
11686626
4790745
9918070
21806948
13853188
23919014
5777198
25371278
5420118
12848656
21921307
31610544
1146149
11894363
14792269
8469704
30519087
4420364
4546928
6684291
7873678
2577390
14159927
2635291
3562197
7930425
4556037
9616108
10838789
1065061
27675152
3671597
12509538
484430
31221447
1654675
19944831
13637042
1586192
6214271
20214378
15561605
25442546
16566729
20623858
6663423
13393104
19476324
13836183
23065009
12700099
19248496
8966038
9600926
9924578
7964159
6355421
16798178
1757053
5441303
5210615
15020850
23058938
12452017
12323931
15424265
6905139
27932483
19441179
6673993
197618
28016584
6129362
13634488
25004599
4768395
8111898
5935789
6912239
15848030
12619556
9175069
8858504
8323692
12788355
2948333
1732854
1013463
146396
8304455
7968874
11138318
2974006
27950261
3512084
8316165
1664180
8866300
10883468
17333856
20894399
5121759
18184683
25817614
22201715
8289246
1791477
1341976
8484065
12722857
3544940
6407427
22668842
10395068
27172653
2848078
1302192
4990694
7573553
465376
27799482
11523742
4653017
16770597
2688883
1534912
2852944
805541
3134159
1995403
6354394
9649424
5143974
13511511
4378929
17673793
20938053
7989142
25486024
30025242
26034265
19201391
237532
28496565
1528785
18822430
12051293
17483653
13217069
8770089
15743773
24202763
3523616
6288739
16643924
2111024
10714559
23586045
17446866
5917116
23349268
6922878
240988
1342661
9586138
27187212
6730635
10315329
458126
21298108
29198476
14035185
13591618
2398759
18677513
17068047
1212837
1336527
8164323
4319642
23415498
6127000
14952542
15617573
13765170
91992
540697
27928591
14176217
1091892
10734744
3914272
8650933
18324861
3546682
16992385
16680882
4042240
22406711
5965593
19838024
19615348
4453523
6773378
19989608
21521773
14742620
19988844
4039770
9778153
561765
6429931
5826880
3484601
3125579
981432
4482187
123324
24801484
10622348
29714
14845501
10709905
2115571
30765152
12394979
18069609
4760197
14654021
24796163
17005402
2524241
24028535
872986
14752389
11793588
7834486
15360044
26577271
15354857
12008865
6644233
20134891
18329469
27108816
4137256
5380257
8844746
9219019
3170599
10272398
3644918
1944000
11233824
3164043
7890682
15923189
598457
13083445
18737410
16902205
10092924
2470471
21960875
14131907
3463291
2447946
15415204
9357688
9455534
27252710
8308819
26059914
10758984
23093317
9305219
14051211
5386445
21405328
25379585
7901083
25912801
21621946
1235424
2932468
15664592
16797804
4750019
10342593
9513779
15448612
31763128
11012140
22669444
779274
10640580
2808214
2975545
13866459
15479111
8049890
2078396
6409341
21079395
16941358
12257953
18362785
3232514
13304534
3842327
20359253
3870841
13344078
6336105
12819825
25285278
15444562
4866625
23797333
17898293
8264879
18792614
14153985
16058584
2052249
23158243
21843688
15911521
16507558
11160247
8019868
1833237
10381133
1423238
10438356
12129161
6833350
1761317
15356276
9468286
18370248
5081131
24238933
10336743
3226733
17211527
8495999
10641245
5174943
7141525
22052795
725150
22067630
25641805
6569286
13977393
17852844
29539145
7928185
4191426
12300050
4104242
5831679
2593093
11514532
8713369
3851115
28369027
1948758
2322672
17671471
1065015
10267614
11865702
17908746
11920313
11811817
805754
6769607
1511450
3245852
2512945
6998924
14091438
11167294
8535292
982225
7882255
25898051
26840349
14626173
9436359
2736919
1315609
1738213
1195560
19065443
10771056
22905938
6354453
31473046
9271432
23782880
13724065
7839653
7241401
92096
3228875
12671577
3569837
11682082
10438568
4487955
358635
3495622
12131478
1615703
2948148
5481143
8241728
568377
17497046
12904014
5448451
17828185
6484150
1047227
7794095
9633981
3735707
7133624
555092
8986205
12861057
20217924
7247955
7278336
13424077
4098440
3163588
11219132
8542110
1203153
1804660
4605995
1828230
21724660
1211101
1478876
1456755
1202060
13030193
5403651
5969202
1949896
3551844
16161247
20822019
9438171
925956
5155008
13643940
18117672
5314766
24047077
109335
13747024
18363192
16725087
837253
1599820
6086335
9349323
13333953
1800935
7674804
19357878
129585
5123877
7840773
27271653
15486741
31216524
15472381
9034854
13035370
3399454
1609796
14581048
578286
25215046
23195763
11068472
157030
29238095
25538697
10943469
8499873
27934743
2306298
2661977
5759201
10932506
28505822
4985280
21762111
11718082
13206248
26733454
21188895
5276512
52015
10016842
2816908
3418411
6845999
11284553
5088529
14523904
16554449
4616987
10212779
23883649
13015620
2081746
4508731
14776637
7213291
864139
8791288
5552834
7074769
2873919
485738
21708216
10181689
13396831
12248203
12034342
24618260
10648426
232496
15359749
15862942
19155782
1903091
20266960
21378613
5651216
4568901
19016799
12889723
9260549
12551285
14482287
5875173
2307037
5729521
6324401
8269360
16632634
13996555
16897948
4529505
2498367
27177295
7156114
14335058
25371097
4012972
22518781
7639655
14325125
9289052
5322827
9008223
11758589
20705819
20445521
29062986
9307029
1411883
4025711
1750488
7708310
24525
6186277
14008976
7162502
4619719
9409121
1618691
1927677
2395523
15687531
16281486
14359681
11433761
163034
2489463
1623678
4282465
15501471
5515167
20419335
24963849
6785774
9961731
1153781
26047363
21129410
8533974
10630201
2004140
2205997
12503920
18741300
5226728
4091339
17241683
24155348
6892050
17522935
11863356
5816567
12585107
18570993
27611651
6082632
2587979
23730270
13754924
492540
4965354
13004965
3616531
5201414
7647693
13327771
474927
3474330
14635214
4959675
3857570
17772462
2731693
6124054
21420890
760396
17695788
2912129
17511862
20605933
8843678
7415698
12006295
3449782
6489482
15293675
991007
2002508
785140
3800707
4519503
21155971
3920411
24267271
20446486
1100444
27656115
23650305
10592261
569514
5451158
3061679
13858751
10001506
7941237
140226
5966758
16905768
16781071
27231779
4189707
3247064
16979426
22733548
24093924
16581924
2651264
5121239
3093527
3649097
3623398
20949356
6104291
6774293
27312079
19833227
17869593
6607000
413613
7096537
18079445
18246944
19280118
1068968
18510992
6488294
18216031
24416404
3534449
7334592
21222762
6166414
20716323
25083980
4067434
9297574
29137499
21776468
20763651
5724794
13419719
16798953
23972931
5043184
2983182
4593294
9732621
2366246
15909466
17860140
2747724
15665740
5592943
9078924
9472370
2537511
4698008
7258795
944574
9148225
11046649
14719971
4353347
11216289
4639266
11096738
3887263
9406320
8415506
4379220
20436697
4812965
6774608
1482761
12778635
12699012
7230704
20707522
381852
18903253
14747791
13860389
26273073
5838671
13668130
8671734
869261
6029984
3693411
9606455
13078084
17803946
24179994
12637008
853405
20411513
1562686
2536433
8626391
25816508
21950598
9558185
20295819
1637075
10907334
10816022
25901097
7764969
11754243
17393780
18041624
2820655
21530781
31257791
20263030
15229480
755559
18860833
1113975
145471
7111759
2828707
2835925
2212445
25560671
14957231
19747024
18285007
12586642
12926146
15825797
2697704
15614716
5043425
21726987
19461635
3459179
2444326
5367040
16055967
2440925
20651387
4465681
5517560
2960082
11038195
9778759
4301232
19361244
16234631
1130192
19027765
5714595
6098064
17489041
6122956
16851922
24001679
4855623
7335165
21320120
14589931
18366689
7858156
11383532
10533046
11650620
11465720
8825687
2069249
16748255
519233
526353
14837899
20310131
15338543
3451640
7493869
15982955
3152810
6894304
22455773
1369518
12486522
6244298
1012607
10409930
15560767
1566113
11656661
19682719
4298716
6532478
11086306
2538847
2909587
5779324
7197679
11900809
12580488
10020638
158050
10828496
10439830
8612163
7203129
2230216
11221666
767394
22321145
940515
14341411
5216957
449047
934895
21497825
5765041
2960569
14130120
16966745
3892847
10221619
2051888
7337678
7348399
11933261
11040620
7547200
14832060
4063045
1554933
14287870
10841473
14753932
7913578
3870544
18729445
3407792
16138646
1702575
2894460
18955066
3364716
515107
7854123
7466045
7818513
32071364
1853958
2226190
6969212
16525577
2935083
9565161
2594839
4600584
3570622
17633227
2162723
8612129
7405937
15209515
6629531
28462704
7869348
3488970
9981675
10636590
18670518
1354891
12187666
2760725
1135596
1331070
16745938
7778697
3879241
16501861
38953
371068
21622568
728901
3682996
20746743
15929801
25189665
5741056
16893137
23355070
4738203
17627264
17136923
821400
5253339
131033
10617663
8830228
21031151
8137544
1865123
544702
8479058
8037798
7835160
4130499
4459838
1038739
13131126
13032016
17169641
7615275
22106162
21454626
894358
17265844
10973832
18293748
26317204
7077981
22231191
14427768
10783319
13573132
18381369
25258721
20775205
8109895
20151949
7192387
14573116
7230315
19383051
7636833
5035889
553774
17963563
7170480
7534785
23036561
11615607
5798413
25036496
13952082
4314976
24927091
2655291
12955883
25769522
3576009
22946326
25686573
14130241
5635663
14110849
8201204
18183939
7728685
15566703
18835553
15610800
31803612
16507041
7035842
5626644
19005389
25287772
21059280
7248062
4545044
864875
18387690
9566498
7426363
2832038
7544220
1631742
8770939
536334
29492514
6491825
9027069
7127444
24490468
10807915
16507839
25032382
5998542
361998
6597728
26219426
1001952
9598431
5843964
9783152
23041456
20278442
22772078
26319477
16553693
22739737
10150233
16708842
15199823
3085790
242540
7187787
30764243
16726305
7992774
16495259
16216811
7011814
7247666
15864562
12047242
12625482
19095461
27940547
10832426
9388778
15611788
3137946
1963894
1065147
18813647
4586470
20212916
7100491
26201308
9539229
22235021
16057513
22136647
8972141
22790270
22351732
1631897
20883516
29262567
9454462
10435214
9708723
17981461
13285764
10241099
1260252
5013211
5183058
14017625
309409
1602723
14204591
1279936
3514045
1038713
952644
12973591
21600606
13103301
22202407
19947038
4182207
19041049
24103420
4373967
2911455
20933616
8722153
7500545
25632614
3995890
8171165
4870523
122954
11090550
9524532
6504710
1197434
663832
5766377
5182610
7201885
28910630
4940389
15923568
14347751
21411327
9077247
5624056
4263254
9216138
25346749
22755481
15466262
9750505
10143075
12874342
7403503
4067773
22498732
18762179
6261779
12766930
4354100
15436928
12175164
2789121
4236967
6132054
27021902
4193564
7089221
2246174
23613718
1570151
6772801
4267265
13324377
3308401
8592420
22923697
6095164
25467092
13535006
28724035
3685965
9811382
10591729
14557987
4366917
5352570
4416685
17087124
4436513
9077900
31377148
12263418
8317721
14351687
25056222
14049908
11246163
837340
21789967
16170658
6178572
5987155
3084403
14713029
4590916
4898903
11852182
1059977
1606765
1945735
7137074
19130038
4771192
8873089
7210981
26571508
4747077
9395629
11425357
7767018
21115115
7520214
14326287
5948220
17442182
1596518
5154546
4462999
15272946
14258429
1256723
9068899
22009462
13514271
13734392
3613638
1102609
8054349
4897121
4143827
2294667
7180691
7017108
16319036
8104439
12310666
22411213
4631408
10066298
19401246
11747366
18657928
30580350
23945578
19476187
4257288
1270235
11343542
414234
8692725
10076518
835544
6832960
3781037
22633535
27598132
17997062
21557083
4180680
2684390
20120878
3069833
16024303
60968
20848633
17722416
7366305
19874686
20347948
14442481
11271303
6499009
3776057
29448255
15006867
14049916
24636
9236310
15060255
3223349
9196391
1940359
2365574
29423262
8626194
5830857
27814405
5132875
14230552
456595
1645344
816851
21875238
24799795
16786183
5203191
15717723
6121385
7476010
13812975
1473884
10828981
6660540
4141229
3957144
6966570
9887813
2002209
15542205
3064811
26458388
12644708
5415735
3407045
10483014
12826325
19714356
22085283
3704694
12174891
8643794
26361061
7301582
733025
16640135
13778496
17123262
8626834
9534772
9848773
12670624
16555601
12836513
6386575
19180584
22314903
19860574
5507886
7363942
8920108
9600347
2111019
15812701
11151961
14742927
1496964
15170832
1670666
5626994
9103461
5264223
14025538
14443702
6672408
7336023
20361380
6938606
17451017
1352818
13389074
10612755
4957162
8765446
1246909
1124588
3628768
2106256
23537520
7912066
835963
682048
12775437
1363680
11935273
11877736
8013949
10287619
3060031
9769159
5727076
2927394
26099174
6824914
16828438
1693513
621874
11554456
25222529
4088207
6509900
8200754
6035939
1523019
1363549
1544032
208164
14280969
26860367
2237721
24042716
25763822
16614655
5064036
15660330
1918562
417389
11422166
6042589
18342757
3824404
5913230
23967226
4765806
16588418
21951967
9099975
20643254
17253062
24067025
5341816
239888
6057433
20218109
19460070
10655767
8855013
25298014
16652480
3142870
11358962
1068936
6382663
4700138
20019088
17201226
2055962
28945485
21267063
9807324
244402
13882995
2045688
15536950
10210080
8039834
1968822
6666548
13694971
13185649
14428023
10378504
7261947
3911123
12326843
8045705
19208556
28678031
10170056
6176069
17167641
1081345
10576723
2357534
16287677
5735495
1551328
10137536
10387404
1830198
14794996
10308465
5635235
31336940
16725576
5608741
26887136
1205828
17803422
7184842
12656788
21855240
4939243
8872549
15405893
7666761
6642628
5731524
9726191
17194785
13104702
3801766
30970845
539791
29980781
16579764
3893489
63737
5569178
13447666
12463297
8383160
228116
18056895
7094479
2172693
512710
4007222
6028383
17682420
3846555
918689
14073317
10617398
5091025
6857774
17233956
1312251
10573963
13113383
3157107
9578898
15465774
2479526
13949340
15871506
10206967
7405942
1309197
5107524
17899419
10325421
152580
17861510
6202582
4537561
11586740
21016079
8204881
24701749
304652
13587025
3683461
2049542
8945591
7264234
16807601
22690807
17836603
11395794
19088709
17039690
4082526
12711763
22832038
11827154
7350286
13542698
6261474
20703127
15558382
2231656
20592967
23261208
23588467
2165805
21701212
13373204
303136
2036263
19892519
15298652
22469835
16281393
28266358
2753984
2513885
13877484
20095751
9024635
3446835
15200798
8367570
20077449
12970800
5367345
28452842
10695890
12423525
11905028
21148580
6375690
4691332
17248142
12176661
1353617
4689786
20773770
8061162
15768197
440449
3518651
491876
22551357
15692442
12530089
5951698
8906197
2105295
11724493
25907849
9120185
27909974
3955737
8031025
6553940
14782951
7857560
14172345
2429743
6507171
8281820
2267977
26730438
1726484
11642268
9472507
25612728
11465220
12072739
9240221
25837726
14282188
75643
23250638
14501875
21576169
7403570
17862530
13559300
3870988
14985557
10281748
6877794
16518814
1836131
11894378
10986535
20149950
3750242
6681598
19120402
7613655
6859159
5169208
6707352
24496710
15719305
2440709
4484975
23130280
12648758
28195232
7688812
398650
10848096
8212401
9795009
8434826
13896024
889516
9959672
18435550
10380639
20456307
6338483
9597476
3164440
10531524
27119288
30203372
5426168
14259787
10459609
28215976
10343324
11183183
7040902
2699985
6611044
3645684
13343923
6831469
16824704
22325069
8168525
16423792
16295534
13646217
5602753
4013455
8579941
7721545
8709985
20766542
10704591
22868556
32196178
10538550
8981412
8535466
19153743
26079464
4413203
21670328
16450346
6034576
18385194
3533894
10421190
18542990
2940943
2359365
5306355
19120111
11653574
8674799
4826272
9462320
651625
21744445
853283
26887307
24478872
15820422
3131555
15938228
3124288
12495137
3614569
19321146
2881649
7377733
17764553
11292762
12216742
8354987
2297019
16343098
12643055
26267998
5037364
25016632
25399954
919810
6374909
351100
11160274
6243537
9548682
24023638
1262381
24306942
7606125
11169808
20027552
2168961
12404812
1273146
9633064
27118893
14001070
19365929
24938697
18549336
4488307
1782796
478787
29200954
8380169
15430541
1994019
1788012
11419600
7664835
12931312
12464079
7667050
13769048
3330308
27856933
17864463
21978094
10991366
25422955
12078344
1412871
8764741
15029540
8671869
19972513
10468175
17471791
23095847
14272959
2103551
745048
19181388
16142768
4181893
25235085
22111183
15395272
3619186
26287554
18375825
19124216
6808234
12410842
2231540
11217196
1452932
26335282
6119131
20686200
5243297
19852357
2182017
22564883
174512
15392209
28783630
16603723
30673148
5965059
2101727
4104956
12728582
6585575
23137029
18192644
3334519
22810328
8534128
3077462
9359456
24567833
13056034
12824879
13350326
19525220
15985967
21400733
115405
18048904
4577512
5880349
1327943
9129367
27136814
10405669
21938553
5324793
1221397
5372032
13128106
3655473
4739108
16096471
8274227
15685617
6171464
1441856
3102618
5649861
5320112
12686860
4744942
5088766
199599
8219505
12228396
12981343
2510052
3825123
18512750
6268176
20197561
6459305
83151
28498933
13398787
13923623
11247063
1782943
580147
1491754
11136817
2370386
5392787
19201249
26645602
23346930
13453233
7608541
13035131
5617922
149275
13555556
4350884
21937493
1200405
11593706
21029096
2171523
13402388
18817291
14447270
5434495
13680870
25307404
17782040
6145251
5548559
9770684
5345621
2080941
7024969
2468418
24968339
7983862
26879603
534216
3049118
1352697
1441323
14572950
10224315
15774212
20492438
1943353
526009
3346262
7642068
3907145
17260912
14587359
7492759
5310996
1908383
21484623
4119209
12840858
10715957
2797005
2137478
5010757
17349260
670236
14880194
7904707
6956835
5822115
3161270
368228
9485835
16944303
1451893
16413749
8406029
23193001
20691971
31549322
8740120
6298517
5754206
10414486
17453436
10187558
16980108
1681336
3684121
993578
7282662
3576667
13419627
15772770
21125989
27630179
20999070
6023605
20799163
5918510
883305
16041979
13443521
10365450
8687645
13858043
439873
2670758
11046440
11719353
6513226
2209684
22081944
9324185
808021
11634585
5473068
29967587
8619347
9419433
9112367
17666970
18658481
18838831
10075465
3960012
13737632
10229580
11647196
4157951
6926839
9280585
3966621
19557281
19118535
9786457
7859176
5714939
5708661
22488865
9250663
109215
20643897
619628
11852068
20226662
4968234
18070170
17524973
1730196
15595622
1343126
5921967
4812522
8092427
22725735
1077118
18925388
15255880
18565252
5226696
7420819
1587978
18153915
27874791
13779032
2662724
3025352
28863958
19690252
16864371
21682622
672379
9907365
11916774
24425714
7306552
2538132
18072181
8510266
1288006
2608444
22871087
9091395
14263041
26005064
2939936
10264206
5473069
2035240
1563010
22497378
11040526
2822212
580108
23913161
16960864
24443627
11181358
15806910
16980729
25689143
18133619
9064917
589190
20058061
16038579
19342713
22491453
21738177
5100041
2205986
1469618
1827249
3097449
22494949
607032
20991550
15609788
4233935
23417199
4190894
15364365
1928100
7995129
16547061
13959377
1784735
12514158
13568953
9670830
20133850
20826279
24679086
8188353
313683
27877367
5098474
4833988
24031297
22052708
11998864
18636854
7600482
20871593
24495639
3850055
27418923
21634532
452581
26315086
1027095
1256733
26494717
22578861
18875195
2637720
10697283
21726070
9486101
20538621
2050372
5710063
12468307
14610731
1478158
6334493
3600503
4579604
2647913
5924342
4029653
9499638
23707545
1562820
5523078
21714901
3722096
11264303
24204128
12162150
1415360
14051037
12190405
6397024
4436215
14495536
7691813
893113
2200025
204528
19523990
18760424
1135208
5946585
2788925
2774176
3645007
4303450
4737229
16627470
10224176
5706001
21428701
15152723
12209151
1868734
150852
13778352
27492366
7357643
1182770
11480577
7666636
3563590
735532
11167128
28837608
3530824
10904778
18428015
2614996
7707306
6047270
12575399
13603165
19122787
4143483
14719199
1164329
26178358
5636863
12446036
19353341
9333998
23616776
18843284
5065644
412080
13322447
9035154
8458145
21702822
15089881
2379537
13303115
14726703
2094096
930338
3102938
28498235
3316291
11399386
22688460
8150516
2369794
18072053
9664935
10550025
30175086
15604358
17586989
23023727
993149
7938749
12670364
10657687
23323543
23751036
7883141
12600906
8031553
17757473
3425381
3719174
8178650
30992869
7501715
4617977
9317406
4271338
8506051
8391588
699951
7548231
4826316
9921655
19630527
28677085
18719249
7237165
2768489
25659150
5730685
1456038
15985596
1983727
7857058
2958214
358850
2437350
16317115
28060240
14792458
14232054
997694
13687292
3824817
10763425
21315877
1435961
18528678
14868041
20493950
8020610
8345113
6032038
3181937
1871329
3694266
24842242
1870723
2276760
8838975
4895452
4807978
9874662
16361979
25037137
16177658
832958
24542201
1244675
1333075
6248700
2724758
6486025
15646847
3418929
678798
11534025
27377731
9466421
3104236
1386418
4036521
2040191
3199924
2720763
3438213
13880386
16233242
7963436
26414087
5895892
2854996
12997704
18562279
3019912
17876768
7474075
8422858
12595122
2909989
5060588
8640732
20731545
11701684
16220718
2751690
3185186
174436
12168111
999286
1226905
12034541
4641676
10341536
1734710
14828152
10360309
23148279
5808315
15080097
1250136
24268808
12961488
5654460
24098746
6557249
23080565
19057516
12481192
30143443
22092511
1823844
4292959
5706672
13294892
10036209
3543774
4762625
15000039
14446502
26518033
17001544
2644611
6763638
10703602
9879799
3820562
26072290
6913467
3688756
22349698
24858870
5887871
14181922
17131379
17281849
16131920
24334067
22457376
19499384
8148538
30126987
3338804
478448
4019279
162855
22928912
16470919
24624805
8912789
2933916
5792571
6946006
4576449
5634402
3032923
21227234
2400511
22568144
8835401
18426275
3811514
7474678
1122272
1809156
15418366
1028471
6300118
9203052
4000733
15645056
3920386
21186381
4420222
2450325
1395360
717678
9717961
227340
25160639
16113930
5935672
9120610
4212296
5716018
25205187
20701337
4952518
9300725
11577987
29803975
4700197
4800159
10041552
22613555
15323711
3225072
6892770
4710015
21191551
2887305
3518835
1279076
6541956
5550933
5090252
21074650
25527026
1199076
6213444
11680229
6989419
650836
19158900
2968264
11083812
16020259
9057868
18323351
13652745
26517151
13355370
3469458
14833618
5956219
10216773
11161332
7203146
1365890
10360404
24659139
19277541
10006974
12326457
16516627
18780030
10982226
2820770
5443004
4896371
2855100
2341646
25034653
19866080
4551182
5846846
10097681
1472315
6018132
28943886
28572446
3329614
15123108
4256667
2431206
11010410
6438661
2401942
18054894
6490567
10542711
14610599
9569209
2545771
5045951
1800482
6125505
27411276
8304894
1153526
18682323
18180683
26303825
1960268
5391826
18398728
8992926
12045934
13672637
18114137
9896617
7973842
23914778
19599630
17646829
5818389
9057732
2770311
2423044
17484466
22707061
14772674
16825966
110281
1807306
20297485
8514608
11953899
12780562
20569983
3430627
24055709
5495495
903633
5105470
3492117
6867360
4938207
30319196
6213554
19790381
7248474
21849104
1383792
17554170
1443775
4708001
3955105
25853984
8782651
14113747
19950009
11264023
4548766
7151297
6541589
8858828
9222848
9002318
16750208
1116779
17532697
12871899
3376810
2421790
29630206
2892543
23049125
6278445
7455916
1070890
15574072
6491173
21484241
5008162
23113090
5667998
6490213
8923276
13508990
12443186
25675108
21497870
8909475
2819909
29317016
26591182
24494915
3477002
2195498
22031929
7098976
3709765
18554041
9124522
9954501
1725327
12256548
24764732
10277863
11143592
9644325
4768600
8405282
8496458
23112961
388198
1328985
11461663
1450008
1589019
6969662
12879849
5650518
9155766
26307479
936395
3542483
24556511
9577726
1856572
1014065
5606344
2142112
6462149
21801592
2928982
20193412
6001326
5489484
4984115
16130957
18766404
1091796
28858035
1973263
551692
6970825
8223523
6981027
13170906
237591
3650027
26979058
2680933
11991294
3984800
7402482
26152720
15906459
1866014
4951813
9025258
9404595
10600721
2950333
20331099
14231907
2293243
11559057
10180788
10142531
9407964
18623070
12607949
16132546
609103
14049404
12656518
27067030
27943884
796768
7966971
18314636
1661904
7145045
8290110
27418445
18444264
9326914
12874402
5408613
6234722
3
2880199
11927652
14305835
23030153
3826251
4736482
4988431
14464963
27046732
26080771
3757638
9335939
16550690
83919
6497527
16011985
15642822
13311381
20792229
13370446
19890625
8125499
5261269
9160162
12188079
29164759
6048228
6045931
9796662
1378550
10215906
2954609
21219832
15932578
18084546
27138178
13355873
2848507
17367232
11932263
11611017
1384439
6548218
19253507
14858612
18261641
14777582
30640595
4402646
1278712
6081125
9873285
24738148
17490453
16631150
19965714
816054
16374729
3527303
9818559
8804930
11853790
4868093
9791577
22016129
11351726
9123855
13419867
6913883
1959533
5500384
4837293
13620581
7915110
87146
18730609
6244878
32341289
12943015
12121515
2289666
1419173
7052359
14397930
1737396
4411756
29406608
2166026
7483149
6749909
4305752
14778873
4494431
24532708
6400398
5953108
20428874
13560652
2175927
25896445
10397688
14580175
16910998
11121660
1307387
2041489
17149039
4470598
6479111
17028820
12299912
9840181
27625738
19192132
11862020
2845460
22227357
4616113
1159987
8220910
7814901
1281012
5677365
9033668
11269752
4946708
13220096
2485815
10945685
4851947
2044394
1920717
1479613
3193220
22947990
4726797
2244504
10265961
10272246
26535180
291029
3447557
13775087
22356475
155746
12016160
24382700
1303133
2410475
1212296
3635709
2360815
13705178
4783311
28277984
9103651
17150781
19249042
8065529
2606673
13062118
1422306
10287851
12699665
9126734
20765245
28390841
22025401
6776955
2151551
19244602
14145836
9542296
116991
7946596
3317261
12944348
8044209
6387513
136040
1473671
180213
20142231
15391253
4789149
5144654
14892768
19925079
3224200
20176191
1506861
15306675
10131501
1367148
14335837
25294016
21248333
9438384
17714053
5263837
23269445
19107651
16066387
6248047
8706743
26176404
7256753
16534108
5542077
23867350
20779699
14600956
16146085
21831741
772952
5752317
4071151
9555912
13414664
13477856
943691
9494349
9432798
2502267
20884252
645238
10632961
26147795
15333342
7008272
10856243
3318227
6957522
6905245
18201712
9643267
3739979
12450164
6954366
28151559
1159705
7637465
4919396
11054190
27840644
2686269
4744990
709740
4881579
828900
5089570
5378496
19409425
4840003
6237602
24604491
11434818
29091382
8647784
5681696
18781773
24276427
5577211
8856725
6580152
1325658
16191613
4088471
21238109
1949698
1613108
22876858
372366
976743
12860365
7465170
3680880
11640533
14164815
