34199
7755
23300
10453
9800
26714
12012
20684
19614
30291
18680
22631
3014
8347
5135
3182
6912
34220
18423
38038
24798
4268
8047
3540
23914
11660
31640
14202
48954
32321
23546
32127
6168
9074
20019
43554
24113
51146
24972
6004
6161
7536
18692
31099
45132
5999
3336
20120
18680
11725
38581
24261
3235
42973
2033
15050
12023
9534
40649
7979
16786
30619
36237
35954
6771
663
39393
15749
6481
51392
24000
14225
395
39323
23223
45062
26850
11539
10572
15082
29007
1813
7791
28915
48557
900
35411
38089
42973
5880
57885
47922
22575
42357
3285
3848
7696
17634
15548
49004
56432
6115
40002
23887
7669
24588
4376
3033
18944
24798
24313
49336
29495
23328
32137
19925
8111
18448
31880
42630
315
8708
17028
43923
40099
29362
14624
11760
2563
46879
19572
9275
24055
27948
28513
6004
34550
22509
36951
7318
1068
18746
19900
23643
37052
3673
30578
41198
15238
7219
21688
29918
40206
3540
36366
52732
20675
36560
23525
21365
7669
52018
5250
1340
20900
4674
17252
45233
14554
4753
7599
13225
36731
36551
44596
15705
1928
8130
7917
2207
2353
23846
44596
33317
9710
16914
58663
30393
2161
37159
41059
5641
3497
9546
18497
37477
13439
43448
14227
9952
663
31223
32772
15109
33325
12918
4997
40861
41548
8907
37417
4781
38201
15928
6645
1573
14351
19385
22777
9850
3773
40827
20515
36916
37662
10502
2817
24856
19179
12381
15486
30390
3672
47320
15055
4015
48514
49638
26530
12942
3316
36250
28236
4863
217
4798
7453
2116
13894
41850
19191
482
39007
22208
13214
46168
31728
9340
22672
3045
22397
30531
27641
10239
43331
20386
37380
33842
34249
10453
21652
18122
15280
28879
2827
38255
13568
14546
44596
58440
19927
54607
26900
49691
7638
3057
4971
16799
28339
12928
12020
5114
40334
3355
11641
2592
48266
41095
32864
14404
46172
15453
34778
26283
15086
9657
37695
13380
26172
10912
1994
15915
23210
3520
40396
31728
18001
16955
14433
24975
3787
9507
34802
11152
18907
24221
40483
38049
14351
37997
46731
24214
11533
20184
51007
33509
17300
32618
13071
30068
273
3386
17995
46340
11647
15667
526
8110
28668
12296
25731
6000
55307
18366
7832
20661
12965
119
32493
7296
498
3386
16496
11284
35354
27791
26067
28672
11412
25105
39137
25390
7879
3098
30969
20496
28009
19805
15749
34492
4334
8956
9114
11198
2817
51267
25652
21795
4859
59066
8654
31
24470
47951
22717
53313
776
20485
4798
15512
33180
33817
11547
3600
13558
24618
637
12906
3623
32717
13217
13847
6000
46443
1886
1340
14548
2023
42458
3249
1282
4842
16461
1262
46704
3959
2766
10156
46272
34482
53430
14079
20559
12571
35743
23519
2514
27761
37055
33192
7919
42812
47383
48588
40099
30595
6588
24613
28841
7865
13101
20675
15881
8529
37863
23713
15944
34508
23824
42164
11376
14189
34010
49278
33796
44165
16284
2881
14155
13380
1037
33065
38822
29353
26008
22680
40621
4157
57269
1228
21941
18436
8727
41672
1340
3546
6878
38225
3076
56730
10874
14446
15552
34605
4152
39590
7056
17456
8480
45233
27079
14191
41619
1171
21910
13086
19526
19065
44643
26958
18497
13225
34760
20936
1139
2720
1635
10418
11126
39693
16298
19879
11834
17324
49832
13115
55606
8956
20730
36540
5556
