63161
131839
177263
39352
26337
132836
36899
197284
112354
76373
227075
43855
29557
54457
134218
170278
87002
61160
95649
24105
13949
41531
148992
186263
77289
69892
51860
196498
88721
86002
23955
11974
19519
69009
93182
110262
33729
43897
13066
103743
78932
31727
100335
63289
65023
40382
140617
183850
63882
11889
72570
71856
12215
80231
212583
133479
165919
171988
117785
139852
24702
163247
11230
60800
115138
151433
25284
34298
17011
31763
15859
30395
15890
146207
5993
26808
13491
17349
177805
71614
171380
29414
117424
186535
28418
112847
9482
133204
180479
19270
100423
57717
11014
191656
52370
28554
69200
164471
11107
139597
98322
24913
168724
72871
88260
7216
17719
62481
15778
112874
16545
64793
113084
40606
