18806
2608
10042
10759
5486
154
11300
9490
36063
19780
18120
13279
13738
16409
5086
14073
3855
32505
22681
10410
4009
15587
18806
30025
11876
19949
4836
10613
5005
11935
1259
8621
21705
37965
17628
9753
25544
11090
29578
14204
18624
10617
14321
31189
12838
1174
31740
5893
18234
29142
24371
6662
27286
1818
12614
1007
2519
406
12451
6214
1226
25278
4854
5300
19164
5788
15166
12419
10100
12219
2906
7257
32868
7055
13214
3034
597
19348
522
19952
16079
1039
36987
18342
978
7877
22549
16947
33119
154
29520
4619
25066
3903
1113
389
3870
18762
5682
7461
25635
31140
14246
7606
22128
27211
8914
12236
23868
12196
3290
4697
33472
2210
24963
8812
1790
5022
711
3200
25847
9048
1795
18824
6312
6754
9283
23408
6155
18528
7496
10993
7329
15538
6265
16049
3180
1522
5843
1382
1516
2946
1178
5733
5966
16508
235
32059
24220
2039
9979
3409
21135
16834
10993
19734
6286
5043
8165
19745
14264
17873
7113
26023
3090
29643
9102
18838
12176
5179
4023
2611
1488
2036
4601
4990
2796
14277
28035
24371
8633
522
7731
12891
30321
8060
802
8350
31468
12360
5874
6743
18762
11597
19913
2622
6079
20479
11133
10771
9784
9181
12526
24395
9446
13214
10467
8150
3350
9837
1130
28172
30504
6096
8246
26488
8698
17435
16586
1973
16963
32809
7611
15730
13209
33600
2705
25066
6237
29632
13071
8818
25402
15199
3005
1007
3160
21895
1232
9670
1300
15203
29637
3345
24596
27575
319
23547
8935
900
16222
31140
1188
14092
13476
23449
10155
3941
14383
5733
16047
13146
9337
10049
13316
9054
1504
8857
22256
29505
183
8649
1232
14172
16206
19164
13645
18059
27715
1206
11575
18996
27590
31890
16727
3108
21244
5798
11583
19143
11320
23424
28458
23822
2708
10354
13538
28396
9516
15356
13667
22167
24220
33155
8942
12219
9548
14749
2008
7691
3766
13664
235
11643
31464
1979
12745
8318
19244
6525
4056
15478
11236
347
4028
2483
3855
14510
17426
19001
8886
25949
21135
22993
21205
32732
34527
16222
9702
21466
15104
6777
6030
16223
311
18285
17592
14556
1612
1322
23588
28141
29632
14321
780
36987
9001
4940
23522
21955
8001
13402
10982
3870
22242
20759
7953
