32328
157327
78661
413134
3634
27095
326114
15063
141180
59371
309784
415866
314406
147733
86281
60154
323885
162531
359016
112605
131846
294828
36033
15524
62588
309871
320706
218617
70486
283765
254417
51263
16894
8192
97735
139534
147657
50165
346085
47360
2195
258678
50139
113655
56798
56951
353055
86924
187633
112922
193807
4334
122270
117330
156500
26278
111198
8629
346435
302910
238736
242367
71220
5832
213501
182187
28177
8059
201355
4787
131751
4127
182224
317706
77484
337783
160283
23454
12071
211972
85949
91555
8501
84790
378930
127005
76887
366734
34337
213344
3127
263045
36934
46649
128328
381110
175338
73779
263587
29245
206069
201242
277243
325021
167018
46563
150506
156575
158332
17861
110843
52966
182228
68452
175933
47617
107061
34699
118953
293883
271679
232627
311761
43520
470
356
4299
339606
298476
271797
39461
130361
213404
122489
65637
101768
33635
242089
406383
328317
150141
85406
143241
192527
226112
16756
181452
306290
17633
248148
35062
138331
86248
219251
44963
252763
409353
239009
155756
347250
188245
251881
206575
173733
286826
356635
74586
362766
168181
151170
184691
266755
217502
228160
148311
266971
201765
129536
328064
406479
88101
58335
336500
181604
303527
150963
157341
116090
34240
163963
136659
346979
61409
133616
193058
90521
172422
61139
177701
248220
268281
113241
308309
27203
196938
16248
298479
55096
64399
64846
235553
29814
169861
164980
60139
141292
76889
121899
42380
279271
231118
158893
295371
9447
205625
28406
55644
133067
23148
126571
112213
150047
148373
364972
17298
260560
63626
63458
11297
152454
225737
3727
165859
139755
14063
5072
64061
277227
112642
333
180419
202755
337125
3585
340199
173944
76648
176898
123093
40243
260423
288392
247503
90920
305675
101051
404248
41283
268226
338022
175636
185206
224457
79434
141369
211930
195803
360008
296182
93397
102412
135329
113638
167867
109716
54841
222934
17112
185827
94327
129901
62444
68960
301604
146257
54938
76179
21681
99488
432598
5474
32325
167071
36766
161869
58556
199091
273716
92348
238160
57503
253061
87718
45366
58754
87179
29088
49313
288346
79434
52137
98514
203043
89371
153845
99290
273183
120797
431354
104490
66096
196826
262799
348279
108104
106063
55758
151784
611
181217
171029
310025
215482
83227
250568
148291
125637
154628
284143
122600
323593
163226
242437
27243
353386
17690
78541
108441
86021
39976
39398
167594
156049
154455
139231
261204
75893
52372
35193
222050
83145
119248
329102
304864
12282
50396
236744
32127
168619
238454
146686
39229
158124
229612
141816
199237
849
50804
275093
350472
282342
222244
243951
17381
18025
179638
169021
108172
152643
189199
43595
141416
111987
294842
65086
41257
42257
201609
333838
29797
124746
5188
87862
16498
324215
37187
164022
136259
153021
240003
6922
22014
17263
187483
27094
212955
260720
11586
415444
275496
216765
268134
65523
40234
304374
17389
25788
395488
1904
112189
94318
8370
97953
142571
56780
26978
60730
7561
31744
199539
18106
238313
228931
173702
42408
275001
313296
115
155408
75219
54582
133330
78481
239099
18050
1283
23069
111592
348143
119021
74755
395837
252913
249326
162736
281324
127570
6988
355544
209275
258332
298855
245816
313805
115344
2513
121438
93294
73146
66425
350643
28401
38025
31843
102517
6067
184754
7966
240455
138566
23893
254717
352360
375776
216871
39392
98315
97891
151437
45539
153087
204047
325839
45630
177227
265306
348801
206825
76904
326824
55969
210216
252335
48657
35171
179424
76200
249762
94983
311219
119654
12055
225383
72746
426770
271008
433517
299123
217811
247503
307082
56276
90312
61999
182698
26586
256272
155353
157605
228670
31723
152073
426029
130730
96838
178339
373893
217840
296843
86666
44968
159881
228236
141608
5551
110440
210904
184879
39965
439923
113588
153200
145016
154023
100726
230451
105239
29350
43003
242683
263469
57409
53617
210643
56589
4923
98539
146171
77375
87349
320862
372625
231683
66165
299853
98395
33220
40619
296246
80503
76422
145679
194101
86444
130012
144617
94214
51217
32072
145115
231605
102120
304671
136106
49654
35547
1668
79512
110006
393326
55128
94181
129782
253288
387416
68853
2472
47766
37920
72277
263805
188555
78876
194696
5154
139124
42553
35128
197265
43641
282200
317593
5044
40022
266176
143980
114280
54660
234414
245417
144337
53364
259613
64852
421039
426396
60355
42968
114976
13060
228847
20963
115641
138584
34296
232644
75434
166035
213276
77360
201336
196776
282682
172408
43202
81008
337536
99338
287573
8222
229369
187340
164116
72912
212073
100840
339496
236728
352197
235662
198720
126954
72203
97086
134852
306841
254042
50005
71233
155210
104928
245366
6274
148454
180695
1707
410779
128663
413842
332708
80842
286966
153427
357356
43334
82413
148412
27597
173707
69895
118926
35868
372923
160926
98479
61869
250150
120969
155438
16581
159749
208415
203820
14746
113821
54193
342831
171412
156283
129146
110993
85454
