78738
145208
6065
69467
189423
45121
42920
141112
74029
61195
121715
137294
27203
114771
175746
5510
107217
45208
54906
89625
78467
26470
158156
160434
44516
49455
67402
11182
49982
91147
58695
8174
214936
164529
107010
124389
128572
31517
28945
112237
9062
16918
59619
12455
117558
32134
28677
30597
63626
116395
19819
26752
43674
112201
91469
39033
64560
173820
82628
88539
132457
105971
158476
15616
51841
107129
108962
12495
48799
98277
221966
61803
11892
107648
95348
163608
16359
131948
207672
139703
177781
33558
4199
133140
5039
114558
133877
208633
66283
29945
51619
47071
54712
144413
15833
138651
63710
103765
49558
32529
2805
26882
130196
43961
80124
16915
23810
7631
20406
43167
126443
35558
17139
72382
59357
45344
14360
25392
107648
14056
72050
73547
93619
25413
130942
61724
146429
160419
140448
97775
26334
95488
184896
77288
49196
59272
209539
163947
142248
53226
49447
26279
53108
4206
79900
45892
92582
11696
198776
22529
136803
348
95355
5775
49063
26364
11992
4749
84544
93307
77189
14793
763
157943
27191
17766
42784
66955
139363
57868
237887
155204
67356
110372
125496
39483
24748
195105
84605
87020
124186
173043
52889
30317
40847
12667
14002
71333
59942
65054
177823
74250
107138
35032
39032
6013
138848
51192
61626
50407
15566
112210
162143
111645
105088
29623
86483
52094
42150
101262
10483
11434
21964
101147
32671
64605
202533
115330
101097
118454
4513
132638
157429
12749
15319
43801
127639
76054
149582
160004
162318
120310
14334
102174
218831
65308
30844
16930
121537
90175
35903
88940
163355
20493
50023
85937
64919
8472
31656
44513
90229
16906
47697
60867
54234
100489
103882
141403
20034
64594
37132
19287
166954
136803
14070
55341
77281
5850
47599
103232
62289
4589
30482
14274
86998
136046
204515
124916
89320
22720
69311
101383
101830
8881
83224
73829
57966
127054
139280
128855
86312
40012
150697
90688
114713
95264
68212
43053
85958
15723
32574
9499
61872
12249
35983
6617
15592
135520
9319
58661
134079
39794
36361
170392
34083
114758
81356
31238
65688
51607
145442
3003
75412
33811
79360
13454
137227
223818
114457
122412
95677
42533
228076
161204
174467
80138
82920
24391
3502
6243
61735
64655
45089
117088
14987
164810
48346
5163
80799
81044
93409
90552
24170
123187
69415
9583
27084
143455
166750
25611
70257
63896
101986
52191
84456
122287
82035
151673
130762
123144
161002
9768
84794
21940
87675
6367
118072
70402
69138
5991
102153
2292
136364
83973
56732
71223
40422
92189
110980
32778
47372
2210
96571
78064
13637
107869
22890
344
19882
9199
97266
86358
34859
35957
93845
23029
4505
49736
7419
149972
40959
95220
19201
56785
11446
125048
2706
176111
18332
97482
66649
143557
27805
135771
4575
80975
30851
62797
22744
34192
78019
136723
28334
207120
91157
73482
135189
84162
115546
164066
117872
35743
20336
119799
157162
188488
22410
73419
144235
68115
200489
86091
199647
75306
226572
145518
71631
40642
85128
59145
2963
54122
55485
31384
120889
170009
93431
179767
179536
143303
27338
2259
76005
77047
51104
82062
15640
11863
55929
133370
58235
120376
153705
44489
13209
6350
56725
39286
9473
138948
212311
205586
72336
144144
14990
25185
98009
90882
11269
15366
17578
131501
117546
8482
152890
41666
99878
42311
111582
121760
10806
70781
73553
3234
10746
59337
57061
17925
116581
168719
2174
59602
112713
102570
103774
106877
104414
116726
6430
152885
92991
90767
27518
154127
151922
141339
16431
8031
36710
102638
23653
17264
82132
45078
19469
76592
60989
42664
99181
147742
16468
56776
10320
209116
47713
8344
40951
136072
36080
33582
53912
29950
17835
186721
12331
110439
175415
15454
1770
15826
18966
135826
78860
100056
154219
131161
82896
21486
24479
140661
144786
129116
19279
113623
156647
52325
120543
96372
22227
168328
16086
77776
178056
131137
145603
63726
134273
34244
180441
164754
30441
186438
26215
71332
143800
84850
65339
145609
43527
59906
85715
18040
50798
108032
182068
163500
49032
14040
105629
78019
73935
225958
42300
13648
36341
190339
198130
30583
147252
118715
214353
59314
149115
134719
12815
115330
17587
113063
10934
12671
127276
16781
133697
19854
55724
90019
179086
16842
176390
65386
177643
142112
9387
148838
20318
133907
142030
44933
69387
24863
9787
57505
148004
59345
154622
155312
79457
96907
8325
14135
8062
145627
152796
135927
119943
145989
188428
180041
17503
4311
36393
77773
177246
29678
25377
712
18934
171641
176567
102690
17684
105244
70666
5600
57248
110354
55135
98601
139676
2082
18098
32777
88085
71322
26803
34368
215588
35260
1867
176610
19779
100972
2745
43529
1816
15115
140106
49022
3040
17291
63248
46334
163911
175572
51243
75169
30211
85288
138919
127538
49145
158184
50295
21987
104138
209571
60359
67709
79910
218057
1989
33200
15267
121861
57598
129811
75220
150529
29676
89371
18562
8472
76847
81058
46315
107067
25421
93453
107657
61032
46713
99786
207391
34844
159572
118820
25368
76264
140475
104891
75686
102373
66720
10496
153136
62394
105537
200714
130034
11267
101494
18519
164098
30972
94823
105304
153729
188003
39588
134082
199120
63285
8190
76031
16033
82868
18102
23526
167500
8564
199650
138203
76347
166059
63577
79880
144927
101768
154674
46298
67598
154951
49702
125245
77934
73501
14334
112803
92369
114282
53958
60406
128113
23813
2775
31397
170283
6082
35060
