49 52
31 13
4 74
1 100
88 32
60 43
78 11
89 57
68 76
76 33
8 16
91 9
76 75
93 79
1 97
92 89
70 58
7 84
64 7
24 19
15 93
84 57
78 93
33 78
17 61
66 97
80 75
24 70
96 19
81 68
95 97
69 23
27 9
64 68
50 65
30 13
90 57
86 46
1 39
99 54
91 31
55 4
53 42
58 20
46 43
82 59
88 31
9 66
34 38
25 58
9 76
97 97
62 54
40 43
4 43
68 95
94 56
100 16
56 38
70 99
71 97
65 31
50 16
75 98
81 40
95 50
59 90
82 79
79 37
23 93
33 57
77 39
48 34
94 49
86 35
18 57
87 11
48 99
21 67
86 46
80 100
81 100
2 81
49 83
3 33
5 57
71 94
3 19
28 44
53 46
3 47
13 30
