3266256
2655299
450011697
1879054
6043846
8319515
3034417
172505300
933660
516681
357735
137801
623530636
2878456
382388
10576
503981818
936316305
494230019
638895586
334831
112316617
250443790
475575
7847673
7263681
5048160
3122187
7724172
6167863
3075363
988952775
243060031
612767
720376186
139969
3131025
1245400
16255344
293274
3970602
1232640
506331
71070982
3690484
752703372
247217237
7004317
665462
767679750
1444081
4212330
312132
3257142
6190237
316041
927533781
31724506
764467
299307
423469807
3120485
499074611
290945
2111602
364260239
4070275
2217624
141101
120897930
123720489
886342
1432381
3531683
488433147
960351
709777194
699303753
431006
3028788
1587361
1004531
197245
3343342
511038149
80764708
101466
530804
221160
13010
310155
455125
1958587
2816174
973811423
644567
67611
564371
194133
784834616
344583
2278929
822908030
668937
3264217
438146
386203273
89428072
3510898
692297532
5930036
4706982
970271
1563984
42485623
3107166
8901290
470107
1886632
817450575
46520159
5802184
757142
487165566
1896330
678163546
362448
720497577
427919
587084045
935311193
247806260
1971544
1835675
1121431
1197120
5600720
788747943
232190
104047
1754186
3542113
4404944
115687
1451184
348537965
392360
1263601
1868265
3998367
854533904
7274250
506050979
1838873
358069
899374955
2090509
428872
676450166
642082998
966207727
2366213
4204203
172181492
257703674
4063859
563542997
1150919
2591044
522345
1135729
348675806
276508982
62675149
628091508
841459413
576467255
671419702
949739540
5043992
18811319
1192266
2793444
6532121
7057468
444757
2053725
666298993
933696
605792
9092176
5698347
5547039
720415
145381
3538911
152579838
6731864
810846
674338132
397461514
3195861
532344682
317852091
171009
907534666
1517629
6172579
1047060
781711110
135431649
7139134
4193536
2218659
75242887
218451
217326607
4097545
4927200
901014666
7543800
292449788
3690820
481142129
2288184
5147165
1639745
74387
894904560
960182721
305848
1659153
42937412
564832
268912196
3129088
1222871
736183176
526905
2607505
865265
412353488
270251
525294
960517302
205583221
664136
976981
237038
168296536
427388
2446642
370098050
3828125
291816
799595325
548288
1091868
540241482
528069045
1453270
231851760
3751945
831300878
708835768
1373917
355405119
69139
632789
6638098
1579173
285337520
950368354
650676
633703
4961060
472209680
1105548
1344560
1208143
2027576
773279
5942839
475685
2403084
455380
2638681
912587
1275995
1413543
171191
4565445
1362740
625825
489985
1751179
335232
908435501
2238144
422070
1863712
160669110
707553
444703711
997613
925079
3824689
6471357
974808
2733061
328484
482877
133705
2277892
4928824
220365302
2027977
608331
846411
840421
536766381
727227903
856079980
5027272
715444816
588960458
76370926
898715921
2033548
2460556
441614323
1055917
935817
1504816
1550210
3463269
219422
1143131
133849
90366
857664277
4597076
4022368
1397116
1057976
173830
371478023
4244
292756
1467544
5840864
873453158
3785284
6581236
140302
627040304
146161
245565
357817
749390621
798163963
516189022
2674620
4700944
4684690
57544
831656
2831741
604820549
1445219
554101755
921896
1111711
1070932
608456
457087
261778154
342045104
4714095
2703728
51142
479287
1354944
2455731
4758857
426644
994395669
1323279
458033
541009579
918900247
734764595
800090748
984415
33939
1525952
1925958
14111491
5649600
625078560
934129
3924410
332774499
94937
4125681
293180
2282193
3426791
337510114
157461528
327567
1650123
1166507
383046308
52213
3420565
860351239
569476628
4943317
285873266
3791808
113925533
294453
5097404
7861
112136
4899248
6730632
685219510
403113
5986229
3469353
302460259
8343465
3973316
928942034
745170605
560130469
144766922
529149164
857160897
934700756
37199703
2238957
2286144
700409214
1021341
836102
776876
1687545
921501685
1018184
1495833
709404
491268910
541839611
2815684
954689456
126372
2765615
872675934
968457349
145161
7153201
2601377
4546525
245246463
483776
837784158
985993
697280
2103699
671814523
979997239
662392
814327600
8857114
3615257
2127070
7306322
7863760
898122793
590673529
4204005
147496
369883
223039
961000030
6192015
8377570
433426791
859481992
1673405
2658286
350119861
1777342
4393612
2804120
546201638
583549
1355779
964846
3052205
798578032
7602721
2881669
218867262
4982215
721840461
2472560
406032419
8829148
3387234
707203275
992002642
5463890
453995789
313579736
670908451
4543965
173423648
7806595
1303305
4069083
5603664
807259725
254761
654392982
93868285
849712878
274829
861736726
897315035
3288768
372805155
3126200
2414335
5013251
3292681
1997477
1831231
2039555
127413003
360140912
533969667
675971
1094011
3163216
931104
37853
8127036
1426936
284753
5123101
3779188
92373401
719711
3899988
1666400
712483268
6000482
2655421
918238711
5743508
6755993
5184773
5766
947091
4395712
1721589
111122532
3930870
569086
4149
2182357
783582550
233486
798554827
5111810
829957190
6161383
7582304
241200
3738059
420649
1439153
870543082
735557700
4211738
352193662
1704646
1009294
873234401
115005
4720929
99520092
101997386
945792
3683275
715689718
84838444
783352
3155285
2148669
1264441
859531950
945364596
87372
858599157
5079993
280215231
5087559
845856133
2234476
2432810
22866
288119
7257754
1105740
388460220
652940708
17334
528837585
2109031
3370681
307189280
827901936
542244560
1108936
3101098
2200812
1598841
736368
584571171
680342348
883624460
182867783
5060398
1730649
181931
3975960
859774499
2650378
40269655
344837786
96222
1896621
698329
1437836
181755209
699945
4402981
2691829
1692376
57944
973555644
3827333
955896655
6649563
4674333
305231178
1074609
728052
902075056
423183690
738438726
1631566
5320458
5143069
5930794
24883256
3750451
1601721
629122
158159
639569073
585224409
5902561
621610351
110824
825214
464077183
435393647
6921813
7963556
219272
3560561
621141636
375933
452440894
176029
501580
350656321
356910493
186600
14413352
456688657
720861
44330166
4801549
4126731
2895085
162485
3780419
609120
2106334
43533666
2156730
1178188
45033
223978
43226898
4563315
1857545
1368935
805438881
6068959
23139
268296675
6355228
70682
897159
3498361
614982310
1670529
297155
1816959
2740007
7223215
40454925
1564299
882413542
598116
705336236
169076736
8393214
3890187
479687799
693208954
487061522
5599320
363549009
1748001
130726
727668919
2183263
2660163
801888406
2350457
935123583
238437
851760703
774162149
3756776
807838
3193441
7274356
929219391
5279983
196271725
1536994
3255664
403773622
7130158
4281145
3058918
1243912
892963
66703
229049580
1175364
276303
3671227
451
795582979
947389976
5249951
164246015
147186106
392781007
3266892
793215445
136819
974817679
4663742
987694
1785616
365152
1794319
5002551
865780
4806
3689026
803602358
5300817
121914903
706863766
951081358
471211557
6644340
1818168
1423882
955076
2733169
672872012
2597998
7209212
2696684
257772
463545
345617
3081915
14093503
1543375
6340
312839
6528154
1939599
329862476
1512000
144681662
688397485
1807536
702730733
800500908
710886754
3287449
3393920
801315377
4178005
5581249
387979
790161031
770127374
366745912
824581
547486702
2310170
200618205
665073303
476890324
671303
694926879
3474025
106655455
303752
4854754
3188893
7775232
4597487
314874
410281
4426658
17161
7437949
5756499
283282551
794263791
103758761
8448914
861911929
5802000
1742744
346149
1086257
6471145
288339
69267
4950184
200218
412909
1493685
163256395
704336
2266869
6485641
558773
7438549
718644
132561
7324800
4055350
1083103
58946888
1557213
642488735
473812584
239027
4905741
1224588
210807161
4175530
305829934
1455751
3168778
527970635
914538
1408629
763997988
259160414
601360352
6453077
1752676
751386261
136146
47296
6939706
1763925
367195
3219548
1532672
980141930
113177092
344442136
2562664
84882723
251982999
774328497
340915791
877443685
3470616
6260151
692242
7677826
672145449
615372265
141940
472865
1458017
318939408
5326487
5135576
4590019
671022822
342921
60165785
573242161
251132084
1847400
426985059
655327257
2607634
1704377
2193892
633363674
2345001
2820925
2574417
357078
75490906
4177384
1186561
981328219
1306864
4086625
4074879
174756
653671743
960611330
474195262
2535495
4059323
4997079
2130073
5099355
3461151
831459859
769221
4077865
50727896
1825029
225934
3965363
4813234
4611975
2480943
752774386
552703177
1178101
1652199
159258
5021164
411872
1936441
939424790
2400609
772432946
4971023
8085115
273530438
868150673
2360332
3830149
1424029
4906806
3144408
1490749
586937859
44905
287794
565739941
215981527
1048146
3793288
14430
1852932
560060557
1723255
236773603
274481
609016699
633520
901754258
1566937
81187
573391505
655506
994248397
351278154
2001049
1686160
7646926
711117813
1615993
2624392
166483
912719
122977405
1205506
658380087
5392221
5315264
4696994
620161
170577863
1048378
825494
1863404
1982174
2192655
352825948
420575097
1004343
7007885
6473437
4802344
74763
953841678
859645
8255877
3137797
49737491
658064140
940617
586326256
3957536
750671776
6494721
4991
3113277
977477
1716707
902605979
694197
2629281
2294735
876071306
985791330
207952240
1466224
81017
272416
2543238
231007
5364159
4701320
588893277
895082256
2484537
832224138
5977999
1313837
309695
934649
17626715
140724
1142909
1332048
333697
3049521
788085027
2139777
776746155
4933601
700429
590098000
29641
3043596
599246355
5904826
1670661
5612323
466461334
1307728
5071447
970276
111390155
693168
955038268
288795677
466660029
1660221
663526
4704379
169301298
2854201
2441725
7173028
2366168
3532994
2761987
995194
381683
864297
58315224
187710
5694200
901716118
362392
690830050
555138
341159
1738439
1997183
4900180
617219
456158
185501621
457748005
41047986
534097884
4333441
400665
1436665
3995627
768083388
1849681
941337962
2387167
3710881
587782244
355879959
94808945
582035
3744824
3331751
844801559
556577273
2408552
317941602
871710
127937948
25083
229265273
773382735
5353373
112650897
1772734
1442538
53568
167094082
178035024
8696598
6572204
991643824
168995728
1427787
743096291
891858351
265032
491758
82875858
387487436
2986586
892482371
4527396
523390341
402017328
59417291
4029300
60328
1366667
4362434
875136333
143170246
3171676
573498728
6819384
715915833
2449771
2190744
1787648
827928045
120728
422629847
650411
722071883
317327
5014955
3278324
833621927
460934
1161393
3677792
353770035
209055537
459089
1688437
2313875
853927
5526607
1751646
115447
345861536
2986386
737825808
179515049
1447198
3721519
3028896
1853379
810731
1269214
2853159
224078445
8967454
31110108
1815842
1241666
73463
894658308
768104
4417240
974205578
2050838
4421462
995139143
580546883
544769575
216365113
718132956
809262550
3172674
3313780
933158382
6422004
1689849
805534414
701921820
6461664
2484303
105868835
169809087
315155854
536519462
227518663
80844965
2636768
3355505
1144984
3597640
157565945
301593873
4442525
7881541
938790259
3162049
3527825
7371402
1475395
809934
791176673
2014064
103617
542107778
6167644
744795136
1373356
2174592
414753759
64200184
904488345
5151096
131351668
586966
1922762
219961
2854621
699205883
269719184
4629696
2183424
3093944
734026745
2081661
897664205
714548810
781566695
3055606
428262259
499148095
865596
60666
339852886
2080101
195920
668038772
789584498
395942995
856462040
26078517
154562727
1350717
259428753
733977013
4035296
59900
284857
92192
286090
36677756
1264473
137961
3011286
8862565
2139252
1667229
361781
51264
1069285
2098183
414603089
1225425
83322
8945
7107484
466208
1620022
5517042
1091929
494589482
6638031
3410144
539055
1272491
824338666
538329180
7370112
1602800
907093039
22305
5943195
313860257
3206089
86826727
755256389
2899130
2381184
2128329
660990404
9937
4819284
577268
5200937
3184707
106676
978941781
4474935
79972
493128824
1557332
6056803
406743
115291
2132152
4154791
3509862
250321
235207926
830128879
992790
938153
44449
2245275
653172817
7199752
445562
1579733
2379860
38329
704862743
380704794
588958656
7348637
857540351
189214
4642513
271479423
220200691
5551353
4209346
1194104
855624
741522540
169603775
234288
2479188
696299760
273690249
780422596
6510681
630679904
943406062
513946
3070650
228979034
1174300
1603300
755278751
338720
2543110
788836
614703318
7091551
272186660
1868141
700394
344524
2882799
3184306
846351
3057433
802386065
557108806
1452969
339489014
1487753
310882
804625368
4201185
60264179
724184
112146865
971519638
1095973
1435223
7373526
210681
1572165
4143570
156415
990221269
257531
691373
6260761
133684997
3555937
799489886
4675985
471528
4071916
159328135
841601137
911970019
811989401
952967092
3764416
813809987
1065690
1080832
976596714
321615
3137099
91905780
485820835
33985
1333421
5700339
76385657
3488973
2228733
609750
1188117
288005
636394
6582456
5354616
333136887
245332517
4691320
2165985
2727835
3842681
207888
542632
5838496
1607251
957172426
540260888
959282165
4539034
475452819
3621305
825763608
10088
959040525
881098030
1540570
429184985
7533850
949569664
8249300
409317497
447584750
2534180
39296
663006946
17261516
2278321
99625178
994104575
901466667
1780397
514620718
2409616
9305021
588326
142244340
9712
695010160
67077121
561858877
2244055
169302
844871
2440960
528660
1319083
803512
98892
453157549
244512
899386969
1282256
4498248
158048309
917411
4652042
2915410
2235279
1109064
389911
140724376
254016
856615
2415232
834064
673111
96736
15413
161862
1095240
298776806
5522238
49072307
566037
4437770
2001988
6988445
7525
614767303
8506392
77237
664222
933969
285484
299359226
618932755
581283053
365323473
4340013
2379226
134967
528614256
2689792
2734865
1247396
2571491
913490
2202558
5541677
998008792
157109
747631029
5612899
7323231
199648030
4522665
357077
5160790
250434715
634987
3573256
248217
2777344
257126
5593509
1769505
965660306
2700414
426321
966196315
4697686
350026
2731221
3987387
5851731
41306872
2511369
2814094
776052066
4118688
1113624
902
323325
1901284
1080531
440284754
98060310
296026408
1892623
2672055
2435898
427909000
569498967
486365
1877319
986836078
2105145
1067200
694507041
179991
935481941
967192834
1539973
1136981
4694343
699865616
304811458
1123593
846318374
943580181
182650950
955636091
270105684
4455606
340888
4144312
2651125
467866947
9025875
1261362
821985668
733479
2424522
903878599
4789312
1375953
1434225
383776
4369190
159725418
806416
235473
177473667
5022238
4431994
1110385
143160
589479189
6356109
879406037
7028648
999644829
660763048
20758953
1167732
8515358
2973632
1410654
9325801
2308689
751116
314999
2911009
6854656
818454124
322678324
666802089
2376832
1285512
33927228
1769201
2463752
1455012
3846825
2757748
2279069
613654278
355503822
2138691
44826389
3102976
2422438
428937195
1622599
1799918
76768
5000074
2424644
4091815
143324
86393
2779229
6513300
144938
945158580
680686215
268196832
107876
749016
33091
1456729
3997491
2218773
106300048
324757
7694917
2185066
905874876
2902126
1989604
182943510
759631757
2726123
558065783
194225319
219653647
24111118
5509343
81933
2649992
4301248
5959268
3025031
1048804
286124
78740040
1240289
4117901
668766804
5122305
6075611
63177
130860
2107617
3970372
4436196
4627522
335530
120597
3807877
435964191
2208770
363274
1480006
302359
2436745
160604
150946842
898685712
129489
342341
1644894
972511
100481524
103904
412860260
360319511
2554455
801466
4294328
964325431
4146705
4890494
5169824
596400
5132995
7911076
459976340
596086
1585462
113445952
263048463
2514614
8682008
753776
3623296
71953196
730412
939693
132343
6104721
686874933
866592
61965744
330635839
943298
284572
306012727
358931
1047377
138364815
610321580
1615949
280791
387848588
190964428
4997683
857823278
563304793
430226313
2022732
2400313
1650813
4825249
5325869
801755932
551896
5620693
3033874
1333069
232573297
3742200
476974816
416026
6324500
707927
2214796
1785448
3346368
1039040
110103297
2297049
2995097
110125
181030983
854114624
867232
337526314
727789690
246481
3437809
720151
24230
8326181
2252915
3783641
738568321
769582927
579492631
1093615
5014153
130493205
306697
54143997
2936766
63474
846744000
158557724
192861
885717886
186568313
3984291
3241313
905390223
2525286
668276
3240625
2900993
32603
2591872
3161110
3065234
4503195
1865252
2551646
7660162
1764294
320248219
4200088
158048
2845731
6784636
118653527
765426657
662795081
3918993
34460781
2396318
918730799
323008793
1454872
834161529
3860158
6939953
89401
2760034
2242733
212796
78841252
5064488
1968050
2147680
6113556
193957180
2326648
620661748
427765759
1377051
4831768
3279336
3627554
7461104
589023961
6577546
1465927
932146
2172097
936495
977588149
6301
2765501
2371924
1026667
4416594
913676
1806694
4561621
861808065
5317857
578246818
1615688
3654399
123393725
25668
1392006
2041425
585209
845058498
862174
3759263
2713419
2513545
2222651
4840999
228131088
149136664
4870948
809977871
4337656
52612378
853241
736680850
850729700
389116686
944599665
1003220
488553045
460654730
170589204
994899
2869047
1356652
172030421
416824
875899
130752
966736
107120096
3846976
806220447
4073073
1147072
690662741
2883738
3841901
3522759
3929237
1352316
836600444
545863532
443468714
756666688
2172625
7197961
391449334
729914862
597454353
137494280
1592943
1499865
343710
716726499
5477324
1368454
446341
169276
5643427
760260501
4540968
596135606
766891807
684423017
468350
3046951
267226
360754149
473981
2288439
490495680
216368007
360421723
847039263
389490581
678568137
6126474
3909537
680380
1869593
2513207
759584420
1250011
390264793
621219514
782547
9114997
261777113
4519074
936723563
3599485
4499452
782566
3902641
868540224
410773840
1626256
2723077
6621317
5392732
739165654
5617216
6174928
5008070
410156371
1477449
2218877
439863
2598714
869847345
1492259
928609434
1215481
1696483
920686892
2416000
1497661
180621394
1258161
1023384
523932557
738637270
915827
244216
87465504
795628541
132145
5518257
1513387
3376544
2559009
5128525
954009
2951549
4072649
1867559
775531
1798796
4301524
4300265
503717683
528949843
962410724
453533370
1432163
562539822
981392
152127629
3735222
536832
8587192
78055
6694289
3885122
1422983
2687451
509176
6057106
77696
467060242
1400259
2939584
805460786
5329453
749450749
2918083
246411290
197316
4023516
387049993
1030199
12474
1827792
305408
388180
14925220
315033498
3718944
846306
1455916
514448
179795
545463
564184851
9127
1225228
1802123
570
698361121
357743
938470
1581045
1893472
8726495
9935977
922310819
1204775
399978
993387505
618303067
214489
3342690
2137179
3047148
67944
1153320
676333756
793096122
5833581
2185965
2923800
3710096
6773691
819980748
536165399
708496
284125
771602610
375723956
5980821
661383831
481846602
408581
1309575
374659979
327364979
5878530
685327681
99301166
6449371
894979662
285152510
834711110
500446494
2947547
4293312
59359183
310589
135789
2481654
5002313
790084691
286485187
445630550
4694878
2675875
55424377
628570900
4605284
558464
1268556
3392684
7797201
374849106
1348708
361768
312713450
908233
