2110959
3091462
816723
1760517
1355047
2570933
8206067
7648973
7184726
3188548
2652156
442400
1508416
2252766
2547889
3048709
1345060
533067
3957988
117229
2682641
1336421
3738873
2531123
2159224
4981001
2747305
4626931
48976
40828
5480633
1808902
1505452
1095068
8708443
1061596
435417
2913288
6443318
1902841
347706
1207581
889597
408078
229845
1069324
762250
3190250
2375713
1496010
41971
2252367
3432640
4246439
2301273
3184273
931861
543675
594216
3608128
441585
2421154
1173327
38177
106244
281254
170418
1087627
