139154333
208405
105476534
3062027
899264
1780016
3386434
6153813
342886
562248467
2537856
481619210
2207281
4821088
138509698
2436763
2979737
228698
2334417
700800
209766
5491127
2765214
2991192
2501038
4307581
4185324
2358250
2051533
3583121
787166969
267057
530376685
421218
265283754
1425824
56791898
1068705
1354681
275714
4766817
245240
2761543
5510931
859492246
7368109
2252491
1799233
580856152
143568483
1242928
1739606
129338015
259406022
3277539
1376630
699466644
2817546
7910113
6248509
961629288
963403
553153165
13225029
3242106
2438305
968465337
57661
595474266
544005
1823891
366109563
6297420
320767744
3237691
1737272
560474650
566372717
2328113
2706207
784644
371437065
391369
8928175
4487697
625165
810875096
75684
1712161
1441317
86425
401326
606963657
2149984
362590
69484486
2259016
1487437
1083053
2313004
157216
491261
6591371
4264178
219066499
375490172
944055772
479546924
7246134
584300115
2167462
2956172
738443432
414831
3943534
42316359
6803120
737372989
203746850
516334984
180267
5080189
775126661
6085062
259356852
1245017
6495471
1338711
2068221
1481732
4405084
481707063
4225370
280096
3299829
5945844
785854058
1815035
998350391
2746368
377187991
892161
300134
6056974
4159109
1832172
763051040
2521899
45766
792919741
4246861
650344895
3223739
3520450
1213300
970883
176831
691686
458089314
894100005
4082000
729802185
7116449
4474159
296466309
320679
288175234
11205697
555134450
2672516
1015039
357390
159799917
2768391
1685865
1097164
208446899
782098473
8471258
212459298
90782145
1472845
1804788
4468332
679379
617884
233417067
5118349
4583652
321451827
1578899
3664764
717469733
2737996
1243786
1375079
1063143
1627209
18188
833947032
772957
244919014
3913434
2298976
4708229
3190102
4526267
5062989
227876
263669135
695634324
162977722
402703229
479126348
645820285
3393812
774845
183916
151854486
6813551
219177043
109916
3673731
793206774
4348098
409200
1952029
6119478
7521047
3423064
264304
1345963
308643776
704827125
1742882
1291018
750009
903529
2360192
126807
6448779
594584835
1012776
2889357
1977748
989260258
6647696
1844203
469681
809900
3198003
402529
418397043
349412183
868342348
355684717
299741627
2840824
145119
88801
211735746
237924
285900912
120687
2678065
3307052
1286528
8953430
376934861
149340
709754897
1980004
518589831
358756524
3890141
497227594
3338758
4035301
898747461
5197434
3455713
3764400
771544
1028676
460923456
507459
1495295
38080
507488660
671171543
948689
91939
444033829
644893892
555841008
661636596
441474701
547560829
969305256
581536
896365412
1831572
1078500
767385903
53931
651810522
2957706
1981585
789180
2849815
72762
5112015
460313674
6703704
1598260
1332852
29640
978368
7760356
6580855
240296419
4906618
504634363
1074753
34631928
146635
5254330
319691160
4949083
905188
1316200
4484473
246016
247202
5715793
1670608
19452
3625115
446648393
2761457
170663
618224736
353650385
830380376
640764657
4656528
301172054
619341596
6070793
417554574
1929775
274307
231360
626880
1890450
602546547
438498196
93305699
663211924
985608
1644441
388469694
345900060
783115361
1169676
11784
6974701
5912545
588737397
205588132
248177
5566793
25365689
7591887
4181050
5116985
1877683
1872844
708369978
50384
1496033
313991480
871611
986963335
7319138
480110356
618372022
336754634
4646110
249233700
7536433
290540821
2357438
1922435
936414579
185077466
567731
430656307
26339776
1111729
2441393
3928232
563311
656065344
3963116
187268296
123349
1348983
4292136
1879348
4534173
23769943
8852221
941911
2371730
265026097
3545118
488575567
400705
1834537
747076119
5196443
1995809
1270920
761920
2384225
3904001
3673419
984725285
2070867
213539172
4175272
1279061
117127
1306041
828542353
10006
246035568
8085799
5275390
1201358
293373408
492634662
3628028
1508871
1213090
349536193
1485667
2688406
1425425
7379473
557908
623411
8244995
384416564
694113527
744863
3455478
3455964
1825927
881068
459103977
2972405
3231901
1795777
479315798
704681
3203199
423039586
4920513
405083021
905202
1569452
815867
1475717
2729758
5064678
151733146
484709
2525689
43655826
4192901
2023552
163717
212416430
275184072
2948209
1146895
182608758
990623797
1723702
203849139
951498047
692413
3163007
714626989
175558
2470382
997593023
1523167
813092936
2274639
2300125
3033022
2510750
48824
3037000
2890193
604341
1372761
5387179
7231073
2046387
697449329
157508435
645313577
2843195
1726828
920727000
395882061
7110111
637552260
5686313
1033868
51987
814598359
7692895
951462822
3905539
832720794
3000625
3854304
2934256
151440
7830078
7966408
577808248
761100
6361942
2164360
2779939
2005031
6192522
1095297
792874285
4285306
292621
72468
3982762
4137940
740901753
825066026
1609269
8744875
825573190
383599398
971261678
1707208
946500315
143471
650467
399673823
556991874
5179808
792089
808203
602949059
683203
2126611
1695637
1957537
200798
575110033
5270
413913
262935131
777984
824849434
1565926
4151062
597133595
966199
635835987
119115625
6338349
8157206
794346323
6111371
98076636
1226688
582831395
231802355
996325
795348
1915389
2058436
8463212
3310953
725672005
112345
545833350
875102555
876378
196544066
1209635
5148536
479399585
4965526
6062341
95323211
705226524
694641
257278759
2474685
442386650
1183672
679398761
2166781
4417995
99737658
2741377
5458351
140037382
88166
2807625
6595048
35210561
7760028
130322978
3514352
102655
1129602
4424477
393180887
222265377
81808540
618822
169134
6082976
202071495
401638758
9228361
7650484
6388425
3537555
241351511
204858960
1541851
6489399
62216
590121
1204809
844124
3361504
847470090
424609043
485907
1854210
194626818
304737
2883663
530335
327058868
641607422
2221216
986447048
533465585
7504384
1023423
322826
1458848
467893
2317673
2886393
621432568
1342138
883965990
352190158
957721
31153635
528563
850587976
214911
108270
1902793
8904769
4763387
2098824
374471
1606144
714963
145566
7440783
972382
4665436
869875226
3639292
421642
1731144
1008817
2637265
3231950
809043119
479501981
675753554
3056792
940185904
539605
2836017
1890136
1239706
523813
336348724
64601
553303
2611804
1326736
682546103
919518809
557419720
5420890
57550027
2911000
6786314
244082
2099271
860475221
131050253
4233577
466188
737546499
1498317
5399578
872940913
37629030
769440
5557756
666450424
1721462
3326260
365757309
181571
1336750
4970236
1149423
2267080
7430254
2952701
2473090
3138864
1039991
2383088
451731317
453485
4258219
7976530
414593410
856905
723328196
3712848
2164417
482369244
8600648
5144698
71294000
109564
149070569
216990578
4539401
638377
6537331
469685020
6848913
234816866
607258877
396049872
636856163
288299
281827718
3214311
233401
1366433
350874961
504004301
6389535
3126488
6426253
6604
1607500
446961
935333254
1347211
116893967
1854075
6167221
496944
618229
415273716
9709821
137280087
224190053
566393
837996
571095
1751933
964835
52368307
1845828
1604946
1805452
464508796
61664725
311487277
518692
238642
520230141
591483882
277425
541480416
548784473
7421731
251217351
276841
3818116
628632
3314319
4843327
2207799
794370
1542394
579587211
3124423
986847632
641299
7397089
496013
2225484
6171837
3866812
279245
9949
74684
642861
293700494
4968516
469512346
219177
480882190
104652662
712945256
636325672
5219507
7298597
3640912
265493
5244575
970598493
873277
397856044
743717711
1324772
962884131
345452121
1317200
4119520
953523584
1473888
12270686
820833
3108841
896505
1771881
839900124
347446129
813739495
2955828
2593551
553599720
1298355
4969229
3544139
608998728
2053521
3103164
1508464
6232627
164204689
3240669
1117304
2750251
647090
7544584
1756302
385616832
101744686
7595364
5926069
869608921
2356479
82410995
3527927
571810464
533826573
1036361
823071584
1678694
916134882
4539182
232132
3597109
983063758
995905
16266899
217180424
2084457
448836939
811857069
1190074
592008
50787793
9692946
244862533
1154539
3646465
833900639
1550032
728724
2208210
640856320
5638303
5802716
1940656
119457
798414958
593542253
774331826
4419653
1428439
4945628
150481
278286118
6861898
2388745
5700878
558351424
687787496
663768174
6644716
349217
3580096
3275
617713041
2956519
6609361
886947
5123430
277882
633603481
2975085
884871362
968811809
6717676
323496224
422564227
1639865
56959
1701441
378739928
2676681
259754432
489142
1581754
3104309
177384
88233628
838911
55585
206084850
378715655
1892871
409969676
1361965
606547035
6981874
1709569
343284619
290
9428350
28076
3158674
759456898
277358334
218289366
894295571
6555919
4880112
187638226
1973749
357554450
1398517
226236
7545034
479151047
66626138
438433954
1974480
891875661
3479577
939741950
8284358
256662
33585
223372
323184
8218284
222967991
40508
1888512
3700871
323442010
1010064
3505575
714459
982966
2754495
4192721
1658628
454032762
147281
496330126
578913
3143089
3660576
853485439
667443278
5116093
250461350
249108496
143476349
176485
268910008
983932676
890657338
313293547
5209402
92056
357866
3701986
102491
3607045
2229164
920637329
776161
840532140
284116
163706453
484800
1897630
821051079
220608692
53682183
10902
682779
3841352
677306725
242103755
327084271
6300800
1250161
192522535
707616615
4176523
6192986
6107129
7601602
6352426
307541793
1704501
3849570
1773479
1589085
8416833
292139930
7474517
376267
297380
1146919
585069756
8329363
1438909
296254
324996
2978340
169794101
2510355
93765872
397321393
2074531
77578132
2665039
6290271
344985430
469510824
942810379
5300684
2241836
4831660
2185721
3423113
419268304
866363412
5359813
740249
1296479
2578183
201943
1282882
648531
57012750
291757742
104972
476255186
6857
397984
58298750
809410
432900
4612775
335424380
4284632
6115445
5767387
818056
509233341
4259850
3521103
1626076
873496069
187139
4583724
2140491
207940956
301185887
5316869
48459830
121171130
992229
321660439
7659712
553571476
1043233
1324342
285867916
5596637
68395
3809680
681347
3223430
1665540
170900045
216269
971904059
391198256
798984
813151428
350484219
5544816
131052
3395649
52323
215484243
624497654
1304073
1787124
67500776
43567716
906724673
798157888
518862706
2369735
5050810
2192093
499822256
526225
601059974
1069635
1050127
528030131
3903270
513311688
86743439
21948
277424183
863635
261249
1597689
641939531
134719
638458024
249896968
143157533
590652
573982
4548477
2726527
2323721
8446253
479240494
899195782
449170647
3355045
5317037
7875592
5622480
756163
3227671
6123142
180036254
911854
376623633
2637365
523100
3324805
4802157
1323374
883075
307084
279141
4753616
189646
221348071
821015901
670771698
1134048
2167285
1431473
3762359
1548829
698129620
361840496
3465140
1657891
1075306
817451183
2686389
380887492
324177991
407262139
654784
424504992
649989
477486782
486996707
126830
323066990
4622084
6495116
506889
912170535
949722795
174930
5789125
3938849
5516174
821158284
6480827
882019505
660886564
60560
1689186
419510481
266851133
3196841
5867584
4207216
1505907
280731505
3351248
929933001
808364808
5473685
2935942
3392841
2263869
662114079
605358
4577175
1310697
325974808
3323142
1472547
494526835
865335842
655377
855240
3090190
362922959
77374237
4299604
788075
87464666
406851576
343548861
3130858
821509430
1750286
388484751
1239521
2470077
928912
3786639
200825
309343445
1812753
309584329
318109540
4541074
550680
836772
5835313
34351676
1197372
458654913
6253135
5930491
558838736
128620071
955336669
2480325
441078553
5811884
4352542
131454
743601
3101004
417683
2069207
8536124
2901804
6570121
111281644
2091560
1411135
869042580
988534
944447848
78096250
446208419
967937560
45627216
2836177
9906
284548744
4907440
1673950
521848
128583
259583068
3407484
180465092
5583816
378082
2805948
1548674
3906272
4824173
777995213
691098623
499571924
763013456
799047278
3140244
702323356
661050
451849
289592270
244043574
17868
819468590
3106489
1060363
6485814
6176251
5718915
6703901
1147092
930105029
4689006
870721813
2814226
941948737
931661368
560612191
9504577
3610916
2228727
2697314
2908926
1291876
622532806
1984413
429094953
944395779
183502059
979603858
2445805
2671248
2152047
824985117
2209660
1916148
2650515
2320215
7609419
632661
4256645
2193750
391913388
1900040
4148425
3311444
156488596
412845481
442707556
1394239
102281969
1388948
2470924
17776268
1666100
3582181
629789104
276779493
7804568
5550786
594603631
2751378
3453448
249313571
588963795
738340
1705096
5127994
2241586
52707
23
614728394
605419
930863
958576
259223178
715674740
915211110
144141288
127143
5880951
1184091
1228099
780816
950958310
7219156
225553080
423637
374550805
841311669
1818532
442826883
56177
3191985
2034577
4509167
1561470
2156028
357155
576892
847868417
2302985
289944
4862527
2492915
230474248
6188742
8497684
364290
116051
428723229
15868645
562163977
377331916
492696
632999330
427674610
677361
190128
8194270
6575079
4079767
1986704
5721624
782487218
801860991
1000988
1688527
27757
2984163
1357954
915614811
1735339
4154528
739920
2146363
5716136
3371152
549164
537502603
1155266
61870471
448729
1330389
341261
22579
24641
112515
343537
415879292
2662011
2202723
987034
1287448
749693231
2868166
3836532
37265309
580897751
4204226
456800
1480129
5674322
417027169
2980844
6144167
2785126
697176
2612216
2853556
160745732
820594557
3048385
3493709
3969905
344548094
959967049
104681
3027320
904261
1140850
98793
920316822
954090014
122334036
195528015
592510
4258940
443837
443749834
2181304
546836961
1769437
1661328
358589585
981852
141861
621884195
468097551
1301192
737319198
540396
837538568
179557
2438647
1680985
858815
626524529
621010273
3608576
13383
3755926
3144912
5774842
2883421
410889
1221361
18382
1855076
5089025
998625
7381557
499971395
424344
179999
933347
586461953
596784
2488516
954409
655209
3032484
627490936
1494576
310782311
539323570
7128
449590095
1106717
173164
866764197
1678
524543313
2392809
3399457
1835422
370646158
949549535
7722688
284103648
627420559
98819102
2289553
1078199
628971
898816198
1042736
652109
266568305
1863502
2165169
1709681
986185343
642469589
5623621
25488
82320
1361398
3712444
500313460
5636045
743715897
2640076
4161961
7641364
1931863
252066
892145
591481
4327493
681342
735468609
829583
7179696
409712
4178185
502271870
22647216
82646704
1231032
10597056
426572
2092063
5732137
104897963
487078
3531587
136808
564388168
954976406
430469489
625677528
246281
733874970
2097985
1014034
249442568
1721440
3273929
2231188
2528174
188223294
323093385
1500770
310735938
1178673
532824
1584380
1179377
1598577
356524
181391
2146608
407775775
402925
151253
825257872
344806872
540860763
1139608
113195513
816520448
802607611
644396839
4684862
262491
3945894
501375532
2997434
258343331
354141096
273535
740689696
923487438
48113
1410233
603544
1814159
3071079
4014861
351529
565776
979690861
309345
507896
2377451
907270
5864285
4973735
1084625
355097602
4172245
289505
3959197
890679
474174
1567929
2354405
3394787
1577216
768386723
2829568
983428285
44240709
218702906
2971967
6995698
386924687
18099
20356
5315840
4658676
7304210
860148
773275699
1523737
3421702
580675
476416
1268512
721743265
360697
594269
7132377
4472872
2804320
195393384
3183970
391985033
726890999
69013248
206901
2705806
3524352
307100
530945534
579701
2261992
750845753
581211
460035
3531447
8989
460564
665183
410845400
413410609
3693711
587941
271900
3445310
925777
733974
5846500
4561921
2997366
580859514
380634434
1357072
866423
1685809
993718
296533986
1324132
638529393
6291091
6621512
14212
506022
4446223
768858772
250312
3280486
3563312
653268796
4816497
3587488
1524516
326543
316278
6666759
732292695
2364125
1797561
1551393
3221401
5156467
466480
903171140
2453056
1905913
2721528
6030033
128751690
2719297
1173407
1230467
370505
4861634
580551
3144381
4019151
3674068
4067153
167676004
2805670
452532304
696432189
245504
496670
5996335
2514633
350435884
1090698
929298992
4979265
3071104
923743741
810562
1831097
1056969
3153893
645467398
721547615
3256442
165371256
38733
59827235
3613996
944119117
499655
656042
743787618
648462977
401826
678228160
685735374
1968299
3269835
1685024
756773
963725
7429537
2090427
900960347
336426251
4316666
324884211
963776150
1908299
110978185
299194
301106
475878010
6567022
7525444
2387813
424134551
2682810
870073581
3324356
2935650
519392
1166288
5828679
7045740
578620909
626766504
540593
7402176
7869096
58817
844691
305897
1195686
238264113
3883177
1066113
4182708
310356247
964583679
77792
293840550
3871525
526072
2653643
6291020
764402791
312841106
1270831
215892819
401157289
5638622
833431614
383482
719107
923182725
3786616
743751330
2199528
667062
1481967
1780855
907554117
437549102
965563039
449006
3690864
598014861
864345
15484
4087753
1080008
369874
1982981
5066740
620753
1013787
61294883
5103664
5781127
712420
354924159
2330740
2469117
5302092
339766983
875123642
4145924
607169930
3094107
2156020
1376807
84572287
476326649
5302849
209943
540857995
1336096
588279
732764592
888824
4157309
2331265
4595645
2891896
3412343
105007
5593471
1994760
312563029
720073548
668216
6804772
804053088
656444
1156486
9633900
532878953
44164604
610541
112691252
8549945
2372724
519787
7652689
3106313
914797116
1216128
584900
5075319
905030
922349024
148895
5185951
3333820
3608999
101814
219960
680654644
440150128
2955560
5118645
584784399
88908524
155397
4598628
4913273
318348876
1954868
182624471
1495374
179013
1664371
3992488
620461841
569548118
451210
2556981
287200361
401667822
406049953
1697058
2434716
1176792
970394649
478792
44166
513625778
82316696
768655970
4932069
1983343
1035469
503218344
932072099
1520569
3425024
706836038
3394332
1234065
328612795
1384902
314398957
1632106
755698900
954244120
2241497
3304566
544874186
724730499
240001
383190
2661226
89585622
812411
6930128
1820953
888256368
3420001
983136195
3126025
360911
816931843
551169
628716
34267341
273839927
19527
398684
482335858
688871
8590411
1004010
594774
485573305
2725500
1768974
789757757
604362
3327443
89090721
8823875
1380490
2552503
1032663
4917768
818288
325103
1506175
1923832
423762623
27248
3044757
710362
2884615
766337795
322111
292344
631248815
5737339
1711772
732191919
4036801
4783201
5021924
571038265
765579645
161107910
1644714
1338496
2830834
3452992
74314366
3675220
5035712
1151707
1316275
662687308
3647773
23101
418169582
62227062
85821288
112803348
4242552
36814
1590205
912450999
1466790
311682
512668818
3253713
2338011
2330053
912147413
977368336
816180706
714141101
2743030
194092
694543829
6941500
100435
2034797
134521
4774468
6278886
2589635
256935507
978697164
43754406
820328712
3845573
589741
3753935
1501169
928958416
601529131
1656203
5972039
1693527
715097153
5558224
627164996
5195158
704798674
2433088
115729
2641974
1397089
3980286
741388
197686118
835576
210116
8282853
2372932
1299006
1507764
1139616
3099072
2389057
591240
482537781
7548
3209524
254663
2955200
3456960
292741
1006534
7623974
337716
600017258
1674014
770363011
518091852
801359
304311589
1980175
5292646
837261
707529871
160801
6088108
330394619
388696
126644613
6098470
647629
913035
1294192
1224440
548684930
1889649
82243
492739
4364812
1846876
962065683
524935428
132802546
4360708
1215599
668922
3373313
553383706
739375
3882050
6068125
5312797
67474291
3184160
384687
3331966
6173931
323112479
5031194
976996842
600874
555260893
841479
1033578
156181
2225670
1324920
668851
748689
8270536
466092881
1281398
2550673
366856
335844
3419027
551542952
251541564
512433735
440059910
142149716
243802
3039001
861677666
3112547
238578477
5684370
744302
1977342
807598532
3578921
5450
2983295
5647450
660448295
1635463
2491998
3086080
853651571
1184914
2476810
2447845
1378923
808165642
268877
2470233
10585492
112713
287324207
5006340
5537981
294680
8999232
897497854
768878
621877234
475851022
497979463
208460
1729803
4080896
83881715
2258741
1898985
390742817
4775744
4036953
5058915
5097
1931679
2564836
915728
1824190
5105880
392584736
1428262
5070270
501189133
992673
3815620
344051029
970278176
263058062
626958798
7634008
999783780
709165947
2840694
845914704
1037184
8039994
15765144
2124233
3647264
4662570
1508935
346976595
134142904
2409296
486377370
516298314
4133100
377081468
195501
705740473
994237206
725276
560009
6897137
395488504
3890746
884717893
82902950
5001649
1341771
1161901
7386756
4675652
1283016
470976206
2019755
50315719
5599751
582645
582410150
998739560
6475403
4538030
931476
1358896
991237082
898338811
624012333
475816492
1511872
4870918
221596
1404117
959448
615643969
436681336
494345017
2532960
486807554
627821
318525182
723913
753769
596871
35451
1029796
470530
1084662
4892745
994280614
217588574
2202706
363244774
276401046
4838940
734178848
1166869
297753073
119318818
11208
510286237
3518936
232937696
1137651
435319
669238413
500126898
7363481
2447489
4481253
1288601
1709804
1703166
141144
402424126
404122480
300466
605856
4427989
3016885
8017216
4188063
898176
3494568
723352
8329303
859028539
502067
573661
837437716
157798123
4036735
554431377
563272066
4141463
9263444
788449
4136569
4475989
273961
2438296
1152945
18360
832018194
5160268
1520726
339871871
1068840
531455363
2891040
2921196
3657165
473553797
4892804
4643804
2904573
1338674
465873745
1509790
4320641
427796662
1390972
716946110
536360917
677197012
141448396
2973746
1353574
6188976
518112664
2370252
307285
6241957
3941491
629717100
6029776
2942665
547809
633807091
560896041
8916679
634989077
1357548
1966915
1450751
2466600
4678178
5576256
3707669
7015471
537022
4644845
54745
59529
1706200
3258063
1334335
1490575
4767086
634012488
6612643
967063832
4188694
3787811
916158337
115028242
792983756
1612240
374988
776357
373258683
7500053
562897819
936982569
5106825
700582
4276551
442053905
450131
212745272
1890683
615654
1029062
199363861
1085417
2461644
2782291
1606150
863791016
4309528
2179225
694400
90370980
3742960
6180855
481555687
355904
263552
1226075
805336719
1784672
4029745
727184
435520
6472370
528888730
270197004
2404686
5182
1609801
310412
496516
2932490
2033749
3777526
332511012
671283039
1556479
2842425
735050
8640684
464471595
5313976
8179046
6377131
99485
5267135
728971
773107
136813040
126715546
2297167
396057256
58428
1744911
77154
1024513
5162186
6331044
644607478
7196767
1392133
4131351
581180765
50862582
101369615
447157
471025
78310194
963630242
538583706
3150646
562253017
4816384
2411136
143093114
301769156
5028291
3059524
725914184
3671969
475436599
807195104
769189144
4081184
564131589
629959675
548940
639537117
610461
76665
6996584
1286641
2873
33890134
466740450
1373258
1506304
217823736
461689098
5512433
267480769
139543166
106617
857482840
960474947
248995490
669461
4821044
32634
728990843
447454687
313713
1601848
680281
699306319
6477152
856438754
1466462
9760345
4389801
4693401
8068557
4940592
8409392
996698459
2056330
1247641
3229459
568280691
38698
1304940
7059511
3532022
2124750
972768765
4188702
1236193
3669641
6860840
2887759
931621
1771948
478594
12445
359833130
39278270
940712
1583051
918382809
8835714
500781394
1767171
1307457
1974248
56927
2503096
8531119
1951273
4106427
4363458
131278315
4101022
159076501
219510530
266875
4189
955832930
3566774
338628
208981845
714823900
2342553
6454059
643335824
370667254
576915
296116069
299233772
485800
3668096
212153792
580653912
571407810
116221523
966406205
4744378
965025133
1051887
3217687
173387
1983834
2685433
2062096
7057968
208912
1245189
1425787
3304095
4901592
4881839
490975
345046
440104
986797138
653052711
874839394
893790
125060
850369840
245429
7225405
320503146
532001
936179874
5073135
926147
79662769
310847
7866849
964184505
4014893
450227
4792749
5404883
5141577
628797186
229390198
827696967
5116189
3391601
1615561
2649409
1630276
269397
941689
376611809
4270420
2597081
922955189
730050918
665732562
2005767
1702544
198894349
912802150
1059232
835885
948204
548133283
895896
533339
663249
3476453
1256844
102000
138551864
509253299
3857598
4137154
1936912
1777513
486318448
1915104
343746
1530621
2052887
900584525
871496
1722976
570520291
388333
495088
3264283
615817
5599736
2932747
3885676
6269537
4243561
1732255
1260605
2132370
1539518
917881260
4074644
1117966
646203791
1406489
5387242
398198298
418445
374066646
7986995
317920
24505
894827422
193103561
224537
497758516
739017831
2659649
6615901
4129179
3201276
570773477
7173946
86784
939479546
744853769
929397581
1487518
6516581
1448814
1548481
51063
4347344
3104120
257822
156025
223819734
348048
279518
839795939
2989966
6545388
1986608
644184859
3453432
2457526
191121962
2028560
3077721
805799
930656
643849131
752312
2958182
1455278
10988
1936297
2890675
136600385
173619121
871861093
646857758
3288141
799030402
773917219
744696
122004
657265712
61408
494401
3159801
6008839
4732599
103723949
411051749
440584
159562767
1457739
5102906
6710736
305148
1460466
994634062
6865501
526167
871000464
8838970
373743970
3220849
862180017
882763
145046
375000115
764854
840234802
1791966
2248389
221960576
784383
813995534
662684544
3272992
33830
4111529
590677669
2633660
611825051
3080328
3661967
132164
865041570
178039215
3897982
878707763
365231110
6895912
5286950
1922501
806886613
9246258
4244034
4066533
162375198
139789968
770842762
53057
1916000
752476185
522731
1263395
1254266
556828625
657838268
5329297
415826382
918754
97050141
555433729
2536659
1557193
234323
980501176
1079176
2430064
6378097
4303102
1983616
59602
449936
136930115
4508897
3206979
11125
2202490
4601980
1608227
2239526
1359846
492259625
21319
593858
1770626
5863833
1628604
5419186
728632196
2622070
226203
696706125
35993418
1944223
104555337
58186
646013198
160677539
2698524
520909
550238
33953325
619783237
1138700
733723627
391891968
45712
884970236
595777
984169967
900399610
487988055
4310368
944814
172768635
1816548
631140718
60720052
370581938
712336
3483272
347910151
3812053
2988031
106255589
2263009
741799400
1060899
826210218
2392753
157518
3873869
653455
2378568
23936
252712
6107175
452014
374471
902488825
929982215
306068258
219577
32421
7326687
3594700
945494752
55895613
4590886
1936493
3756736
621781606
92634
13398
7407703
667131401
399449
1722806
1658285
352404448
46656
233675396
158115
5881319
13327164
631575997
2813256
112090
538567
795712596
21649
2283948
731089651
1408086
1335649
1299268
3462549
703091124
2738646
766645
5901683
2039298
924273
867061098
264020367
92773
337790581
413410010
457282086
243277
851444317
581314
207592
6799740
1504834
2427525
3213595
473448438
494696
5770795
904242606
9091632
913330045
4003426
2016061
756884982
714936390
4652032
5197984
3045741
2308216
912126
864263
1935431
7254755
152553
1048464
5359166
39146820
4146640
28260628
4067803
859017
6228770
483369920
129696
4304673
1623435
78390222
435182261
82744
283722604
346336
490275864
2290842
3198798
562261502
3717633
299216
789268277
468560
499201
864141
498628
876275
1379673
1324636
5641948
435452
59832944
479224423
812652535
485979985
221065548
367004
222614436
1515544
550885681
3113739
3118586
48650
259969
738915610
448798
763698455
356683292
4569325
749150070
3889380
460661923
615154569
4598449
1210683
2283040
154370644
929271979
560480859
715404353
413755470
4383833
5654605
6457551
483670801
4047862
4104837
1968541
5099160
100689014
1681978
361692070
2895049
43936
971767616
910681631
511580808
5818293
339130
2120238
5634007
1205604
4437784
697645007
276676
638234
4998861
3737389
1767216
7441000
91242
2596801
153682607
939509
5681333
116305
174981
297875778
1041894
2481831
962407
142684803
32372320
2373132
299673
2244407
664547784
184773281
8968761
1525154
6418604
530865
8319491
4772965
4859797
6053216
657342663
1681787
1020093
547006023
2202876
391726992
885204618
113281
10577
724022051
1093757
80242772
378603364
190856
198744733
8483365
1017542
2084078
3104486
887464377
372910
2017976
524375838
2163892
782076
1600784
8311430
3785896
660787464
43013126
2578412
423596921
8255445
593945321
4102694
439987924
179059224
373143
6765487
2391200
719893023
679053266
3559545
900220200
219046
298104
295635289
580222648
924142
237966
81356667
695604243
840640910
4083780
5809792
5591786
1509151
2855072
5510190
1364349
479727500
2548510
4217829
3036609
681113310
856372
341730
60683301
4587931
2164626
617760648
1630078
106870093
4131356
509639191
9060094
471502329
310240289
295702985
147345916
2121181
900958260
1768974
555314430
422115881
1355668
825473533
17423231
1104242
4902805
196862
724330
5946863
7348552
1319232
6300471
5883008
212766
1682176
1973181
449249137
1210687
1600799
3235873
242354507
111609
370907816
2973800
4590149
865210534
5289517
9182719
380450348
128363451
541248
947971172
23798
1408099
1492311
4929298
3815609
5667668
121420535
5063255
28064
3963721
7739267
2184164
7359006
4211516
181177
814800
419996
950993553
557702
472833858
1596071
494296
682521265
314730362
526227729
3544096
446736
604843
4562823
1961191
101548504
593591479
368020825
271539
973672571
2661472
2149888
1476190
294936
1013663
797724
4541834
7517665
1426914
4435300
144981724
5951208
671491
2430168
449744
191193
2252886
2598157
617038133
1289636
675583871
874411075
144171924
2508885
968821259
929045276
469729
1056095
174961497
791321134
8155198
46365302
166648
691265099
2272469
3872985
3863901
490090561
11740
2579856
3274288
2755104
636305220
1360032
643016
7495981
3136240
1409197
840978879
686143732
4112657
2635962
5086817
594980
3779088
1195038
4938565
2079874
1209173
263164
510714591
5581705
309923674
559879
6356307
206515363
773833479
690928979
151515990
9153695
2125306
426649
963585543
1451514
757799409
829008649
72066288
74314491
153283
667305
795540
486825
3877547
163210609
1062750
292004499
67720
3758380
464976109
6611593
453298
1111892
752406694
6639381
473835919
351107375
3408310
3571363
1263631
3290215
2122561
362875
3605164
1195539
1194310
2298674
2327784
290412
3843481
508341616
4863027
1823993
1338867
2558947
1025506
3155280
447437
5431434
6545991
7994228
754595681
3367837
4113856
95632167
474582867
4157406
1044322
4554201
2546626
863164
332419465
715720456
793575336
966132033
3740336
1571806
228849036
143457
3705362
705536564
24972
221397210
505989
5955222
6787065
837227
1692782
3433657
6497618
4525431
2130519
1372449
3280396
847515327
519563852
936178004
1934333
335481
2733208
1337920
5789305
1275287
713117516
431786
8792184
5848372
8702631
923474728
812323
5639550
6553419
850503
77438693
370607346
774213
711941675
941352425
3099476
670794
7149553
1068054
2345092
1152
430205
522290720
149956
143478
679167615
4777689
776671
4106091
524722064
518907
22030564
46960
698049313
2310999
1769184
465033811
8512260
132419258
398531
212137112
358964
4439123
763414630
3380167
79618527
4191021
35635
3619170
613542
429664
156484
574358866
38394
570261572
4885593
661626
1380112
4056196
446736
4985124
2602721
170908487
235424129
856554779
266314495
1592806
1749189
714029
7947435
35696655
632592
5948236
2439873
160073002
1692703
1996187
820531
404622
70886570
4165557
667479208
376256145
832454718
1125106
709312674
8136149
3854686
5246383
256096
3402713
845255705
438753264
7303168
1000499
2485471
847884779
1532690
1022496
3869266
38500711
571369867
36261
167573
3345152
599926994
105007
2849392
828626
1943802
3116649
305869313
813990468
1337514
78289
2442045
1017470
711439210
1332078
2321206
194527329
242447285
8456761
4652920
2024676
4662149
6316075
2499212
1484836
634491400
559713675
884260
196601
73745926
820895231
70212769
779526
2785078
547193
8970741
5197808
5292931
3929279
518724167
117848277
962383311
772587
938955
283865
4839962
255900
436013307
3753121
170284863
2750993
656365919
1409468
2762853
973539548
697237682
299603359
178140896
1215207
5499249
923179
4183610
3875765
225023215
6737017
696390
9791
689697
258188486
52020
1769380
904861922
2618556
4261347
739244175
4645
6034113
771864795
532902806
1228280
5411153
2246272
30837455
447195
204898
6217633
296563491
137690694
160749
4715261
1843657
642659097
526722923
355201858
988815313
401961146
193305093
993558181
6692332
435569013
503990898
899665
1549272
4417176
33220
747172544
4665961
4864441
575949128
513704
6427474
6204148
481515
751093
4901
466387239
548320643
3939724
5258766
192796
2424945
1406778
2166081
2614886
190469
2136124
63234
771465
158679
124799
756288334
3234959
443561046
1474469
1634391
170182935
72336802
1370280
210267
3564492
868172453
268491840
4405596
1153187
679161614
9257427
493301167
221804
450701
1306587
4930996
354288
4370437
407936659
1618847
984163490
1322057
2847419
261032353
1827743
162951
785104
975687591
446458
2099025
126170622
3304066
321486
1897609
920585
2059935
956303984
253084
360813440
996189408
867256914
406414
2446464
6353586
243278349
770433512
266864
1709824
6747904
5684216
1214479
1144210
1617429
3293686
8867475
654185372
143348
523915
564056584
2405160
6075456
622086670
21900
637296
1521334
7040142
4548516
571787
952354803
623353644
1670841
3522842
850120463
1306623
1940343
4785841
227053
143631
2073356
4083169
233204
366770196
958544298
2498343
850548
619078827
1501681
2059994
485677458
887369
806390
2347902
951254088
888459
969100421
227681
212117766
878036524
885706123
47983
16847553
728685973
111193470
2577388
1450144
2407142
3844002
5047022
1315639
2832404
710356466
2046906
649500965
901440480
4381870
946079311
136595466
35662
43730043
462718
2373392
4353145
407545996
579797564
84952
237983
301110
4669576
792956622
2334315
946971686
549487
264640728
1463001
424307487
17330
8308801
503387
6702101
1567782
159043
647755624
589914159
420653743
1757769
2911273
589152331
6704283
395251
4058663
7691355
539111903
664486
172383437
810849322
233073
853631
521460
399555
561519836
538837609
4261665
827235504
2736349
537065
950846467
152094
5635008
181541548
5406336
743013642
355279
310684068
667889789
1528156
270599
655195
193921
999931
3236610
1373674
278605
784126
909696
3162169
1602597
1157545
951116653
1668099
3776226
4218820
591817
2634489
4636448
1343539
926568504
533375
34244750
5375076
1930419
831303363
918015362
407418729
2217600
668496075
14391
827751107
1605456
2278517
7921108
184534
1810106
36693123
3821104
723261415
1308987
3231469
837416
436029620
3841299
812617
2252107
320350938
440861664
1854285
124600029
616459667
958101712
917130786
81924
655627
2958022
990378208
269447376
8304164
1263216
168457
911983555
3773569
747279
629637
9711
3590440
1475479
275898900
583668
6399477
1569475
615255786
453425757
806425
1808544
2104576
240949
401230758
187486119
7501277
787508
263502293
2156161
9148749
791712
1783289
450469
232899526
8437360
93016
779209728
1980858
2772741
244893
4829577
307259049
2731797
303264
1547979
59502
4097832
25393424
286033
694101565
995553763
401409947
498302459
822312
1890607
904239
1072945
99336
2126944
132816110
903193
915916193
217741
367986990
362765303
2620327
1002295
2174148
3723162
132917
23478
392353563
2843144
565373666
3133936
2846009
3711202
46177
592667321
2009049
448313459
1792196
6032788
260337
641911869
231986590
3018380
230324
2939736
238688580
30022079
414337946
3335178
176652
794652
423757540
4042698
279747514
95397371
372197
13522780
378199849
447846638
35865616
520667
82129
104998
737500221
2003918
28629
2107069
793035440
119730770
2291513
4632705
2162049
3098383
662348
462244
911403691
874775143
65765
2283385
2263387
217826431
388509
536921679
427499
2230718
653268053
852812037
1032844
61297
2334563
1684840
1672213
947702
3459108
544744333
855557
917474
1044676
537194506
5272293
6847821
969324300
494012
928537
280144
6348469
156754
8387350
2441319
533877294
6718569
151156
919837669
131030309
1195224
1259531
682941
3275732
5573529
1782939
754012689
603463
1042564
1108863
348138
596275
3536591
378207808
550469835
4441664
2192561
1696564
193369847
746815870
1257496
1055866
522577
921865932
688546960
50241
440542372
558499967
3623981
2968409
5384509
888325809
845257
10348432
1697489
560550
497707
940794685
4924015
817601484
3026922
84478126
1041510
2649048
998347727
9368106
250768
872961856
8786193
1816766
1248301
444435814
788999874
55657
1559808
683980
2230522
4733958
813925335
182556
350682673
988142821
8600450
1445192
440717
432265
52873779
1360314
240869
5507743
7645733
12353741
548094
792535
449661927
674436
2526691
3607170
354306860
434793354
6786744
3059130
1093117
7495200
2057120
2634159
340677
811088284
5152310
5995586
44616279
1410643
262709
3032149
1893899
6629678
1077615
622390004
5301841
843344971
281438510
3603456
69918
960905
97215644
407408
609942
5425935
2461891
3798087
204088511
1375819
2020851
81071
210541
1019465
6385648
113507
330839431
3715973
26600975
917202748
7286531
107534
134709
2314327
1985568
273614931
381877549
4862888
159224
540176927
875684397
771304049
821643168
53076720
5310100
3124552
5343575
357384
6021676
2162929
2460732
305000
118328743
913057
501728901
135577
2779071
490323478
1012517
2278477
4433360
849991827
2916
373338114
199513536
1985913
2110905
3475880
514045701
6898975
1529115
1644091
393959663
1903812
4581911
5412720
1841798
1076115
1312496
6624762
244452926
3049390
301411
510877268
1321744
756030792
712218906
71659
853806705
720814
1538056
4686303
62653469
3441376
52895
2191694
7199374
3068096
964913088
233564
754189215
6820137
21572
71268
379904003
2580852
583835005
1487529
4305832
617863489
245854943
423339848
1136466
128584029
1127538
1045734
606764141
545772986
4994223
3854708
14579
1908188
835278843
4120532
365293203
2377832
201711
714332
1858803
235875412
63093906
1806023
994897960
224085029
1112343
793501552
2481689
1645045
671950885
4594986
325769083
2756229
715126
797014904
181413
680244641
3938569
491703
959754228
580011822
248075010
1932581
1101526
2058471
34340303
6745392
9266775
1261870
7935629
8880292
566127390
4831905
2493811
57153
3012342
21403
3117529
250777
2771289
86311432
3075248
427283728
4370019
375480817
1149233
5492231
3836690
820105
3547281
5479108
721538084
648085
2716359
2820169
1926584
518076
930864
729307
214414320
6383622
1174936
497966746
6982373
703012264
4534121
1471964
663106875
721529267
7188033
964107228
856322586
3133728
1503336
283567157
2129059
272074
1510116
1320961
5602351
303319036
889733407
1280873
2330453
1225867
429232
5485246
1175292
2604260
2827401
874199417
4848853
606658905
389125
5747583
4536280
340017103
5648225
462040
3553635
423372074
3504121
921337883
4570701
121
3264620
3807087
2456289
1865069
1589589
6180292
2819080
221942819
836761
918238876
2082072
1578517
2035983
741179934
368829
852909444
1324021
2178636
232542641
1353741
180948
4211205
565719534
1979704
623545178
6425951
2015841
2359244
221295
1950275
6236771
1059743
477362510
4677387
5771258
822290
2221209
6329658
338080
614016
592099170
4449190
4875055
1900072
146298125
127479822
5494468
250091612
335176653
4182027
4714291
1556080
3981329
111247492
1874707
323696481
276578082
6484908
505784324
1296649
307850664
423579920
2587495
1101967
868149563
475441
6133244
2828937
2627776
749652593
67623003
270397
357363328
583829409
3088468
1727683
4719
6962974
1940340
1608598
610005221
4690200
85178746
91389
3546140
716873
573960195
1520924
826064
89094732
1024083
597932
730758271
363055
563226812
3658264
3132637
951974357
2183112
3477659
895918082
6871193
447035420
395874939
104532
939516104
967831570
2423037
6117547
73647107
701609
8789254
744465778
129216598
221248492
2167166
189713390
4006881
7323873
5682668
155509
508575
534054771
3400317
660795
1207834
507445817
374984
3366649
1096599
138304
5134479
86047
1039462
229310
774309131
212070160
639761
1928143
701999
1648545
2918596
842865735
57430609
539335400
660265
1970824
2058758
168422
192957
245259134
73994912
1512327
1569519
1858726
790152
2987626
2824168
108607275
7371942
940144705
1384571
4533576
4991875
667220990
457740
8049064
3254982
2296581
6313600
1742417
243239571
876786
535116
348965646
2644961
531078
193615
864579096
1378261
1173139
222002413
725269
1929285
3326742
110483
3401742
642677
241068239
484282953
1699011
682717
5898984
6387457
189616434
1717688
84645
212382514
1899872
696234
291585
603078928
8976168
404821
870264174
256784
90069
3192293
765373914
722006538
2917881
7776771
1573168
283189843
922405
600982680
851444817
4232865
640729
831173153
1713136
2613576
2720604
842198889
866153018
1059194
496069903
1600888
5723155
1861126
1132041
6668812
2213194
3484072
712440081
46656540
1727192
996114070
184091450
3897840
264422
2313009
222272
4072784
468881
3399890
922543641
119078200
2127700
1295360
431058978
4575258
66802953
328015345
224146670
6154389
495038
8762876
693543
1499254
561177305
219525466
7504291
206100302
546270092
7375197
312170649
3140860
460872104
653470
173424
1651643
4640515
627805496
360297005
318464
414454864
529692
874396
924443389
2546224
295141934
799998996
241168961
4318279
85925995
9072228
3257331
2922520
452587695
3701344
3313777
67600
303286
2820843
5278441
1440831
5199520
577690023
510541
2915058
694711
1380506
947911
1385491
521919314
7927948
3550581
4053220
463388
2052891
632366077
89292236
1669464
1920496
554598
738525692
840499
833879592
383138
2784523
6224480
3316789
4701477
7907309
2641974
5915464
5017600
2011467
219228902
242651718
7769623
2127211
719120675
123820
2028337
956907
929747730
4058754
73760270
93803
3221821
2184782
140895903
5526597
421780
4865511
1575741
493852258
3580048
1535303
467070
534947555
4686453
1166205
2445820
119175562
4069541
978378309
1279959
311052151
135635877
3305120
917569
3212584
1364626
632953023
3054679
419577018
1882261
83047341
1189574
116453
292469620
4979168
8212556
366096
430224
602532074
368875
5320354
8839793
6934
686048869
4249281
2992536
981615570
633699299
1430248
48317
814398056
354560
574682079
590901
672462882
594609820
4628233
6635527
813585832
560397
462995
1156436
998480
395903188
4171840
1466369
568215
423827
362061367
2740264
91821
381406152
7006368
7396856
4213214
846790222
236189
227350900
323467
378497
444009644
1523239
3339200
3499578
458302169
2817129
586995717
340688312
57371840
4920843
787761
2630881
401661
514123
158878588
60862
1795923
208971148
82600
241715914
1228509
172537
122656
1928573
63232
2019055
1966405
261297952
132002519
740211906
1666157
978421
625659
3756772
834518
6448964
4719760
943264
617257825
1683445
233571988
790176881
113361493
362699
508484
3013639
7954582
749232
428303
2017060
1315821
1870614
2186900
424080740
3685543
1218773
7451056
387283
777844925
249295715
3511040
1158500
380429400
1178714
291221
3475196
382450975
2169479
5129000
3679300
671030094
980256
683344
1178007
59504
12697
922887769
4650851
2922271
697672
1079440
4746346
2704514
6098104
924332080
113864755
949825279
770317310
847608797
7483744
4830553
1813592
3824557
767953544
870565475
349995
880139
123060111
43626432
532932427
5719153
71278142
856422
17368918
149206278
638020834
570753
240236
494035933
3151981
3179254
410126772
680462785
1764886
4699063
2369376
5142093
555912647
3054235
3105401
5763418
733290035
1859787
269698707
175754165
7148912
144544
260937050
198083450
1052899
2088059
12536
569643792
8422204
420686660
734255033
2389824
644734897
457519
7273
627619968
410340
993265
2412633
252606
707870998
88824
6158202
2732599
527029
2563762
4895536
1018091
2024900
3752946
2193224
1783169
301701
389725859
345891
6339316
954711
3585220
1065443
749336953
689545192
809173
2235439
1369360
127567
7160101
93520
7536659
238384538
551842279
4928554
729223985
34953
822514926
338878112
459597
4902079
1926289
5528779
74021036
345576364
267676
168895912
571680
4794874
467441
359849068
1491252
972553414
615800031
478375
1104766
33030762
3412595
685490726
332011
1189537
836544311
1018641
3680350
3434565
3306450
1895269
6306797
124785461
1601053
522217668
772784
683741853
2113560
10666
488217247
2985921
755341423
162765459
325080
53472
114626
289021
216360
4961181
2094271
2089431
1237510
503626
3918336
299071402
420381
789234262
323329798
989284
733011
6920451
710681
5300992
4834337
87280602
2526273
105826
84046
687415397
156987699
95427
197786
84241
332001811
1389844
71574
471634397
775476
106853
5172517
5964056
2843863
8071196
971859987
5872972
941143385
3199971
204985529
138719
897525635
680583
993003113
415232
1220803
14113
2043312
957997
8050620
914303
1961127
1408923
1151949
602329084
5089329
6682681
2758119
243829
750164038
2147434
3484208
7655901
1208584
139041
499325
713828740
1597300
1082096
594818471
666514
31520
376181167
3187600
391124742
494000662
153441
5185549
529941278
652936606
8395856
3257321
1984010
2526488
1142742
217880
9391966
5800181
2859774
889972
2812621
84619
952734449
829549
335513435
386834908
93552382
1225998
452320
1179944
2668633
818902
569899
1698316
149472577
153710447
3239850
3931433
5093939
257978209
2042706
76357670
4415071
3409623
468341
377876263
1626401
550324810
626112
633117483
542179
948677245
5944626
6943058
275308144
590713586
3883434
1267450
1216114
8597845
5613792
6052038
271770909
2329061
2267422
2571882
419366
4168494
322606819
1027644
419714
49237961
9516176
21295
691223380
2142729
604613626
1418587
2909373
2748369
1303153
909796
409642772
6347737
2584396
898308
863846630
4315288
547847
498705063
6848017
572714
431669
4847246
815248729
1440855
1504496
56048
717038806
3402432
1766149
852013
2970604
2402041
662072074
196947910
5129560
803531705
1810459
403189880
2370924
576545
3989221
67984
60677
245357
218387828
405782
914777293
839683634
64650
5180113
800574452
3070461
2661684
993929415
1822959
827334762
45901364
999099074
544271
2152398
966424898
847890905
318990
8076225
425517
1391095
1537259
2173170
191974
743195705
624307
1898132
326283876
520719
592636286
413027439
8611653
1546537
670311318
3357151
244752093
4613625
445036
2445591
781785558
6315154
525022331
724555107
729030877
6467536
6050616
477184165
36352
1292482
237909
1687528
2958826
3062321
631963869
1093898
2032209
1547057
4205227
22400
1796812
114105562
3944041
546221360
3898134
3023607
833126
667299260
1593342
2581704
365594356
214318
78018482
3164841
3602786
1695433
426812730
2191845
340505
3532881
3767558
834185403
669408
4944589
7619758
58474395
1654576
893370068
475115847
233335207
3163923
5735327
493261
541016
851800
3311663
595121899
455625
3128569
677573514
5199680
389838583
200243813
504613986
2328709
4621029
5621020
113565364
966620
890308228
287979
2980972
2698837
253484
791543
426957165
27574
384022
146279
736113
6057322
2303372
34735
430822275
203172692
993325
878647
147779547
2734164
7242361
2244382
773536813
999100334
1333185
2289255
800806528
5317119
1337733
67751
6838155
727818139
333604496
1498249
459318042
180470
1789657
8339445
278600
430561
6190693
817131
5121225
1933450
316142549
231401691
7300985
318253913
3211555
984506
3412872
3704089
2342855
658485
6704493
1811478
703888237
3449520
2943191
7205568
937627
7349682
72736227
959673340
3686061
389012997
998054
934206730
4489256
2514928
759624574
549415526
1953484
2752355
875432179
294765
3142504
125216
1188387
5705530
579571
15577
2930163
3853609
338073704
5884894
3419781
160512
891511
792698
974960
295818782
1517226
2111920
1954063
116740
164382280
324189555
895961485
747387
200154457
2643943
655084
177845145
286404124
54724430
4854020
1703977
428785
1129216
101741363
433611
736576
456868226
609796503
489907818
579593142
40639
434109489
4519989
6581796
857034451
463609229
1037281
646975
1524931
327249705
7015699
1090399
689484
4618902
429717544
5979264
1317364
5108305
1890926
183598740
5267926
2456247
764325324
5215984
2782073
854741620
540187
1596940
9613594
1155136
279876
41129942
4728624
1836993
3879009
241564727
177577978
3568154
1040546
679879243
6220579
21249
2646306
836857060
606752897
245463748
153891
25090151
539122074
1121156
3664768
916861
763770
64626
5475248
746610797
7430280
140749
1576736
6631746
262428557
701479
2335680
2128380
29436783
3024837
1415584
4722043
2010350
922544
899885304
366055933
6122039
1397005
1344259
97372
1656544
738353773
4070077
3625932
651097642
437608413
1917894
1230543
757186954
453945648
8603983
283907
4356206
6693106
1850282
555677
689632025
4960660
1966326
46277
1372116
1002046
6385387
613829
462625
1282936
2587747
2545027
265045791
6752507
702168844
242930434
1545777
505373104
353979
776130084
3142669
3822814
2782255
83414
1314893
1635838
102208
2029305
4854168
1304303
2086018
688441
5697307
933259737
802045827
236896328
144071093
208836
3316636
498056627
764030
3017382
744905388
223182056
1937883
182257048
3155705
3617952
690250549
860335327
178688
1456944
2168502
522048
4445841
556655
525744
1623025
627005689
1866532
244980493
874170779
668992
1611345
1833601
5112912
316731
1711408
2262492
1434601
667439441
3575082
1432016
2095666
3279644
1882602
456542997
354299
2263355
2739370
358656
82721
3539867
684412821
526336
579207358
696516319
151843018
5080280
478124118
3035946
487080
582893651
471159
3811094
924712647
891285
5572086
946542613
2151565
121108
3627601
5654784
153781
2396322
1499767
5274585
429560984
323632
990672131
782582797
370728498
127116
766373561
928065
231689
964219
905961
410464
2452493
1196924
2129424
264037778
109544709
538964
748579637
2370411
47740494
422696104
209032
3716431
3039438
1010375
33844
1273145
52772
4201413
6004852
1858140
7200315
421062625
527241273
269107706
238763167
239879
172268625
64040
454784074
2278128
784391111
7729
1764589
2175562
4793536
5448709
2445094
849514
970477
5368801
378786700
560412397
5153457
10916
127685901
900863
1057852
3200736
668188
249732393
617438684
309617066
7623757
1012989
554244961
1216549
2212576
3118105
1621676
1160276
513019
1966471
294965360
169817441
234256
1815750
99782640
690417
2677952
787029799
1126641
7434579
216712157
1747672
798231331
528362688
936495
135018023
317252
1673085
1545484
104077
304695153
2926156
5460327
579397773
662930738
795664755
50758590
1686230
1136382
62391
5368352
8447814
2615398
844831258
2342789
780912631
725436658
284231
5982015
668560915
3886361
2197952
2566620
1354643
1653760
2396299
18129
318198975
32320913
997582402
1445194
238156
2073348
11519
1356096
196791447
627184738
3687480
1970666
92449246
2680518
656982193
988369
208837410
508382681
4816045
3865401
3728651
2299440
423910706
1827621
1409384
74736
2607292
661469
1000866
2630247
818999979
7040328
735804405
144102
890702
2887009
1922042
4306166
544329411
1250456
2840192
717388822
4537090
65270
143892
1730349
5401677
107561955
1660324
524504389
106183
349012
4087990
415022504
2803509
3290462
82593
312004448
3747161
2264407
2656028
3860280
373611752
519761141
3082574
231366758
2220021
401253
2834131
5829822
10717056
607627799
7270627
157433229
330317376
7310033
3530965
102642032
4146063
552445
767352156
6033459
5123595
1883247
3225791
503369114
612225
4290960
862988
4940874
3594702
781479210
5908315
3027675
2015676
426261310
685013930
5394126
640935092
881980629
614359
422780
362288
273382300
7405099
448003832
783332671
278961
2705374
4912254
833288
414017833
47580871
35834203
1984988
1201377
2284177
2356501
5477823
2303080
1869972
4639554
665438401
626455473
1708782
326657251
555454
4970175
895425
693257372
487979
8467147
2821896
5554160
1359649
2238076
1802613
4897056
3989985
1877404
855035722
905839838
1842016
834201805
1201781
246588168
646397801
174524813
1918216
1999953
385377
1018549
514929897
582178653
3020708
454068
342064
950645529
774107750
6472299
277348
253768
664518
999922470
2485756
1433
1653072
563943801
7226286
4272589
1384501
3459268
3375715
681195
2809243
3770509
106353
574529
366897
838342713
1632209
113496025
353121
393104
1974493
4766739
2604345
49774904
117099
965437835
429388695
2999432
847528040
3739609
2029789
36667
1784245
316715282
7346352
672286771
1909988
5070880
4310488
5744525
26000629
1094129
1729861
4344543
9022914
48809
682657
622185096
1143676
549110861
805942018
53448835
3706451
1269887
119989
6567683
6660603
2042491
4154129
3296605
4161878
1538651
1971838
102773743
2905407
319099
151512
76693
4627024
727427185
5430619
948976
2580096
21642007
981672112
1818007
79376052
2233961
577955334
449121507
2177857
5487315
158681607
1841120
521490192
420458
1799589
539944318
497383
1553444
225691
4091072
974991134
3369359
4791448
149095914
997400
389452938
253736
311522714
1928624
1429623
2638717
447603
378510500
57733
2306324
19150065
960942766
354454
777016339
998025539
153616
2955287
649772230
401161
4533175
5033665
432756963
393075
127846882
2242713
678476
927600
1710826
99981287
5601056
722286
714328068
151996
4373863
147952181
1258883
234063721
982525233
231642049
142491
296836625
772732
303459
2579100
3253328
579901591
2995272
1404275
56291220
5076860
513929464
340703
105729
18561
655181581
664780973
4876764
746899
2746278
4326942
556440874
1550123
188085869
6351859
914104950
209472371
390149699
2703847
1172151
305469811
7866425
4722888
1143434
3454506
2003170
4734367
550024
580325
1198071
234428480
10062839
2070942
748842867
1745360
1300544
5392613
187549028
419852
3875464
743986
142266
388609533
214836423
610761
102979
261794330
3618207
1848216
2726700
545036609
119317945
1642402
940350
1583604
947597905
606592
2267435
5445255
4591404
362588966
2771598
86815
138356
2603555
840161
463942134
1978348
481290027
33777
1927640
1967781
984918147
400905905
8462784
669201
65272671
8590968
674481260
2652580
940311462
5414454
7465900
225609
199129
243261332
1637976
1568330
3090551
332272741
88020285
2296272
601699052
3326712
743163002
1175546
381646172
197416
5776192
140003058
2164489
1701076
3776594
1511431
178179
106160
2914704
6112
38231494
3903799
748505571
2408184
711561909
960642
7170073
158017
152203
710261636
304066376
520035549
169
5585569
134561354
558883
232714
942872931
146931
449371
2816327
288376110
571751
2292646
15336
139270
707325080
42060802
1990418
3251727
2468655
294072400
3048372
680717558
238573940
1568620
1791639
789064302
3219520
1265363
32489
989820377
342060753
203946060
865654
100405
6632728
480493
3856867
1784135
626726
2983969
8482942
2479389
1485867
2240396
1043284
862589865
282254507
687386785
3607443
483743493
598804
429559
399084550
1187449
433917977
1156448
1143535
6111837
286009971
504180
910799481
69375
223443814
5507100
2091782
1853463
60128523
217921
3292226
489610
3754508
888622673
129417293
644902
393161
160144731
352313521
2753839
3545490
805676941
5021775
84181
640630154
89160
2484576
4138681
4382016
766290738
4072498
4032225
18927301
332859516
604269
213625
4266695
983437931
167299763
688304512
8751490
2570065
404070
853906
777809461
18218
3598172
737201
1139602
558376426
3525124
137479
2191166
382437
1402665
993024
143615426
144445966
3270825
3061501
4971651
2474351
564304079
7539911
183340454
1245985
974057804
717926267
349862430
1232302
2312064
348720
259180
454327
44325
6010105
908447088
94912120
1367123
279615
888917
448360909
5667577
35839
801234772
4259257
2386693
22406702
912361939
934125
506934512
488375782
335498314
317073969
5185459
8708419
52192
489562076
4203782
1311176
260544133
231507081
1366528
24725038
2573088
2053864
646266245
454312322
483726784
2143921
741112531
477545116
1350368
49266
392584023
350902536
4596255
452547
1097463
389555
1202831
2547189
40176
2364242
3607561
2058437
1030586
187993
4296790
2907587
863071
33624894
281262214
5866890
6874929
1248048
3312946
393032936
3018766
1350107
748030
9565336
6356596
359977755
2796416
3538533
7799040
151526
4833065
7008831
658025
2241009
951767153
4689474
790355454
4646856
3136340
423977
17239558
361712480
254230110
70401
1743553
3900853
230454516
881151
410095
697802753
320152
707353357
394684764
376522
1830559
893672082
549826541
347415689
393911031
60496
618757808
311749
646118114
307430183
691241212
332490
518273
78749
5160761
394960
8139315
931422268
206940638
2004527
317464747
784470396
2399214
803582413
649389679
225768634
7163011
3300765
8619991
2950445
5348740
5785944
373865796
25213913
315359769
645137194
520579594
52801
42856
1352184
7917390
2943186
1940189
794312
2833960
471518080
752121
4554364
3333517
3906240
2426733
56527
376248957
481639102
5534541
4302522
976877
1012721
791269672
3580634
326965
4060084
198295
7089283
8515628
1342558
661399
5253720
2714661
3058090
991192501
240072
19563
2730656
3425916
464369778
9132290
86708609
4796032
2197838
998177387
1564106
1051264
695454411
988504423
409052612
11449
912203705
564336
886659619
740851711
3008093
250294286
236098637
355507
1851985
2663213
210867
152949
4032418
2787176
8225389
865566825
350032
97238518
4817151
871009711
2517289
1190533
41795220
89768
2284169
925370839
2077647
88458
2102016
4916595
3428800
2479214
646329
2846475
4059061
8330235
399855
2109841
31964
2195356
2344454
824583000
49156
466593831
1514352
7411574
586998105
7176838
1031232
1128805
1929956
5091
2552635
762077988
632644768
398632
150795547
510064
4092776
802035445
901676647
391612
50469609
2455880
1197311
958372622
644554
1246089
554358558
6387353
2252755
219757570
687684
721901003
2657364
2298531
8598421
1029914
1871197
401246
511200
564338322
932576861
770412509
154642941
940013873
3597434
284471178
6000105
1994831
235732356
1475826
536210
337099051
5853400
453572903
808590826
2235551
4916607
5721785
5182100
168405
4429464
693025
605107501
5008961
1788617
1055881
296787
167939838
4812329
975931381
3538234
458461561
2272721
166941
5618495
30173
161571
6292885
395592
7922500
659817209
554427
2330036
2612359
1563189
770825
3184937
189913
6245269
4906756
373570752
276021
687200
6452775
829255647
4647226
6387077
901993
123519894
1420381
3992507
301408798
1527610
939443
7599
2696813
2462740
3925486
749506105
2368116
9308073
909957
568428273
1044681
4111642
5173645
42538
71343214
270896307
4940141
6829752
856003053
1331997
4549215
4101544
5784107
588191783
615866
5363423
398472172
144166904
2016184
5205817
906742825
3889736
1542096
958218007
903273400
3724744
619294718
1473934
1271581
240205
2518049
4661544
3095906
128766315
1522828
25299
1135196
445350760
937938665
807753484
6279924
50515563
410498498
725716662
1692939
641001838
401141
139645034
900240
798208
5683359
797792087
1751412
47730
369409
96093
6864852
1288928
565839230
6762608
3243001
584831592
99856
3510671
113076
211829015
162800107
3041501
1173578
5182337
383067214
6958579
6518472
346076
1812466
200307
31744
800655
515738590
543312456
402187
4286344
2613432
218577767
805783998
668097337
405940
11928
923025
570527768
3573232
723967133
1469519
862850610
2649051
2866528
301341457
4138904
18743138
210515
785099157
8110891
137535603
4098966
139896909
1462591
6385350
404777
3862363
2646178
671068
417581028
3128273
720997649
28440818
450837
2175765
892971
6487372
688566
564376
266450898
765409095
247362620
3359359
262963
316461637
231253473
739437
18674264
1471987
873385
2924873
296382514
428322967
8024413
1223509
290054703
369187564
1391586
1083526
794574787
1713605
2043405
462381039
998625
390748
3165247
201109599
253294789
613080743
2502580
294762653
3885300
1223069
219226
579968
1831950
117815304
79262
5030673
4893728
909104418
3334065
7480746
461908296
499346
714846843
2687176
8337032
2039974
4494145
52273349
281557
2791294
408741
578979972
7323625
881017
5237028
85802
66877
2258304
4264000
4577606
374642
190429268
6263337
3456256
1185313
365216
991253
4752151
1434925
925816
62896
2945618
1406760
644443897
4597405
3759634
107560517
24512
3315016
725272
1011244
1440465
2110941
3730369
931569
479062
5605400
440730
171033
173019
110788539
2549129
250534
4811349
4667321
266213816
888770536
247837435
1398700
3713740
1446254
4439247
587272
1448445
544239818
746628164
34933
603285299
167981
1989508
829423725
551867653
816780271
6140943
724521280
9704354
2298336
6329446
561041969
214561274
613249403
1151404
125295670
2491826
2703759
4350891
212131728
503326069
139908295
507715017
8176636
1380209
434019424
307800
1499221
6745276
415269276
707353954
385423
1453915
3522905
2021882
773986786
1983
21140
616226694
5070843
723100838
2237444
234247862
675168705
674562535
829600756
10761
120854418
178928
419526232
244315057
4088108
2640073
42730321
6977928
315714
1058245
879330
5196594
297665
5369092
159820
879392
306542867
795683318
4858890
856654
3324765
4154637
109745371
1829134
8869989
783121617
263859538
1457364
1318266
350526
83347184
793477604
2265928
4367688
5037
404647
653633304
4877155
9773746
633088
5411020
506256
157354302
920589
73340987
998625091
7383885
4238728
5582425
877762817
2271755
959814141
385981935
7784991
1488276
1734608
4413596
889499
633986
279210
196903891
122779443
197437439
3391424
2918136
9031010
597302466
207166265
9001179
3737457
366122039
140503
1993980
783541905
1229866
805679042
2217137
3955686
744970835
1796985
16485179
2451065
6087613
1715356
8267221
998294888
5441
602541119
212050
3595995
939666754
775618128
1735880
3940944
956695
3399036
3397429
1643483
549517
4340101
325669266
1848499
653749395
5026390
877552
107528888
6227842
1202176
1130597
1110812
245032490
1601061
1013140
83689
518304590
556684029
144680452
489420770
1172307
4470012
480528
278932513
643722854
332835856
707956242
522933
5631186
5211425
7164868
1119513
219773518
621103957
607999918
6081578
85426928
5125642
714561
371470
524944596
6822180
4696
1140428
2713595
6815250
5084430
753799870
720896
1486932
6346146
1407895
2508505
534286
2957547
2489774
215433007
198461684
7029789
6789721
3388576
2483853
144711371
379986645
341393
3438016
2292331
2481193
2152865
72784
922929027
74051
6118371
1260928
1082065
380314718
913045
2014748
3359351
702588913
2160321
619548650
708113
3756176
1089896
697483648
1734245
197676537
1334635
102629819
4143678
803753
2924676
460541764
729975374
1649103
5528629
1839996
2264849
6914566
4321348
16551566
670959592
857688123
4138687
831415142
3290112
2578365
94590019
1903440
507412830
287770
23574655
40959966
4671361
3920025
1419862
1185600
2392128
317184059
202742206
13507
447797465
83260
3657581
671621
5591247
1111426
961069635
381300038
199026594
1564936
484052
78798613
2220960
478736
213961
357296
3245359
280251480
983637436
2140555
422394093
2811880
84181
1284120
897836181
1103236
1676652
118779
1381107
4390021
736012852
900941
2124727
3673147
182365434
1178787
183016590
3082480
1156897
4813326
484494582
7024915
3217276
4820850
6613045
384320
1722078
427271059
5175997
754143
711688
3354525
371315731
3730840
566226274
754208
5350615
929561712
1829345
1332117
3163896
393751847
182038702
965676667
222765728
116930
921061925
49543194
5443042
5368250
1325692
890371331
1628858
12686
3402296
805616175
271406449
664614474
232653
990362548
667060708
5424544
414030946
2953638
689130
737858
851219534
16880
3485000
882038812
6425817
1127273
5396241
8110960
3970240
279613135
338817046
4679689
607908
152716810
3154439
905345075
660460452
557902946
2585691
2376117
105645
2541972
4087250
5067036
1294556
2467389
992723
6756353
812116
680685000
4303464
20047620
331156
6834958
39641269
2842352
608839
4395733
278065
1121936
984501211
552438498
898215
867971222
83137074
965313
867245516
2089481
776759
529802746
327180154
915685
518832374
6730470
7842747
3310945
61027
582405391
789755
27290913
2545147
760263243
210568421
2590362
514689781
8824086
356356655
3453842
1005120
235753066
603321974
1924840
2680114
75778
981604918
92490096
869328799
83598247
862701639
7799014
154772
121918606
4808688
2232304
420713944
382430047
720055238
788654731
469923
3036617
947486765
253431900
229981878
1123474
1986903
3257311
3191734
2560455
614017
1184639
358356242
1030383
543608
3290943
452156
4382552
171656986
4990040
1045063
761439189
42424
7466347
315761772
3641663
4077935
581875
123592596
1114882
992251
3898332
740630062
2977423
27376
63291
118185
327583152
856901279
2024114
1143217
134206396
2374514
3804650
5805198
893917
191592
373462
1115613
3398993
116518
166464040
432598639
465645974
428422028
618684116
1466384
839294161
625502140
875490
558449
246042
175114164
788084768
3985653
2091501
491523
756902423
602821876
4669919
172848
774387923
474393638
5794399
649549636
6610072
200128
802029
1579294
1054757
988307094
315482
4486591
772934868
544913
211357
4830403
740129652
3347713
1726481
1321526
1497253
643271
3988608
3157584
420665412
431082
755997
5936638
761307982
5358321
451371805
480452374
366078095
760776
206381
976569
2319611
1018553
1713582
357103794
791721
20606457
289869
7749019
6248116
4343313
2518587
1155391
5543126
902107164
1430416
262501905
82416
3274438
830527710
2165105
254122210
1863973
3315424
8063944
8381648
94536
7263337
304505
1269826
850708
5611756
113625
1778284
825802198
1246720
95602372
2289
474299285
500819303
4307643
383606
884919248
1562960
588008789
3103423
2317568
36983162
1502893
3687937
7049251
883799521
282051
840009190
867618
76760
410906232
968869545
557966006
1399463
580806583
3916648
2553676
140430512
314428887
1275793
3059092
2655953
250793048
949883
1163826
582396548
897126757
6821619
3734991
4788689
614812
331669
8727161
643765
523061
2589896
404563
161187
910504742
1077116
1976771
4446592
1354896
353752784
735648664
1105803
813705
405296
961249
6147252
930728
530998775
1213113
3089601
7605264
3238551
565115
301890
809625222
5126401
890319276
1674917
262089
677461998
732712
730172589
2476716
339951
4130399
204656
488355461
3841134
530472
604612480
189182
906022461
2538511
815620
674794439
4322832
910668
374186127
385447645
221584686
2114626
3742191
266528759
303449
1792917
406617155
93
2057893
8874517
776327516
427881430
1874587
1093775
5906460
123683
342599
1932837
1014660
717928
3688056
706439144
480351
2370928
134255
6995926
8725401
99016031
307017
962212250
273388757
4997020
800582734
631587016
575016
3654870
3648030
64062
388225
2587249
2462241
2875133
6016901
5379152
671311333
1484878
1057991
3235407
4682405
1274715
393156988
3226133
5812500
212577
1400639
349786499
411265490
390151063
3857361
1125465
4938768
337198716
268774093
413176
4809008
413370784
6911281
101271
204413
843787
269312
455977521
835275608
241354876
1011955
964827856
55692808
448352
1577437
2837828
642356222
7560397
1289401
257059839
795392
203495585
1890330
1580202
658329257
6738728
654787
7062924
5739149
814246658
619223212
196325643
1091600
8058579
1856128
297632
255433
848996575
986857
3036621
1889974
1849429
638510588
3682014
1666960
408089
338368
1968244
263531
606435
55048396
703241631
3477443
675264724
1242881
123858552
59536206
446434079
1389262
3323972
4853666
55703
2191456
7299630
8402312
248962480
863040
176426
1227331
374730
7378807
8767
41455
545477946
65058
780210000
1427741
2568528
361551325
2142424
1471791
195622
967414
558045567
18134
554746946
6381959
1450290
121126
12619
436029
6412699
5992973
5383841
4155655
270243011
5825359
2057302
252921
1589798
2027494
2774372
567552
3501315
746572
2737664
957393305
712321
363435479
4026600
177435607
6380883
728536
3355428
2403956
3884248
2803949
5449504
6241408
5837663
6326496
2856838
3464416
3681668
54661735
2861862
261127991
877818343
74153
181365813
2054998
3624640
287752
3938173
134348547
292375
2066672
679195732
5878261
2979930
6092834
4207872
5439495
61355368
657931
891150
203333
118026
6807490
188699760
62478684
453129
147
561211665
342857060
560265910
107294
470899231
6431363
902911325
2336114
2920098
7806562
583216
1025652
562626633
439440842
5020660
7118892
776380
5805724
1290226
5063864
3211237
620055965
158533708
842953272
952061306
2000303
1404704
213311
4513835
46136
72722677
438669
2077398
68653318
785359230
3301438
236787491
3705626
935465706
632849
507155261
2905928
5033440
349561
964265
522334419
4464905
4565771
890926
648340
1885889
3646510
52914477
4802597
360369
173400
1680846
333031778
689340434
3950744
4498290
586711766
301053530
95177418
899758
4501061
862013182
348169
116377141
1826031
3807888
693959128
830817014
2456009
2464592
165567824
999799220
479252711
774864
508350607
380841
906546527
6170812
250886817
1917700
568158704
1548886
727712
214076
826120148
7430374
374581
679736703
101311
23158872
192690586
2549
110993958
2542801
2669730
454969
867132
1795977
160091253
655520236
2760453
1180824
923462574
4931335
555673
3702736
136560263
1246023
164240264
3582907
2951808
4632698
399774
6031867
435961
2142073
790095
299495883
328993721
258448
1630259
744127
1869878
184120
8402816
674861176
281546820
886944179
3880396
565600
322965
79814200
407757762
478274
1399953
821332985
5273981
2608687
1621432
1361127
548028432
8339323
5485632
230197
933961873
1182802
7954461
687080219
717169377
728403049
428405048
5358058
91884531
42664
953781459
779453746
536657208
2743793
2316
60260791
695460943
2894081
31105
1004553
5964253
9003081
1030177
1613747
6431245
525841
807993927
2599241
5275773
89902733
607414055
507847998
695008
1417660
5080846
526237
1070123
2240001
6849519
26568
447604599
424270
830364427
3499479
2056278
601187
22472
247388664
3404825
215527672
2300268
4061762
1820100
3654631
2223662
5489598
5806470
458997687
1893697
204612
2625340
33100
3892876
206971962
477742
243736945
62759
205114
954100
914186152
285282
3902036
3728846
956574430
824910979
1058335
59896509
547676266
8691827
686107511
319672
2163156
663481
142562904
2476565
6686089
408449679
270435154
1400217
218191
532201127
4445008
86660
353286199
435906
352232
651597
2009401
541100
7282864
961348351
5462592
64282
305876318
658115518
916948
9220553
8384013
2230889
65558738
5506244
1862068
4721148
4654564
10784
853123511
350792081
905886826
101026908
2358166
3910270
2297857
494828269
4869461
1820103
204973
384162048
6094064
48513
3245321
895953603
2237755
3883650
248509
923444869
293357884
86714
1329238
5308828
3135536
907182676
1287606
1278561
434857
2269201
6109636
1526835
476451707
707247885
1977046
867409779
786004
5776165
918423
168315
852337
66039
2103717
570370
289523476
707675
4075327
611444149
591130
87846
80105354
4151164
5210245
353168
255357585
185465357
530906410
843527
2120576
387687
3853804
1687410
369544679
139766
387085
6446584
549368
401756
6005239
916268015
589383
729841
768826899
5142587
786668
985257964
2126825
906506
3970045
499567
164411105
607010
11107
1182782
1832057
6157440
3923155
559038015
948302661
386997908
138517395
5015510
2744303
3499814
3547336
3684453
1098551
965742460
1968821
277528
627742634
6723740
955723
64726
495388
4803649
4811737
2865942
953748750
2950746
880065427
524588614
200375616
4869811
7360002
168521703
1968612
5368222
742797
757595
3976303
2641981
4580234
174321368
485658
713247122
1697959
4004550
4291094
1388044
156898940
1191598
2988831
60082
3043371
409542
308998
2364653
1910376
1403674
713161
1644161
991146
2453771
723533
4415255
73606
403126115
595956
3668393
722165238
1630136
5715184
3177632
451041
40990635
5872123
4489928
4020076
422368
829575
846716849
6302185
3486395
5636367
2505184
241766690
4974517
1018146
4653762
4500331
261873
1573209
6064707
528215810
103906
3884972
9715103
2624244
3037083
2511158
5394064
61186929
4814600
8946424
1870355
649319
7814051
58347084
84327
441788162
552986963
300509002
8085129
1136813
659703823
5303846
85343
281136
179089
292007497
679502429
290607729
4595589
602377714
518404464
3338050
108618827
910541
677942253
210698199
954664587
1494017
4059939
376640594
17350415
1012189
2143416
7217168
1602801
3857516
720875924
4398346
3146973
420650
28487
731227063
881591036
658049
8423524
7997480
313989992
537700743
833710
770145
3135029
3526381
467591
399880347
7082467
350855443
5147853
5203018
7113423
2171863
600734626
442518267
121529
185062912
3651974
3611124
495084674
990902084
839505189
10990980
517439
4008633
217024
2492274
438846322
2460397
284132032
75605305
612580
1593449
695073666
931783932
5859400
1283501
364827
231651518
4939984
1497142
12105
536025
4907868
134906940
7346374
3124089
133197
636567301
939615941
576462759
3411739
19855
333702
1644288
467591774
9421726
1210984
1137284
115960905
157528516
207200
1
771393966
1589985
95848
190970583
409484720
8254069
7216761
471572796
6334777
616634915
15426057
3856052
326570188
730988
2752525
5785359
982292188
4923248
6172126
468271367
995478
209286
483610
4441843
960417
193997638
518809
1762265
246615138
3863195
851911733
823280810
1080145
681436238
539570917
3690795
904067090
2825982
8333215
610250785
3860947
392614
448632171
5035182
244999409
232158182
657624
137250
890118286
320891430
299439736
1590642
584325
987483
489197236
269994974
779023728
411694
3438387
333373
1067872
1507446
840025674
358289
9049717
541384951
3961085
875664907
942875673
1853125
710081
978385
998204579
4772229
254395147
1482655
1792676
748960960
9131
195971739
35882963
6327191
1734445
1367620
1210711
3092526
840961760
3320544
150269
698502
1061134
4635
2095472
1203561
541647453
172222165
8028556
5975266
994377143
508204405
3435723
556006045
919411
3890160
1054261
654461923
324355069
3000631
605228725
1404271
1139626
1001365
2640624
112715217
493700
3126513
1590661
244760385
289854292
607208711
1273465
333208820
4472136
698660
2579481
606534422
815933324
996755571
1426776
6638204
4043188
4112570
2120330
159873
827077951
790371
900283
401243721
2854035
934196834
3603601
400761003
2205076
546110267
5642928
277936
4134871
4753106
379672
4388625
305620530
901754945
354770374
265073
848809467
3582216
4959483
1559283
26136814
5775381
770461473
313522731
8445804
3396829
298194
2341456
1088528
779815
4343617
6241156
1894475
207835278
3137564
728355
627093
1316977
3434661
357099757
1030016
7788071
6315948
465442
174519299
3898077
3973706
4154890
2062792
67979867
7355280
380248692
649059
5532984
4850272
2606724
2289429
467532576
1552701
960066
2753
88854
891753731
1864510
980806351
675682843
878277
1741194
189645130
663014653
674816147
560277815
258228939
2679109
788752276
279399365
1101732
3557152
400972098
3322804
809263941
340009
1932222
2133597
2406021
2257281
496009751
2836789
315137370
89210465
2264588
3129885
758139
2888161
4225912
309312
736788839
681248001
354131557
699693144
925121
4444079
1584619
163796
2701737
3098249
589845778
4015741
40086600
93219257
560492
2831357
4415527
288237
171641517
182618323
464872854
697607
654856618
733217
1669284
3492982
456658
1252804
1765440
4484768
614585109
2089449
1199031
787133004
759718
59348
3892028
372609583
4383345
3663629
1009102
4480595
596612
5524305
163656771
1953776
809812111
59620
196534
1400094
4169272
1414245
4671937
5896491
6870709
1788457
231012
154994409
237826
2216544
3887613
2876281
18842064
294165208
701263143
2891179
4383157
3964863
14450627
721436297
348221
314097
1079164
393160
884919299
7593207
5056905
768594086
2840893
660957
377723
800864871
1293354
2817656
665483
970017446
438651
408464196
2659908
1558642
2509074
1353465
172933692
907045696
544378
963328602
3490417
166429838
2711157
1450236
2406
388332374
74209
647237
2415206
973192492
2062482
743594940
6245646
182341708
424805132
2418280
3023206
85276
168034
2928750
16873
3237741
689811276
2412778
3145851
179196156
101812
772593749
967403
2820215
1208961
1736601
809074080
7678137
1579941
3537953
912077811
2721161
6240831
136419
1429064
5827252
64310805
286540
8077777
6445344
875637
594261
3505336
132874965
4249203
1548457
167076364
463521
2946348
988401
2357608
400316505
182250447
4282596
4773292
2011132
88376056
3564961
3006928
335883394
778983
7652382
639918
857848917
1965054
627301
952277197
163099380
3002118
193387
108267
561441
912904663
2653808
221209
528688450
523348
1680345
205230
2044233
777500354
4191040
253495473
157937352
773600164
741930684
171919
691980226
347077507
742784302
2125441
73299933
119985
574782441
2742080
2321652
368296055
2734878
401998
836878337
706169135
132520
619372127
1212896
4645887
930801
83341
3945289
2286153
815340932
1592444
895794
2156581
2245709
1847501
252678078
3341562
609391423
77489195
299144
902022
599896
850142472
1779085
477489
1036697
94168201
3253453
196429
731536645
938891774
39129
3063134
2945889
587107
4850617
4148432
5269177
849243880
1129826
594371998
125071
1618944
445525
4902842
540676
293782376
4778849
327590587
6540615
803704246
3312909
323975070
565651
1212938
984226
287880
4598757
143045150
837944
1787476
5032365
244272264
4095001
122953
3019738
279475897
9751745
487443
570243231
2530797
2086567
3050314
3319910
5249850
681547
259985151
410482963
340008586
695477904
4741808
5614501
2133317
975790637
5837484
687020381
4804752
41399949
2542757
631873
581624546
580697883
2807739
610003715
5996487
2449966
376894038
7855943
96653263
2321083
1699791
35547
388436
936384
2433942
604304
585749432
2437247
2898857
5637346
1680522
69582674
3202660
787877950
680932
665955259
2464134
141377
842429379
1855634
3845331
3368212
75469
1613794
2123939
1188472
1027796
184175145
263480
684311030
1721715
332688766
554210
30779
431593039
2557466
330327998
307224
262460727
900088800
6135849
8015388
560788086
2994543
2994177
5542378
527152177
684947997
621446
489347227
617615994
385561
153985853
1827958
204055274
181929606
286575628
67940
2069935
24148
3076633
341434
3287633
1404946
336412
2855412
640311
2779904
548769782
1767126
872009
836062
688340344
3752704
504845
1239889
814520
97981
830791626
6552390
615492840
2868760
674992390
440010236
14574064
367927361
554272
6604551
514658
1143556
798091
4151503
4668680
844347474
369535938
811496
2403003
7228961
442919860
177383
562792
973177
6073021
22879
876164988
4409518
309178054
498021
734088937
214885386
6553365
440345
456438736
623134
395528314
4783570
291691
949504110
423562790
182484411
1738218
2659360
1471419
3678904
311707842
2664256
591987459
4800492
987013809
265009340
987241
1122848
265096
2699084
47679
3479048
720841067
5761617
175137
100623
256635713
533300
5487012
176031
1019056
1869955
873195423
612016
4495837
39035192
617985528
1784184
615216
283250016
3114787
3341185
182392603
1322400
188155952
4421137
5662382
730725518
238316666
5679959
350389870
616850008
837432
4950710
431682451
4159002
2417499
123015
575117439
3337507
1629880
471827
2180164
431635
5554677
4225671
7481042
348815709
6254824
904944669
409100374
2472079
3620052
1508196
2094464
5422669
7517410
313101310
874131
4410628
274596803
487225
2112537
4089054
221854899
940495220
3328025
742891
674738731
34843163
680835289
364806
78307
565037703
361477
915291014
345642
889419087
769041
2099563
512361432
1244253
96315
43750
2574635
1811403
429321506
218884832
2224253
6882
724210544
3101721
3501762
417797028
204795417
834703
5792784
599231
396606
4148792
1825862
768986152
774690
2220057
6299429
7230231
4896456
11581074
73546
692983617
924993
2082617
652954
1062265
577517
4772439
4121236
7036667
6237259
3488293
1938997
1285358
391136426
776908336
254806
49074899
240426013
2981784
286639523
549405
64960
2257853
5148241
1032167
1282325
5207300
7220169
440514982
5654797
597349727
443136
681788
112486409
5941135
443001
735735331
2928751
4050243
1241440
274056821
239218675
1512449
2094227
1079206
504655741
1259059
539960553
1154405
220054969
131881
2148848
563526257
483240559
1935542
578724247
480512
3108097
647485
1047957
389376
278797
633070001
867728056
5487134
908593
867088
474990810
82763
3478225
5549771
207210
684108
609513
756300
723314964
3729095
726029954
3300841
84541
9120484
2519416
3411481
757390
272742407
332406
228053447
33829
389748754
305273056
432707150
2207169
1614596
38185999
160229
130320
1763178
922891358
571186
741946325
783501357
390694
5988592
95631
5281321
8962510
421733485
194595500
591657402
2332925
579531633
2633805
2004919
119064
1604063
972996157
2296702
930116788
1325889
614302683
422133
280666437
2144470
7669080
5662442
839057632
533887989
6637486
3140079
2076931
957320039
433875671
4905503
587692
929236
3897433
2102557
194491653
1778599
139287662
1731376
49113
856291457
1894023
229108
6162416
2901713
8096704
571532277
517446326
122344229
304274873
339024
366487
301456
5840801
223562410
534287201
198982306
4175784
4495659
2062792
1430804
2322560
8290269
999961623
1255084
629669
7173635
632231
2295518
483695321
1918602
504422786
978056408
245471006
1062448
505093
6678107
416721238
323998116
3487556
767305
804455104
815480
3807655
1252184
3537592
979359
191669194
659164
3160696
541165603
858676548
7694025
733549755
10550
5337976
861832
2942370
151132128
117021151
4629376
4352743
843853826
3397869
882779704
804481
6398641
290501859
4223967
391720406
1862986
30153162
1913224
5050590
2926379
6730893
1211001
395291218
4732281
865
2862876
582895728
2403183
905244593
476479842
1716660
2712001
3023130
725492357
862226092
533458118
727876
210356183
221806
3319921
3473830
1415498
580521484
376721
414778663
2594194
3116361
5500080
1827936
1668066
855421346
617227865
6068052
453757
141449423
1647855
55205
3008842
655392963
874212975
1673069
379418
234603637
4271376
4493037
5523965
252239
8358857
811653598
2988906
265971219
836936681
7486512
787080652
507849318
2841522
1965
2773611
460194537
775154785
6961956
335409711
4874040
788864
3414867
8408310
3266496
37522000
1738271
269792
3604436
3573986
3904240
1957498
628311162
7747369
171482156
3203070
280722338
338001
5096052
78356128
488011
466247926
226413
336825468
122081
2388992
3467619
928412859
1114392
2462734
2041802
2361160
2006461
2204144
160962052
667555627
361746
499861928
5032484
1079977
713223595
775384187
1148526
6223784
4547187
1484880
346783820
643899794
3692889
712397877
6264620
256281261
714972
5327669
1493209
5091732
1687972
686861292
1669909
2074299
143722645
570172
436051
661239188
1912226
41564
1324648
571130
2482001
2450392
4618409
6544869
264565142
683415
688280
3475752
248726839
4815517
274520
1678353
734749
260458465
4386085
221982537
21614
6965160
3246573
117021399
323975408
1282771
2754989
557648986
2798645
143623441
482992485
230483399
3605704
631731154
2043234
168010653
3810768
671509673
5023278
452703729
442086
2064178
4810817
2454912
85748
734987924
4302281
589331565
3996649
502706867
906569
98554
2333611
5465619
767187
1272916
5000238
378316
464674721
3584722
3955701
604721418
4812489
9466896
809880929
657352374
798385
794747
799066
138384
1520326
217155021
5698368
39170
4516681
386382496
4950469
3163377
709423947
841609048
1227145
3033307
825165637
837232
1441783
4088142
874288321
4633077
70535
3109151
778564374
3401244
364718
326961
2150800
336474672
7968388
256026412
3973006
1433563
1883470
3018850
996030317
170558
2194233
