3896640
883285732
2392684
991245904
158290
79486
2747845
585957381
616967663
393452
3449566
319879
41614
2784361
98993161
371949
916410773
662617653
495411238
747435181
149897899
931911417
811625172
656177
574575988
661047
1931396
2995556
2609609
4501804
4151962
5484732
2033120
763227916
60972818
2923984
3724475
7465881
1245289
646320032
627614
551849
28812
917698816
624487574
2053908
43636176
526026714
38178
4003744
76802604
2121551
1434718
455924837
1946911
570586
999566004
21079512
151593973
710784239
197865
1595214
5859708
263365574
1185219
5611756
3322086
411624606
4960353
1920668
1097229
31949
1427846
8851290
4599808
1082440
1187957
1646124
443788
247607999
152456073
890380759
72231393
385481256
1515826
887604681
1312983
241901
48613246
525091
538347000
354055048
83173981
164605
615844
514677788
136837
480997729
2156939
388100
316373126
905075
2153901
471156252
102896
5503073
6621392
7517910
6038142
531028
4300981
8650656
13366
1641594
264625
2092864
517390119
854436
3914219
1559495
7487460
5868783
354708254
2557640
2650352
1712649
984988
920536
389105414
1417249
54024
2354333
1196144
6158370
524580039
1479407
657334
204826320
1652804
2006651
1593922
3779496
610212352
449123752
9795694
1341891
69282198
127592483
3217634
2216054
943740
322898515
6876885
195538
899883073
8185122
4802016
846753812
358029
2019381
972437
5104375
81498904
2115991
316993585
8275222
846417526
831946943
8059304
76000
117624
645843
171990
2103424
3818209
4177464
29169412
100116
1267733
353912
238082
358015001
475718807
39364128
542653
516734225
897640044
498672275
582975
3859746
763871801
3982321
834262396
964739859
2948175
338144810
7741154
187807454
181080953
407713
134850859
312097
554546054
545736037
4640475
4763149
649195
7736790
415515162
4528575
1382184
431772872
59392
3057848
439394343
12086
9538897
560451
1414533
465561936
4720048
595865676
348057971
383153
1708327
550728083
5291985
3247084
538337881
900111042
6967964
372813201
2023808
97542
332721
728683920
782668
2104525
6699910
669852
1416257
768567
22222982
3859030
5059616
636467005
71685
271572037
501910583
3437792
772221968
969777738
675085676
1134003
4596446
208515467
314144616
4760736
547263
187642330
795122424
821003705
114953
5407501
160700862
1163100
46323
123424
5389509
723471099
701039942
2312369
119232
5330845
801007554
409173
498354
699901875
532904089
338301
232096
5287382
6868373
2564464
493137209
3168002
4630297
2603469
5778396
2135299
194211454
6392128
1313457
660936
688972836
157244212
4629966
4550152
4240933
1218208
524488487
864476143
1026187
206699829
393840489
243839330
639073
43203998
345303392
1326267
727566365
3675129
3366844
3959585
240144511
3101589
159937063
1296
1312886
5141578
525565342
996486096
1333135
5470451
6603373
273401046
1926694
700036
5502861
2273459
6945587
842768866
913587210
2521584
2970466
743161
3700029
1630341
5805639
1937730
4976855
983608
488146264
2613300
2090656
212865765
1583401
554836
148766
497000
10964
681991
2506967
1445590
3170046
3191904
1119232
5831992
1090401
2009981
613959791
1018278
7388863
3002740
5268322
312002251
1545138
1983970
4872727
139316
1212809
4248856
921732833
907854477
972475
608136634
1288885
197116
607495039
484449
5043544
2616070
1570689
1226297
914642551
2146008
858778
18327787
887105249
502426936
2622632
778341020
5346216
455178455
1236806
269509
691970117
5339818
4424871
1182550
1913731
2012949
414592905
7157375
980583
699478139
168799
50220
4843456
4182383
9357049
3969258
259633895
742351995
1524744
1595782
1185808
184749
585340129
2144185
28341297
332313
451343032
367584
5872477
384076
499969032
203769954
911496
3371302
2193
5019078
940743280
20337198
2277721
15419
7764340
7564427
1546273
1249040
457457429
30317
3442495
1827340
541951
3363795
400751485
152971
2897889
666442
950560874
1278153
2825991
2367488
1892896
506641
482565897
3377152
1143696
2378469
481283345
800123
4714231
3500557
131923
783800594
1267529
6067467
366371261
984841
3346273
2102861
485408039
139184
2481584
310311611
1194072
835018737
1187488
40402977
4162032
460741018
662825379
762695
1183535
2470435
1067273
910243122
232444
5359958
629776028
2149835
227930699
815719460
5387187
56558
4825704
7791831
5755543
526041289
807537513
404530
450674697
150837884
29066254
729464225
789722594
3023220
1209048
1170048
2103375
392537570
539713307
337580
62784
8948929
4862455
186212527
21280
190256
214544425
959241654
2282524
4181107
235839210
2376147
3532411
1709497
1538901
8517905
2349952
3513408
488406707
1095894
2822722
8200108
1220134
699035
19099966
624447315
487617
630460045
3940791
859512958
3145222
460980751
3634218
801562522
442006569
3521048
1627594
4076276
346999773
795085206
1529696
3969849
1549354
596756
821394187
966190389
353027694
310624818
1558976
68696665
620074243
45503207
1118748
536970
846546857
4950336
3627406
3180336
409094633
23730735
1247141
1175086
4162321
472718954
614957107
2210645
591070521
973375785
746235875
962901792
502336115
1417193
1205856
861528
482154517
1563940
138943
3909792
261998
28101
208076
388937
18371219
387029
2135955
2733948
3532762
7820616
561751230
1513422
420279141
1709426
7058984
6736229
716820837
1173814
17547
4192141
2443417
270323568
801318517
4893564
2519104
307451506
593711705
241709417
431085
4400351
217488
5603521
1819700
199162419
2188971
1547638
75997
757953014
2760318
1826645
9336883
700418036
1381174
347
3641957
1028536
842697222
7668466
2175937
3579395
3874143
391311416
438768337
657724
181894998
1676376
1110271
4163939
836885524
951709300
729550
908154
259507791
3047311
956695843
773668
3152796
3352706
409659
96558
3371445
195203
7500841
826054571
1222924
2825498
8437920
363387
920526404
783671487
6631576
773604926
311281
2017969
1100587
277880252
4486436
525811041
3874786
225336073
1573018
315289146
952425286
2090159
720161
5721471
571166957
523890666
772083237
2137736
845147828
541848240
4677916
751780
3205164
100859475
5970327
729925
2164473
949138
182770
859522
459509524
425366661
4955709
181130326
383615913
3644376
1360781
2025093
736831681
437695
742925755
789892949
5301029
517877946
181533
7646923
2768911
2284881
1685297
5354214
9568468
200303000
377145704
631784086
2956870
200992099
1649800
100604394
2506818
1083711
3000873
165280
5337972
112352442
182071
710849956
22532
3424286
1168649
1658286
3450303
3763392
4052771
4800214
622629
218826871
6730306
6127928
3684785
823704172
972941431
550420017
517191994
731836
526348
1891098
816411
879522036
2278316
3816884
2304816
747528
3272161
386181859
422768
2489082
513736
3709845
100839
5063881
496312517
658017371
5342865
1724734
3956273
1096014
4648485
204345
923900034
4991245
392533330
3202375
4113119
449712240
888967296
4812999
4478202
5179425
880404
3928976
912439424
2245874
5248701
660786
2005376
199570
266694017
675991
2330925
501229
2791296
191136
2533609
39199445
513176623
3263084
118473
874604
9415469
7179033
5269480
660685383
316555
1627389
3223224
764674879
49645488
3693763
3910823
1177792
5113037
1264573
1125196
4565654
952039362
637885
264593619
3093967
7225486
2361815
7190162
3197860
6564602
549381986
3316643
313808438
4244378
49689
343055
1547497
1304480
2219963
604856
776516
1207237
8980455
1524537
2665629
1919703
852308
1081634
1951307
8131414
2463777
303915908
1008998
291051
3856768
4063657
599582324
541532
361063
173526509
685001
6009303
30171
1933389
1828889
6524774
1278871
393489792
1099848
8184
1140940
216256084
2795889
302920
1636962
5235595
347550320
5590384
5134590
2256845
2864871
2602340
1085734
2981875
232414
2046774
105244
55425
2285011
990078386
582307166
380681094
2198736
2531169
848453244
3076309
2071033
423473047
231262
231743448
435340159
85552
31659881
931007735
2011913
919688797
1454461
344597044
517833599
1506023
45924823
3778867
2896497
720737
423751798
647202705
364699
284939626
3969600
8347213
294867
562069724
315992824
3017
2434920
324995735
175939
894427704
801327179
3752884
2846927
90984632
3161716
3054728
1521941
248943805
2223385
4466903
9272491
3230460
3012544
3839679
197200
167820249
59679
2844261
1007057
684337818
5551018
123804895
1649724
291425
617024991
230463
607074
300352
3420284
925271
62170462
579351
6133247
377784
181118026
2296924
5206905
1368340
357450
739723948
616769276
1516156
397432944
1076109
3245340
1289059
5410432
3299897
5378
735437
327171437
813659283
6107123
3706191
750886059
3297519
969483079
665873
1347046
1106557
722962804
2062060
4809208
874884
2700882
477083382
2440555
387183540
2818541
1846996
870006
838330090
5038885
3787553
354056934
338670645
609132409
155136
169970
3797810
793240858
1495701
564232444
374878347
834873555
865374874
1531518
6379430
180513
394460344
3541797
966800
2656847
940628
4608297
181502
2510632
816457
174414327
708463861
6691645
3386575
597623
1470304
746783941
2525974
143046
779906685
330318237
167412816
1525875
2347277
1715257
2212412
846594084
82269
3443801
974287734
6665074
866557
5290000
7561440
469020427
1842651
470679015
1722965
924020177
8052784
5329639
5316609
491590500
7697656
239688664
566415062
1367401
247261175
7865303
685616
293076140
549345196
126938
3876455
433585299
2536452
671977
174561
3041450
2797536
5279537
1777005
181910229
728465
657576
101111570
593440
797518691
8260680
196117460
37589
347076775
6454723
3583871
446764659
116757592
523118808
99626
204067029
248513174
794378729
378582
113906
1070801
3019777
890232
1055481
208607
1489157
2586282
2091958
191438833
66267
891154
266708
222571
687290222
4942957
4891195
1537380
300878653
36064
1314193
2965102
2241077
37722
1582101
438531781
788548931
904927295
1621084
2407579
4126578
707041882
6798904
463916906
319386696
845483621
831228
61738
223279
804892105
3561369
93668
736094948
691294994
898400276
4580177
113778320
964715
159774371
664630259
1113716
3846909
6789368
7110301
148744
711896845
1606759
811649039
936502993
496887717
421905
529709313
14485
3188281
229926
1136004
718576
998005908
430448
412268615
1036386
220962
193620415
104976
3743143
4950652
391261912
1504134
15129
4828881
2879933
364566
860077623
4781824
1449779
9442535
4116385
2005299
656043
852871
867807486
775896585
924225569
750453
808457981
44624602
384098560
980381711
924208333
734723637
1361799
984817960
135988
4001177
9196891
1961572
627240621
2012779
18432
5717939
3901060
165101
102124515
391735
3819235
918234713
830179828
100095356
3996719
7189134
7950048
1250836
895993072
686364736
240730502
5084132
1080181
2140115
89595
5989218
4584378
7974623
318842967
626936
259903099
1133326
5397068
3322609
295150
870537504
4731941
601712997
923640
961453291
422707363
6175171
580398245
753428129
867246761
5157972
5163625
641350330
2172881
217446
1678417
1348474
855225386
2811045
147342120
1487447
578252228
960248
363660
3347943
1660993
136126023
997499383
3170278
265311651
592539470
3590455
5510025
757344
168869
990161978
647245
936856342
34637
1856369
297542
361074
539879066
322125715
392778753
3112033
718874639
583235912
1762023
825415
1815496
86533149
1916986
956852969
94351
544040
675545164
1113964
2828742
3271375
237413231
4513452
598251
527338496
6547209
407182229
1958780
6004090
317207103
81470774
732951238
2219236
7350635
635655514
3714226
4056115
3722097
322330
2333593
275661716
7419296
3217806
4260358
361481714
3506918
501668327
379025426
2001286
224623
13762
899260079
1508697
135075046
8484523
472976
104715
969595619
957918054
2248093
9622204
1558214
4315396
3551313
5469121
2912376
7810940
2538999
1057750
4920556
6033487
1661625
854853282
3016136
214157129
13468927
3840308
638931104
613663371
480650
714618995
5874373
2429635
463126114
232624
668981452
327652523
491925385
28629
778508982
251120
463486
2511092
522861992
37976
1798439
3385257
5145469
3669334
3078604
4855351
5155211
2730092
428469930
2022738
175337756
2241490
466680751
403356932
913920
3976356
741927873
553921
3526340
48524342
2005161
6282000
523847778
2029483
3784375
203233
632964541
1275351
783751
2710167
1581276
732649
5480342
8616512
879584
272006298
142061
1209520
119302915
666234
242782425
1757560
1041983
504986427
24226
836622993
7613500
2865432
442579359
128964
506632
442117267
821749478
5156046
4430160
3739023
127537
292076
430990
1061847
219633
30292218
296951139
79773
432105523
2104092
3642625
781520
675420162
894537
43213180
4967188
2624196
467481237
966797225
611341
3072231
683136664
304776
938438
6050578
3769245
3695468
1347158
5539859
1399676
3700836
153260
46036
3532815
1008653
968746
20665017
377031
465429778
143573
733447006
2632720
575581
12201
3591241
591390250
1278448
453261
11626
4454232
721778
3212025
210511
246386371
1516547
6815067
3687777
863535431
5083003
2471712
2119061
61681809
1129276
601537295
88191413
485448
1736470
4136440
630632083
378841
685918
3024398
694684459
59422445
949875
120768513
6587635
967554
436693160
2044373
75145279
5085738
4804045
204583297
5718316
824825303
678899844
696898761
909563774
760847283
968727429
1395840
276606871
37376
518378388
3212097
1018248
5369726
697203
549280749
3139984
710830
419195842
3094617
2114337
879108299
902288732
2971913
282874074
28338
1536892
7222123
39772583
826554
855009753
5249920
624852
956849
6952505
44411
3034100
1475160
1786797
6331539
49701
3048564
2558603
625915355
1968313
4978945
3094765
1184854
281645772
1103413
331965908
1090090
2186347
2251272
6088952
757352443
621833130
168950390
541203996
4983606
862092
213481
1475584
6090667
3071735
563615
764336
1448915
2532886
905610793
304542430
5244760
3852234
4155601
1743284
5756221
3614290
878356
886425
4013109
1601174
2310799
6163207
5750297
1665291
5320770
8284877
524273639
2070506
1873316
3712219
483486207
176717
1356002
114457559
604928
1874357
2125764
2071501
5739493
653872792
23884
3135620
291405598
599899
2875041
873208688
3323709
968573803
604850
3009734
356493
2861408
547300
2751451
925341944
868095286
1704949
119965717
1304285
3764233
438247882
155105820
262555475
996264
708993
244882938
88560869
118447
3799997
906406283
461497304
1213465
4828545
39297491
410080
833160388
4824800
3663001
726896094
1099007
694656123
532242500
111029
2047900
4680366
445946642
399142957
3837449
5468478
870578974
89983
3657475
2995904
596608276
5160325
809168700
4746248
4248663
77871711
577957011
150436
577883321
2720992
3693228
4872344
104699
120409
303884
4969924
173703
73366216
688341
720828157
1395854
69084011
659920
6614431
897504
484328
1715080
697780
1804509
439174
633455295
463715
4803255
791267551
446399
535549519
2917089
4638711
815728455
3463763
7237909
6710883
2057104
509383639
233583
756238
19948512
1108703
110251244
834989077
3540591
261781
379431
643108328
1250335
631216
2902368
386310480
7783993
3695314
602959023
3143932
3656590
2361480
3446188
2700756
203910602
102966284
351973927
4603528
43114560
814153337
3381750
160437
24082
5593897
3724425
5990455
3598029
984832
2760345
1514700
137952
699077885
485413
193639882
3874978
2624830
26569
2547861
2079064
986002565
8268293
608342518
4036312
4436862
6456730
2439200
734791
7816251
400548937
1901761
447722291
599319274
1261840
689143827
3923424
754389040
825113
39252177
164335484
9456
6124261
976858573
131379896
292737
2477495
844039
2043840
217504
695351154
2395544
76097648
1871875
104461
2764500
11817
1892592
1570009
4617946
2944500
2959875
1919383
464463
897738592
5094629
1657728
829825742
747311648
259273879
1262795
125254838
715980551
396817
2081858
2029594
293982
882895228
349519334
7246279
697265
5718091
2224426
45568
3103846
4114368
1040344
2837495
323453353
4782983
781390637
1148701
1800450
793041302
1902697
1016650
401274
2944047
4799971
1150132
3044521
914276657
129361
198844
258355904
404049780
37539819
4920235
9520
796243425
1865196
4898256
8149168
144543688
16559
807603813
145231224
764344
540361846
3189774
869800223
281710
5587772
8009
50885
407794279
170930
4216676
3378101
985576
5779229
797092402
2440165
735750
128291
499766
4834738
1261949
168696
2339768
1977461
3157577
93943333
282904
137683
3416272
3046537
577994
2606592
4112919
2039126
139263
348737658
4065803
1283478
3398198
356645934
2335881
4068149
2845344
5938865
3519785
472096936
278630
793069
4009309
387964654
6732414
140002
3790953
985309666
584106776
881476375
174497334
5026921
740334720
636766
5690488
1893268
969919
975523
3971153
304612
1044441
6323987
1890828
5233814
253734
1757004
5319499
91472
2907052
3742674
657156292
812452394
7627455
6985576
867233
255901
1534064
2869452
4838697
5736316
129737721
999002
6075721
184111322
239504375
1317571
259912
187850224
258166713
614443
833098463
589780
3291878
108210141
301822
5856848
1378201
884685896
37985
3202704
408822
47744482
4374652
5453225
880264442
3865564
710811877
2941977
257158
1608224
575323
1102937
980655699
1208480
703528372
986689528
717535
13227753
926388390
1034518
909816125
525118545
220789
1234342
5999005
682503133
1492096
206672
976684
3061081
2501896
1299233
4373501
561115651
967912971
2996496
957273187
2166200
308641
543466
962401520
303416
243749204
86193245
837475
437496140
1634529
839565969
697288078
3212536
1954339
1387181
220944351
3763009
5260815
4016558
5401720
592748183
5660254
656434320
304484
755325
420414441
936524646
19549
2441159
262609
786842759
28976
3003200
605173510
3655863
1575617
89216674
471391750
410899097
347105
2349914
2951898
2930833
4930885
796998384
509344662
1201173
344690594
3458455
894240179
1996520
639905204
3137879
4089268
2002219
1190028
740852
3955619
4743175
2084280
2357066
388869686
2520851
687905697
198453676
22152
796892353
4562466
1878163
4205100
3920564
378973
4659109
2933797
3658946
676818803
5549054
2768554
1137929
563945409
589454247
1071267
115364390
6706487
5316387
308509926
1055451
796504207
750971
183865416
157568
797194557
4646370
8366517
520013
6219321
438711
1049526
706762
3912877
824856151
8265500
879876
606701395
704394579
796953296
7222287
845454
526449500
150148
6083136
817412949
5981635
6252983
1936114
1908141
629249795
1613863
36694
4757970
2316576
590736
149989
89109645
1998840
688242
28662265
2073059
1687207
8271807
35115902
3679746
521990601
96630582
30394325
295960643
45670
5625918
58713
977127071
179045298
390265
568557116
949717004
5067430
173628718
2272496
794325
3074559
1970493
1918188
701333684
4334686
529357
1115788
6781209
808336
860468501
417972964
722855935
529392767
44126660
137872831
2424374
1077763
922423683
467794501
2580057
2081241
3724660
3180285
224006
654355103
923162981
1684597
3940465
729177293
6038417
5408041
4785193
4321
826454771
4279581
2095663
112781216
195328
305753831
326577637
850054902
296390
965976721
236161069
852211223
571735253
494874762
656853562
881805515
835418964
4480778
3506142
3611412
510688319
2990761
2162088
1867804
7873088
1719208
2095104
29416
207568119
302010448
2758007
1548522
1060974
437482
583354
156786458
436407008
1040590
796950744
69116
5195045
3425408
242589763
3643933
694123446
868512
1249996
81034126
322105
926911546
6582624
7938287
480142540
1635505
402253271
779674951
414510
662123
664832
4784952
385065
738889003
67212476
732021456
6415885
7601252
840800142
1107794
1877200
371375
6568487
1301712
4314736
494093066
7549042
3678417
4077460
1296956
7212329
149956547
822096343
1244151
484496765
583681620
2161077
664831
6444373
347704724
662560
194098
3484499
1716461
1949715
50252
1840838
311735417
3634441
2326680
1499444
163837
102684421
767543617
350721503
55651299
1476757
5604281
5748409
175896182
4962256
4221873
184463363
506748566
6307156
924158
717154
1533086
6650281
4516343
519274673
6954250
6195799
1626820
1057598
832747520
234942820
3781756
910644
659281
763092702
317608
235074231
497872
860445296
5427740
3467995
167165956
6126345
296371533
82083
5397547
3346853
1502890
1550377
928710086
1140714
2595267
55623
745192411
1003610
2823361
319224846
385015768
6787451
7743986
1937180
2324026
1613863
2613772
738266
895814
1028265
908938236
2523529
908376152
1267378
711874
120538033
1640087
6684461
453429267
1451812
302248
5308100
293984363
4534302
111576
5181543
572384185
266685
338154389
145284
5770828
1324653
305633
1293047
1194859
5232037
618435
9874030
554677
424857
941403
979506
838227
266759
574360284
1494666
511372066
610117
8821664
2079208
560093
1121440
656195458
1972912
143869380
825964895
3271579
535647819
1224700
745746087
199121124
402473000
431188510
6315327
808157
2271485
2340153
155412196
8291528
446876
1661368
7882106
1540051
4521584
753981221
2728300
207291
4323242
2505505
615157203
1705432
3405233
5396992
889002907
517690664
2909109
1461999
595011
2209768
1538989
73904805
3806208
3614938
540485637
2067529
3963
826745
6769257
2459247
348737628
123671565
4958608
119499887
632933
439684526
4269169
2661134
740644334
6039188
914430005
4274128
726400
3218895
2823489
2648044
5152212
998360739
391419
616991994
877834732
240999749
1213345
6081992
219369
428733000
1661570
5378304
328340423
5345946
806423332
858273064
776660
602033676
159980
6238244
752763
518989466
842659876
2574592
330321334
1321189
629822625
5837103
601054633
464122510
4180030
772478756
258314
188641
1887025
2872970
1754176
469727955
4919029
975767843
79164
755390
2850026
3581200
2834800
2875401
7718665
470833194
934374
485520228
623776
1078666
946659
329160
1247376
609066669
304
167390
4499317
2861368
124207946
4415130
636418
83413735
5812371
405961966
1746725
274710341
7670586
3340719
468586643
760332425
1656668
2607623
3416536
15628
1276893
2788301
1199155
6869273
373582
6140464
716940
435269634
2255854
2546848
888984
2943324
401675
7229611
6881509
5559655
918920
517936
5928834
1417222
86803
1869512
902477
3756273
721408
605231
5276405
3215153
5768790
892017
43168
3533552
717879
126279
170220942
355570
1674475
477440547
759082153
81956
515912740
1841881
980580
1816574
1487296
236181874
314582
6333804
2028402
121201
2064503
211271
138472027
605952
1081312
388527254
284421
3039011
686663796
76383
9486680
1873583
653305
1343900
288607697
903132142
964074138
502292795
2360718
249901038
314153541
695167575
622212756
2624325
455027450
789076988
888823714
144475409
1905138
1342854
871054779
8030566
3088616
7027101
749591450
62837050
4476334
3346409
1559287
160467090
6338485
5398648
15107393
762079
446363
531439607
393421
1348909
424692893
489487635
7647745
779737
1809953
286275382
874071
85581
613799748
4079806
4299441
940302009
4950363
248297
3511581
1571601
16886514
656691355
60006933
103388259
4792437
3307008
517674757
94552924
521800247
1295685
720114536
5200576
2051685
2193902
707727358
2544829
4846131
2286406
1604216
3267961
1466375
2468830
825586
361632348
2260381
464120
2146390
961570
6027684
916054319
392050757
2141049
17376
670024
686759419
270397924
837010491
925812
1660694
508790
972036
2048023
2359296
7778274
1938665
3509156
1969350
2460571
90803304
1963504
6162500
2686474
115735
2246206
129830
1643750
99348
794706
4478357
5661246
5159518
117406
327716
2073703
5489891
78525900
856516
1762678
872422946
2850392
2493875
5680073
674233167
730120791
991044743
724754
65013327
73052
426259661
219821585
241581
498190
972099
734182
595836
2251136
706460205
1143375
6775426
3446656
25002612
437553129
196545386
481180
2177781
740197423
2530386
3159662
357715127
273593516
6386376
3225760
4647259
5500453
956018212
315235
782810891
399572
589471364
79227829
9648461
1838192
1441156
364998220
277183
1651073
1070828
387229536
1837037
512840891
707254
748886
803060492
2517451
74101708
1196482
21249
2180764
2898206
778258700
889692442
947782
868560154
595390207
3346508
5999063
2613032
4344257
1531351
2985856
232584464
1226569
6005409
160989468
844650
1510440
149216
419479
3108820
694624
498402591
4658046
1991924
795452671
898802903
441098
229780
71687
6505806
76866677
483901
614239954
936528418
906225801
5653314
606485067
539073596
348164998
37582
671846677
582643486
4403734
494151
385345976
938804698
66445126
4430689
3231776
1426233
14308
288805
4358998
1913579
738163646
41912887
748545443
661559427
633873071
2188825
4983498
2165541
2165519
966714681
950096089
2113046
162057
327280
786265
3898259
264689300
965579598
782337011
256524587
1673896
6133754
1279378
4719051
4701818
248742800
1650960
186295252
6605541
838462443
2624348
1077
1821773
594883
295415241
764680361
670263261
805428
6181729
320951
15997
23475916
877733600
993674
833049
233960739
217649
43874
23780
3302951
165145262
749363894
955311141
362801
936430885
44264015
883791
4006815
2057073
479790
751326183
2849235
50506212
531121569
812221706
1686101
496123571
257185
675674950
1690500
822604586
3720795
4889336
177238672
2488392
4571424
3376071
527330384
6268544
590452244
3192348
1525468
3688907
611171546
2074196
2258913
592152010
52726
5116875
731756
801381
299008
2777202
3432425
5501300
2816356
641936
879305
1371607
470936
5823299
497539672
385610275
927055
4281171
480558308
1107640
3027539
2550553
514013715
639616690
147344
318103173
6167120
2086367
3452697
694769536
40288
473690
833087794
270862
356313259
455926
825791881
2070592
647615341
1749531
3088800
492950269
990749098
7727074
1135694
226182237
956127
21130
3174024
849886795
316313892
2553259
385285
5502990
694279905
3513721
29162
762295365
5041394
1194327
3942200
5543691
36385
253068
897857905
581284889
54135816
75169
2155977
452817
4066425
918769
5312551
382938
996007731
620605
837556
2635920
6339948
9091
1330183
316594497
98354119
1475357
91347330
5931966
464335
312151447
1677207
520954864
612195013
4489200
4493965
4532511
683473709
1916740
800341
6055624
4796065
595319289
798059530
391962283
952092106
1388663
473347965
4415289
879186929
3713622
90112
1146010
1065936
2378403
509474034
886871
889379054
62788
492298875
1426784
164384503
834439192
2802690
1924154
7485056
1635728
125640
3666052
225428901
627649241
3976622
3048985
117258
949281255
161152365
6649168
7762175
1305380
3914375
3313828
176671
3156377
131729994
517750
259537
373602741
3619381
182726407
234316984
549649992
1268
2195223
1996933
661696
72208
526480797
1113039
181122283
746667632
88706663
1930306
2767531
4652101
1022136
6607424
783589474
830837222
310012664
675200
485932121
636937
9754165
2455828
574537
4629520
176718
728472219
854768
4044642
2297136
3161942
1380191
2820910
843817
917798228
120544277
5832
1256136
972015
429849
900320
421565481
430729
328368132
166272252
261568
2233520
779415
647751637
1347991
2182088
1311661
1055916
717516
430352757
60992
3222557
980721
7282902
110085
7044569
3361162
1181034
232892814
415877102
750220327
423173805
721248697
382238173
6388056
3063571
153292033
23725
306519751
1118412
3388855
795127
3541425
337386212
147784614
1324394
504369468
7573920
4877344
1857912
6783758
2656720
6932737
75951
277503
4465405
1366149
2508490
1947750
8189675
855506
653827668
4161158
5816611
7067929
1194024
132351
4594992
1010667
602465065
110565052
4307073
8617500
7059670
110500
1074273
4391047
278121057
1415007
379739
527516169
1006279
791929441
616843190
373679994
294429
3111975
252228392
1285856
231102176
978132
1349940
5011633
600777316
173440197
2041091
4778307
730448
818494345
923366773
556103566
584991018
6619425
2046140
687675145
14766296
944393066
1998061
385276224
589793896
628312877
801042910
5342851
142090
1972762
610257913
2084475
3737188
7736299
967248
4837057
1434545
1113728
3858935
555992843
3110073
814451
5557649
1562441
1612873
336456
4891111
2044669
4534261
5758006
1692571
2623652
133719
209535683
460993
938743665
3818816
7220430
45283
1796753
274235322
2214478
125121200
177975
592543340
462845399
5574931
960396712
1417448
859600373
791681150
1354905
445340145
431793657
1637988
845452285
1393254
753532992
1235983
7046492
2328064
380353975
4487344
41846999
1795958
31383
511999954
836768360
3657616
8049152
442897334
3158873
322982563
7795386
2082530
149777253
7461025
60114470
2876607
104503454
5866812
5531681
2029776
962051
758036351
4579203
988546079
2975152
681649803
1150155
4109463
800261036
926851980
290853
86131
305184
2899009
1917189
365934340
241565
701035
215284
798159606
668624
1354576
621289158
263268040
7363568
527169895
487709
1658068
1240873
5958603
765254535
477157822
811548
372640
1680514
1538326
642397732
4624021
519759
3713734
461510149
575655355
534605422
231704318
1594555
1112913
584886
350482124
556777744
422344
837107
4739720
2765453
1630729
628939408
195228394
285504
3390801
3080709
439362983
476565034
9850869
3079784
552786
3526829
3220195
141912079
1676174
2214513
816526
4257826
331010505
8035685
305007953
224339317
3882067
1019512
84802
3212836
3932278
2286244
39414794
46440526
2517541
2916321
483097263
497101170
480558744
424135569
7075491
940729235
3952329
315741337
7742192
929364
189029782
1921934
794864
40510
1642393
39548
2653784
3948193
3909543
364763420
9100
50077505
480820601
5480156
364616432
3390301
1535483
3493224
2134829
2160659
7118780
608940611
7439062
2629054
3893326
3976704
834537
1955506
133403521
209976
595879
2085357
315289913
2825253
3621463
680374086
1772895
2992481
90492384
251289
156810649
1808504
4501326
8600316
727294458
980945
1309106
611475293
189068837
924598665
1320903
923238614
191310310
1221777
1794146
800418056
64935
291757
510657
570792887
86408
1822674
666630705
184144
369856
5047589
6636545
104080981
6297388
992991
4364427
1607841
253
1263060
3196248
2576479
193384023
706536027
165375
663398
545159525
1682191
4837960
3481869
84561
90497
516959109
893136
2668420
761808038
547014256
1613981
112254678
2842329
1191691
238415965
83829167
938232067
28396703
9510493
402803
76547241
79881
3344768
1797508
154372625
1780905
75942
787897756
2068032
578278
2408848
7170416
5593936
708639
681557802
331568
915276842
102966205
3263004
370392
6289816
574491
830734999
253517519
65092528
416487160
1027900
2743696
207965681
700312
2951634
807454268
522010024
385396
566634856
2902717
43192
262687
1356167
228643780
375075907
998130
450423
5060881
59985603
730784202
1973212
3052273
8706992
1059458
1143825
136506470
829386
937207558
766317965
5688458
1572509
301535912
18229
5254330
725926870
1970758
778785
302085146
469263937
577903367
374206568
70225
9842971
203940381
6902492
314294143
4785236
4232891
65405976
979069040
882244015
360994169
499496619
918947644
7118579
2234654
815279700
129096
674108145
2310859
2346664
830842156
369215
424471474
600986
400204446
9127406
938014244
676520
78482227
69364744
240971
5155579
990192484
7246152
1090945
699632222
685148544
1977
34065
19820730
3331566
319421611
3772566
248478704
387422974
1010352
6888394
3143183
2396264
705523056
428413200
1900210
976064753
4416720
6080747
939397209
614747246
2605384
2769024
894997181
5172310
4443324
3729578
301388
470261859
3340921
674128608
129037181
2952468
981529433
148451467
1534292
789728
912744
5090516
714633
532047016
30105905
2246752
3611216
131652
1281261
3941583
2528677
94299
767550
7753267
389953394
138945
2502719
124652914
396189
841446
7134762
2968145
1149377
1737178
207756
1599093
239069194
5000035
2020506
7815521
984081
2931375
962346003
3120884
535150
1634686
778659039
5862949
1433438
65861
807274
1408980
255568777
385390
115250
5275012
984604785
2031808
702435125
7914824
653939324
5920152
299459200
1191928
1932365
4566499
5221808
1488421
1317264
814717852
992044128
169985678
3122800
2652956
443874106
730622770
494647
1440955
693966003
400635
118194341
1620336
15548
29992
4428181
69696287
848741
275737343
4402909
2788900
3377601
31476
1798762
625005066
2241585
5609090
168144
91205245
200855413
6134248
94896280
2484288
3831658
372291466
192725
7344046
283847
652374201
1004113
1393894
249123728
925096730
468348061
3374303
833762
4580921
169684
3191231
856229
651776
373768366
34126
437179
418841
1441843
2357980
565253331
1254349
1822384
1040229
910201267
115600
4652399
5820272
684342803
868567
296737972
1471954
7756429
34895
143856468
1568490
29592852
1071302
862263665
297665964
903736105
881555
831501753
3103297
159603571
1439761
712800591
5673289
308110
823420
2152471
151342664
861820134
822539195
32585
165032
1711951
293723273
517711811
259930432
2982335
128551
1463076
110361
2202189
986066020
994913512
1153421
2326764
1357047
778143279
1727052
633256399
712092408
525823944
147468237
837328536
752799
540486061
456976
7435249
3673936
857545929
5441500
2007781
4136180
1624257
9234866
724516999
301845306
947087708
1592680
596221422
75300582
509156
783180670
1027549
272529
158210670
8231041
846579998
5507361
622344706
911765799
363338128
6046899
5790553
4354305
116279970
2414916
4601322
37357855
238678943
381976
485676
882584860
8821939
498100718
163380
292044765
2704249
5643404
1012521
316933
2467319
803023
6731520
423830559
1753381
2870376
877681945
4043310
961867068
801340363
230319
279987972
3094180
179925546
1502399
536229882
429003124
1400256
1960211
967607636
109485613
6494649
1815356
4101423
5685855
2818288
824276913
417546455
365910450
534293
7670411
2754471
217836
6294944
427435682
155654
766352656
6810256
4116841
5648919
1079632
967035931
792718
717809
2406897
608529
728895
125683046
1017528
377897909
410416591
850073661
156535
1630219
171075
1428934
124286
1682258
1643008
248967696
5467500
671585131
872998905
9303261
2543648
632150
3422609
3707155
3616431
314832
400896915
187988859
28935527
2904892
3234401
236412336
6593521
2668661
235629
1750557
417035306
13343
12961
2351793
3329981
157069967
668545
791698955
103665
8289740
659321295
1252648
7804369
669197948
3903529
1863549
147049870
1997454
1565796
200575
328302242
4352621
4179042
319199
427738
201330130
330291009
332713
540058876
731503
648754404
153978733
5700388
365699532
327964059
5588393
968432
3800176
4670913
3620944
543915073
6722559
323287
4780211
255183851
5486463
306717878
655027029
683256037
815270845
1487065
952853
3545657
549733327
1054630
1867325
81657
5614064
866364
479899
1331740
1163546
657061
2744091
1091115
3781676
4066710
68792119
807165332
4917290
1434105
437697
742988864
3994860
1677885
6216753
390927
97590992
1632785
41427
448426
842970
301033011
1951093
1055872
435723866
14169484
1057544
41475393
2790049
2359379
72236515
313253
1031337
588193780
1299006
1330141
418448835
671202
365408927
16684394
133057
3320884
921136
129444
654793
5440533
335908
4593442
303591
3013660
17664
804067998
1211473
475024
4209679
477937725
3886089
32024
4222744
604891825
438944
834231271
487172011
661829347
3844693
1210530
234666
4608504
22405330
416142443
447802
1150281
1155063
1648678
3571685
471509
258383937
6127337
36977545
151714737
2744620
8569724
1182471
283027
384000
8569867
922484178
1030689
1191300
1201431
3763711
76534718
331452712
123501977
2432494
1003530
827479223
1186464
882042
4463215
1200094
622856
2506630
3895569
710210039
5767104
216558857
3690324
66319081
2668169
794700
710691
7681333
593364
3057957
118255510
1023145
120708
477635
2992978
430608670
65189936
7021829
263301
311773232
3870113
41348
4775
69893492
2442757
1194337
1235951
271917511
4571138
824735813
702602706
410008
7136386
6886233
9677933
4725028
2156481
273915780
783921501
229215923
3094449
784411
2847346
1173719
723050222
3130407
635536
67833823
2695909
987443
8427544
106048
834801720
9407215
4993088
40453
3746107
1170205
915804216
4133841
3107521
527369051
6935774
5688595
64659345
15186
1364160
1347231
2139985
296471437
2772661
1930864
623042150
119335616
2135736
610733382
1506329
217305112
457911158
1130470
6321376
6931866
92699951
266672014
501530360
3901816
7326705
321928035
706703558
6877199
4161176
2860788
51100
4457145
26324
4935340
845057688
2840122
247028155
2720068
1104143
1546766
866765281
981249260
164377075
826292930
799229536
196942372
840664
4808683
1496557
380407
2905525
2117748
288881361
3200162
5224948
230205
670982693
882426355
400317
518695092
1189591
796262361
769104036
1003034
516292504
1780795
544643576
51244
644152982
850354173
6654025
1008021
452912169
2581424
545641992
3218022
3170861
21811
2115281
1042341
112441813
138779
18738
52763308
4899883
73736248
992070939
544772979
2443860
5961078
4035592
475313
553478165
1151859
124851661
6494993
282033243
6440127
162608843
1480768
698184544
89061173
555849
723361
4217320
199231
7160018
3905373
1980429
3247319
256599535
152000100
3659559
717023800
4542605
5745385
838320890
7896001
43554865
681253595
1751257
7201999
109753
345904264
5825092
7597120
453102775
6867054
43220
345035
232601
2422159
924505
1418186
454376804
3129484
161918
6283004
4602401
911898507
406953626
2291517
3878395
3919863
4623830
810068380
1521585
1275840
255141325
309496796
131128498
5876553
103684
4242320
1001876
142132
118041970
1735018
3504293
956561940
3698312
1266962
169662927
5480619
16896
1278307
465876150
33392
577536
2401176
39709859
1481053
2013206
8561933
6116481
936757873
8563293
1544273
1096973
3806232
6835886
6207898
3424588
1797879
632217
506876
36263165
669715834
5340875
131617870
1917810
258317053
827265041
838027581
1412110
858299
318899823
533450661
806156
965628917
7234252
5025223
6649840
674689067
3172851
3298093
999559465
4829974
5152562
390039001
511387191
672579158
66655
70242093
101355738
5149917
2647936
558962
3719029
856265
2461737
91872343
55886419
6479362
638066
159915214
4987361
554256893
1448435
8696101
784531719
8614066
4140357
317507284
602530534
3410317
951791775
454851
879262754
910276
1619706
4274906
8319725
6420649
4522064
4217101
2774194
5689232
46808
6983748
243833715
229892148
1611651
5262181
514131430
2344657
1715296
2531452
2579834
2086135
79875915
689671397
832770
2149560
286740902
109088
183125871
640679677
84321
303544
9226477
170517027
42070808
2650220
593365791
161934
612466935
910289
181097197
191388
343894
556853403
444789
3842699
401458
842741021
89186228
1362332
3707925
543804687
399157794
2055105
958212835
145855
1019430
2121336
5488121
1415799
1836386
192157707
878000584
3024693
558585502
4623998
5234944
8086621
409966
819571752
342234345
405591
572089
1234886
4999688
68897666
1876000
835161376
2018181
83445635
285445
762559616
646187085
1528795
3706689
1144351
6032602
66190479
603380475
6208000
2432187
187650
5715261
770272938
6704496
5813325
2995348
48257824
383916
842101
2155348
1445614
4104795
3782200
877942
218772056
3263632
3382190
829008826
193774944
6314365
862711
929602221
645832812
560397272
594544
4131505
406061122
2081243
371585073
4958635
1876418
6858193
182596
236219038
809722744
1395032
309080924
3882721
241828
1720097
4360918
3446784
190628793
169582644
1645188
2960658
2393162
713493291
3993261
9252554
2264029
5015347
615345055
6033699
42843496
892435
6080383
710744219
51859
2937488
336136
760564
741770
658110050
309658
4555529
3203605
4535333
2753001
322592337
3954651
2576229
305912608
292839599
1743815
41129536
319255
2930985
717350411
65806
4383905
998414464
6388798
5338992
197560790
43264
1458457
2074601
950185
610948
4835746
548678884
203456
962873
187030112
612094751
1496718
961393306
834896686
3179065
7645617
537115638
1165211
895705166
2231857
37649227
131162
661865165
3285824
3195581
2479759
1538271
274141022
864174634
364680
333369
780828
506788
5691510
371296
3551996
3205304
790266
1349511
219332400
461362063
492529
217969
150251674
8316781
6092976
95315
997309638
245025
584473
3211888
443233
4729569
41432
1346257
85955
3510207
498580498
5173036
4090119
6633101
311131373
7764020
1444417
1458362
661956071
4302319
1326503
2386060
304258426
767137590
5200843
200963965
239283
108740
132475556
943070768
464807
117396444
248498274
2533021
635284327
6733905
1873353
982318542
36388
1848494
115600
4168215
3717171
3291964
759528055
367414130
5341044
2267876
5209387
873944288
1490122
2703988
874523479
1760926
771232
88157341
338257027
56828
628199607
946771839
210237430
759850002
696468697
1017402
425745870
2404579
1383384
505645825
879627287
768589
2733056
199182251
920791
959076075
3724951
1405060
606687
5164259
6479800
748892
855296
1062382
2537356
1895583
7539493
738409051
1496400
273287134
47322
1906078
686133910
916696115
6073599
933658
1365359
1604912
886363275
176867817
2256761
30013
314670141
5058349
197272552
261416420
890412860
2295136
547667416
862248240
2202806
1549774
2704282
896376828
3492917
246431
966831538
7030784
2996118
346974
283299
1322644
872441234
2649674
798786
2212499
2997669
797375234
5240896
976095461
882638781
654684247
2184373
281470931
1597322
5465529
656300
161292080
1976496
817957444
816143012
6143888
1327096
1904391
364965654
141371
668349886
721104859
559583036
4761009
3743765
110934
4189537
6822511
746747711
2623306
249785197
941208969
122644410
236793433
736905
873100
2640028
13861
887857037
920252656
198837
264662418
808634
295377
98017017
824446734
3653628
859043874
443119079
941544
898729562
893153950
516377255
955053
461971251
6511758
5047345
748626428
38209832
830411028
7696727
410101133
5153674
916410839
4266976
363395840
242128147
3738688
5576657
1576345
308380
231311
2575829
362448936
396501
338987681
925922560
5998177
463409835
851244
4194903
1859140
60889
2192272
524995768
3667501
660378634
1665570
811068048
5260380
550968112
804154936
1244998
748421309
434837066
1225213
222168
2588104
49302
6668861
208436095
5825574
433584821
80308
353536
242452
938998905
255116
6261738
1839972
5262161
450018
495722485
837416
5803831
92924084
1779300
1234080
971184066
711982396
3954920
1213075
583481117
5180234
128512472
2516896
819547970
1612829
482574320
387520565
1260099
24952510
630380008
2495915
1715074
1788591
98245140
2793603
247930
1667131
2116652
3292389
597401
6424110
1285498
297514226
6110776
922811419
905531
808709465
601859018
237276
998929736
225186
2567440
6550128
2521633
2275012
337522802
169506
93041
4127565
589313107
834245
506670545
4474759
284063858
449049107
1501985
274123165
867451
2914349
1229377
244817161
520792417
4107370
1079040
362824484
3910504
1863801
6977428
247221494
8236890
70139348
981366
2797381
22833
22482892
458412721
1791194
437886
58030478
3964547
10610940
2270886
631214670
6012813
2329531
6388048
144449087
4184013
1762257
221713462
7733317
936928
504843
1112505
4226625
928422763
790607810
887250
658336
97629
873944321
9137707
3568718
22165462
844360413
5441981
4399296
5312952
654472139
43119937
628548
581099528
937269835
8010431
1542883
583787
1890159
894793
93864306
285080059
7425850
4412785
838179
1792249
1246693
4408608
808668403
692004989
3837020
851791
2264156
2577579
364317
7584662
168472
597687559
4168156
663661228
140088405
23384
719666
804498161
352853374
2183405
9137556
6063466
360228871
5906016
591721
2477939
2422550
737509467
3111622
286255279
224406614
1435221
864339979
463195
292497613
362956
702240404
6833794
382412931
5384478
174372057
359131
7348721
993679
5584327
1993216
530214099
513222511
54792
2837094
1116096
3766561
2544076
4921105
676082068
3860500
147407495
105658349
4592764
4828811
2296993
531727766
66966470
889603804
532405
371182205
194092739
1308561
4653824
568887201
1919652
871035905
207283064
49356
2576
430269509
713079967
856984
872820
574398108
55035151
631191425
797185024
1276765
993159599
2269273
241366715
1038078
945220
689639316
2132276
1010556
6145776
431277634
3798272
5026561
4187519
5024275
2838784
788736821
360166
599165812
538509
2612632
764571311
2374881
6272245
1599438
880867285
1953419
5407772
1948204
19779
1443217
5555755
279067
6785106
2440648
292632
416295753
620669409
4889284
29670033
643615545
976034477
1846715
784643634
6163669
618023761
630660
244610075
313763
417090006
303335
790836358
1704473
775151292
769675059
1434145
529932
1570350
7326036
427205315
704344970
179852
76231232
951776945
5049448
325659354
471595
241542
2498441
4982419
675870708
2119590
807390
3239461
225252
2620656
2112397
3928526
4004035
452019
199909365
844658
752318802
427399
1118148
351236585
979512742
5540041
19969475
340930
534160393
1321549
812430629
244777066
2134796
159149
7046667
3512539
394361418
4557565
3783011
553875
956139
903874
1757147
485975801
47917
2398248
553273395
3950400
131640224
1648121
616207873
722968609
909411951
7188816
16318464
729871758
115800
6116239
457384
1987645
804241
96828541
345970343
1126915
5102082
615769337
2776464
791454
8034542
82556767
4275042
4795808
353857067
535527536
2530621
2522478
64770743
5385268
1920669
2128138
5628107
85096
5118045
1472520
1254769
3842
2067165
2600251
7908517
13919
196801421
956823
2437624
2541312
7073380
1655038
224484548
920961
1177978
1141616
5120229
6308377
3185755
397634
243154645
4765749
61580189
9347440
5722966
4279906
2880791
128531
719172592
1182517
151893
366521833
2454291
9553572
319531670
5409139
3426981
1549157
116084893
2997679
665168431
268483772
908289934
7417953
90893388
13924
2028425
1151696
6418550
894503676
1331637
32852
142072
364182477
881689109
799979
4034944
713479202
315079295
741529211
5162641
1934931
1573869
747763
823314
6524052
1325653
57203084
45256
327644736
739606
618698845
114827775
3818948
340215
1772963
924897550
2360649
2981500
866638217
35650
3478551
753115
5866166
3396255
2822829
1037213
3086720
1518187
6127204
979474
2634135
350573
460825335
2642411
1031718
978631354
78039
540880753
2581003
68943963
2191646
484590215
738225461
489889
2563647
5007449
5035444
2417055
321498
3318197
1694321
637603
39172
1562592
1456164
4502929
458770064
5599075
266884805
1163075
83261
417450521
307830
11341364
4185256
748880
62132
2082452
6578947
9175414
815031905
6550340
806421
135184
1907298
480136435
477403604
1573391
1908289
612246
3787519
339306855
5042137
4448270
3120719
6607361
479544983
121359
376242
6047532
2426218
1221432
1930150
2106980
2752801
350451
2744820
696365148
2490596
3874866
276431
2583482
521676467
46225
2548086
103964
5955579
700580326
6979603
949671514
2164057
100912904
982476
337699
1583104
8063928
380185514
1787940
366006505
395863600
1928599
849064197
326870
3332965
255763567
449356
88378919
28503
1621699
76417
2486360
2550155
7183117
4584853
991359683
1900047
1485793
4330864
406987
587097
86739790
440497787
175911
38672095
4437709
1039109
1982448
316978495
565473552
314224523
225434
486028979
1520531
550155413
1334591
300306895
376480110
254264638
564239
2058487
6398568
1557403
153592309
498222574
1942540
7675588
3886961
362068
664316197
443577322
1152045
524070274
339935
5629480
3644145
5695750
3201782
630068243
1881370
290024924
1
6560894
955839768
171121
915788
741856
698427791
4613866
3039260
1395178
5681312
2390272
8402419
3736079
2456701
45487419
210869107
261816
352922535
39746847
2909034
6537308
399635
588682
508140188
1155849
1113592
331730
2156719
1600825
222543020
6837907
144654
5312231
965210549
708784772
5098226
26695072
4552325
3083685
295996
6456251
710150632
845065
1310985
4204187
152645641
19711
526513
3036966
639606797
2794601
254370973
5930308
6753360
337541516
883
334890
619428442
2375383
962219
243957
3122353
46255
1910967
86786832
2396087
332929
3730927
860793
4402662
8214786
208223242
1230888
380133
89907894
385887747
1459556
2791690
4170416
2064266
168959000
9181360
810287
790675620
623796
621873
344082484
993592003
491751
637147
62627
656292
479152783
1037357
506756802
3230732
273215
92529
558297
1280411
321089350
494834352
4804561
308529591
132486
361393
590671
7735170
260592
1935415
5112060
814326427
160584201
2030191
559650000
1186576
1218319
1917118
361407797
555670
1030613
34739
2534865
1421881
632163633
300288235
4524705
172775878
1011090
5611350
23428
304308665
5880148
899070923
2174257
7682765
804866464
730924463
569697912
359244992
261695140
597744715
494023656
253129
158504
2226834
2020544
1432714
357720470
752660953
6678200
929005
2617637
23898609
4977266
2391154
1338478
291448
480548
46720
3237419
508278
618008902
6056367
171945072
790044594
3686755
5409504
1073565
140901
1028463
516086518
3650250
474208
1506541
97525
747046
858504958
1638022
6311823
998242277
2070829
107706698
5199112
3414407
446606423
64471669
4645373
670391138
105057
258595884
265892950
1960453
1281284
2577840
2329624
1693634
102259663
2488890
12370690
2844452
1054817
647613263
2266205
1848342
72462799
3646911
3276851
504388602
1268345
167239849
4006675
3782839
1762594
190107
293771
228466815
5791762
545463
3561715
843896
4677423
1394855
868211725
685706230
331338504
426211687
5210486
2505310
2621151
377421270
221171
4147303
4779094
608658066
5766226
4974292
5536280
2228140
153438794
5429455
879631
6839513
2255499
172656882
1703983
176029290
3001444
1376103
672705
919537
440168
2537819
423189
120981000
1296126
467364037
5359147
654469
67281650
163697
4549332
3564470
831187
4089310
1019431
7736556
3031711
4820885
228139
1717359
2395645
1019471
176102
821058783
955567
2819801
272810193
1442535
113032
6224602
165744413
69850850
919302918
3295060
2857789
835501104
3367156
241991
54288
2068246
1774936
3726097
8469767
400555
1950265
1143904
971017682
214759
696789
4185184
834756266
548418246
5292367
987636124
5214665
505993491
6056293
1284120
589480
2349860
662940557
3131945
983995710
2572122
4641
479124082
1794063
6060640
1097897
6425716
2467042
473402626
684583207
258567
259224
2750659
1944389
297973392
3195611
981979304
3807409
713782972
573950
452160
39475273
2290373
619451639
42127621
359242962
5613912
411577716
3702465
813678076
903575484
384872915
3704320
21766
638108
592783
4205427
331886021
6030288
946247
2711067
1246074
779643100
287307
599616
825459398
1049329
4186386
3054184
986271
920551520
477216
4416896
2710966
342504836
689256
725539
196880666
1749476
6560671
955005
2648736
907586165
6909196
5514024
883235813
954291
889292997
1241760
790336
2338738
837186180
108512253
3495984
2753819
3703032
276615249
978908355
2477560
43615
109391883
122784
7291234
7573750
639250696
4079377
622693687
7597936
154560415
351000059
4781828
2061272
6978469
6261651
691792
6446467
2406900
877940
287931
3710395
320090146
1002346
750690988
838336
927900
4971582
3212759
745537438
209096
7076774
1225362
361630
4415069
874586651
8073162
2589227
750347
2787452
965685083
57386
660536487
2120755
53993
6762099
299862210
3522588
3965540
2755377
311142482
3981375
254036
192836100
104095329
10374
7082864
16486729
2425161
659289386
2479919
663748202
386748533
174617
745428
1430980
973129412
657639
2065540
1880746
2560438
207089
947549105
2786827
596805
1697574
1970768
867690287
611593
2800122
1016481
1676941
664474811
4837076
3701496
3293245
1432269
645966819
799277216
5980873
2276161
1230035
2920852
915331608
667113
3986044
6499344
433834542
952216033
1170496
246134433
929718241
273278392
440797751
2491591
129649
4104244
234418639
2278129
3045821
321474762
6622897
457052454
939030
704734775
5983741
4585117
2780743
535379411
4403216
2056425
1515476
2751215
1712691
125981
26703471
269620718
1503792
206240039
881496
1293733
728688504
6458355
293146
773729546
951250361
2032344
445861
396391447
1043793
3283852
432126288
312560941
598768
751786417
171501
436944124
2372451
5544901
3135106
663880
720475319
7788122
2300471
3273623
743645281
372887
2460458
1498688
3587121
298057
857352011
1710446
2100989
433194324
519859681
4129368
593074266
142071
574216191
767720
438714
1848728
1029838
239178894
1625044
1507064
562051148
955071186
6983993
3359184
3931306
286026
582431661
3420195
380281429
46987
1305250
287071
897718
908117097
774396121
1954176
899226905
2513039
2277699
1824452
923986031
149184
8606094
1071555
787704539
6939913
2173327
7566814
5410420
577475508
543374962
69403
4840504
1153630
1198066
207775
167616
981814456
25631
3997839
2344707
684039660
11755662
920336724
7906366
1435093
955615864
664667
4495339
677400879
641289
112082
830034
447166
953380
2400875
1791923
416168
378541064
88414042
883135738
5768755
83504
7585307
4767508
100713270
1634929
2041124
618191100
420272
892568200
418894
115307
3346497
624767140
8300844
4038726
464540491
386988371
1602718
4007335
3663211
5490156
45327
1651534
5710979
2100900
6651531
954752
462851895
2816229
4675936
288974951
166066834
6905743
7020308
987903680
5130000
434108
1897632
973375870
366209401
2458564
375457123
2461877
1464742
7061580
583951380
4505399
7042486
354061
555952515
6256805
485632
1982125
3318481
184221392
4628507
543193025
900772714
4224200
1578939
4786200
183265768
377160809
405187
929458071
3259187
1190029
349010686
3292587
4764001
384127
1128429
3992698
924703239
234577
4310993
1170205
684759539
5661181
127911174
631494578
183471
103602
2949589
5039417
575543
2100499
1732848
1604907
4769216
6432896
3972817
1049689
2763191
2437209
840825609
1872559
490510344
748116
253525
512302848
3009685
787441718
225405
1274463
459300
4799905
812373200
995770612
601523
8342314
1925571
220266
2362274
1119285
7765705
5041215
3350957
3157826
2110381
2639635
460138177
6131188
2079297
952191908
1522158
2234159
2021200
675436
7869739
5233599
5169632
2287732
461988141
3975918
2701216
930234630
7369749
1832409
3661376
613641452
576978046
2108869
2272260
962285273
1276127
1693690
86314837
2625243
709364736
2040836
110519752
1571504
33913134
480409226
673033549
97511394
271827813
206751799
338791
119971727
876517
199990
25303150
1527997
797881303
61039549
133063
954324534
6593019
2715294
595152849
3856081
330326594
794930596
1585273
957491522
202036609
3110871
9270337
527564979
3449
3990161
233689
176970
4262673
853228874
463237
44381
366682
704772554
121057322
445069001
749264
224141755
2633708
4125037
552273
526604576
982956768
282626
288467435
210091
386920
879720
1261048
801593206
5676387
4127052
415816031
111068
2769664
586086025
1778184
588651905
1586185
361194626
417126304
743687403
7599235
931357478
158929
3225935
142385836
2119069
6632192
183363696
606415763
133725
1646485
4404768
28074217
250329430
1810456
2118726
680700
458692573
828275449
777611
7900686
253711
24021
6085915
981256692
2811055
669772568
907568392
356671
2111029
1854552
2165185
705405280
4583219
6363624
6463392
1748506
2384929
462947911
1869728
5691006
4693849
2378759
2186401
8313644
2364504
2333664
547961135
4023399
551499709
700788
4606517
2925564
605073
623258431
988481
41739815
78249744
377820
789609054
426122650
771583747
1253928
1170238
7039753
599741422
121857
295100498
3001735
1113631
243089
844824718
1446540
6543285
2397285
3054209
3262715
137566850
350848
417179949
168401972
700864
851852443
919148630
952269889
77900
61569188
263980377
4665
793675912
7252414
4644907
451826
239821
952415708
2207232
6002749
515685337
28464
713559
588194
1019762
3450230
741899382
956618753
1148836
182391545
245056
162875581
2157724
1176546
715020190
118711
6181232
3713553
5800504
3035479
871306
755053154
837520
527749
2124145
1402101
151884
1155513
2449057
953024
44870112
246784
4863609
109168
5286131
4009844
1838856
183748783
7582940
593488698
2127328
627996
1923701
1666306
2410723
207844209
211393419
1376755
1244447
556236
118801
1158622
209800834
4561040
3564214
285855445
7349977
693345
2298833
6971887
912611
519756747
1025220
8348472
1746975
871260931
1868115
347485
2713048
3815620
3620512
1395806
3338320
785743
871921607
897148071
1493443
521143822
3027332
256652417
2408385
8183818
3468052
4875484
10006
2634555
2803712
691476642
230923401
671080390
531740766
109384352
459349480
855285
856241989
6128312
1018329
8068384
698305837
6965856
3732831
3317328
3610400
1229319
332835790
1172960
2339162
376846221
551189
392579513
291410
93627
862907
2576905
118101373
42824
5529171
720345
3164098
6980325
5605629
2556610
20356119
44303085
135064
3906531
8411014
104091
3147673
4836961
311472
744606441
4239220
55723790
292115778
289053988
529240719
433500
2977269
7261
447673541
411039
399033686
2998916
174545701
828855566
2499058
428514
15085
2301906
319398775
1036153
3389307
731053
4419322
33263614
780886473
289146653
360436722
1782200
25157914
433536
6450152
56156
379146
2392576
380
2127270
3108563
927124169
884674642
5090160
632433449
4906935
5933324
610936
4137495
207033101
888979374
2122624
269419337
537050094
184126052
955875
556205
324722073
369144
856040
9556213
1415922
193840904
37385973
137726414
683184
107511807
5319204
6716837
319796132
932445
3658644
217066348
398409
562157
1554068
2235136
1840050
4135926
4468999
2527803
1358966
1305336
6344821
3696624
1575125
77674327
6495756
3310770
1590401
1570434
6629161
150245
758737217
4130377
2330416
2183604
5701890
3415585
4893970
232013295
260153613
3016828
709089
182381
434115
2692348
811768436
605578
6005734
517046
2216036
4110625
6186856
595291
194042
2749554
5471908
537778745
2443409
603000582
625843627
4669681
1243753
1194944
893343327
6810939
788912422
6442093
1209571
1485550
555901509
741941318
441531085
1243294
568452
1528002
2003893
800111
2118280
302217
4100113
7980477
557186539
5143519
2625059
11964260
3552202
914819925
572161
3792933
92814769
8012084
2412261
326862040
4367
82611
7428279
1454185
123611048
3369933
548501035
345175
551917
2032331
403497400
5176353
86475555
632332708
1771801
1940784
8701905
7926616
931945964
2775066
755272
418292898
216351
2421249
991511548
3695260
168352021
66391
116567776
185658295
109566522
924501903
1578029
877046533
4260094
6000072
4224180
231493
6067630
4386312
3951928
3937368
2124444
98677103
959096153
6396327
3543263
476416
2186214
2479120
4216890
70864
5972212
793444
209330768
1582173
326834346
1597806
152476
3243140
3046992
5039852
313193942
421535635
680029153
819829792
659447
970925178
252244837
990845351
763195029
721492584
822576
51532
541428614
930807130
932504
973156572
789484
213553477
3668561
1530916
1387882
710268533
717981
206022
551832
397112575
4589337
2237193
316996119
216917
648917390
534538644
2331984
4320823
315207
2619289
744440201
77161294
643148071
2213271
235020
1516461
325234142
6425647
2616094
3713552
1011616
1442340
1989724
982081
115696
6850869
555720885
937303549
2313351
184885
453241952
2393925
8199991
254888
1815547
3548466
6091996
136160132
871349108
136636444
4120978
426724
1213732
473291617
565784975
5580529
7008531
634180413
2545946
5268851
3685185
114774036
41244117
593893
3460150
1815415
2762333
4801181
2942978
37507765
602750930
314680
6594870
5438054
2349038
5789799
317929017
2384166
2363591
3986484
497307092
581362993
899147880
65071642
544137792
1203121
606072805
391191
2577465
850360
722527761
2234688
2828578
971954574
2298818
98289
1910354
705314
1983645
6990724
516868874
2129607
582760892
1087616
562854
6434740
4427396
87454588
504195053
67273009
33336741
264281248
3825022
3913777
740616622
1005886
4398463
1953086
253446984
1915988
8297496
565417001
4672362
116072
542832732
3369797
193750
5287184
211761733
1735256
217499892
3778131
442107218
887069
4851175
1165963
206819243
3783796
1133087
79081
421371061
238509
653755693
564582011
1401340
292212231
5404520
1583503
298436
659402446
584621419
4294172
5776883
2596924
177412
7912207
804117074
882756920
3398760
3728017
1536999
1611670
2524236
772021
2945316
504876947
295658
7244445
590735
969868
1801032
1232068
719117379
78325568
1221440
5888602
173821
4701909
868525351
207747346
1986551
552803
151456
430505
1101951
148757
825159987
1760746
5870619
824836083
27434448
8330532
961341
223982502
432008376
538937157
4010464
980377457
223829
4587389
332157817
7001136
892971014
402341655
126637770
244229
754224871
3163981
897134950
3138598
317363
2992100
4082730
900068
2458516
658936343
622861259
2711528
4334206
8446645
2212976
6231661
672814
1055731
107442
1730941
216187211
805000
909711004
2174627
125789039
2173857
436652097
351981620
431709112
5103535
388968589
3190840
767028736
4256472
4224128
7430057
9511828
220770
2001542
433533169
9002563
600806378
3394176
135230
338290289
3806119
810144
1565675
1154215
6283125
2663932
373886047
529630126
5440601
141349050
5136928
1924756
1542513
576064
319420
26747366
988525300
1364093
3278044
2228528
774057
886384
483288
321390
970933369
2133982
890764
1097856
1531869
4209023
5208110
510117
489700
2375800
191935360
282641191
608796
210881781
873222778
8308462
230191396
6787392
170070455
622289781
284397946
5482680
3947
746281
3183496
1134191
345362523
101117
1363328
284111
771073
942340582
268033
405478655
7943428
8703871
4198776
625538
3453969
2291711
740690
130176
1712503
831534390
82046298
516564
250930404
1725207
942410436
2093211
1449303
45017083
59690765
122076
197265382
556861
735774
4765045
625410746
95996
3127388
2564396
6250069
95469
28942
333173235
851598518
5532993
3982687
352758889
6015209
983336416
3378517
7642238
71901829
466566340
705445
2238413
253259897
577801107
1133911
691629888
5479150
2595547
243373882
425044233
1739738
894540
428346906
766916
661788
704734841
4811832
7822256
1198156
1093544
939384
1905787
1048917
2906629
1415125
4001023
5230533
4367604
301095
97177697
1693176
1951280
1314900
603476528
3208989
633181
198401
1057552
1199924
2761500
206720378
292825716
25395010
2268152
3210573
885706384
575336733
915749074
187873827
148559231
987058515
194956615
2788625
3569527
1244881
317279705
956409
708491183
3895271
4132676
2922302
789100
460343
2537387
343910486
619804695
4859514
8774855
1309549
1939679
57905
999337437
329397
145687
502401
2208838
600895
3623571
452706461
807077
4171843
6511599
636617338
767880500
2965647
6016950
719196347
4911282
505567
2297824
5848339
3704715
851087480
824608829
1696670
121040755
87848135
6661550
1149140
1013399
658914
496559
4069864
35161948
1298829
7968678
1212299
611058
2524545
320071381
942005223
228631924
4792446
7024608
5783441
799583995
3538657
825601
841943001
850923
4789140
5700839
1611680
587606251
1400646
177085478
407353221
3541350
2699337
2116211
321070168
630472442
95405867
1518498
3801736
647997732
3553851
646208
3226121
773031744
115456185
1886518
2401824
1517403
6768283
387690273
743546406
578373186
85442119
455104269
150462863
463064
216901
2304904
985658018
683942663
7981437
4918914
685679815
433278588
5507224
328779
2155476
1594466
1586872
724795
555005839
1327456
925296
1590267
7471059
1960750
915695
464940
244876044
767430445
200192
345414387
7582838
1798225
1578049
595260667
630871
791550114
1262704
990322597
2277503
560247574
291131704
602819686
835630476
526704499
3742040
452376
1368689
1067577
107545
2959575
532249174
3021613
4581752
538483
1143929
70845840
252126
998023250
121417
2269840
2119557
328287948
356902992
319247222
153361648
2350797
153316
1493960
526117
492660
2364435
328568115
4127620
786332771
461994
8395649
6742995
716282853
3535764
414601739
530689798
769664298
545281
3706561
310044
357287715
1036743
2978396
612552
495524297
1566521
648773407
6433861
2222514
4499577
166767874
9048664
223848
3306880
2368761
1044736
5880912
459288
6845528
2754583
434104
799390
24210892
3840771
601812916
1795536
1040148
180877002
435047895
287471
1620147
3854426
815952721
2403328
825014660
944334334
1796949
265725915
273645
5525517
1471500
22225
2348515
1033649
7554638
1482339
1722925
2492354
792099048
924510883
6116572
116412959
2590636
3061924
464313541
927451166
529761
14510
984952
2070398
1160364
9288353
2057566
795317886
7013937
877941
27255735
82139389
949281
396374816
4489001
368446
896258083
377814135
95449
521130150
919453688
498667
7171571
512821508
3615332
495592001
6304072
1359358
194896
2052703
140781
118430
363933
3596621
919456142
214127756
167326632
1190790
197682650
406008861
3022027
1222092
3016469
295728
807049
120385
1609018
261502877
131432
134808
981141131
6301668
3929615
1101916
1429264
2378719
3870387
893881697
1860369
3019853
611851538
325804
935598748
895196018
2255488
898829938
469417
3041582
1285521
273285
405640
240571914
724201
4167760
465972
294966
1772331
2777692
4760887
78575
173806
750934
149740
999880
1471120
503495119
142333811
396212
575769
270756201
443604739
2654279
896367997
7504108
122473
224183624
3966992
4464755
1226499
163157
1226443
1065415
982618613
5261064
604782584
129375
1324636
781021885
131085654
3343901
516956049
5890878
4946008
338715562
585209
154999
2359296
905879835
548494
2423611
3009684
585999101
5618236
44087823
629714618
68876
50401597
102997958
149972576
45665
403672467
903988155
849444040
5131609
139777
36055
1379031
242987409
52825
2337243
1161361
1766380
4195419
464704650
235152249
4277023
105294
451125
443151097
5156750
5193479
1442629
4277568
930788270
281767876
169224092
2781
1259674
843524966
7420729
5089669
4693005
110652988
592534
685542903
4419776
5429133
736502469
26061095
740235760
5167476
999821937
94644688
494588377
934081
2693991
817231996
6758690
13826989
2258828
5048161
100280903
6277662
199467954
1596680
6270979
563655
38484
274744219
6132564
818733103
873429278
6438346
3767856
948606344
5763734
1297131
3339557
2094336
315758233
1778022
133564238
5237577
455213
757323397
3293250
910839878
5096688
536229811
639831919
1447243
862615991
56611813
75396313
3702196
528834
456485425
903575327
5225739
2155389
538227916
91120771
6659785
4005535
1785062
5551040
1009555
521314706
131633940
430286918
2132865
4215129
2589686
274145482
483104876
99633
941648790
304598236
7551169
906872808
95338989
2787021
646626781
586473818
987885273
793848173
884780
434808
875771
650665820
5511584
660713
24186640
340543
4626367
2661909
442782824
1601560
301318
4073011
217776
1591361
2401655
3511456
5849145
3584980
291732996
3398486
206922868
4813499
6218652
2412484
1380857
464158785
11418
911437133
4140808
416760
526657728
550304
8052501
113156
8538909
628515014
794487895
643491222
316380733
8048912
1402021
4494296
845422985
971667
1045174
1511210
6323241
3429795
160339302
512262151
988557375
378810932
6640928
3958623
1460396
805258632
666041858
473664
1917637
5045195
79777745
1650987
2633166
360761172
1712740
3938901
807959663
5017763
6523197
772858972
5200862
859760624
2182657
1442409
152692
2100517
3859351
1286761
81436735
59392
2299957
456664
222927
802454123
917230371
1020105
94656862
324984
190698
180091205
300698308
1222732
4324832
878285113
791116
2319808
4358541
144218048
914893
4611573
1147633
1746738
856956761
5214476
5400377
5031784
574690381
2224453
403133929
1362857
822130609
130080215
629493662
138845561
891768
1090969
0
2728041
3109804
863046
3670447
2834624
666426781
19336
32824725
1213070
1947673
1464064
9210742
928362466
819142575
1499780
936499
1509531
546777
388304
5959536
305797
455259
206868770
202981563
412737032
303818
4282335
95769
7543699
302898002
2338843
159608
4663526
375701
3935917
2542264
551084103
1313104
4508863
648706
577334626
388720
1180916
1021357
788216
468704295
225760771
598839340
1134624
107188
540584324
5183897
2978081
365559558
981196747
4463097
1202563
8576181
144149
126137912
5366
580624
1357540
2569440
1001333
2538656
831103
3874801
1216254
181801
453754
564436207
105872
5106989
671352421
4234686
483775
2416982
391175033
775713758
3390481
542473
1242662
1995951
2568364
1261908
11603
560665737
2809501
384292437
406596
1716045
483217
3217987
745254276
429539
131096849
741446027
6970893
554807
205720
553371
27022883
7140100
3560621
2668285
869106471
538857334
746232
2618888
247158
961117198
1035752
597988
301952
677645359
4906835
898847232
918271363
954630775
6260368
227900
1071161
3888001
2215431
113301
706488875
3011070
4866494
619028140
290990962
6020482
277944603
187697556
1945697
9784667
211895612
679051036
4326455
741103754
432847781
3545454
352077314
9148613
6561539
2340731
949861
3792815
4101524
2466912
3025632
2504686
1627908
272782
351577009
4028085
447373711
6551881
4961457
2357225
193258
4184227
608140720
1904401
20234
1219533
150498299
829539
3778059
472524210
469987
5144779
5431440
105793284
4030420
1012341
129902167
3868301
1215406
5003662
735389
305543
158722266
1530825
269070988
1530192
4219270
727245
3117951
1696379
53601160
2411017
518280
4936225
828085184
48441732
1152486
116501890
372142
2904608
151335810
3066480
4626540
6375048
1547440
181461338
3526117
810031530
12258746
1297786
4826314
793636722
4247955
2777340
2701075
3622922
986457
966968
535933275
2419585
300090
3189279
2566707
682081
61524
4960156
225871
1483920
751824
260087563
6755350
5972152
2836066
3152866
2147366
367503
92832465
28891816
2505218
6202159
3888669
927808619
2001458
3596400
7569370
404045
369331015
969197840
101069053
384344073
3171382
603410
782478024
1133939
9222509
951779968
5519096
644257770
709158743
6201241
245792
980306716
551767839
3703751
2669364
496051
622075
2902316
217148110
2154816
1104442
84876
2469811
837091538
582910517
3578153
325832
793031641
226807
654738275
328077677
586134113
399978354
553
373074955
839936
1605015
987959083
2961485
923430518
111710
42544406
1937990
442513436
99113398
5924416
1385189
464089906
879124669
2046976
43467121
8696171
3235205
2198236
183419192
2811983
5513596
730967681
2287052
3692391
2437131
7581268
905196758
5074854
509439108
40378
23721696
1772912
802723019
720639
4502034
744789
5449
1366384
6924190
403541
6898760
116268031
255689257
12087
4789736
897250095
41984207
192806
3715190
2969819
684974
5723418
511534
538369285
270080891
521392
2821864
1442011
3891199
1074126
6191376
715938
202873
2065912
123200
2965096
383553
1635772
4328710
934255
2033296
799536
738065
609943451
493248190
969845092
986875024
4975776
252305335
22661952
5686154
525171794
686976626
393536
831884811
4472841
4792945
2747276
69252079
893811353
2282525
1116203
3576903
290598430
860992
6057074
2584711
913802
1683884
177323
947166188
289505918
24209
794823909
24050
14425721
4454919
902988496
701769
320228816
797749442
42403853
42241860
485028
227170
2234428
30763427
3865156
177758275
2439312
9479073
550661
2198132
4987172
5403805
545365
1965131
43856
390912051
849225
4355268
197482
5690578
1352044
460818095
623381
945878447
1074175
705427022
1675462
2745800
224122282
6601805
2774010
4765606
4631761
7648247
621967
4372666
603052290
2569774
169701
499797
113852
1594231
1489518
2355754
