2508769
509788
40517486
4932
25417764
683677
134964
1636507
432426511
338890
4136401
2814723
545083
383652470
42307
615516786
543592368
752905275
302332
1607511
339247264
1056720
5405869
263037544
855329986
2281993
111073
390812834
761046403
612396
2014582
598355829
581159
239322973
4635582
5447126
638808929
6940602
525368830
2891429
54402224
707022752
8468943
96836626
1179578
1514566
298753182
85936
1725986
794618520
977953
1625169
7850404
4574882
5157062
2566617
726752403
3937405
1800142
1008453
1096083
69589
2888945
841838330
4148807
498457
6969990
2907524
3155566
6988419
823309
567454190
4563241
224445
997961838
4687767
1952
119632
4947004
2005909
387922
2158567
141658
108284574
1567164
503915965
254664
4711591
760859
8371648
980763594
2665809
628294016
235418812
257857827
1156657
776005153
5066013
760529
340169533
631161
3391204
917051193
796144
48763
586701
999211264
547786
719655202
42658021
545055
367777
383222
593952394
228830174
1007744
3308218
3452027
1397285
3670825
536165194
379594726
145239418
2229425
265748642
676027468
252675
1292604
593989
160110
3032580
57969603
805773
51035535
246634648
5642734
1137381
112240187
231518970
631219483
730071463
2719288
532268519
5387305
4610320
2668043
478976
4663289
2516399
3075140
450876
98516628
1088851
2685572
2417282
958445268
367328995
7572223
635376
3034065
7346121
924433
1499375
129070
464119
6932170
4013220
828502552
129174973
7203731
688816515
658280
90834
490959243
103968188
3790539
6432839
6715177
978766
1867276
713398394
3540287
122603501
5249554
99668
980410738
2372293
664145054
1355126
276388979
127089
875850057
227626
2535335
21208
4998844
241134
887723
534723
47026
1049346
207775319
911270
2543152
722013761
23604054
4362156
5681248
1618614
756390885
5144013
269300
480648618
232837151
4100576
4142561
996818
1096257
577275
4414261
4875617
162409
1996303
470893203
4865749
7773368
4170773
5001283
3972230
2144872
2490861
108459
206535
1512725
598486909
7107161
3341884
282934083
532972324
7343916
949299
1509491
1358716
562550
622697214
546276980
1077931
603630
196389
4074921
21646802
386095810
3105877
1362933
5677063
6336001
1010037
713792796
2380428
4022520
990807696
480415491
1945335
182294724
126368
223494
1249085
3455935
3785037
2367219
4135489
496091
246455568
1165137
721655171
1752543
1184044
435383
515674775
5669938
946438783
273317
223947
1729132
5994712
51209
572889
2923265
762516724
6584016
920350607
1094514
8762582
320191326
403947
392296
2904437
343639
2921401
4248518
165688097
210977861
408321
5722322
8713955
6509727
267157
806170554
440973938
283140452
101303040
162795702
260720424
6752037
603651
991196500
1976429
947555
372028657
1385971
3279473
3878641
3800194
2899888
387906
6703575
23923
3004721
211794
6673086
903379
6277315
600257
3173512
7674979
894842847
3315280
3699576
567398458
626252008
595750062
2603380
5714820
5062541
881911899
807678321
269584
5497542
1884943
307141961
292716
450158937
46925174
2432291
878625173
5681263
280096463
3950881
4408561
63676
5494598
927937
7412579
805736574
137674231
5661811
1347484
948319806
7990832
1541455
1658232
2319168
282187691
2636137
4550259
672371
995638
1219920
290898
425922476
719887140
2876739
476239379
2959964
1239042
62797182
1140241
1960529
343250242
1321487
3884152
5065004
1980869
746548375
8463385
1570422
965403
3032761
414029
5504087
2066873
8253990
2572205
1528281
5570346
2543625
795376
129452878
138238
744496230
130519
478580624
320179
1067323
190432
79461
4253144
159632126
1734261
896482
6611431
1717496
213899
50461160
2490148
162562495
514221
4030551
2961661
687579306
105438844
3573239
850602165
171635
7855847
35659
825015554
1227441
144645
4836125
767014073
2096960
3138481
1037956
2550252
7341403
657233337
83061751
419271028
99346066
317331829
275693650
1288554
2867681
977422
1714504
2128091
800799628
1155250
8408818
1402426
3317697
785855354
2491406
692914208
289760568
43825
1795462
2983688
802432713
473109
159046
2378736
137281
334674525
2040171
312
5595965
342134966
5769820
67369
2910334
432099675
7445193
934555
481008373
706389
3321787
979704232
100897
754254791
3179200
842374
238121
138789968
2106317
19250
445886821
2191489
231949706
958801188
357064897
3947337
58557
8704649
170281
113401446
1678972
315440
4235815
675969983
3091016
122777
383875
473565
892159913
364075378
967629602
4219353
948129089
203474
2978180
7113649
608297469
284083033
614774533
5184821
395489
121551
83601
373929289
484283928
696462737
2061799
4803543
385100038
132770643
588701
94449502
1395403
46089094
11264
1299219
958762592
2867039
8878740
605375173
3518157
6055466
521221685
167758187
3909325
2036413
642437540
932447
937413
63094
921376228
2694653
613468454
461465707
3496291
111910216
774796759
328033055
926293617
215207934
2476251
8972169
903173
5060031
743099
817255688
453013
1515105
2102085
2960218
1476550
777188538
724164602
638101600
482595
863997
1331119
280558
724581199
3636160
2395213
98251
798914
866032180
416006075
55305
2354844
331532378
125171
45773
564932
539513
957145
1101621
543604
5520364
51484
965995772
163685113
939579679
929800858
111695803
1873575
3028525
138698128
409666
2100981
5353088
1236443
113771
1332160
753852
547562297
930949551
1197925
430711029
298225662
441955001
4295428
93605248
3653152
555452
2973301
1553248
804150
91223980
574230
5827441
520193921
1245160
6270214
1018264
398761
232243
2934694
71614294
610947636
2037728
154452
112670154
474376712
279849005
4081318
1577174
46242506
1973425
1789225
1142640
7627
2666488
84393
141873
1224524
2486282
361382
1996652
728014823
1728076
202240
317582677
3460162
3723408
1461473
660806
93736
510129180
175279
531885875
127401
1659355
110881
1515286
1298916
5276635
228806
3411494
2478671
6760373
3189932
1107109
438170642
2590576
4774474
208205
305489
729201
269174929
456751545
94363450
681249
144643364
382200665
4888081
769025222
57502376
39976
3260160
9081438
481392
2439073
1589238
1628165
69784
1290920
946648435
32739575
47607
2806048
350997102
880445647
1711498
3569188
4757326
407177211
334239497
2450891
135496
136455
117258551
508466749
443078
3819057
776316808
252998871
3876687
774632111
2509368
267508
860893635
861642142
1995005
2138897
768391
5984690
3863825
4702425
1316732
5164789
3526711
44978
1743561
1034748
4367679
3407112
1245064
986774595
2783665
2099161
7085686
194880111
6368416
454317
147704202
803014163
1932016
2973072
2248846
7673316
71556818
1255472
4879518
410229345
4641515
103121919
108624431
2786053
1821359
2889205
4008138
322463
868624
551355954
2304405
3575671
892585832
56668384
4256499
1692152
1394574
2516648
2560069
2635523
2314006
2877025
78958205
779740
75078572
261025
127316702
318388895
2229061
6913645
574962
1693920
3490982
1067401
1268965
3024673
132183
6219726
6259725
436759822
953767328
4784710
917522155
1496566
350895153
1391697
496213907
128004
3949543
148993
122248803
3081313
1891638
2057238
3786451
514111233
6120024
766649976
6293060
485818784
117808269
493559532
19948
980591
566310148
116904939
1097849
1604409
891376956
2013976
229965
7708028
11856
123452835
6700763
1421720
687505
75214
835396157
5261826
5619659
315913905
2200308
7067799
413683050
1046824
566203278
2876210
483885482
7492539
1022202
472561
2133685
627856
5256769
1260416
582381678
16745
2704497
320441289
885298833
278648
1871926
4014716
573979358
3133867
1400072
84259396
1984905
5687187
3336218
6841813
8133030
1259606
1288522
204350584
28332606
337012730
42839
126042612
3547709
7747362
1076554
182456873
7390163
268772
3063280
7209369
858070553
1101984
615732178
824717871
676454411
515336683
2072104
1675367
519183
509231877
90397928
361913154
633904767
252296807
1072215
7980576
104831
117390943
533997133
1047832
5601001
1671613
1315484
1226947
5605658
7734480
607175590
5591768
267030830
3687907
1476763
4183821
5662720
937365
718926
835060211
362512215
2012261
226961176
777264938
804797868
4512949
598825
289318455
512185
470391194
1322265
2516695
4516492
445518472
439596
260236
632325154
665811921
1030617
687278634
476807
2624313
285850089
2379297
521504807
1356405
2548944
3627139
1338381
390818747
158199
1449083
965081
2193556
954556273
4442161
1800062
2916705
724362958
305481674
6582069
5569272
3985290
4444399
430001
888529498
988465098
558485683
1052367
2341952
2937088
470776791
2385641
592633471
4116414
2050517
5982640
11144
857437
475036427
890901448
668824148
12519149
310086855
308916662
5632795
608601473
154089
929594
4443909
872787
146433382
310717
9210915
703374712
4945334
115723218
281425
969429
9487372
586348194
284281147
110666
1905765
3025111
71740069
1772929
109213927
7415646
885038457
315541532
549934072
8922112
970470182
2173791
244940
2486538
808227942
228985514
475664
270118551
286629424
84463
734542404
761936
331070
1649064
2286389
4854773
2003585
421051166
605496
2993841
972572382
228010627
165408
397228
473210843
5689186
226647561
5535364
4376089
463473302
6976971
501188
1407196
3432749
96832
1901773
699392
995687701
844587190
4276185
104625
6767512
4111353
589594972
4634400
2615779
903664
2367801
865269
1593965
1870604
2114775
690121255
869989522
506265
302587996
6632219
7906573
313631355
467669226
111770425
2926053
1987960
4444650
97940711
2523943
4847726
840489
2404411
416026
8644351
509985988
422541
544885466
2136500
474103634
367315463
5218747
3671744
284165240
4274942
5019255
2415274
4240223
353791
34484376
652007
219244
115943
323305
967812
776821023
467836
5943528
2882746
49293
113897
638811
2361221
426262469
256256779
2295233
184869880
3606583
1729768
4107808
642202638
752849493
4669500
926757364
1289876
7413305
1685007
2917395
298689
2895803
847564409
81410381
316166
212213206
381485487
868395073
4905753
813296405
902266881
101860
841708003
1532655
417941
3732051
913482640
2383998
3486636
35819080
635118285
1588918
1271306
6097346
891823428
3305976
1962197
4848394
1542036
668169
961772
6125791
746037839
707942
2194613
6865246
580480352
3013170
872931795
379706
32382787
1365521
101971
33377408
104978
705240
1882593
633057
949345
28576906
7946136
3505303
284956
831853162
9902822
317776
2198161
4496825
637914831
247839463
135907
2281417
86844971
802136181
40358716
1304652
236417452
675159002
1192722
149368
252970
67350678
2057836
2068853
3915187
1947360
440220
337689822
2604168
2826324
1543275
3015378
1592316
876217840
949730964
897170
1083634
675433
463499865
1119609
854941295
4447880
891845370
3765026
218346
833365925
3611911
179748
2451300
195916
2723904
135144452
1424448
2729844
340793
2398239
511704269
4745166
713233
1398559
1749114
4031982
752497
392615512
2005389
167324188
4715553
887177819
215267404
541381
3791701
722975
243542622
6020656
501995818
3011559
3024900
1842468
49084
759599
57147056
46621
4536896
2359032
1046421
4646356
2177424
844802249
144002577
31678117
1587713
2930652
955263075
968762664
1007721
1932837
3709892
892112
987463460
575207661
945099776
2592855
321248
3304700
5382243
884175608
5033507
5382399
431443526
125501897
624365783
2190881
97011
533436
9258832
1432645
1428876
3272807
6434835
285218839
953199780
443329026
3385423
635197835
576214
330247644
1388527
525636461
956313
5200504
3407434
938572937
1287084
4076372
1116462
3191203
762962330
22919
6374248
8160594
799206
5018262
5808186
1108899
1262493
109147293
73712
67241703
749075778
6541542
72178
2240586
2674383
1017611
426389
33712736
3654920
524684
683957
645821
2702465
382241
271207522
182269972
1314283
1760651
115489
541245
877093890
626914
1823241
122065
1261673
3546812
48356
848313398
897744981
456933906
397012817
251821622
6169390
246329873
515952
621609
1263601
649238130
1780289
666348
616906518
9366969
19613280
3852581
4444686
832903
1375747
1123492
6053353
832630
554869361
5350238
1274100
2898681
391280018
6676031
97900
5578554
187745393
5249594
4697725
3925430
3938139
184022905
674496890
5133063
160642420
1008361
637796
2251911
960766181
235114
747332
187407
901385070
167720544
649787
3545296
1458621
4036741
976027176
8474278
164779
76562918
994257
7861360
883781743
475065
5282020
3209152
979416
657837092
545183
510540776
4949927
5510196
2764489
312624
958942058
570721
3130775
2149414
5827254
54065482
995278071
346477
5544746
1297576
384315574
551751
2475392
2366799
2300071
4662674
326100532
507801125
962397
1563371
188736
80244
814481260
1643299
598564
2077521
2164752
5983909
3963241
3040241
640792015
7938616
541607
9419485
2817728
52258389
732753
325239031
671461739
49266253
135982
285761016
827628
736192463
2967309
628395967
1073606
191532064
5243601
31086
1783674
1988673
629451977
570641524
478995764
2536739
2299311
1132181
993044061
3609816
3291672
2601886
3770971
245397068
284854340
5253741
1640769
1812438
5701712
2938069
872829
3827088
917770892
2432731
3135972
881900015
7161064
5988742
800701449
278821
703816
1220680
2600479
967798303
40041941
449088501
442601
459680060
826961406
223019
216684
968015272
3762551
1854608
841060
2759591
699130599
2467965
9034317
2058102
495423873
5252796
5322343
302785
2299227
5749936
348289725
1820647
9091104
450148
5064704
4365513
837609
618076
929997981
191175586
301778
7438161
7843357
675792007
2310452
2458757
1757786
825247047
466580885
233152509
2782348
827394187
4529728
365905
977228430
618731767
819231946
732440
398741037
334449272
4363382
141193144
1304707
7302969
1598213
7249413
4451632
328947
1341311
6587601
3463587
6215221
756616896
627411
833290
137379761
5013163
3697296
47108
126026868
5299301
653997181
517192693
744521
7736314
3313034
483336415
692899
3413347
527124
390131
550722529
637242164
1817559
561892328
1128412
8759847
484266
177277
3655729
1107336
447549912
90979
43461
2472441
6660236
2556131
138395924
115709823
9571
4026316
354681
6092409
478765146
686221826
8058569
2049396
4515778
4269858
839042
364777369
61090
23383
2413336
4663322
4090704
422806
368848947
660693167
3209956
1342
416031125
221463
62299899
2805629
392159977
502785495
154390
600823302
1374025
259256
675187624
1544915
487398
499873772
871886
509368245
578880
850514608
3841960
6126558
77708096
2200875
926273834
2587768
3093001
601448
584925
870023
7739060
955515577
2679481
7271819
192409438
299629804
2232316
622476227
3241448
3608891
748321410
2233487
4564857
79521984
961004712
61040
1719166
265731811
772100
3451935
100368683
257664011
499652
153827255
684009
807807030
240321
1146223
246765299
2107898
2833050
5620456
490995093
5100743
925063883
1729662
696279185
5458920
564948
2077849
850808
566970
4204959
2117764
488223
2898785
840097303
1140267
2785958
3877383
314442
223495221
393416739
3514131
6938460
4260025
1354607
530392
4743845
2619618
532604703
987605717
296663
85007
3319548
204734
2284729
631786
845925539
964488
620944362
6077991
533633261
929308
228728739
260804
860076077
38543441
505176199
1844241
1394999
3900526
151962
197632
2926053
771867
255035
997114298
3265575
4532339
6196461
4726082
516625
2538606
7213184
3208900
3927495
356679629
547611241
2465825
3864813
5806002
8134841
87288423
3932421
204139
6081927
6783442
233457
1414036
418469072
908340
866272680
664671
289565257
3136320
1018145
467296
7333260
685182
121252050
31832826
146560
2554010
301034783
4461974
1013619
3043062
26339
187632
701549521
612903439
2336535
560253566
408943435
31612
6559424
642101169
2466768
5812160
891137239
547307764
627121665
587151
3513135
3996679
3792857
2368781
395359272
531635222
8067636
470045586
2208823
5700492
3042545
227486
2937418
487971822
218272313
730302601
407803556
2083
3228184
725621
2717830
695303551
2411293
416431
737300995
7109409
2285149
134044902
1432771
285277
134998
57087
84361
489225
3674525
964614
16684
231631100
2401174
388680300
407613085
2846498
2614905
678839
712068
48081
1334649
6138184
709677554
655120143
1845591
1475595
767471
4561430
247303907
220247628
460767745
2947111
474877171
848488628
1415459
558859617
649006080
1164989
2512713
1267872
2346130
1392133
3084736
887346369
987588499
7531259
2457336
134593432
3813376
792154940
379907011
334125
832797297
7516155
944815182
10017
5670665
538242838
8893984
989519108
3217216
106086873
3481442
246829
385677828
472542887
387737340
5656635
580643227
2220892
1054543
982462
864895
1556128
1201061
3229083
9244098
497259625
6078505
967748170
709351896
617052261
2220881
402158088
303069489
974422031
1343193
101547182
902657091
12609578
224343165
933656931
3639078
665600
1955358
6385869
1725633
4858098
1424028
5932648
4208186
53248
647195
8383710
399062
4755414
2075324
721655
94981894
248345
355011061
2570072
465577
1930968
239463
945152845
715048
873899755
726523697
1294243
998886
5172880
349924
5622500
747914469
827977563
2164837
172936305
425179
4414110
3458193
1524333
1756902
2378341
992668218
340155
6761922
181803
3324319
513795
525838378
114786
3003495
68986
384220827
38664939
279448
5688296
6024080
8382832
407130101
2139341
119575
568076196
3383759
315485
2655901
778165002
5280113
40474425
699272510
483920709
1758617
225600
2446546
245984435
811078788
1613886
489856
420962940
84612
1294907
4333380
2521205
2624182
689723730
981963
940218979
520364678
319009423
788085209
4002008
194488
9033404
451674
345303
1902484
7858761
169136
689715249
114439488
694253505
4843467
576110053
3816293
3351861
535524903
88947040
3331808
334220688
121862894
510999
889422412
2294639
1617437
525363278
236676
982571383
490717
1176696
2282296
6113612
1161913
26845
3539625
664617049
996982419
24034897
107589
788955
757516
2487544
3547548
5577528
4583456
764349822
3387584
3948828
563459076
892482
3317395
1329676
656599
828417741
7591685
6489441
282087
630187127
6255004
851091
4008790
719982458
427113
557838939
823681837
11432
5531979
383072814
545617354
138842602
131560
1656291
5047590
3336175
129070
674258922
711641
173409479
8869247
604124311
562733900
5310738
1430866
1600480
4500792
298004
399470031
2621680
872815030
508401121
2848548
4230142
283609276
6384076
2784655
5800829
496789
9781482
378499006
312501036
1624864
104644
55483726
150826261
873090927
2903987
3001705
2435577
795777741
465865534
2117130
575644
257353040
61989
1359145
920943
3529543
843687942
36506754
1190752
405302913
38660632
398982139
983846396
145199591
1333661
934326
2058832
2579495
423180
828992
2165499
2435305
432418950
2719328
717534
565535
2212461
157332888
954047760
1497917
280682126
1113322
128577
936030071
795651907
2045593
113371968
3697487
1301904
8000458
3436992
952625893
3771073
153085345
5723872
1388941
154231994
2077431
165402416
661539421
6449653
3948622
103186008
489648
6950046
353418841
5082786
842408537
738695
1659250
4426115
795709
79389338
810576149
377833
2215134
4010799
257536770
977008
104081
273035280
23099
7007585
1840783
619606065
4783660
701885475
1000021
336927
5538681
850694
3094115
135146
481164
2350176
2910688
809095247
204811
45657
1776178
698550
2247001
4342534
993616407
2882566
156489908
169971
1234973
323884
1164225
2462678
5101936
7145103
136345
1749811
568626460
2261317
1649971
4711658
5964921
594891158
6877621
664927799
1244149
4126144
489487351
444414884
2716974
918714
563980
1743112
4022167
354829
1267456
392341352
6261388
686465898
2848993
120117711
3147715
550062
3918373
499929
1123009
4887
818838
2221360
38093577
452519
320350
2630845
721931
5125548
4014760
1847737
3166425
63725345
1499688
768941
466761474
476323615
272284
344715304
4025984
248577
3652464
2263274
987523845
1573121
9044
299469
677819304
1355304
364676496
8813956
4539193
2920153
5205834
2619949
83396
375575064
5522105
2932793
846780584
1249316
1519297
391529687
133772
976484659
223058
595579929
9365054
416224691
357948
3231622
41851454
286761631
142455862
1933289
794856491
910620
368964
4497086
1659793
33912882
209191520
3636969
586416390
4568771
939845136
770583898
2446465
859458070
1420680
193184655
45338
26144
1814249
173997188
240271195
1769145
438139694
116819405
115826181
3412450
36931
1066334
4626113
667563202
1929876
1791344
5386849
946643336
945792
1430501
43471
617728
807663066
933075931
934064
811918559
103227
519662
348723880
347940212
566070
5650256
4062691
2719584
777835900
381619235
1143205
3928791
71065
1674528
594655740
544163
6526486
1070964
1109876
2211783
4487732
480644751
1146517
1000948
753868
2504377
417017335
8033404
1404256
200702663
38144
2235993
2263675
267232515
694611378
227289091
50519
816550666
681376
140713476
376228269
6409377
717136909
82959
1282725
1068789
158699
4123617
128268132
7417189
38987
4079334
913691399
212287
1963077
2790644
935353
13022
227165
1104397
1024378
278517
2929499
4154370
4838534
170732
4312504
7526403
1579229
488135031
1315391
1026889
1331530
4308471
1113911
2639929
3905860
1222144
412877
228066260
2163946
1840833
666027371
1833111
4333464
8542985
6905585
462885
417145569
313673990
312558645
161577
5698306
175807952
2881926
1660033
1422521
361543188
156041495
1264075
642000
2151799
9696065
116072969
578943252
2643363
318999
511458800
284849433
848756224
394581
997633
808849884
19392966
2598054
85421
363539
5236844
3275569
276211554
1675855
328097002
872146929
141459
139276
2645576
816637382
5167820
3551247
538662
6083646
1132765
535067
753065
5034313
815036115
2675770
335397
863549215
2142921
3446482
4043891
22387
2291893
974550379
135038167
5684749
409588746
338254541
540506611
1093284
5880401
2256304
625209061
22797452
158296234
3819961
846899562
5805406
5856068
608039
1725399
1384401
811895312
331784420
988195064
1609998
637181
943105505
3682423
2650032
542034
361061669
980813757
305699643
1860343
2096452
2888859
305674
433218679
701812866
3479904
7020496
122831864
233402285
926064
2741383
897537928
711089
860517615
89992
458052
824819
422713
5516308
567467997
4553213
898969375
6239917
751634
107280570
8325157
957763762
37747
980288
436168487
2729
6381534
1655753
1593888
953776794
241241
7078310
674631
1808104
1890080
560393404
168840
2544021
1826244
425450
687751620
813579
7152212
4108643
730535254
862103
32822
1501881
720214
86768
418887912
368131088
45918581
2793258
79696665
617219554
950809
1155257
360696450
1332265
334265268
40924
9406702
1045696
1506879
4682742
902402509
216802241
3658660
852355194
525066332
4108373
717451393
695591081
317850409
591873727
782300981
488387779
1947596
3658229
88327702
520398718
1347898
554200
4006337
2076495
567721
2438128
2278178
194230
261537760
7884
42854
1009233
1229548
2274
952092
135097
4621761
271755
1389
524590451
523165044
502723
643727091
959650757
528792
408130750
6919206
200371744
9305549
219802404
4372242
733273591
3640163
819508
3756915
1744741
1771614
260893936
6870188
2296930
5911735
449190522
545281466
941930
1256641
50665
820026320
1278586
8435228
1301781
45652
393211509
57320139
5644853
929946092
931401
913013318
696517053
2866394
410182236
4310557
6708593
814227001
7854441
449269574
491748275
795227525
780664912
4321510
38116093
857106299
3405166
451530853
23737
906315582
8505769
738119
417676
532250
174236389
2479933
454882838
5739745
8613153
984553575
5870069
750992987
87236418
3318623
2290035
273965
662632629
1225754
4501750
122164766
67062186
311028485
119127451
2373061
487599611
911270888
1007708
772804893
7294415
553580
354891217
359407
57451621
276235
216875101
4277082
4823218
918841674
114425
3657129
1791722
13994640
49872
603283336
4081537
495385586
4380602
251018465
383923419
1133728
627810023
550131
6289794
950531066
140504
19485
1946212
423612184
1550215
532158876
276157854
782310690
392534
115857
1159436
1360687
5171999
27930
991811405
3553649
4997130
377179365
1748653
3415716
211659470
6175568
123063690
907890094
460225
619390
684966077
732978
599092
1882140
52250
767910987
2441446
563584
4646599
551131508
27265566
24695719
863716598
1016192
3483650
2330820
2586319
5192008
4851187
321072990
670813915
970859064
2480041
559532
1505098
591401940
1376481
4023388
4405340
8413804
2733737
5144721
501337
533686664
1926113
187686699
174406
213942
6100407
3974708
2901315
3018256
123549678
1425704
168415
258594
18786
916203
8765289
70543
5852853
847095867
811704
83227
71833
23705108
7582064
55667
3431794
962773197
681555887
434990
343851385
17230881
2293908
72361
1587856
4073824
601251580
63423785
50390603
1849051
171249995
1825307
208279590
6224427
395932210
3114586
648242076
1831098
1740045
25467053
328931375
729970331
623626354
66856
308160085
647632
895569
5419814
403174
414184106
527545433
195676
652302428
357319
8714728
43301064
142595604
2413455
11712
2672333
528415
2879431
1627049
36734158
324865
7915817
34932
1052352
575992172
1049596
748338422
33063467
703968
867700427
2789784
275189
132786
39640
1642094
436860
1987629
377683913
7898572
336829
579211
3532800
2023144
4949401
1504768
1374185
319211086
518647328
297025
1506115
611282263
180360124
7214189
931457542
187774
3423219
3738916
4980750
1944134
493093061
625945059
6411191
742458105
62125106
1586430
3563665
6175832
846885688
664690725
408177962
118240
402335
96832
477996
273216920
1781599
319227044
7193861
130000
892436731
355842848
863071
475449879
1812654
1166125
971225248
8473564
4646032
236351227
992114950
612947572
731243093
365304654
87814144
1305907
1064588
1187604
606751916
88337917
258261
218587
5599433
349924
1509327
780940
707172372
205293
480384
58335
1645592
6068
3115568
7759278
8991306
2560
876511569
10056
376055705
855696722
565961045
2232201
5209632
2408107
286692619
914304
340746
559771763
6816631
6544196
3098553
6117120
5676834
847074024
228321
5275172
345073115
7116251
1066462
763816
912531318
810615
4171295
1563891
1299584
497198817
1288049
869467353
3292526
1554169
5134983
4775173
504529
3998263
556524675
19763
3536420
6247211
491954
870194
777071
2747938
60301245
258035144
6173335
784893179
596812152
675571
2180040
32590438
95467267
1343351
741541
2511193
1359543
377093553
1287247
572810217
251202837
3081664
330714597
4078852
4392544
3556105
4643248
719209468
600891
802233
450477664
2310873
1907801
669588047
1326169
2891079
846619481
641541668
2467904
612695109
686114715
153910
176403530
830246545
579554
4080573
8507516
6105385
754355631
538795592
1078809
1001530
418035380
25845813
973654709
393700
7152736
2581693
4821836
911875026
905461394
607664
43264
233233
4658305
143680
1472912
3619741
1040438
202472721
1495328
3760277
867637
188308246
3779062
983132052
5970127
5976
525604
3934892
1985692
924015688
1291935
310468059
908846667
6232318
3651725
3142661
273955482
902473
3807431
859994275
2892472
913542054
1130416
1224327
625326
757346889
3047260
23190983
3335343
2589382
864145
536117
216536980
752161014
1786933
1366112
865522
1800266
839212144
76992
201616
83353
5677256
8276316
323792
296796868
8064
968173047
1406681
672884576
978731900
604042
1760505
2171200
1013943
1760520
3976736
129403594
752012115
391316746
2136082
218017
1437485
6949029
3108496
2485213
529376
7199105
683929
436939516
825696
2022390
839516020
547282520
947740
59855681
560341
748947
846871214
508117
552911297
2748118
4720527
202754078
134429195
17324
3640965
661356822
525202
4986274
3255731
188568
3969665
3612190
2990760
500578523
1973964
156623714
1198979
1074955
914563
2623458
825920922
5656887
355040641
672169
456729
35399061
7371625
354124946
1477168
692605074
50123701
328779428
154693
534222
3260020
2955729
211336
1842936
3724261
2700569
880406290
4883347
258331
5530762
698227522
10449
8033
863792
3464226
601960022
19860057
433124405
4636205
693077145
284817677
34567
1960233
317776
94742
1243222
36386826
60328455
5948754
1580065
1050699
4275561
886757
4145320
2787376
423400300
1223341
843110062
996295
158555827
239701
990032
123017963
121636361
229171
1729009
3468961
9172985
1000704
2545231
4040671
802347754
99945351
5162673
3474920
1030721
409387
486609
1404101
482442279
4235589
330136044
346106
652177279
4609951
3671407
844438246
702937940
2444541
536986321
3900636
351230504
62885620
1045754
402991
5085856
151810
701054411
3279985
332796644
1276249
283063152
29081
7057499
519249763
3308019
4539806
5804299
988797
498864102
23174
8802864
488112
7839514
356066
789133
1595575
535413
2230155
805242044
3861851
7977145
247420836
140457540
3676321
875962056
2652772
738184629
538026803
1419994
727784
742113
405316
612724979
588898773
221135285
6010535
2684480
201361
946389545
100506787
7942561
1493650
762835017
433152749
329760972
1434789
3926464
947661731
132283
1801223
265163
1640327
564759
445257
5405728
5079673
803525668
476960
707447172
233376655
7417165
457357846
268411
4294641
498482170
671550
66425
656482
2766224
1639963
1259896
887871058
1007405
980790907
4251126
932634
3014546
569277753
3170434
233024919
870321
3352649
1993998
1470465
291753504
1726740
192519
2079765
497460
249050
894486379
627220505
1564529
577692
3808630
228761107
1541400
172446
797344687
6545185
96236745
1921576
241926
3644779
948847495
360352
1793472
5416899
529189107
293762
819431312
6910041
418280575
2827084
6248595
67110
517562321
923778080
3722950
619102295
222079
288593276
3021786
748840
730499754
349262094
5512807
307696358
1452540
5168838
5376576
555984
4022647
1606801
808172
470506854
52011
4261509
448863228
4525091
148541734
40044
4699519
5370385
58806
5711205
629372157
8034832
958855670
1841389
2638688
2902100
1077299
1309526
270662198
375120
1331234
1877846
1652589
1638096
4983958
832179479
23728
443396
836779825
3330548
3304956
6011944
1352090
507737
939305921
491819
169344
292470593
450362751
841453
408945408
525515658
563900024
1831416
1687071
818772698
3554280
519015275
516688
1127273
2847109
736769
5401554
177606
432580530
228705
45394
416504342
269443787
28619678
1252516
2131091
3773064
2150505
743331921
1977537
5757537
6493220
915838429
5002572
703208884
285197401
5954867
646610166
4449385
5010272
467480
684611878
5433588
3783431
890291275
883695240
7924072
1784292
2191761
5558603
392309
2224471
2213441
2997713
6649506
769198
449926872
179754
3966115
3512778
1774267
85109809
7878646
157543
237977
4405365
2243275
6239332
768619053
335463
5896383
162841634
606184639
956140270
8378109
21035
1857220
213962986
224309
3777696
4414621
2495423
2620044
3677835
820261
23816855
1229692
5349983
32515913
765124
6122443
886008144
1796784
3008056
128639356
3311856
1360171
207931294
610471
22183826
3470815
3512209
372203892
2560114
699824167
216153461
313726775
6917791
406865384
666878
2525918
5246838
273286920
3240229
3533520
322358
64224
2201539
894698340
6145939
3186451
2782996
17605978
321427
560809
1414231
325156201
925757
2651350
888488
1293511
376221
386500374
3421448
2029481
4928902
1587240
8010231
2415896
2138820
4526830
1498497
6051320
909728727
705647608
170402
135375717
609930440
2076295
1438124
4472980
377714522
2677049
1571189
2183375
871179296
4947799
75625
1045990
8632706
5419690
373526
391485432
196766
111292
251997
275053
160330903
3576990
3666305
2475449
2429314
150880655
873311065
1919744
61588
253575277
987265
419082836
958298245
81463
4094623
1972876
6673711
1707011
8392032
205689736
50184
1355849
4742504
265634318
7868169
298139722
436397681
5846341
979042
1671692
645841
2424538
892486027
724397139
569213618
947426217
539688277
546891534
1597882
1198672
439768994
3068574
847264471
6447328
2019508
685375884
393640
414803812
733274164
476523602
404086
5631968
912564137
7830
417944996
3116976
1032715
995662948
68732561
1316481
4480881
58957124
301502
4908365
48329899
4039122
502991
2251648
6332520
752876
3039931
394622460
979865
5569901
852240903
822096
149752977
2215439
3470526
450066
616171292
340059771
408969213
761242367
1895676
958805726
687429641
1469259
5416098
3182176
8635046
5920644
453348044
1577376
587620587
3331575
7719736
5383831
804604918
564788
735392166
534259987
698756132
923264060
1994847
4572179
742878482
104098495
3647172
1705768
86584
3784208
6289669
5825449
269764
224582971
1323354
268751575
4040222
8020023
126354
4631973
4846035
450246387
306370735
2713872
273541830
644292039
5196235
4799765
157187424
4699557
472937437
4082227
1295305
96969
69177
165621
1545652
726229
662321
4672452
233416
6026028
704109225
1502820
3035683
219967
133362055
2651863
993532
772059828
79159671
4992574
391971473
36415
3599544
884187844
4799316
407877542
794558731
3731012
2458521
8732717
2227336
853521
6935100
724137878
1516086
866314
377543976
20753283
502656
628144716
6225529
2480015
1172832
1948700
1885317
18234
322980
3975443
598029975
495268657
5477599
36220
1279538
953162
746110
2459661
621230
5998208
3454
2373741
870108145
1106784
4613036
388289908
3545152
581494388
367672
813313
174259
4108064
1723044
510339
3526409
52190
42516926
745649423
202941
206209
6236344
475120
1945106
597883757
781664633
68111602
4971068
5929
2140112
4594081
4925070
999340
2967457
922381
392300
143908880
1973389
7864680
575785
193395793
6369560
6421156
50485
4658814
511714052
639799086
2285000
672887
1432845
1065947
2981897
8203438
4156501
3930096
186293262
5107298
765091066
2280112
702952889
997484
848066405
467289130
321307
366659
109187911
496258019
411688688
4008936
406141064
6426278
1656922
805518302
95922075
79948
2901209
4586290
908219
5529634
496049
4850752
5243590
259768
404085
903717047
555940337
4031447
2763803
5074129
4761994
1698248
776134654
639871
461840
4834915
10318150
657548324
237667
787
959399328
2189719
381141
326221265
1607105
2938704
900779645
367169076
914742373
615973627
654126826
831092178
375047237
545243209
1455976
616108
2078895
966752
568540514
524757
172816898
775938451
824374708
152735
328495785
982115469
3175939
3158754
1637873
3591913
2071790
1194024
223583109
778445636
3370818
5598695
1762639
3588300
115841
692264355
3418969
319289735
5305
238891939
938799632
232237
70198694
2616772
5324301
415332311
1380806
1115084
2028493
838198
938845996
725272
764499
5261447
43935
562185365
692698063
246944916
1665386
756676771
2629530
8537803
64692180
3879200
874612000
3797728
698415999
1209652
39534
3843630
4300592
8364640
94713
115570819
450894576
566194065
223255847
1276082
781107077
2041962
564095
193584093
943455964
3923683
452092842
66566609
3028275
3750256
321135583
268429
6390295
2144617
97071
276601
448440112
7127173
4953906
225341558
411614573
1603988
517125
460885
1690005
857041426
791061539
4599965
798605099
103559593
765195098
3745523
815561
1514349
4523531
2619178
5455663
851505886
5399617
1926764
349639883
4869568
5187143
3682350
762859
114403032
3014993
6627623
3408464
6425545
388426539
713967852
41644
716330
829916020
340825360
206363566
2350807
514839307
5756221
4110757
332044
430317404
4502976
881372250
535648002
3177717
642737142
4641142
136742
1418699
1059509
1707053
2968763
4710602
381653340
74574532
343683
2197132
5727937
786793
893365
635278349
789682132
249669676
2318643
577488064
290913
489424483
588205142
164251
971581150
926653452
5829510
30874773
1578851
972612
520676215
23285723
3876637
413022
3526598
70445
2147016
1379988
7891654
3607348
803760829
7008652
3470891
1519265
2718222
1484761
881380448
619719845
180619075
3535783
2990856
277783
4581186
390886979
5479392
2247955
846120359
1972954
719507093
639280079
633626537
1476160
606538
894572433
3403904
23927008
5945122
2739700
658096
1033831
745468732
521948
1889445
2744896
625334673
364866324
4151814
356383719
77415700
171015108
3378100
809046849
578076274
871454626
100013038
7419418
3476675
268571191
3829708
3320
2088624
1836508
1713044
1000033
923410067
3755817
3865858
3360705
2173063
2210539
7453846
454000
4290219
2741902
483121
346515
1184516
3700999
1426873
273266369
1266975
533362117
469351
694138359
3136527
2007072
1640352
860403975
612487076
4345841
272314700
2655113
539570
2029005
4035977
935186221
702662264
946093087
1964664
247459705
10157
1133325
5618593
199919654
324320
631848732
301755807
600184
318592
7019560
4278914
261255754
2720349
2356873
121507
956926300
67476
856992
997470941
4383103
530322083
5670044
425201486
1215025
233003
2595712
3222444
106704
857910
2123529
6071827
2501099
2336473
2071297
300118585
32588022
656117846
481534
5044243
2407046
320462053
111181574
2311578
844510
75483
870052
8402577
444207
1054720
4011190
122264755
2983378
1196176
3743669
519065187
2638175
2988678
220648
1900448
1919906
571568
627061891
729565
3643353
2245631
468035
609748632
485229763
1910904
2883039
479741628
706468
537617
753733530
489301
535433399
332251848
7045593
6985815
488377
244209973
2166632
5726996
344243211
3626221
123687375
546134
92393783
9095370
364108376
1133073
566649878
1816225
761073
1267557
989337152
3873065
197611
2778069
749093273
297811582
733289420
8611261
732610
3456408
662454874
667792492
678767814
410274
1995956
2654064
2339500
1520977
8972719
176800866
285427950
945140724
976707369
671617
7868596
220648
6351226
3727426
716319799
591298908
4406776
4138976
3920875
264264
298849
447843739
642161501
733203729
489905
2944961
6361068
3059365
163675461
7647206
643300972
775160
368105
152957292
60438074
1990422
2059944
4421352
53919620
700890885
743032
483967182
2890446
1684039
215976654
2223313
934235243
916378794
2075400
793300803
1280393
28731640
2443218
1033516
914857457
624187
173832725
7895584
3187399
554425452
154417
692790486
621697
778623643
177579413
1688138
4352674
198843164
943844
470637428
456105
3348457
7881993
3213339
5738324
353021223
24136049
547296627
3050497
6667607
952497383
570580
91776511
2844477
886415098
2140452
925759944
1582651
2151370
5625465
82103952
353557
501060
36890
4983636
518271
932716601
11908
472966030
47298674
230675976
2139867
3824187
335402350
4968823
5017516
494614082
606574532
335950462
4801296
5578599
6501709
2409712
1229934
2103786
2067663
319031
171423149
171275
445140883
938426911
345215
394559
3668756
845118
6135544
3809910
190320
2732987
1019131
326897
448949744
722975658
261799
1955584
4534640
1543109
3424590
724476425
2741792
1248073
831252358
938265509
1582753
908425305
3932785
121874
6697787
550068974
1851080
2289280
1138717
2354332
3728925
796394500
1799772
3941942
4417736
795589470
1337007
103706
653810545
771361
1467563
6623093
7388256
4586948
172193
222518201
553077
829520283
49172190
415729
1638382
623555
5003201
3590175
2517343
16361064
653272983
569921
454676272
6033096
1215951
1005012
7317415
1815386
2202484
698896
2289203
839406
9151327
1997922
3125241
4321399
3597129
1360880
3844846
704488227
275408499
554735353
861531610
1052779
5863972
2795019
697438
7092595
1980197
681546564
3123030
787123
6566195
2783664
2682415
157680862
334143769
1234763
131351131
2813
959756759
40507528
6265970
824730849
1336252
379856
336440311
5895161
6544858
40252
123921
87364279
546898
423683689
696916913
637713
538879
674888666
434699823
69352
3015380
232272
4367364
1905531
58289145
552436360
4119605
149505
2024165
900121
261807544
280945820
2806005
381787
322638
2742836
2816601
2240940
148174507
995104105
1748077
941165157
46780
39305021
3093100
765670714
826173
291941160
4770784
3649784
753762412
772883098
148740195
2760321
1329175
704944467
327609
193984
993511
761115
199083178
2119806
4266072
566386475
214456
7345523
6317757
650246
934463111
1572250
896991153
1938376
1932052
5326260
4100052
58396
1140118
2154195
521880
169448
23959
20714
956361093
3990961
384174843
4515364
264176425
9809
383125
1499809
1413222
691325
2973135
202564
6847023
4043928
2188152
461637
1019635
7362900
576218067
245864157
4134503
7536795
268360629
9389923
6517541
8061628
3171554
479176051
3021296
3472259
729105067
400136
504497774
574414
315926
451038516
866426300
2458240
6792907
8290583
516065
1036088
223297997
3886996
8476580
1544608
4937474
5614336
1961298
383392
5485319
621264627
5252397
548801
152815128
723266808
166275
3632996
1889777
2930145
327945
687845
676665721
5556056
70257434
349497
167839
260935144
532576592
7035097
2910411
5220922
3253438
3710935
55854
3377485
1439616
3795841
3286575
4103127
389013743
2517733
168339
532507
2602018
3234923
1714652
26050159
2575932
184617393
641074
772210
421627634
3266377
6302806
681920
2357177
2164114
1473571
83790321
453140913
1344240
481537
58440826
868087
292581
1727806
683885167
966647058
6223842
2684056
6831892
437357087
3341944
695113239
288295479
193852125
2110411
263424
5025581
1734910
318793883
51644
3444925
3895183
641758742
2484201
320686
156804678
256068619
1342497
1546454
1641784
1743871
2231628
4544267
2213424
1088298
477369182
1906886
5113104
158215453
12345
4112654
5837054
386298861
1365963
431747798
2699211
7396831
319949841
2107620
550815742
652657339
6963249
607616693
2707114
3530024
1669056
2698696
1092861
785314262
1452680
3268152
1380043
1206392
5895138
673439733
745493196
2204241
1984662
618273
500075
1190175
957790
978959017
2578717
583264763
28716
347387889
5138825
6074753
8521
220133222
3227053
3415749
684936
2105300
4828098
3892287
3468281
4925929
617352026
6453010
288863175
6364367
2752696
520985959
5021421
265429824
575503539
5335039
964574314
1615006
759790589
377051
433993
228496
7552468
258708474
730646
4385945
7844528
1797048
740934
45118170
1179758
6337209
648356792
365079804
425589033
77523275
119538654
850430
197125266
1051776
715220
5410936
56497
8322993
257900
275897426
1414962
2057827
284271
3815228
767518542
579254348
764334369
1725704
2164640
573501
1529716
624494282
115521
738437741
2613601
386592180
30558265
1423896
7544777
945268
3052749
15888690
753949810
440091423
815579792
2880592
603838924
891070892
5610052
1498480
2102600
2720446
157223
2639011
1681954
4190191
765068159
427100
334921
2627734
623605039
3962635
1768089
3328079
2310119
836625
3178536
95808
127381485
789619402
218388660
528787
278415496
160756380
238707120
655302
93984568
2771142
1653325
4890988
1097902
1643345
483855
1179392
310539
3539196
3028596
240830253
388857588
1325958
1392961
2414881
26572
158809
1786255
735078852
5784173
1924061
2340871
215253548
540349027
5334022
55770
644053260
3345970
1737113
1485803
5450656
2774966
990677428
1552252
601246133
3563231
312884124
487578704
3719981
3623552
6583424
1561978
4968752
20350
8367439
1860987
505858261
1461395
1853820
378513394
325578
597650
1155983
978505
1029676
555312560
707258
432872698
343101055
389207
806231882
1309335
7843861
82888
538587
883866773
1017175
2064135
845101762
282720446
374876
597836996
262160865
45036
1215176
655531020
1390405
281464
634996352
340871341
6962791
943322678
5523071
257733
404131
394333
250395738
7368163
608868
10931145
660877
904123441
366061
590129083
6294887
2561879
3003764
2635524
1858651
15940
