370968
5041771
652795776
6692716
1745211
526134
841636924
340645716
2508989
651552748
5451
3314864
70788
818777061
528617142
3548459
134738259
303489
5725465
643958796
760035
3736913
400081
2936976
529560
601596655
4317925
29282117
693761172
3008682
870684591
987228
883611
2145507
3775924
4078356
3018073
334205
703682826
305385824
326603128
402760061
4512439
202763
391370
2159986
517320756
2785883
917248
468619
971196271
374919
229576
885125
5501809
2055472
727457
2792483
88405700
7535119
3747195
527159355
611282
8197356
4525908
768369
1924384
624416893
3300188
297882436
6525931
552766274
823500220
1031545
4424967
5827777
5758006
1347535
270230130
50100633
1639150
1545136
7005997
4051865
8152804
3160207
4717886
1796182
209705111
237481331
5199876
316964204
2334300
146387071
401787
1469481
4563425
3051455
97493558
4017236
394348
880987602
6051004
313650010
5193725
727853389
2386146
2188951
10819
983743987
1222874
2356096
3044747
444148850
440677726
2137134
4940735
211445
901695767
85146
2187343
230628404
2082461
982652
699240
8436340
2532409
4802088
189091371
8809696
2858009
135071971
2387638
555375078
203712843
575163150
2293899
573798
30692
326545189
8168472
949238681
3747506
52768
395235271
4474684
160109614
5936552
756973
776613368
4567369
133957519
920125067
943897682
2735388
5708325
5407924
3137367
6918395
531923947
5293091
2656488
286134198
1004239
4102483
666273287
131462
1063392
3413519
3001437
457592125
5005203
2625825
402297485
808166500
995200
1019131
7003315
1471226
2486158
295127685
3257011
58176
1043376
70097
2301361
720850344
791215451
977743
1321211
339698265
4822881
7014680
248674794
3654558
330105
28851167
233069321
382167922
530680
169447135
204983239
1769194
897805616
3320419
5973872
3274160
3542264
2165888
103398
1222183
2689907
2574108
46899
970217
1095787
177463
585343
3930849
2862864
336395
1106479
2897054
3125969
479175358
348726787
6106889
6814704
83643825
1837092
352961
4017680
659319
375589
3671858
2015025
867168
267871864
1824752
127283
1701865
2243542
124895
378348710
35332520
1167350
4074745
251436376
2086064
857851
372928307
1978170
5296
3373129
118091
596042952
596278115
459753527
2508400
46306
45035
440352
100091833
154602
1257988
614893206
708388815
7754137
4691367
15160
842689
969588
259780
765331910
865521
67241
491746
1483721
481457
2382097
1701695
763489049
340908
352055
32815441
3081744
9667
3734215
1383389
2009887
296368
3159136
1190975
1018825
422706802
743982
537567042
1822039
5134219
897250222
5004006
814843843
1157842
1103500
1155952
6791810
963340169
4539021
1549484
4371165
653887
1575960
6937123
8676100
872569
1687472
4260213
44432
1598139
886847404
4320649
2008859
3766306
759824670
1102687
5032529
4555350
2971705
3320279
1561823
843584762
248710
2000712
3420561
179372
7620432
645652767
7101471
1908271
655964
777638043
220264386
89874516
13334396
644533
483900591
19451
442297
6885920
3899547
901941779
2338555
3573224
1767984
174040
1159785
390682302
1519564
417284458
1857636
1441480
4994754
5510409
99890
873030576
1674768
357802358
918010655
2699596
2173238
770393225
80474
2332656
2203889
458112
159316
1522186
222115
2493453
277860
7482059
2939773
1654209
48613
978786537
1812449
1268788
403512437
382372
210593310
792081456
1775870
3251805
1924346
202038698
7952179
3586573
89284
1608663
949145600
990885
668001611
408992926
727538096
990589
772888
864546
4359013
646870684
73630631
809661996
743634194
800618520
8027404
67114975
5047705
3998705
425301
654080
732133157
237131
6162145
642858523
840397575
5332756
64148068
933431932
3520808
4573421
2455323
6102637
58991690
501247005
61317261
2076160
658412924
4205997
681273629
5819079
1081583
648029807
4617663
4519726
5661360
971619000
438158137
3814378
734982565
381547158
9676828
250197872
187167839
210316513
377064
2117551
6477497
387839570
336058
387131640
4427875
798784559
5544368
5295199
6283569
183595
1208535
1326713
728203806
262470
521179004
302585460
1461595
2323202
164252648
3087901
309522067
299640572
5794942
6911972
1188696
978528416
999003070
999256874
1617634
753437698
4889664
5695075
5264216
2180114
282834453
9577687
105940
868782258
171134
2692796
1008037
170707
303553
317700
1220276
850514
19784
530468172
141061
175900
709400405
2642947
901102934
467137594
2493852
212057
6259911
4129536
977165
623745226
611895
1863532
653859
900177455
7094271
964556
5978527
234664739
335361185
2102608
289554418
276958821
374403167
488706
16905
617721
1934854
6392735
426487181
95007631
713965792
1113589
537169631
6792283
367851560
7128400
3141575
1762606
341508
826778641
986886621
1656257
178205
2477358
4690647
68882
1326256
97651
3262644
556535387
157212647
205871132
561609810
340336
134200605
271846
661733791
26948288
1700865
424225
791594290
337561
285580
1437438
463513
1492305
2717457
1210451
298645129
118562166
4664420
901931
2205468
1224515
1118312
1201985
658148930
5901999
484786783
764561
627045459
7543732
1674076
425937268
4600756
6369442
1567335
161306
2503337
773454237
596202092
2096881
585803845
348890943
70532980
505134
59657487
312615668
646067330
2832605
1721616
451008
1462216
7121288
495165018
170227
4072111
860198700
230328854
618898475
33734
1962306
91481123
2316931
2156896
29362581
4530963
3312745
1756771
793272509
1260864
4838507
703656541
3443304
6357286
653642506
5144259
616717923
260799
1490125
846276198
1280758
897383191
973788056
3801428
3396643
7160864
930032
3230943
3506812
515638401
730097132
1247421
377173369
5738374
306548
2869664
105036877
389710741
4348368
7883866
3177708
1051481
2018430
345585529
114692422
3736440
467306903
445284137
50261871
29416
434151
1656369
384063904
2532370
1707292
293300104
893947
1071173
4461585
886908410
963822735
2781385
423393213
51940
6538684
3971988
385287
5845639
2540017
987080771
926330860
290481
2440025
881830190
87318067
681204291
880223
867253095
877175307
7134817
320147845
144662618
350717455
22605
776521
5291289
2701960
904122
545458452
6200807
2862092
1448690
3979225
3628475
2071578
1100731
570697543
2987319
4253095
565105937
2089872
1125404
6275408
356949255
2203388
4073637
61904
1807144
131593724
5462850
39383291
94557797
660484730
4831436
635902
3223552
94075536
3235331
5100802
227656
2911444
2213004
107168136
125216
725774441
4153810
450827319
615090197
1478000
296908
45745488
628144703
684466
7947232
6646143
669738911
2454006
873356
4897886
145441130
1057528
257897
326929
679778271
482436
885088
871727414
976428
835941896
420808950
6508486
605730
221869467
460421446
1611349
3470493
762443403
320351265
6114092
355793
733636
3101075
108251500
98863991
657350
1062873
148597777
724988
1052971
1535196
579446
6224769
471464428
556720204
2534316
4179531
1206396
835251421
1289792
1693411
4956502
232334
473844277
487293933
754164028
749941098
134828992
1253773
2402031
690420030
2345641
6597688
6486173
115174
1197384
1295299
1784769
232945689
1126749
161171
8687449
2817369
993912258
464134
1579457
173675923
46432810
604295135
577746
320834477
1389141
1134225
2082718
1351722
360558
343967023
3473180
4327906
529761544
5477825
51036259
4065437
7114959
712240
620249
161558
621223
685614575
4146661
697419907
3458413
520443281
237770076
374642
3007716
2549094
299016677
164723975
233930
1755652
2414810
960864
113113
1018716
377891539
4158220
695107881
4892596
128017096
229649330
4626875
1422880
4667211
951868
576768464
737917
148439
899588695
955653893
954135580
2664200
98030131
459847136
552112864
651762778
1322605
3437169
5401011
1075416
815460072
785817651
706321
3355905
675199
6082532
3037826
8463008
571031
834880
2482271
960683294
1012150
127980
439854537
2818304
1911014
1613560
624958872
975649
2217281
518867941
4632365
331151
7284317
829672307
1055357
769872929
8307612
370436973
4428165
2592428
1603390
896717
2817313
179290166
583641679
1361086
589771490
2125786
885885980
4473253
641322032
2373196
338593516
5590832
843412
6754918
605384467
677550030
5608679
236359
939413173
407952089
516216571
642646471
740720973
4733440
630377
367225
2432314
919012
340270508
2098649
936588881
2053353
618231
655776
1016906
815282
4306487
4865085
2543344
24844
523932
538593502
828541798
780332606
984324030
3509017
3137808
756167
342802
950490329
3115809
1199569
632468426
861391898
331444955
1477859
4360986
1337991
4210371
154213
701670879
3248720
293477891
62484543
89428657
2902779
234876741
166411513
1485523
51952727
73763
3279698
1623716
771686180
978596735
2430814
1041823
558093
1178489
1373566
3333889
1372884
1737072
5835175
3470471
2486107
1658125
1522185
664179703
614658311
434529927
64359302
2422388
3217745
1593883
5328046
22485
608536724
3009397
5095851
827929052
2363849
779964817
1365023
5167799
11634847
2634134
1741028
161057788
3859606
3092640
2428896
3087762
1975250
7264674
1135487
360529990
467591024
64154809
283938086
7866250
197118161
1367952
3725431
1636573
830940815
5412124
2872407
554986788
5243966
705471647
2621443
1486696
594325837
1776838
5024925
3765973
20020002
696372636
206361
4948807
45560
735902012
145895
521409
2603952
2223289
902281
610312693
1431617
942698
214040419
2941879
1570814
475419404
2300946
4706754
2955687
1469792
608374198
2197575
340224
2250807
373530
368685307
3597656
3845816
276667
140971
866053132
4936490
173942346
144004
3056384
73303
180909640
962745382
1590335
4998941
5704787
3689947
3426607
3271441
938386054
1914352
292470451
164557461
716443
26059718
4351495
5452367
1208195
3007483
176853
246365999
31560
578940770
837790504
1962144
620404
456374445
289873046
3606188
397417079
710261646
118613728
5606596
1666354
774028
62001
1039404
576087851
111426188
3649235
1014641
16359111
6180725
2236412
4869385
1794184
622760676
304288861
905973
357589
1320386
1605960
195791018
852372
828856
7938510
469196538
461211934
2992491
1341441
1222458
909169480
495072
411922778
1452801
3736176
2077875
629391
1056576
773170859
113288
125544873
497152
2759468
1650080
3104839
838773
152529393
1634828
9144150
5562663
3402537
839636
2187339
908842540
801277449
6657579
1450581
793675
242613393
116481
857195915
2622921
54652
31429
3641728
1314848
5081103
4354558
44923930
708880569
937852
1847921
37571
2478844
521191
529825
6199254
2995705
3968994
994587
436996706
833835150
150870353
4925844
469055271
208565
6341150
622237
2686310
200779570
523683262
202512746
1004996
471109709
150983768
4998848
521935338
1715352
299506
5713586
92755
140026
387402677
1916299
905488023
504175
401299148
1698394
2029824
670376
2255068
3735241
5077458
158071
565184
5602457
89401
873279260
5375647
139597
77815
590982461
6634218
145970
119161
2986928
7535835
2527294
4498116
3943447
2647764
539221284
665830608
2284512
307407126
3737928
229846056
122701
48946
103725190
665140661
409825
89496
5950226
2894051
240247
304968215
3541166
965510647
336024713
2778893
2426048
124895527
2166061
638661
8273745
3169409
162489
1005051
150505303
5331199
748413159
3804001
556627000
7675313
972984947
889720601
723819126
790121213
3086115
2167513
117216
1911903
1446014
2934256
112129914
8364015
129357917
1495612
5242710
3191422
836714481
3423579
3013298
1478393
620176
6044708
795753
5312228
584528
709547968
2150568
416709106
50242027
3194985
3311286
1484830
1796848
375030946
4168717
5662112
780384412
1286412
176597960
683303083
5203196
606766971
7312969
453253730
5779517
2498605
732841
829871243
936453
404602523
2820834
4075729
150137
794791479
264765
883389889
3837199
1296910
337985
1984543
200124
635901319
8698132
8686256
3022467
423461265
101301957
342555
256735288
121710
97096
54517912
342139865
2034660
4526926
19169
516413
2239004
3110161
220948
950335
814800624
16142537
1055673
3996007
458681
696157
677164
727499
165748
810288286
103024
721847024
2866833
859
273984168
983795404
409815554
856344699
1722871
1471510
413740
2101376
685692
490756
2969252
4046721
2909970
498180069
951904234
1993445
1438683
888304
695723409
988648
9333102
78688
651929
360541389
634274209
4517206
264626509
354713884
97933619
150125170
4250533
332311575
283841471
705780822
717320940
430866348
545170872
231604904
233650719
4035546
3156891
760341362
759091469
446680
2025168
1262777
1845044
8666525
802430051
3631942
8324349
117632
6227785
785205611
445885
120601
277764336
1269853
5063805
5150449
3324187
444753941
908649094
378096191
2389687
6213548
181152
3656640
797571037
893823713
344966756
8822234
346093619
964374027
644469314
5258207
1982432
988381
2312712
199024
730094777
230485244
7952452
360870538
146133217
601528629
3812571
458540413
6668568
6968248
2372545
925712025
1699285
1256703
1212279
1865241
306022267
3801858
354659817
4155701
1817080
166739141
3943260
4835328
4779606
4518121
327742922
703506735
7165002
3990156
1084089
673255870
1630429
5207731
894541
249183
646439889
981882
629800
3702416
8487487
129607095
519131842
1226556
900956920
849149054
1050364
582917067
597424
648824639
106444
2509401
414158356
900765
8491
318870460
390394
1701228
2604064
794694
633203382
265836
434428066
969751
657114441
3819541
5309297
843958846
1096802
3185966
36016011
289417232
2044032
2141216
2631704
4628973
373668186
1878461
294015847
6695324
408082767
47352
6117994
1991196
8096476
8704119
2095854
550532151
2315077
3348645
6794750
513515854
7248437
5859985
4978710
247408
575376973
735236
227008164
6307431
2987435
917669621
1990303
548484
584856076
4018062
2569022
6468966
230412643
502444946
288816
1614211
2186105
1150991
405152614
568887985
26609
828743728
210311
118648385
922400
474368370
3602752
837462445
732379
4467899
976161
6568686
2010581
197918050
3092759
243742274
228698416
1845584
129434758
745819688
1583611
525381
2083914
537343147
842905438
105403095
2698864
312210885
348737833
587009405
553781177
655739405
326395
98705889
8365377
129673259
1905275
681334548
2518209
916704616
56214728
4207936
294265
1547057
77404
756165172
4007843
894958220
354243839
139783634
864379
880342
3889993
1297183
406551
8107872
511079169
4245482
73406
5941852
6355709
73465
685505663
839869
2545741
3000721
99005207
169845337
519235914
745424
73166171
955296
4909042
397089
457013
702454
3548368
290329514
4666174
1997599
3195900
5307824
6355640
2333042
2639728
1403947
560432
120117047
447263566
1651500
208042
803253443
1692049
3019594
625081
1179517
5599264
8240896
1639317
1178989
2142396
964975
444909044
5143676
6812000
475175094
254179934
162317725
1278429
5536075
3060130
568033465
641150652
1135155
3901994
656911
1831994
8327864
17154280
3324152
262362
28737
7810150
6666069
1427497
6668281
5553573
47348
992046
778515269
1778472
1919543
631191572
4768205
1127206
1827790
6741529
263493
987211
5504158
4007765
1344840
769423015
707181935
3236329
86911
804673534
1255035
925993741
2290945
4605650
666421395
2336272
550970093
90945782
629720
655192436
636074399
6290985
203378
4448877
1163685
437265
1434740
374599675
758568907
145495
194162
449665150
38659488
128795566
32211107
6482010
2624724
3555
759577
8236696
456265
789356
1304984
3541875
5602075
367210364
6202184
601898002
245221640
1077628
2196
2532428
518518073
3158537
1382153
941562
500124
661869092
435752095
1639881
862336
2820796
1289104
7845298
143496158
3528895
564521
4540537
689331
596055317
959638684
1188930
1682646
2777571
2447917
1527968
7301230
4578874
3196098
6816201
370975
173125
2552329
144413106
77128
55535412
716716624
240887
1057821
1248767
630611583
3725316
622692
814224974
3791962
1336531
494111538
168099844
324826723
3411736
824484316
679580722
596272727
1484593
715837089
7106098
490352842
890973
958551
282560333
409091153
951343229
3986372
528433
241388255
2181613
4503236
4549136
987153036
4120057
6367303
4268476
1827312
91397
619995
938837101
119537262
8667016
107438481
3381796
723373681
1097916
5787396
3315261
988117
69230414
1047418
439202488
1025878
5935407
168997
608102185
1025584
971246783
890796
2603196
98778467
1771834
1250492
738560
409890894
1703144
581395
162064249
172882
7322967
221165448
4500442
839302527
13890
2849431
148929
515594004
5004428
918202808
151876
957439464
927597783
858143919
347980
877672792
882937
31325
920927907
663723
2911508
630229
1546406
447052
4506481
248878165
233935096
2330183
3770851
6037922
540054323
13418
192154
128984
164428367
1293238
658814868
345442796
3998089
161649
790058479
280635476
2641139
881187
299598592
717446424
3099137
6222944
452632004
543992642
353874
195008
393808
1351937
2596364
480434
1439871
7103757
4091834
2282736
80681382
2019763
149297276
5931759
925120259
1144681
144147325
2675338
721215434
848082700
577490470
559176541
723132438
2382
1132389
3702388
286050473
1663204
302740
4116323
1085005
912201669
559620283
583341
4130328
464826859
718502
528548433
688272
2213089
2263661
2414207
109034
291759
559858
5153307
2537486
491538922
1704057
317367
5564751
5085699
14197
745877
614340
89192498
5152849
401203
2800246
1973905
3499134
4831782
235183
901917859
206829785
113790749
1246585
1476930
817176131
3715267
2715247
689194
888355876
3009051
533513
245526362
249874474
2459286
418592
6892705
1082500
553867
1087507
458309694
641398740
6449150
1200513
26213993
309858595
903400190
327916611
2013809
4167158
1709864
606888875
3292008
4025804
1821305
307529
863107536
132929
129207
130946
1232442
68362416
832746605
715589
334324610
2207330
416795092
261944557
30576
1521696
106784
3499264
5438773
2458649
5726298
897683904
2666374
819912924
800876644
704248011
2043
720464
5712440
1646936
6984925
169249685
465721779
964787132
1354453
1781542
311263512
129529
163941407
3930165
2370731
270261646
905299526
758340177
44017
1890577
218922963
5186732
612023154
5260776
1245520
638513
416906988
2250685
951856186
516587
5119713
1594459
333653
8962125
5088000
71797440
3046504
59993
150427043
725014
8139301
853187240
4908381
842216258
1388560
1716329
433259
5237611
210408857
8608870
1436645
2365413
131558
4795649
579332
505971506
3244741
4542419
3959199
771043206
411777
324765885
6454163
18305859
209999
1775059
234245
2469749
3196669
16451
590880969
484083019
374142478
1042711
419159540
5885469
211600395
705678705
106344
6135840
1637736
55240552
218104
5371379
1775515
595955568
904080
5537176
4334184
314460195
2214888
2210501
932306
5769231
280461891
1699920
827224
9252625
752553
1101277
157813108
3686648
600602039
265633435
793249853
66665708
689566
426270575
1316318
767294095
466950609
219313454
6496281
816873
994229
1105989
1920381
486189
432688
108861
4276631
967225569
401697542
980712083
987870450
5962813
7224904
3053229
5318889
879130222
1062441
2579594
1845809
860064
4094624
811242
273025153
96913126
367327
154827698
2790645
803661
655925482
1492272
2719204
2119426
553861
3120819
3489210
524792
599076935
29012077
2552715
1891397
2247673
2597169
911352756
76612938
3865680
885459
257638878
710165466
2528472
1757089
297270495
258463418
9377668
543173236
472347
4466632
639628
369703
627851073
3309293
5684687
96456
1172763
2576305
4714851
408634397
4412448
2256281
713950402
154343
777218515
672530506
585890
7322788
6137239
312278277
4167946
4813208
610794
2337503
721762546
3830964
860818613
1765577
958811
1295856
699428331
737072513
2708011
483367
4248759
109715
5409104
2020193
1853626
1764666
6436067
1796112
682207656
140500
255111
392816
125010187
3818748
413391308
926887554
1489984
860395733
117337
1038346
498957
1200501
1743795
6234240
3739380
134332103
763866513
356045820
93833
1430791
1844547
5788983
3548649
435690975
925535527
1948618
154955806
1155186
324367
27798
115141
1769750
86971
2494425
8050707
2075808
4824424
1003536
704432340
1074670
29775461
148291294
895057401
1805409
4369325
3125475
6696624
323956917
614787550
8601326
681127651
93121
168863
1037163
346231963
42711
157270
1193231
566034
640830788
1252646
973270490
176512
218833349
6263085
2774407
465438181
3476804
6753892
4995538
2691
409230
784347607
456219919
334369884
7248225
599076476
1568585
785578679
3275097
1237416
2137680
3521577
2347211
2747537
3107533
4636935
387702875
3928681
168036
22401
1968025
1348472
5870564
2563992
643661456
900902996
842906246
2384446
75393
47097384
75827
582683
1653912
6666420
2629094
841685
4658728
502641853
3160864
4305706
6775769
333264479
267476523
608275206
7723130
3853030
2187443
440609563
616220
698896
3695315
1455801
398944434
688692
1870711
673380
2280091
193929564
2238280
4245021
3776656
243521
86896
158003
3334951
257533
4262221
469250951
114927
1689825
70257
2972781
237381781
206319
526999065
723664
5250925
607014
426343073
706253778
840715596
404585887
1739429
394167844
983167
3850889
5437473
4272993
207549430
5248176
2778400
2295850
104321
1976211
7408920
79178729
305409209
537669
916009457
204320
210396597
178688499
212938747
47942225
727414677
1555791
324248278
1333720
301200458
2074157
984765810
1223060
578658955
2275548
5326195
5915786
4123924
3520824
359881
187543
6661204
5207231
96411252
2968035
2580233
856996303
2446984
6562959
210498613
605696
827396049
6301072
2932153
936298
94121596
656087166
206403
4658861
4040905
169875174
1876528
2252810
4682340
7399245
1101684
609876
5075164
891250762
622015118
4817317
889209
3738567
743288115
5709361
1035298
1251573
511251706
190956647
246225
428047
3000555
895175
1871053
170296
916404848
3284870
182002022
24209520
4896221
9946655
496761722
762349444
1318897
1601907
1640250
140012
7880686
2342435
2747297
430882
219017925
3047189
3552034
232138193
1769841
506952
1855619
240975506
4085428
441565
6195406
641164218
894243427
7473999
4983001
790204815
538441208
209011455
45387823
962511682
6652240
3850615
836819914
7627088
680958180
2650
4579500
162402815
7391034
465458
418769
1825147
7676041
867030
68328
1603265
4356667
1297920
373843
1014925
3791385
2725970
129037
865188
621444910
723426
475811986
865616686
596191569
6589096
1247788
281108994
104075
310135963
292747951
139322105
2702628
884634501
149898693
20904
1385485
457200
2976899
745056809
1785426
83991
1635580
57398479
9605738
1617483
255440220
390635
932862656
970125647
1318368
989384
318130258
594233906
82634
6316251
1334421
1218538
207152
583010
1326633
4062894
2044796
4819632
331107030
552203040
348297473
1585816
9990953
519077584
173976616
791650941
909950203
413174250
1696111
709913531
66135
940768
121266762
304585
3411584
371924416
269773394
3916861
242460445
4287817
5368969
24207
4877404
736163145
1112400
334711
2531961
1234734
819638692
156225199
1037769
419107262
376908335
906402
135974009
868419352
3559217
3533530
1825725
6595255
506973612
707476
4206878
2563159
533489
615647723
1347840
2171548
1350156
541987332
1267675
3222401
3768180
417406
597951
6211493
755478004
41224
895437532
1449230
2311258
511514882
197628
2211355
1651912
231830536
1861666
710065130
1185785
541700251
811121585
1783615
2438769
159686726
729466
28909525
337268534
1302607
288637
854202829
11122
780844
730568434
5796569
808160849
110616892
1994869
9728240
598084636
78617
649728664
522505
735252061
2579004
699004912
900301355
1513325
258541
1280641
6552136
4414293
110646
2148381
5098079
3801451
14617
3904102
397666235
952122552
1154888
97007
3648240
3216086
348195748
2532649
168607
46011
3394678
867179787
996501012
514789450
891413
7495494
1369551
724225293
2772061
187344084
64416
1912095
3813748
273660574
5936406
2551858
885296454
2550533
724360
3003766
680625
888482839
2433176
1313876
795071519
190602
2621358
8825224
4797549
92546
1910033
3962073
944609863
3240838
429367045
396949
3960965
507699632
2846551
2913849
352711569
866273359
3859249
107834054
4935182
1001440
462608527
572227
692211
4708541
956398391
5769213
2676321
569802
7601747
3265872
956145185
4480403
4251163
237115807
2344012
6211000
114940
870896171
1185944
636077870
422292
783485802
20715
737959654
939368
1548188
6403276
2683809
297354
7853233
2074011
5530055
2286133
962127773
3626776
1221649
105955046
979776418
257704
1206157
92490391
259071582
202496129
835153
5014010
257099
6180001
181962385
3736279
675684368
630784
568017337
640430078
1983856
2092096
8392344
209624991
5758243
894899661
74644
836759353
112208
4495014
918571305
6145581
1721608
298456
1031221
969198
492907241
2615756
153146300
762408496
1630936
670649588
1148716
5254204
433072
1282186
727402530
1658100
5817
232099360
706858885
1281241
2781016
324709
1343043
2820245
542329553
6891721
2170492
178513876
808130627
77485
2596444
759123730
882809
775143559
731253439
4803281
463177462
5491977
5881540
124129
7031884
1326074
274322413
562836
3227991
2620438
897175683
6318876
231710684
953069229
617999264
412147674
917017223
981742802
34609
846269957
1643844
592048
3207852
2968187
1870270
3619147
1428230
69470
2775372
1613916
598976
4364686
881545495
4097919
2831452
3281779
4421245
817056
2118377
594473621
522263
785634315
570053
306250827
946009863
7048241
7739473
933438840
2496054
8649158
2227626
3710737
639900581
8790156
4071623
196959
4287511
1301860
191308148
964622537
5696654
1448771
179230
7733386
438907524
6368
5498304
5346376
2812515
518175572
23353
3090420
4584611
1839673
609621
2183439
2880213
1499382
4604301
268
401569503
1312528
1989853
877838659
3801989
6476956
327112180
1671415
1211090
1389446
140258976
2360491
819525076
4939674
1788332
685191613
3259156
819743876
6520149
2637740
865373002
4827198
3881731
1707775
4671057
514351592
4515078
63452249
692874
6891666
636213959
1852518
654124021
5567092
2569639
280122457
579042057
3441571
112924622
640228470
34188043
1473690
518622745
3156357
7111346
949417838
201397971
403008536
3067797
218404865
3995420
462242072
556595979
1506480
3207240
282923171
446887
837507352
3642432
77116194
3939547
844050363
979911666
981671356
7697024
558362
884271676
1110616
3288049
2723220
1227798
725299329
904971620
297629
3870529
1996779
1421823
3098762
3142476
725531525
3684913
54160
257653
3385506
250536412
165340746
300613428
121261
586993809
7788564
168607952
4297071
532532
6451972
3110029
949568317
5168161
2993460
440671
656382248
130519256
4084024
2121236
3805763
3113693
673029
635487
1380113
1457077
4017084
1734416
5360320
1864408
3528237
799256065
405345654
528817
884803936
18156833
693482556
312520995
786241303
1571000
2430139
51064704
1008724
1680498
938844808
2179226
586825843
963575366
204945239
394455
759522901
640373219
532303136
9829117
125110180
119312
1905035
215029556
2151188
3146596
6595888
2429027
797948
804186641
780482
846246557
4122564
616377
483840
903038683
6563236
800948432
678747
3784306
1755349
2136087
515602557
49520426
1030162
516157294
4662820
1912128
5607786
6973387
241715
771482037
780324
3457048
133231547
1161284
14843
609894732
692811
8219887
2650521
174132
1732795
19467
1480516
1960486
2210792
715391336
769236625
644833
118290263
526144234
713336379
699431216
343847339
8095375
3203173
2420064
7224071
752122222
215281
742551423
987501
5606921
18194
587203529
267507
496633
99521835
214779421
476889859
1515464
695105
131655
3402898
1675881
2922726
425082299
184685
432672794
737329854
482458798
175677655
3334577
745770
2418930
359527317
1106792
7352845
911016
93163
896614359
8452693
5090126
195639678
92479563
738695358
798004776
1193391
1422907
988121481
3221165
806989719
2117732
657644
910398602
4142169
810463
805612184
4567302
123746249
413763
792316325
7871807
4587935
149463
4340424
598679988
4424518
6132121
227335654
359189274
768335130
682540590
427034053
139231
1520579
2592500
680067408
4035875
508278
944645774
549001684
256840
2586980
627774
1522819
136926374
813907931
597675
630262369
905848782
7269
184100474
466012749
844240
2127321
7881760
2921087
2281440
4431925
964152364
1024264
4344306
323090677
44405437
5353264
187710746
2885248
3139434
2149458
1403153
1013957
656176
3109832
460955
2114592
410773
992512
223276895
385657170
98733
71014
439559176
260281291
519483773
2361020
994404398
2917065
479960389
1157424
2410169
93685
860286730
911314
5445488
3396689
524455813
599538359
3663665
196237042
846438008
953760374
374101
3660134
7762914
1211544
4769149
3123968
192893
327451796
2425329
669778
621985112
316918031
178774958
1939471
4274821
1620280
39214
2785366
5557986
993360
1668160
2738073
509114373
1654277
268344656
65398421
816194
2931087
673718790
306786590
871822170
6935256
563769
4114998
3941204
25037056
7880903
3475979
3034438
4506264
1317937
528923212
1715177
7446751
1363365
1255156
138159618
6380767
343310949
194212806
172822741
2575067
730494
728164516
171273897
905460
694786
6520064
792191726
3200559
6115566
4331348
491225076
1302706
639373094
54770
6941325
7316089
289481
698731978
1809341
1773619
2562304
2419080
1520380
2639529
1864944
2607319
288352414
2322644
175633650
115438
149014
9386179
3840932
5106316
5692255
143856
334236
379984069
3340534
405061326
1605444
777367
1846734
2507747
2949179
205328758
464790
882259
156616
742308955
586140733
666087097
552506519
4768145
1874884
248660
429155560
772376
264563
1894761
111853
1924595
915284415
12021
229150427
4390787
681116924
914782607
264713346
7629
1293549
1103527
4513804
2052450
330501
401988
5350052
1445244
480286787
616139
360811
244470
861856
4581675
3570944
158058844
847563
1857240
969461972
115307
705918509
2182364
1399384
5201949
556027039
66071
1669724
419473683
428852143
3013049
573045
1718928
3331285
199387
382095
360648241
8976955
988715
566247071
937667001
561883
36872887
632647
195302546
6535822
392676
25712
970470817
1228673
2190665
661566267
134966722
286305078
7950037
4075826
400682660
10039
2636910
1511587
5281346
1026421
1663869
2175226
1504888
3007021
321120
97880
3623426
4248816
1038448
264060
429471
4323748
3672531
2051711
155295116
385009464
1132096
73655088
459363
1247968
473841432
1396536
5166579
724753
3069714
1888656
1775450
7123141
5663512
120159716
776149027
772775675
644102
71569
1095362
147057
46532687
4425871
831970
721882
717822768
366297705
4461045
855087
967384186
599224115
4822021
1290050
3540631
7321697
998103098
69300618
372272
172143951
850890735
492659
5861303
2746318
2261086
569093536
655236835
4255686
604201763
2013690
3262489
8093160
3439843
9949
163662268
1173665
83277254
2512984
4424496
2136403
1857917
610783972
44737
370432
715029571
271405779
6567697
2784990
2139072
718697479
151412031
1286719
119888075
7922794
3130686
136142481
3760161
7114805
965394
1296
1044171
4824784
943650288
456301204
276937484
8574823
5773272
6404671
776774327
4365628
58575773
96365351
851545
124419
726805005
4495061
3425177
908950789
400597103
311737070
320632787
1349979
2346529
286720430
3963228
1130436
236930
1926098
5318504
226879
93981946
1149499
2360538
285703
444663
2381513
2010121
6298179
1528464
280751098
677367909
723255847
1172333
1565280
6275085
190016
1042
560003
208248
4786868
1912812
241632025
4927401
2620099
2313004
550908025
2973576
278644862
1250671
1728541
2633003
4916348
4944961
2261858
930341532
230267
114115
217652212
1045996
6236937
153282
663632153
4116750
331453
956292698
691763152
2849040
753223558
8726230
1594052
2500125
190399
2051275
885049
2568560
4873977
1824874
18935
2761279
672496
577474519
4993953
655485449
198425
5545030
1021110
869544
3844
600626880
3005872
5630376
488479857
3073097
467708694
6485017
490822498
435967393
1435517
611901
2168059
431452
155754961
9268662
296990537
277525
8567776
719765158
904482377
1922849
2238814
4802913
1045594
3265872
938673055
4654451
5736181
617275
5759478
6512206
916531705
1815134
1834176
924771894
719642482
750049
85679229
5650039
457538154
92879
4551629
339289
560606032
145853177
3190876
231715113
469336289
952065635
564260
362560
752137724
2019955
956019555
915033228
824183833
373878470
2744896
470375677
3446230
5355009
214501
3536149
16522681
2440128
1975716
637157103
1089544
553382360
7939180
650380
322404821
813969
55653
1896618
2966464
184698
290636
1872020
993919165
792708251
3318048
432183550
120204590
1045112
578421
221603
2165979
14916502
893257659
1948487
5476
1602851
398969663
774457762
277881
116745
319329296
1940043
3037704
1482702
1550169
9089374
3650788
864117
2848100
4548371
6483260
3609610
1285951
927086467
481747697
6596704
330664
2597749
4789071
6340544
201597645
2724684
4663360
2541122
532610
855693044
135895968
1127924
113031
2458530
133805555
30713237
251692
250497986
772513
108129
262391041
1770845
5601666
769912120
2248778
316980953
385701
554557498
309184
108412
3564112
40473716
3510904
11269539
1391948
43729
3790206
1249560
1231413
232419
3682048
1697571
6861865
88530
3267723
924802276
458267324
2711772
23169
2767504
169994830
1700932
694755715
3604112
124892619
4622190
6948721
6309562
4512674
3925669
674353
5598896
412500
189662850
1579101
1673978
199736948
377119108
6581932
344357168
4120790
2466024
229225283
342032
1591489
163578104
678150164
3631307
3069661
661158
5624377
251255803
45488
2409817
326989370
1660531
3488990
4883181
1226319
574696809
7877374
5428657
310205376
748519665
2956550
2615222
2963393
2682345
637417544
2717784
602548
544006284
301930
1345744
612679
3868976
2116995
813599283
333579882
3792072
2203895
211009
5147787
719735
334585779
124793
1434376
6866447
4027482
625163292
7202006
106398
683116463
246100
889561956
507501
3440591
3995949
180548396
3253095
278679247
1185759
4532910
7192705
1170724
585816
3065266
66639057
5324166
5495798
450652
201759473
554555976
752027360
5035798
831638931
2526349
724732
4769038
4082475
887212
418565224
2866879
1301664
7338250
381736306
3591836
160356
1743595
403867762
5207164
8310905
575748611
624930708
4227098
1377884
4737110
5996472
4387056
123444
2026396
865104999
963017842
61863
15025368
15638351
7905937
3566332
1878448
5656225
2923083
660719
964882142
995804756
3639578
9636465
752221
1266916
475730203
668215035
236717378
1898632
230598009
1799155
3720807
2215964
946880253
733264
7512199
4989300
2046456
745040865
1905355
3493369
374745845
3203498
1003820
2544309
2008609
198123
488779017
9643459
3018624
556213
4610587
116856
8991824
712041357
435815657
541647
1995609
118962
3132681
777897310
7361179
697031502
1765564
4925369
352309767
7313200
222316
861620
234550
2195110
3670181
4478841
151057314
827141141
87356
725603210
309309102
4060536
72701082
203196468
680636020
3072679
1261121
1309456
282009
4862909
559546
1675864
363910084
258864
3508854
1482331
1027481
5164248
626896
5897764
1481085
631794802
114022088
3233628
2090386
2350072
4269434
628568
33601
373237772
806078152
7545724
5866601
773455
3830134
278246589
94501788
6457525
3961234
3145689
922551041
2738473
3069792
717943
57553367
6547160
208448
561211
101817
2672975
1695514
877652
2796847
2230728
5110371
400105
205339799
2914893
539929008
65321821
402502329
682132260
2289437
665688683
3372454
1962405
138681859
3199488
2681032
934309343
633654
2410897
2600514
409338844
6429809
301476956
347296
6577473
2556868
1336617
272613383
1686272
772089699
975244409
2832520
70870
109497232
3263397
211592
2213537
42387
795308107
3064223
4087239
266360
910880920
2963272
4076350
3471843
1118822
5324460
3921004
8815030
6274847
146357
2947143
3246913
459409
787984
886151371
4262117
747646
451821316
379080876
5104222
1177768
655198639
458499994
488476
5862368
303130
4499388
367261902
1548808
443453
953602
799845714
629181488
804241
183836037
4301721
6826284
2043953
6927848
1520229
2014817
568313801
360985451
1360571
1819026
370523
316679876
601934114
3401368
5290866
86081
38696955
638318556
337313
102176424
1930626
1946259
87009423
6057047
6404068
3448775
2251471
239560
773542147
3652555
515101
968035462
258067569
959543
915329
2933929
4836357
2434180
1273265
268570750
618806714
1035112
2807560
1641376
356733092
448450
1092460
161400
649152
73629766
1771716
1551481
7457706
7497655
3217580
1198753
222585433
1784080
91724021
777601
216960303
1822332
2146815
8474486
170893681
607511
423027
303135007
996074074
308360774
2161034
1098601
476137622
39991
2232304
8081850
621950952
2737584
829665
2369620
63921
21957
1794643
115007811
1656767
1
538624
118905132
3269248
972767544
1293924
6458216
6695857
516171318
1682048
1114925
14848
8425
2815839
740213476
521871
293301
7191984
6012304
3336895
286815409
115187698
3787
6969829
236412882
554477123
4308499
3082666
9095910
565317
2123150
954920
3221122
295939617
211676
1419961
6089201
85542138
624611
381155598
3671704
1914133
116700
615407250
5067271
4505139
6596224
87484672
5576221
14789714
1385128
573085696
6008484
4056013
79031814
489859
3642779
4781113
2060240
2352736
558554475
2728339
674505
3429633
1743904
678953300
2221789
203919015
5302773
219352
170828777
6514588
4545376
874311590
3902369
571540
282962551
1231187
1558608
6792425
856556468
841304291
1580616
8936416
429819366
204136
7101812
591334
3720556
1611093
473281426
584704
3519112
4629262
3842964
759784809
2883906
2161840
569625181
688810262
745747
171662545
190149550
123328465
2058974
1034384
884764
2959233
244655719
361214248
4504000
848712
3644900
858356629
7610134
16460
187456
218962120
853491
4751378
768286
590695931
1054531
95865
1836490
2710803
3670128
724171
10075
1124710
196736
393381
5060868
152448964
1868192
1056914
917944
937104
8165346
1499621
1242853
573616503
918890618
495440
3719536
567044374
2320034
931802867
854274
2713271
3526401
1243364
220160675
195952086
352713455
3377991
170787833
227368254
1849801
939079332
5270049
323761
2374609
46227
6904291
487512907
708206948
309542964
1898611
1730173
164615031
1175019
4287029
6116113
160116
2229628
5772852
248938833
4916315
313858
3327444
2129631
3643665
589221487
3838396
992597
697632740
560146927
830148576
1941753
131174
131433317
496960
1239274
6746653
349751029
107881
146281705
522200139
530277370
1465083
3207486
2171641
2514159
2867100
2701546
142467858
3416993
546753
5780890
992780629
2954
2847984
2658906
6255469
1088122
435346
5092672
598750351
416348979
366831348
858234
2616896
118649
120947066
2731895
4547721
971447870
4961711
4115896
1386385
3792465
226430794
4981200
2646010
673258783
991574834
393696037
763635598
3499311
72113130
3566236
342017244
810292
525861896
877048
492733
2826657
3013417
9056056
907736030
691517938
3228091
351788
234075339
466456
551551097
876899330
439452464
976352
1303913
1165177
849016
700040053
537341551
2904143
814164
223750
373538
874260107
4588431
1916301
100884429
331783
362169
2875403
672937436
12844192
716115143
332575
828951290
5663193
422331
531396
157132
5447440
3543520
4251300
79830765
2213245
1230600
1996989
537040
944154
3515615
490283835
548131631
649056802
34871179
997137350
1721344
3429063
543685348
574060346
1278997
641481499
1172381
5190067
26836157
5468578
601101870
409602388
10880
1561621
726685
384934805
274354
1269136
5422976
2142953
213006495
648789
682446414
563249
4896841
8218263
278656
2661110
141636712
411636
635899691
492797818
400956709
608092
2095264
9527
2734694
216640831
659186
169352291
520873361
8795704
1109944
841010038
995337611
935861157
815433
3680745
3118600
7166349
8803039
2632562
1119473
1366193
673106742
982652
344185907
3170908
982679047
4868787
384484
350842899
6204529
1739377
4051
930608828
2069303
6016251
972033549
3008106
270048198
1151144
312533962
4015872
5839031
7849847
7934748
1914705
952312
798784
872686
435319
844534919
6313721
1434767
4889464
328442749
4604536
2881006
1145029
592866162
1255972
668636
850140577
425135142
3794909
4959416
6659585
540573308
6997312
76228
1401832
2215717
1699967
4582598
565056
309557462
836132454
825124
1244389
1175595
2106605
3317748
925665991
245921
1263432
2388303
1669991
146961
311430
373120
288422194
349391916
400411346
908437
118550954
5033500
1535488
444884
295887156
465525847
1306047
455684483
299772
42925586
1615106
6172162
834850
713134155
97673
970375516
821921340
3501828
882546603
5134633
5634585
3290251
3797425
456296
3144943
522054
11785
3787420
29610
7447037
1787854
941864694
4546382
729539101
17934896
75260033
3477235
828715684
185671
643184
575024351
236214415
204372
484952519
995464127
112612015
578904
886300966
6871306
2843496
2198612
1039473
955272465
2748925
5539824
2980128
478476123
101044246
684190867
3629364
192608
1175369
964121254
534041571
772652
7274380
3050086
5321976
1547909
2345801
1046617
958046
1062733
215624
3046003
4111925
449404986
4864712
937686978
7185452
8066862
1548543
843666
2162505
134657283
455441909
4336236
2732291
1270059
2605472
3536578
409261
2293977
483257184
3878773
7266103
64251965
65596798
1121097
1595205
8271844
3827001
2888421
820826
603583
3143057
901510469
948246115
565327
2881039
2393119
6729851
337432038
999591711
5147463
2387975
145621927
2305888
2070400
1653680
614567375
9208064
322361622
326837
2834776
324836391
62416
75969
263133
929958146
33835
4293795
283774880
634796
67714
4463976
1489065
934560713
867278
5072715
713014
4793062
1952502
736641
162781925
787904
225434015
2848689
2327026
4050913
3332913
1439389
1908426
2609554
3004023
3452097
504061
519093743
279275358
7029677
44733
225430103
4600916
1529316
2327725
167658235
2476525
8164923
395842284
744566
635776569
680339543
4562997
787059470
2237246
1647394
249385988
206403269
960150704
765565316
279525
166219033
551880
3215501
386883346
29870909
2839773
1041900
595040145
483834862
2786078
1096571
728324
3408184
740121751
4972423
1136276
3446862
5085536
2547329
69407
702615692
307314
627038385
188440682
791309
1622611
7419545
997012897
6098326
5608997
906665146
280542463
521209
497204
810869062
408864536
356057292
1708426
438668
894709265
791590778
72900857
2870760
893983630
1476136
3772145
1462709
250369591
410320
536753
446929
896444887
4314675
467505
6281519
5813832
3592774
773234
1237189
5464535
522628
1243368
72703
1811141
1291008
1210635
33489
1581832
2429478
857289028
3718938
984551
3692863
300879795
2570241
807502
390901
855228204
2676653
306364
255672
4834536
552509812
638872
784527993
655441731
149402949
193938309
2265976
814304
38828
618141412
1370405
392560580
5554603
553464021
603575278
19733
89057
352180332
647299224
681925
45750740
100704312
4821994
907955
155284
1199150
2439306
611822573
148599
1492582
74479193
7480232
2170449
411104689
1804138
224351
633654952
674062107
238104
897856
4484726
200913921
7896123
3022063
2328844
1659359
620834303
380854
2735612
776688014
162856
29284427
3306494
361573371
689168555
2567915
865229687
644173
421360
932899
3915760
420010
14609
6768580
1376328
7240511
6171270
5613572
967207153
801187
1521772
992931043
130763462
500901
827346
421669
7133633
4258421
91116
381835696
1718787
1799
675370262
388852888
386465
448433
2444749
14683063
636754
838974668
1115955
272015363
1267826
1635706
160774002
274927554
3332398
76018
304037
452342
151316
2505309
6439365
819465047
806793283
452531579
113602634
2912280
110407806
1090611
3339467
2129990
321386836
8169394
12604402
3434928
1191860
995473115
876973717
117631872
3325924
4676206
3528625
1786716
163487
797356004
687226
735351249
1330750
88163
607533042
3659837
20156
1095249
1414983
934449125
257028343
561852514
2795493
93862618
736698461
222039740
2202593
373683204
187481
1988286
1650191
2244304
556874552
1197287
984473709
2186852
337431775
731644307
1046427
164513
3839417
422027565
20741
530074
811873255
740254077
2681666
489277
2241044
431811
3832260
498887
5028702
9183351
3047284
7216666
182976
300536
270621687
12638
385604421
3163381
995418
282636
393895830
57531
811405609
341821732
200900307
3980044
18181000
790989842
575991
4268934
37764
30950695
7394817
350461681
2284046
1694598
671170
7672128
147250
1646770
86537480
425418593
2589973
133089
855438125
7228580
93146
5931136
400768897
1649641
2115805
837856
925857
773580032
432517
9590099
1077216
519280
4299892
1882463
139128129
2980524
3528051
186624
1166756
1800451
264017
1329420
677703
654785
855926642
679943536
6066645
841339078
539212719
4199739
192780
523926
2583393
2783860
2698623
2319227
997194672
1849761
606915
1651948
231401
776101
4449064
3961369
3348594
4211464
548555545
565795487
1057090
7280081
329333596
781023
731386742
567376059
1935683
5517537
5872423
373061
618364262
2089554
5669880
3456836
584721704
2368083
528012
267350
672381927
86145
123769
2207674
725416
88863553
2680901
166650004
203886
716739878
985406937
308628904
122401032
803683194
910523179
1321156
1341360
6292201
508536
5312169
1439614
3594176
886332804
637938174
2638761
55909606
114224
4512005
5674720
1149868
1013381
1173700
2559353
5977755
7909465
3172438
597904
8520441
6309737
1838513
2438813
6114445
479223140
1978445
6177681
5564061
578518
122284
841245975
459728
2726629
8200
125946546
509924361
3946926
661826716
215792496
3600729
59065
39603852
54312429
2197212
4438990
54772804
489174307
409844883
421542142
1429793
422247752
696571262
2579121
779939056
760213
4306870
621722698
2734246
253258628
780952
3749516
940226
3663512
1464568
883645679
5129505
3437863
271369
1095414
877855887
1013515
7437641
2495458
1206764
2086606
1080433
992996
2991997
3505854
3071048
3913848
2373842
684713165
775125935
27992413
3497725
3390831
938326863
566174318
36086
2167894
140336907
2347031
3081077
5823380
2871400
395554578
308813523
4700561
1030753
568535595
237371108
41625
969322501
5831428
3431945
195960
2931185
1294357
1332451
1072325
373680229
129670
1217111
115092592
989322838
587273316
583975
736624285
553063892
1466651
262610437
1868716
1135825
56058
536174
37345784
771791045
2419700
3196075
617294512
7188989
652020420
6016816
7437357
353513111
2814369
5885623
1304943
962008965
2409925
9083914
584069
191060913
5360199
725720917
599004936
3743460
893511
5330681
296778504
78804175
828534589
704815821
1048083
1246659
911516368
2113131
1592432
6371301
618860905
3504293
11023461
3895111
3709888
788204475
179857
3161643
2042353
654336
3675698
372978244
6529259
1800954
1018459
4454384
576066
1436331
822199
1335862
1347270
1154696
26784575
2545301
5085892
3302586
8686243
735708
8323591
6361874
4646217
807335
489404192
336749304
5069821
29560957
281175746
4306025
310059490
349602533
700621294
41946161
2590636
4216885
243347
818734
1595948
722701
221480121
575806236
7397381
195860508
156863
3731054
165105
213075678
3001681
92401510
705787287
3550201
127447
3259046
1180089
5484406
94259226
648016
764419171
395796621
9143221
3806045
246232488
697920
1201640
1150816
2352317
106646792
714988
751788
778652388
484754235
140634
6711553
415110089
337409307
273114
3596106
45896038
626976
2932406
4683901
2813458
560576
1536076
620746351
685835334
6439458
262662
623615
3427012
1062524
340777
3091719
896027
350953573
1339254
5210268
473760
6706662
58425790
161728793
2590656
3565195
4932013
2230801
3836424
428078286
452303443
138498
485302462
843056138
982621
3183089
103225543
183595
185040
2896994
339088
942507724
4002569
5986328
142231
756568
947748803
73828165
5623384
2679529
2193727
4012823
310318955
442279
271227891
36929
302294374
475404659
140717197
2357391
972491442
193492
537600
663056
1199449
458042644
324095
2138599
3043
4981837
274563552
846801
6042039
3369063
4752930
644391193
880885773
29803214
76518049
857690
1719505
222480602
559693
575872021
826520225
522346658
218171906
2054513
1249239
1844486
364403657
2316826
4668619
1926429
5753467
710987314
2047193
451627913
258121155
464253
3090121
822512599
863009925
345195218
3811045
1457413
180565620
2316676
171441
2726823
872721
4885
194111184
2553598
794631292
2822618
113233
320838710
2318012
59571
301547188
4658335
2064119
116175
2144374
130185
578105861
54892
269572444
404304
688383
6471019
648838000
128296297
3675396
3738296
170504420
3819615
936972763
675536379
177658
2712524
591897889
132621
8488713
4437650
1394119
290175
2671
447252209
667789
768920787
1433069
81078830
1419153
1803888
1318912
527391514
956482733
966789644
422636196
3172317
1754888
324106
471966406
3307491
6470376
251510087
5701492
3889929
486248762
2625114
39543
967621
3621952
4853729
841727559
3549650
4290001
261497691
812412
488361
115711
508720491
2998177
1192204
377280
610266150
4792409
418397542
10273
459263286
244438499
131522156
583605
683489
1223334
1071185
6434609
939577395
529682266
6890173
59025052
399996
369838898
2987516
869837615
165509
2424529
555564
855907
164179518
3243134
758241
868862362
284793
3795457
1380672
4062197
885931573
93041
4100394
1261940
275379341
4377726
264307409
204748
3527206
260316081
660446
1332633
430921
11952
3857265
248963
3230605
2089660
75200
191376012
1133246
504236410
633347372
247529215
1175463
7183703
1893982
4343984
46721
178888
2856940
77593
229736676
886794363
659047157
543883774
428889
18286
2960728
9049907
206780277
88313112
3204530
800913866
788805112
63616
1311729
1390051
4943446
432840
1105
2213499
7579093
753780
595032
489547926
200738884
485422988
423908387
2093575
4545320
908508789
100981
1848787
1414477
1101896
38962777
1423604
326183652
10777089
498282
173850
760393460
1225065
1535377
2807341
4909502
3258291
1174907
895032078
7416
521590316
3184363
382827053
708992784
45694289
695318251
70330
5279770
203399170
65579596
629263360
3329079
356059
560602253
805878
3106901
198956914
2357586
431728
462385481
28072
5651965
4535496
600574564
1323389
287671
758429
6291791
1894852
7073767
5164343
1398021
4081464
3754553
625006393
233169004
294202441
236300
371470
937439232
477453896
283408180
741204
829227145
3274660
513642788
15562
975243
707449485
447713
178593
104916
69539084
3644521
385442752
562656
684387075
2773439
912289540
5910444
545081
8459777
609660
8856365
110384135
3273901
1128246
571052431
230215759
6039297
899336931
275832
2912379
696490
84754239
352691312
366633784
1915384
2751523
4238197
3500670
885870478
3165836
403038576
181636
95362746
4230463
411717
280576552
951890295
178648632
3635457
487210
477260
342326
222581699
590115298
2939346
124605
6257357
6524800
4333693
7138039
1460833
572608
4046639
934709776
886642246
200895
55428322
903843368
2474179
22692619
1971334
1372311
989976532
967855951
7381321
278153284
3150420
1088272
105067430
7207417
6976190
573971975
681312362
7696562
3456743
1454245
225523531
949521
241648
981867054
583159
878673
4803732
4376320
1767235
3529963
5585668
188849199
357220422
455091
685617054
738668584
3805749
993031311
58065
3613830
208174593
276796
400048418
110013044
590024225
1752411
963744
534865232
7531781
3222494
83536
938223368
381541984
325111283
224225
3476224
56557
4660220
419702778
25024641
288273687
655540
1363301
2838171
14592
744466506
407714351
174235101
613045571
586822
713444
3197674
157097
7125000
1451396
685598340
4448788
7540609
220537182
3725193
893367
116117669
453367000
408203259
752765501
264403
1128578
849904047
44177462
2503470
514704
244392
4100157
349002548
4632950
897012
589973294
3485452
434868395
535070246
1759184
486462612
5239592
162208
5779001
341678427
577115512
1143400
148643341
479856
2351938
290476881
5064947
768152538
1689795
529489
990763833
642480
6828224
2761074
783395
569524056
5719337
788053047
7910490
627499391
12918184
4095414
3719131
3939777
6000949
3155079
925120
1978315
1360606
280856
919431
3241714
561887463
1871801
1126261
38346
546613
1401190
5158043
1831603
252928
82742327
666300755
1010036
593733
748025389
6313213
1252809
936511412
2238858
1319578
7639578
1821215
1450803
775632110
9266734
2062323
302379621
754740675
5697732
533444682
435618871
1510034
474867501
449966704
942551292
5497363
1371166
3147640
116401
1094831
8916937
535583
1564599
1214919
6609258
1253602
5444776
189573330
366792300
978424
292997
374068330
150050
6912749
96687809
1562977
4155328
651126877
946114892
48246397
1201038
5411568
3260992
757887474
655654134
993721
134369236
6667453
215961987
156708
134301
3814019
592132873
895149
1837370
890564
2540929
628501
5294137
1002571
866031981
693121
1815296
5701863
92023058
360208451
107907433
36681
276580142
907214006
119169023
117720
567751
109337472
245690992
2432272
5349926
2121461
39441
2444024
2418234
7283900
2088252
4267504
5094646
37997
5615497
2196629
608501
831689378
3641167
888100
3944994
4816369
839657379
993577151
1989255
956033140
232412395
5921751
368069797
849805
753488
1882687
174816
383106
986083
103592
3955883
2964096
1275783
765146478
725584
6088049
2020593
2464289
759779237
73554243
305002209
88333544
164324
2485248
806171348
301710981
64729
1956747
162333467
7172229
8128813
8018989
3271011
2327176
1020220
4198041
1548133
468842762
1792116
1186570
64908
374921049
3301064
1025696
4579455
44065
4869053
2612224
988844549
2781126
103275
44225660
6246844
906002194
4816032
2440044
2408776
710345
1311014
877815214
820791341
753441584
1673253
629681762
980954093
2121999
886899
2519316
1935153
2768550
530501
943142468
285528462
231646
325029568
38259
4746309
244687265
1204303
4436936
3379974
2974156
603989432
306637
990572008
517571
1020281
122245
268153
31957404
198417094
6192740
3537739
761032
578043815
1141824
851244
2829405
4542488
5474071
6018216
636369
182663828
102156
995434
1892844
7201548
7182009
3828567
126176
551662094
2542001
495295
33844
199561
2117506
7126912
689042276
4390976
5691079
1113126
72103710
101920121
468175126
1264178
2898451
4238527
547085666
22861063
2838364
5434640
669832432
751891114
3907246
409585383
822914906
279134900
7425198
77
401860
1441246
84815
288106400
95661
636558393
2359260
2466361
16011
566522358
3963521
2043892
1899769
5859008
1164629
953853
139554583
244336
2472546
2171559
1744489
186592
3517693
970858
601758106
1632409
7549585
252753558
613621030
2795392
304797
5726874
26486
3020984
130979
2696805
27184906
4252459
901680
5939379
7575731
144268
6937771
6238713
703599
740884
265862172
367015349
3052587
89084624
32801526
258982506
24777
5978072
333160551
316855453
339421
313444945
5186097
3584440
6959280
4240755
121350636
829368141
2045273
1816933
409609
1164269
391819
860511943
427269019
1359740
1864488
6687361
525977
179286
464523
1653676
6962880
2510809
576934
578281076
3868915
2716601
316004341
739681
109951282
1640752
807807
749050
780960101
671007031
124884
4389213
7002340
565239695
953255918
79391
832881194
966764997
881874
644975468
1874502
863183838
68830134
2589177
6504929
2442944
1127492
504897
376364306
510113
721536739
1596591
5026592
241262
5951162
2048281
2738300
869800
5771536
1400556
2360850
728494473
2484611
15630
628240440
9353824
5639256
420531
737952
373157477
7635548
7386412
691680434
958435
649938653
606220965
6322844
590259450
4544545
1991008
2353196
75884
446185711
418379432
383581
3314130
2626635
5417108
1527404
42790977
59654
527861956
1454382
347438321
508627207
1790421
28595
177760218
486967939
251111271
549514
1251661
987003936
822784
9842178
9136803
3219241
2794870
1086972
4317265
1441111
1322054
3668811
1923291
355502521
390455927
1704089
327842457
562635218
439251536
272088420
5803976
2030971
285868321
367361
690442
1843462
309568147
4667879
140942574
2394582
108608
244066568
911118742
56767409
621561619
272085426
741947113
2755800
3300146
4982056
501083701
181744
248544
55552009
895300897
777016089
5049909
545734397
1432729
5326126
6538940
106261
10816670
738221517
986702878
718359994
514786952
2292327
522490619
728279966
292601
964696519
6792
424807
2193066
3152682
4608564
710784
450004
65314
4327414
252213
517386
630963181
624170173
1194087
520888661
914245365
680723848
145015876
3201912
230835143
4923090
4483961
1193048
239523472
2105843
4637240
3952144
299717922
904740
5043801
4155274
302376
124476
2802610
21730
460324
2493099
464841726
5449432
1874512
3351780
3002853
6663589
9138360
3032049
805717969
608328538
2839900
3638355
6565896
5190528
6923692
3304044
2976361
5754015
52686507
813706
71306
971713586
7741954
1708581
1636129
5156489
189671
534213547
666867574
2668220
163917
448362
225532135
882014604
38296501
244154
321789898
1478097
435256
55504615
623220655
670341434
77256009
358364272
3785604
1764604
1963081
167569
2095859
4301983
7707242
1091515
1683040
5891263
1443847
2221792
568737557
664821
1340116
349920802
469071
956831062
5556192
758158414
571361
2235572
557110
935224
3625970
711842237
476029008
385618630
782766
5933088
686053
1033970
254289
4894228
4538903
88916615
3902340
881224
243801
6698047
4193732
834261
343307330
553732
4391396
6954321
3869902
860293174
3389319
703450
3403424
2836188
2713829
432587
2005740
2307375
191199753
977206030
43691889
1466553
4868960
303836286
2301800
6673403
160060
509231
777800
6320387
3697462
5679446
607415
408028912
2410169
4232760
3151904
5666615
743350967
961115
784893
1592777
4146452
3430911
5029550
3490119
839202727
675309829
2200443
1477008
339223088
196182732
844379443
523164713
190370540
2726971
59210
7109968
7375270
1577059
497328
87187742
1289695
434767803
6940382
6790474
851206061
365013
31826
2299071
1094898
892889241
1176993
6470225
636935
583689051
3224339
596781
1157776
1195247
522390305
1133967
4154495
549601
6607359
878675166
1459961
338138
575416
596079
5584067
558275
216579076
8789817
390340745
1624079
235514415
3417842
57552
930367263
608852471
1907142
2542512
6407496
2937584
4580991
121019739
2613871
165929488
791721969
503396241
2425579
3907168
6810212
3182460
1621229
5342275
305121
231148601
588001335
48948222
6052531
3387700
185116
732789073
539236
959830969
3656861
658642
695810998
822572
1406916
575214
772816091
951071140
3079
4326293
663617665
3055883
122570
5905229
2156368
1633777
454731526
954685
2044785
3192968
591009850
610859429
4467771
5881929
61715301
361794109
3473605
5600749
91919
577029
3694993
2199878
5715908
557260840
300533184
856271669
496676625
2771325
351464069
719850437
634467482
3782080
2210931
5777453
783312
498999473
1887395
976634
290259
8655385
304079121
988052063
823135575
4148448
3108264
3300662
383575711
2089438
51266137
6908696
640550224
3091732
668141
383085689
7209636
2516565
444170179
2660248
287669209
1006047
7406388
289684204
695236422
4930236
867761
396994
1796907
3627284
3017898
355239509
127786581
5840295
450371716
86343974
630557146
2247617
4045602
737366
247318105
529913
3157044
815973621
126728635
2239278
1126927
934300594
740384086
295961839
358967785
7899385
39034315
2946184
249400
1831201
1672969
3580937
1588169
27820909
742990
3017161
7860859
715779299
4103756
927905808
4390572
938787
2072061
218659263
349995821
1044288
831644
4307448
933239
987819702
812129351
3149220
2665882
2062439
516721934
178202
77710
2223626
640707429
2712856
18432418
443388901
1197649
1316233
351321
477819
1451848
2810146
4602016
1912736
1412805
562059
617938
457695178
3129995
477691099
1700326
542803294
8852472
45357
870647651
113194028
539146
76806461
641872360
238887991
1854191
65664
252061
2079713
38982617
853630
3840250
944884303
559882
1418520
5483189
230109287
767941620
550204064
867718700
889893
328755
3778141
671058935
1344550
1171919
1076992
6066976
1535404
413124549
2872440
1371407
2371972
458740
2664259
884671
904580355
2441369
3848461
1521104
4680738
390664
2879181
2037502
108296
2172253
2473347
4250709
1738422
4682976
2269441
3005675
468248352
368796266
2490454
732020
589401080
592641
1540022
477305
6326228
246877
30369194
894695079
66383118
4574888
244283512
65640374
1062640
149590226
619519
802416
631123231
2324425
397052
4887801
109062413
6435775
203731771
1562977
155609230
1844208
956148936
54581
994920839
2189101
67553
691320239
5107563
6413654
329494850
7531397
502595
448577515
245304
156354266
5489299
87631
115667
764552298
2163256
440787711
146409
35504
963198
2310724
2269827
567780040
6151357
562512
183604625
576838230
194059
424485780
837706723
825874
334965723
831574
9270686
397862179
1698865
939512475
4383817
5405501
1050570
481483
628112
693419
3020472
1412830
692306019
1466024
5204014
374353730
5159779
299222829
974481
448230216
345213
3023500
1311706
500242192
1312252
893297793
1589673
5739788
253906
5863363
102959749
390892
68032
478862940
117903005
2742604
628029548
159145615
834399
1599136
5169156
14456892
8236
1993840
496594
15989486
4726934
3332584
61788
188336
805154742
880948661
327982
2165304
1829688
829622
156399
1312645
212413
441352450
107447693
4385716
4490539
447646
1504219
5853275
289953
528793931
4073286
4324051
2325963
65769
715535
2850579
385165728
885807332
1103017
211742403
190866047
2056257
797372294
120792
2082955
699160
345951335
825889240
1011753
131148162
762474877
79402058
439916395
265287897
3403601
813340
461890689
1823365
1520111
939232
317768
481021
7302628
4863576
564897
6102544
540761
181604297
5747683
2893855
3182787
67507
1496608
226285557
1396210
104813
1151640
200795842
3950021
655106804
666477253
1812061
1847479
394768068
3952418
2364315
261477110
294656259
5861452
4179663
1825064
1307212
1698936
2976535
482522
176421817
223185
6982108
68957488
375630347
354054961
882804975
4336562
3674179
886656
382783204
374518
48231
7214664
439724712
709413932
1343465
1450510
606909530
800199
1059463
86166131
412057287
285797
1065617
5540290
239252541
647329
237891797
5870025
505155
424300
4019158
6206194
160036740
839331082
638500
1135657
5136912
854463738
20527
5122997
194675
159107353
557282
4235041
935787658
7937795
1795568
141784723
467805264
232696
3433230
140947
1273098
591224152
2611085
95426205
3421748
4404529
19225
8657522
175311
295750
477387
205609429
337708174
540810500
1870616
139771
5313584
3479893
5215491
886249281
6940072
700540977
491992
3684093
2498036
3512684
655710978
1232712
3174535
3141061
1082763
493554
740694
6963360
1452642
2933750
2998620
1122784
2724208
776655997
50371738
8950728
398955700
2895543
4323153
7066
5204665
783607231
262598
723301629
5256744
1212077
943656
3163239
17441
189019167
311830595
6058504
1231462
3486076
238576163
3248792
2498705
147945
546368
432642321
2959834
218653266
102409
1545806
7508748
305441
14110
209248
1711321
3286723
1911022
23207
233447329
7085416
13003
315973025
77949
710502
4028476
698418620
3934371
896455
1923367
391842
3370429
1890940
5821707
1219913
5020731
272186122
843017
493122728
1722716
563432
205360
313368
4264916
664539127
41440
839031635
660236
25852
6901566
287232025
5237136
408577
309072648
5654020
1939097
5824288
1996449
7556630
3121582
996334
2879504
1712813
760595775
232836
6744690
158185
263004715
6471011
496918
356676979
373090905
2755551
939717216
282564
353445
621784
579444
2132724
7223932
125508375
1252487
3323656
15664
1163394
3440142
2178008
1428795
127223769
2310793
794058465
390861
2615622
143277457
288697
414313
150064
441221040
296823
1415949
2241657
616339843
882662106
2826742
498931574
1039211
6768705
208255
525657
2363734
68209519
445374331
355392237
4764875
4069876
3157198
6512237
695658
821488
2940879
2285090
3062035
501530085
1293913
630509964
679637321
617675561
562858
6314905
751422309
2231401
1349692
868787977
634446561
178699
497642637
42876901
3362005
3610784
333769735
263960728
147547
6845170
865967367
312931
4233856
348422
850006836
878888579
1667014
521433371
506103
586910102
6459421
1308457
854472120
3023006
548524476
1554800
128173595
5309947
1079248
2596873
809795367
3029266
719622245
572831412
93744
77559
856033199
1260793
148008461
3854893
360235
876711261
611612348
787945
837853
7466963
491501230
923468749
2361386
662050
6656530
1639791
2877856
9213085
4123999
109486898
4353754
5712588
622150
288293956
940931
747070177
3620950
416143
187505484
6291260
4391197
3709955
2853438
1670671
6034247
541481191
2334945
5982999
612144683
6358895
4817564
157610607
3250372
6533389
275251109
5393835
126462
1828580
4299145
4671044
311221
2819361
3463884
506557
813187216
105569411
1707668
2378721
4369843
387637596
51351
1615290
7391744
7538503
60717
7149907
1407729
1022471
1071011
630054
4871873
1428456
506693
99734
691636989
819610755
3400448
893781
35750
4886346
524691068
1710913
1755813
790384
5907203
1495674
3034651
850908475
1200137
6568677
5407873
5391292
38352
956208486
1905408
1011924
9165317
2521455
6961122
2830228
551397193
5527159
1440317
747745207
37338
1444705
28657
4615072
191001779
1343434
351936
606044118
6025402
106575808
919796375
6482425
155277580
1328291
7367024
128044266
1927491
209541810
429815
3391608
897224
6905825
1371037
909630254
322717369
1973592
1327825
5203031
861457
906908729
24384
3385029
2556
429607201
4820501
1279248
964424535
1160717
833058480
8356204
266432874
4947574
70062222
3183107
1304536
1354488
846956472
7437747
40992
457294439
603736
2361873
4861030
1091248
4945606
1928499
984192
4192160
452401061
6009465
1179257
9239
763597
749232969
813877085
6656952
4424464
8400101
68184
2557652
722550780
87666508
1799793
84574
347105498
564473927
1369822
1845580
4996589
959698281
359298102
933213
107740835
793651068
3486112
327241
934820823
3420646
2775264
836220466
1610371
3136636
5429816
970004828
5806105
218971425
5423225
2477858
414961
3886457
51169
2914320
1139809
43158742
2011327
180032
531498
1787820
3213677
103566661
562249
4067233
143805
917424876
45366
9377705
843279428
770275
102969
22314
935249817
665870546
6717055
57829426
247350
927585
1184862
130221
1430584
321534981
322315809
558508
795595
6970831
4269310
5440257
3898872
538019588
497719014
78961147
877056
2542570
593450327
688420
542123
733621044
200363
462398694
2557489
436688986
9731583
7029152
735007
228637
958050507
1080388
1983563
3470829
408153
884446954
5241269
781746
735805
910464369
2032146
314991
1725616
6781852
4041661
707244220
3979616
772615817
7405654
1761039
5126120
378783
483808890
299588
1112183
361378
382182651
903052644
1223352
192232210
3687401
7072447
181708
1298160
5259088
874110303
342301620
631987
3893797
519897891
835100
457580257
619644695
74818
872528260
792696
7015676
1383909
4131173
390458540
4981302
161673665
2986100
5430520
363229
502865
775166
914418978
4618714
6356739
232413
129172707
355463979
6478369
3377842
4588135
2019215
362272
2827823
2438569
436409
5415123
2657085
4685152
250796940
2332286
23487
402759
261762268
3380425
3344389
3887899
7511758
721234355
929272676
266258007
191347
2899953
951549479
867308405
65515
124558527
218938108
141525729
334499815
4251689
223877
6261907
2376920
962702
3651131
850074454
63090
7465164
285871465
2156384
237436650
671975
11854704
55098021
291003
2042566
1398067
2864608
238807882
1994398
233189
954400
4755949
155189
489746535
681340
378439534
738204
451685311
734577
2469052
67939588
4868527
7236568
141318881
939811
389887
4537114
1808031
261056
509824
108926
3252974
907033390
7062285
2119980
236881
540398350
637406
5979880
1058374
255502
2864872
982133
879535274
7320317
50494836
1143171
294301825
1934507
21980
1788182
5598696
216993606
638879970
3529050
954397375
1629527
23086
2344950
3368710
6477987
4955185
12361
1692430
6142807
462386531
3606934
8585883
2720392
19247
2225749
735224
334346536
835223884
815085
814395842
85572
3687718
4606048
3084214
304476704
161696417
945401782
293353266
4707207
8185130
285060686
729205340
5379048
395959463
68329
1049142
1801241
1098621
1187816
9424944
3892192
491819750
5056246
1694201
2680327
353123819
1789984
685155
5103824
4165506
522879869
1826224
318417750
1276550
2925864
1605352
102292
880342
1766615
938482
157734381
401328214
2404276
4731149
852718
554327848
1908611
7065648
2398752
635850034
507492847
138266
198309995
5676380
3235874
4155409
8800127
780167977
104602866
3326239
9268776
343737507
412434647
1042884
723460085
5483275
903039850
282212428
3348638
2822208
608019460
963769
49202
884177132
506024
503793
912340895
33623110
101280
142552135
136134979
603127327
892694498
291863796
578145
253738265
946816
2595123
507984928
61198
4065175
1330093
3872901
563496813
106985720
2358406
666038721
2273812
739019
1114581
6610200
511372
1787120
3596446
926763077
2517793
5568671
689686504
862334
689303776
3617449
449358164
483730166
7060893
4762848
743718097
677266
2719021
422971503
3225448
7762217
270654404
1038361
15427942
864177
1178069
387891
4366040
536330433
759813488
80558597
55502
723249007
840452974
731897852
4194375
1179340
596739196
1042740
312385
947456
7824969
891685614
4352087
7699776
534862
780187223
864655682
2114227
565443249
337812
207397
2668819
443253792
1173361
427124525
2371973
870916
1375986
971281378
506989652
987092728
409792
837984
351064
469770323
1742305
8813312
4412416
695206713
384343700
524308
906001618
6858937
627796668
1228775
697475803
223888
904952448
760631463
1386332
1046809
5184672
1961030
1861634
939586
40132
711257318
417951
1203083
508381322
3822039
1550326
1920169
153821441
1594401
559571388
624715
348887783
4865872
2981086
896330847
228228556
822102
308793
241779518
4624
1036351
46663718
11054725
177004
1060933
280378245
8209489
6370873
717225172
2079040
2491766
3062848
1320656
3286746
596851464
774147006
769275305
1416898
1455389
984069
954971990
2554985
5670416
6727270
238849585
6549107
5143745
856388641
383967389
130142955
222730191
7976370
949649347
3717266
49608279
756204478
360750998
331371
702931
167684
103568
2890679
498993
4583086
4253931
1087704
1621741
8047849
701624
251314808
3928313
24032
649355492
1165291
4928855
1167560
2487700
1900701
2336089
1628189
358825195
1957210
763186724
279627254
473101510
1573536
800640715
838677079
2093362
613456811
304758652
346969452
256170966
26213
491934
1705097
3720246
552097297
1530153
590194877
65105
2606935
6723941
7794126
690273
872735653
425514765
454826
1940274
628938254
226959187
4679478
1662762
4917290
5721153
1273119
5881017
79388835
3630476
364576575
90857
469466
3219229
936590377
47645
1096294
2340762
574483
514846456
335742
595913841
27815898
664304209
3911227
26212
260918925
227775084
1221665
950509
757875
1355516
790209769
2086320
1126339
383729770
4911075
279625
2824081
109107499
98334056
314356
3639016
885704445
183672
3387292
1533112
2442648
3000058
819775402
189938416
168050693
861715254
997373641
3719863
7304281
6909441
742439360
2318172
4534540
4702141
3463273
448223040
300024
1384693
14796149
746452371
260364
1481042
3535349
477827
169331
504966231
713704992
3037084
20245
90773
778738420
847729
326105610
3355444
732926996
2070846
1810595
661390419
4132383
3758996
5864532
160781
87472
420058
1746697
286475996
3020783
699377
7507766
923521160
38915460
1064948
341608806
1787100
4018209
307151748
3654519
2829657
115405
285922
6854400
1497184
492815
2660264
124861
124845612
7027078
423241
876030
848651642
751152444
2358975
349728434
748143
964051526
526084384
1893797
9544
3094060
1178881
767688
7428497
5582376
1164857
351640705
2616910
465936150
1169398
431996386
412131689
1954389
1122800
24203
6068229
748186
6379906
16226709
602968264
2291815
1720632
3352480
32982140
318808
393282333
1665297
5103178
3521916
95857137
3173059
851567101
4272097
411636
3447616
895678
1498755
5038106
221521773
681607
2996746
547237375
150296
915736651
553164
445035
724301358
430217060
5578848
7973715
462258894
1286521
4068040
987291833
5217204
6862955
432405947
376464
14679419
142703
4660749
879951712
1927629
237867903
5522244
1446812
4130129
885435
345996044
3300392
44425
4832536
1465707
2949066
3024604
588214
867872914
450836
977974
1186067
715932
498327844
1894677
3195721
953235804
790141957
864736613
1121716
82928391
4180942
77608866
819843330
130035961
6044639
2049469
348662393
852060150
1023237
666466
138480
427012269
7708027
160154313
362299667
3259907
4674054
55594
313655037
472240
3915446
339257
748603
1552672
2579050
622220859
1026991
355346734
1145496
438462639
279025240
518604
123026
11419
279318
294486130
135616009
293226749
7106386
2844576
88248111
3072732
791846216
3585884
415988533
3111667
417496091
8381180
402527604
644850051
170813
2274944
4533157
367190846
6398893
893691
2514143
5095265
1923758
148044677
387934
1904902
604013549
1144561
3692777
678654845
3038589
974885493
6980608
2971296
2549743
1128883
28828
145398925
179835445
5458537
349619434
258953294
5677104
795002084
6488833
11085141
372284257
6141745
1519387
1354735
4740082
2198348
3341359
814197
1562152
1584001
4147370
440456
346951
852146609
109446189
436338
993331
570482352
1240066
694023284
5491244
873733220
548299077
94883
387826121
295340732
1834216
388712376
236408
901731919
3237816
593569
538735357
2997369
6280154
865147080
1160914
2779500
796920
201788938
672381268
4142113
707126570
5068576
752225
730213
1818766
692104454
5831363
1020591
52419087
2594340
785640140
784668
1957454
672493521
282406572
1839420
5419530
551671236
549157455
83161
2711098
265850711
940991
837125
669179
8411808
892796736
6969
2370983
7439211
792543413
224604640
4683205
5952595
682198590
204376
4748221
1595492
6879892
365738507
495784
323406
459215746
674324186
1030716
2330176
241667537
177021
888861179
644946
627513745
640966
468271515
169199
4688005
523449824
2684670
973091594
631154361
890665846
678643267
354085
983836
221052663
145502071
1907943
479665
1907182
528306446
294543
9128272
467857
1946016
21514598
6632678
1529566
1570176
525125547
891627
6298164
628722
3202300
706102345
16479303
228876
54835972
744305414
513441
238964
6155120
4149952
1036820
897189234
422919
382681
798931836
5258187
4287767
253736005
571280871
234284
6107248
1399936
343412
2183616
2862405
8223238
982007254
593721767
3010122
713426674
696844
2354434
1784172
24640443
445361
5030845
586655137
1748996
6865615
500576823
1666341
12709082
833512
726756
410608695
7659271
2153924
1388052
1219307
5501965
4345363
585304
450432412
890591
1041103
