650559073
883408142
6902458
843348982
227391070
39025
1489231
608560
1809181
854560026
5092640
4337835
2318539
5351740
5301948
5971461
866306451
5961294
128376
3385230
2181641
507241
1133373
204325505
1573432
6991477
1565189
1688329
563764
306806109
699491
1113791
14945339
1181415
918586
196876
2064622
571805
1231774
396538861
4023786
2031649
1024930
81639
5591985
1075812
403093879
956328471
105530080
540387
2204157
48839188
2863921
928360095
1599997
26286
1489854
5007796
2606470
957253483
6666516
7163299
6425056
4082032
432254
3127515
22914
2433249
2334040
732950273
703419
187433
3519205
2770057
4262413
3048
822375859
491665718
2869219
1392519
1540161
999284216
1523862
6902172
529424636
1140241
1256995
108920761
422993451
725217924
2341943
662820
436359
2599207
1618624
1595712
522755948
691740
2623671
418785625
5239033
841010634
6585857
6570425
628766
917528287
760513
565632847
503622423
5252551
440874
192537
2393680
244559
3085085
211746290
527545080
496944754
5696697
1601281
7735140
909844
473828
1424560
5701435
271378
21222
3114208
1027980
4336
7217942
6700133
138433
340303
979127683
132704346
349328124
6009831
2654103
127688538
3343491
165189498
2854896
739724706
115653
8486824
1041953
4814176
182237340
963229370
434308870
5148994
723077
757671392
1323596
747761
28242
236665393
4810776
383488235
2664414
4502041
5282287
3086341
3724969
15581674
235941
3595334
612149574
359490
1403634
2894615
2198626
1977567
2199772
198602
2693998
873323559
2280785
4491037
7109361
337970478
2521206
564621711
2297846
5955190
1153723
437972368
259113
367337
1402037
653237
940732772
305062
937190
6417694
448252131
1512429
1571729
6274981
1344842
610926475
8086885
4568421
191260477
1944205
2867133
1872151
807464821
1039580
60351622
3336865
6329247
1401393
1998320
738649
893878179
6824224
1301140
335984356
1236888
508051836
3422334
859189
681261
143341
447965010
298900
643020
638184266
6653351
126582
180558
195193
383025
270674492
705064457
143208
674504069
109856
177464
4918992
468445307
1850731
717755
8049105
310405468
644746304
4812059
354649
2082719
3420096
1392760
3131214
139804
8238126
3037
5130209
4581203
55837
156013
673744653
367338
1260960
6171611
1160977
518515783
915853380
445802
467002324
1573675
485822698
2094240
5256776
61773
36225
4356583
868334875
1431251
500628576
369536730
16083
617673
4525480
6321561
167375803
6245539
763107
149729000
2406568
911776
4405613
973482111
2241512
502488
538552229
309355297
429376657
5586410
485166
1307680
970542669
2448972
379974037
1466525
570890830
6871951
93486
739829
880704067
5392665
1081321
246477
78576
696059504
223681
4236618
2771860
218021823
409078046
1891230
999868410
65869835
692799158
5804113
6789701
402927623
8342605
1636618
697734
48862398
51539518
510311
5019817
8438337
492463
3060
9276814
1215116
760109
4616832
610301474
2406402
207281082
995043188
1264496
2470249
889498
8046431
557843004
6096786
1243038
1554309
753921790
386297574
2874804
320850
2829337
1213695
8441368
1460244
406681
23571
41931406
2979980
9233793
705053402
3086248
1939188
2940475
115629413
986710296
162361
3845902
2644199
126134282
691165262
1073726
3045890
362177829
980311524
819574
77977
907643059
1424194
848493476
7124976
527574997
5825795
1340176
954135256
1198124
99096118
2390696
2276012
1383505
8122704
303168270
1071308
300633753
424182583
426619577
6845041
1179569
311539614
3686233
657512627
5770690
3953
624776905
746841055
2546185
1088827
255198162
576395
110547
531674314
822654
759781852
1971411
3627549
3353101
982597
5673035
2900249
2264346
373219220
930318858
969657605
835979
1340707
2077118
914638801
36600316
50131359
863366541
334935
146062432
4352833
976747714
391594548
2001798
2356807
371102698
425744411
669792443
4888375
7074909
829474
1630525
17393624
768316092
7232532
162507647
552584
8628777
2029831
4384066
916981875
708907854
3641825
4406721
1617574
4145175
754606908
13560222
204408009
719510
1079977
843864
944535294
1111600
2265420
624763600
820706406
6637751
4135932
245302907
485829368
492046
918055059
5455677
296401508
3183353
506293595
534842496
4358312
628479
992816819
913795168
723262273
3930808
2900448
147799994
1118306
1035162
5428963
2118048
3417514
263853908
3504196
405517580
5979555
826034
127839
792076092
1395829
753453
5746176
6949121
2005866
978879061
5398882
2765836
567906099
279496868
2728056
4801699
549337772
6481147
1915608
714404490
909664
49637402
918111
2446576
820216260
975017369
2836821
34833
39803987
4359195
79347
592565285
947189417
930899137
773593378
687700
229531213
9221
1310941
298818223
393477
641214737
2480474
1919990
115374602
151380415
2352606
4708896
192382839
1383456
79239722
2328624
1073
508764
4945760
1648338
976640584
105217172
4520614
41442
1610692
913920
413876
4227581
476427
5720945
342379
3947701
4833596
727718521
1355920
9018340
780210697
763213606
1089324
1615343
921640
5839829
5704073
45716
628203214
5341318
495184753
1754180
564235790
3032664
2691114
926693164
5762893
594244253
805573
48024525
114059929
114484
2627884
968335441
127908842
41798422
2987699
900
67319
981662150
216272324
4729311
4467433
458054774
380676420
255184569
2968505
887430567
846191726
4726969
2912106
2865865
2102181
713428
337924100
1247050
454561
76828694
341777
580062
649646232
3117363
1975916
2643449
383981
3784548
3399362
7020412
1287619
8745695
830050844
1098911
36586
377622102
677473
8479349
12940
331129
1436462
1271119
3100657
1659199
624029351
11578651
106984
4195556
673645813
1626364
758402883
1611217
506281
105421
717168017
6353902
4683406
434723338
966962025
88868943
112672
3891909
771458
364344
109809450
981559
4172179
13967699
4163377
675007
2456164
412257796
613620126
742173526
291462844
972153735
152388204
839674
145191
2218516
638438531
336302439
2625558
3194896
450675166
333956925
390519729
1272359
2210053
7083052
249947481
676803614
817441
2611117
177362744
3649764
1664608
500166
59626771
4426708
1464272
912729
3428128
1153054
5423096
898667428
231116108
445525
240041
55282269
642994
4286187
557174322
75601900
291103385
1712291
440146
15092971
298192963
236249
5827444
139129681
541004788
91196
4502033
416980
128122
542092963
1747224
528014904
461360069
4013557
95460823
94525
188835950
2676619
493581817
697322
1648053
612478061
255215005
558036083
176014047
4215923
1089259
3558186
1113947
3509707
1836459
828047885
1605633
571210428
86219103
8871199
3368397
829003688
95697893
6987145
1701261
7521841
862618666
5712334
588099
758641
6418913
912887835
3509416
49561093
253449
471231282
1123666
1789969
1488388
4666358
412696124
901274
5077901
882900937
5635738
188413
195549523
7788709
122813754
794702
7527502
468676781
4482713
6083140
1288672
302421793
353800215
1777900
515926985
1177283
6967136
4306835
738406437
3018204
90249
81672
850641857
496237
25552
378870326
1668856
699190482
7222102
3572663
937069
2269890
9319883
1021005
397177759
2153504
174544
1726
67911
4727854
293412764
1514597
2307208
962871
1145586
354821
6233441
1135597
5274360
617959866
63925727
11196
2441068
3664425
2478977
7108458
73111529
5162061
3547143
473248
163913
7997824
1335512
3461459
658001
15333
381508555
1284172
1081491
945312711
264375
416081
2371833
859867
3001985
340383153
2119820
1975005
2615149
584294086
835776
826325701
96863144
379186539
3772571
2936467
249728
370838078
440908457
467869823
5514702
668287079
4105984
607572
1098467
6478649
904292652
3246614
3192288
1035939
221119225
588921776
3913904
64183467
466905
142196
1901865
1352875
905055713
1912188
6243126
8471180
877995
51696
1815546
1915606
1182696
575401
4717128
2902435
853516
5213053
1362507
803587563
520739211
2367498
12308900
4179309
729603592
78551
324182231
857706
547882
517086215
1225809
325536
4278561
1354843
371115802
275843490
21902829
775681
203561739
715474
1064572
1290334
2814796
144011838
369478153
3115460
4883652
5955332
1159857
239784896
1075827
3316815
142884
3358240
3398182
152727499
355499
110980
809068
1155373
928916997
341522720
7636612
510145
252093
131727
952832
3009121
998256
468718004
476724056
4324438
255277297
4010301
145107894
1694386
202321
662517
1470921
569031230
245460
8543718
1947404
152710451
1691719
5269821
1694545
6045021
3712935
1846469
2425162
4430645
1103601
4684761
1434442
1595936
742523196
4043308
2210590
738125304
4980896
2078624
304709912
7627735
5618960
660548826
2210827
1093268
5133617
4349809
356680981
110710
3298406
6390165
7210386
701175808
1789
149336
774714182
277853804
882181585
2702709
1838440
497382834
883714595
840856
4268713
529505367
2293288
822208100
335272926
716444
6445234
5069644
1137141
4001036
5061829
2158193
791319
761988013
1151083
110895
705355870
746189674
148388869
786596
3468448
945235836
1993456
7257312
6583728
79505031
1810021
660115570
435930417
178774
286138916
837160173
290778021
461161
2573099
141028641
521977818
1754082
4821562
3330673
5811192
6155
930345083
901014
4301760
2440593
972493162
1095159
4072404
43849874
860069952
3204461
7425433
921845678
35702235
5025513
68331489
2979224
866456
1681841
4676710
123721
1201934
1809025
1917872
4056811
428089016
7024207
168246
1426580
7085349
398329849
20468
2637561
1078266
7159919
451835
916581
1967666
1127980
41673259
3878888
2036542
1483801
351495
502607
799045097
853778
2319770
4638128
2341996
2477072
772811961
1851300
828828055
2011010
157901710
9660
2507496
637010556
1138425
190616410
348959
4508656
89828569
92069610
759526395
7120954
3684505
298131
1615613
111932
4585623
1053211
1799133
77729727
604230341
729915056
393454298
466410163
101825
1957976
1211372
939267541
872096
695064365
285426664
619895488
418689
7457141
1130394
1200752
616441
376257161
2109061
1279
224774927
67370859
1316391
2495699
6285
566482
1610980
233583862
955216
230140965
4618555
470884
457897217
2955968
310272
324376006
4463026
881470127
167004594
828849345
3109991
1169775
174196
5577399
2176146
103409692
506087903
634792154
682987841
73396760
164315943
165085
2330721
4924540
840523874
563625
1274636
212716362
469839281
13560
4729407
4019976
130476
116600100
378881
1211849
3995430
526556
1023924
518247781
592613
963869719
2633062
876482
24679671
9628821
8377
5164216
871395480
1018326
816409740
657090951
2801536
5990344
232153570
1390936
3333211
6089314
629273753
1267918
4210643
803943497
909340137
403959503
832183689
22228705
1931958
1709952
2978961
1547761
524991935
4443447
1593697
306164623
2533645
1473118
743259
4139748
779885674
738230397
1173773
85990
219529
2718161
623761
1634526
3305621
2854582
642029509
282477402
2406553
3046559
307649272
2831746
1320201
5190045
905888983
5945891
666278
405514107
4715249
2402575
213637
2477743
5676298
3584763
2059456
577453231
872318677
2433097
517324527
77966
8257588
613527
6022793
8887360
883070
6509628
845697063
316575
2041238
270752
172259
257139
7775145
58734338
2810023
4737016
2243481
773110700
893760
940163422
1332930
1933833
552295681
934136
5548992
2484516
6869555
6716486
3753760
703628402
316690848
428016078
414654
402611
623796173
1264059
131417
350380937
1597451
3548372
607814584
1999221
3682645
133094691
1021735
993345491
2942798
529626
818020279
196447069
547028
2758974
1086369
1580470
746817
3347052
4284548
399127562
144201446
1136101
1345548
468988754
5101665
163562169
2002456
391971063
7919204
449334068
2737576
604850153
1414808
182918
521010
7227853
290471819
703464158
826376687
974289583
14529
2719865
472576
2226146
849839351
483083004
89583746
791627770
518895
244024
821585
244558
449405509
358456470
1645229
24111
215841207
276509675
134910
29614
6598671
457799850
2919517
800317
4134861
957665
144167
3372384
2528127
2823122
3373761
2332957
3003309
192480401
476023841
142978964
47624
2086830
343443231
786259
4542885
652167108
357457
2933953
718911715
6680667
890634322
257800614
3061774
3999647
356866322
4851796
5542740
232785593
80543228
551391
968480
998558
7842781
5243600
788872462
640717266
513952
3254617
905320262
333335098
2011805
380293604
342717475
567831367
4106856
815376
12242129
101091765
291617
172048658
764349542
425741716
1922710
234000
3564038
863965
6257792
1903713
2059394
687894646
728318421
658284768
930406057
755795956
6574690
355325
5028748
779090165
355137
579949464
447712163
4217248
6541657
816030
3936450
77214
986293590
1439460
283236
752496575
671772505
4312649
434329444
2968598
2189990
2012695
583473
3466391
2117015
3357600
1464963
1628841
408605842
2743053
3866646
702634570
1486561
503166183
129772
402274949
306578533
2778143
442257258
3993541
4952900
603779
24672
1792488
709074888
1784923
679702521
5928218
1359487
660949734
1197248
13030107
4972241
187126
1487217
924404
2075015
647134715
766689701
2413025
107411
300179
267374
484841784
891322
319677
188419560
1214361
1972104
1266514
2599936
238709
4375361
2298426
1828708
909119623
1845544
371247927
6789848
839430
1318428
539803139
6085824
290078981
6426172
3044101
971139975
6506031
959385495
2715249
2473234
811726
2046602
633487315
757630
900876510
941415863
6622682
536154
2427125
1451270
764595737
629440
2272481
7874750
5599156
287754517
6815191
121602879
1507929
602249750
5346022
1543246
2656512
4974530
2176432
669327469
2219482
991500115
517426353
3172681
4101261
277960
185436
339970
1245272
816997625
2084991
2018163
6521040
66162933
2500584
4219096
751486
3922707
1764576
475003670
37328241
3426149
812779480
662172190
1996258
347241766
598569
975522035
476189396
817498055
86928
714637
945489192
7497231
331233348
3824393
704925193
292787
925981
475668
396052
26562
776725
6895216
7154432
604173
6101216
1209735
323276
3779685
1016394
3997557
2455408
622321
172480
295240411
32736
58732
3217472
4058137
4713742
579695833
679795055
3271295
728721
765343609
3056375
735984242
198961673
8840317
1138500
2015365
8696684
2240869
1252962
3481749
1000628
572641
2440896
470563126
889332927
802751122
351110893
100354
346012
529105082
644568
1943529
2308468
173982
122603973
5703261
1577920
77254180
87123
2053518
126951420
2794942
582295156
6364819
5930820
403491858
1096442
116974217
1055818
2466997
495353159
3736261
2616943
392881527
615356
4147522
5533569
681975
309105
4231619
4848099
1206759
755139
2378439
5661598
8600595
184374
154723799
818613765
789174
675496
279275863
225964978
559361345
3778567
402376
501900
704600848
89208339
653386266
3758755
976589
728665147
166596
1283200
114102827
896262946
125246717
13739909
6727407
66712828
62269980
973682
1569759
4271731
7791977
3127767
2260720
1327048
765648529
1418659
146191878
37936
94139
102698871
442772
3872425
6737713
48251
5744456
369596152
646444
866272
478525903
2930916
8495573
577342631
866175044
2353342
420745794
476102
1513549
3832903
150984
3550528
297359576
352472
154034999
1620224
98553
541347
121605
6250052
2384992
2255353
2457596
532575101
43889
949556068
468576
3510418
170329
291917225
886188
1702336
1403135
214260
587640
1332681
453842228
990316334
5319157
962244
281516
683168
281961
7014248
684312888
540281
6356139
6586029
963177468
363119
576031579
4041609
3702097
301617
2116944
87451
2579251
177031252
2376870
527267
647328735
207114
284002
262127173
6656530
229116413
76384454
564695456
2167552
872008308
122019
6700849
1042714
2351101
861020347
761799298
5022464
5837506
8931424
1533152
2175307
2422287
228682079
98570779
569151293
790465584
7010688
2537838
2171625
77762410
948339
447125779
1585462
54368170
3104139
464179886
661192236
6961801
348655121
3269914
811099059
801487158
5547456
2360106
593541699
130625599
168524
460215866
152242
767353384
5526907
4402010
7070757
631686327
943968
372145
6067097
195728
5419629
132830
1432800
293123
173709
698897633
7113500
2403232
371733953
1658014
865536027
522032845
651515203
14491
2360808
1700920
681803660
806971255
999853979
682216626
1792398
362355212
581235041
389411
704622137
1157706
2107485
3970415
1013688
248378681
7780769
270185080
689848733
400702842
220766087
1147996
898104
124666
414491087
809281970
5051501
3963516
2103437
319579261
844513
3428797
4516713
240283210
135734108
263269
851136590
13284151
358056
1325432
760291802
1353658
3062816
580754517
3017141
4554068
40284
2172238
1685653
881456
6798512
350435727
3008877
1024387
3658699
3231257
956927984
70993
1977247
637798
3435876
1265404
722046526
3972051
4332664
412493354
775701845
4659296
481634604
970307909
750204235
676447
97344
2559444
677865
406444
957051066
32447834
3625137
2358135
562584369
36634
4282392
3458361
436653127
304366
384165585
114412
181017221
594605
200680986
348222172
2103606
853623
1917045
14751
1628688
836736613
806743532
232270
2943187
62609
660100
7435061
27823
538295379
878511230
265868
931303050
32425
8658499
1304422
2084832
778972271
847127
2526245
570001
1358646
1463929
792404
629746403
4100837
2363265
5053739
648536
1219395
3258084
1723119
536384759
1726287
265129572
599741948
642839449
960472813
554709902
2466496
1295464
207137718
661851544
668081
242029
465091018
3490560
38225201
78528
1729295
4359744
423830106
118215953
1341801
1911731
25640
514802
2414481
688423
913562
425613626
927003780
549108
254016
790436694
55024617
7100501
4742108
3374028
132165
977656
34791
492207518
1162647
2400235
67799
5796864
3381797
886653007
407524752
585289369
6060998
228460206
1794241
3851775
2231604
19786
1345580
2884176
781884643
233371913
59201
849418238
2095845
840642670
3148704
943659
101384088
563884745
247483976
5952107
164160
610292
804906
4140577
1518232
4084
3482754
308652123
683991461
987651773
453156
658064403
60139890
4984289
1063900
92485
897249811
6693817
2716681
287041
440486643
602475423
1457361
820834189
505305
3290491
959385044
959905
127220994
263860219
6088141
4329507
4118954
667248875
733254694
803543117
1323719
849079
2355666
171536
629451
2495443
2140577
711551
1547532
522388229
378587158
773296956
4458066
298417
6220825
2800221
1712908
1122361
800776541
1394627
4785104
90541281
130105
567475363
994505336
953122821
634248112
823796679
841771071
4794459
4720891
424178494
998826
988438843
247210
2589826
512518335
241699533
4841642
1209058
208507
1027924
643837
1967137
195956
754278486
4131223
3936864
3057729
5206045
674310
5986737
3686186
144571429
302989
463640
2547561
850177
234976794
187235
1960320
540734
429893079
616411
671107004
985693
542476728
76496
47479525
1700966
3156553
1874625
183228
1893110
565574777
2330377
1706604
2144821
299181
650864
990465
189865276
26927822
965200918
1056556
107974826
810214
1772532
748390722
408200541
2057629
6740398
883343
893863074
464113
1407894
847874
1205293
941541268
2544887
1391865
257875
6397
142754
2045753
1005710
6547601
253617
988986464
6510744
2263610
1712911
3143584
3109009
431105076
1037666
899060
78329822
76536
1040820
3093358
420153894
6359781
7478152
283271
604043
8950530
1402532
1235
769792
2300540
2435761
2950519
1316456
474787394
5738344
3166000
1607796
6532201
411479
2496076
212810595
894325
2336224
857448
7603147
5629140
180930209
313791405
169883
815204299
2849852
433665313
1168900
6596435
965547
260089
5142159
6577809
545048
852632191
2994418
566004876
136260
121539875
1198925
6386031
727533
304732
2580207
4807551
675638
569526402
6364732
1642808
562342351
451557
7421688
22055277
8088144
483371
1869435
940664079
1642292
438622875
206295358
2048245
907834732
560098
3966128
614158527
2162006
171471
548457
148055948
352510
1596241
837592
667304071
759899346
5149044
1841516
718686451
347944131
4261440
806616
6500457
23717
307789
901154784
141619
228985
947052318
894587
1183704
880396278
349671399
865450
233417
686036
8393895
148653399
5765366
48456
578757
2121494
215008
329580725
819853963
192423
86025192
686366122
131804840
3435810
739636299
431134
3387159
991009926
1035144
332867
4866867
764052657
896070299
1432546
4219803
171508
4317777
1850700
7682353
454956
475659406
314757303
4863826
245351336
2214014
5837563
524333744
2881075
2694946
5611773
2779042
2994461
790004890
1634527
1805196
501159557
1070397
1059054
438653168
506103
2018626
1228338
2446199
856515655
2134870
282836
672801109
377144716
348079491
649026152
581750314
5116840
211618593
2717996
5180927
7885869
2653015
8852085
173729
406972734
8891246
87358054
238165
2472376
342782
156845017
823663835
189178369
1671728
5396876
413066637
2834228
2515113
4424017
1842175
968593
4057362
659292362
1047933
4187678
236668
771509372
770648153
3985156
4881976
4778461
2162417
655969433
589455832
133464260
4590485
1878456
931309588
406139
2883815
3192561
5912121
392805015
318643550
797690730
441467731
2964776
827971275
566797454
1062911
764734390
476992
1118220
1400295
725333
909596572
8595704
1660419
4006921
6684672
414471
954663
1702191
349973
5002891
948861710
3680005
7140112
2259549
184297540
6028971
406428
505394586
1427726
5707260
1595422
332113
1094575
480758135
806528
40305696
1735497
3060094
799644815
419838776
825122506
2084308
215443
1096129
725904
3976585
281551638
887548527
945296853
1299684
430602025
8813667
77445057
42376
51766
1978779
888814153
900952
5988951
643887
901281
1487016
4891896
17749052
19132291
1343525
212715336
2656117
1706706
413351
2502536
256105621
267080393
328089976
1038743
6165292
56249
291397538
28390
414274
693772690
1296636
520979027
1916395
2032224
636220
479350101
792239359
976861
300826
3119097
445068451
316561800
3148200
7607346
93761632
958040011
1428248
48489
575472
1997769
434668834
3040032
4611601
2768910
5012049
622306414
44496
343852332
5445305
364263
554306850
1021500
283408167
597120
1056285
1956101
186526
1021440
658248402
927780585
5209535
4418547
18997
101179518
1843125
222161
3260229
1924355
325637911
2695512
399227
784989
894980580
67211499
1676507
196904489
975119
78755914
8606033
558212403
6516508
795667
1305214
727423420
416679
259663525
392894317
625624910
1617145
267222248
2072084
763431826
586986334
3723885
496164
1889840
1359619
388611580
1699968
218348
2504703
209127216
1060305
5460627
3283296
310768
92579166
5234541
3085910
622845653
899348861
4366336
534320859
2903528
13160875
659997705
63075
5559515
4523175
5997699
7721695
643605604
943789444
25305
769221714
667801
1834101
696373
2155363
976870629
269981
12852
2699958
358662669
4238487
748005678
251683
219673069
824462182
2702252
35129172
818286725
2223396
13629574
660641257
5737421
773256
108808920
447353669
265308282
254321
379065272
810273653
8153134
585409
180855
57558671
1883014
465955284
88539
1968568
1647981
1087497
449551857
18897018
5236681
1277073
661001408
190266117
202283944
1529808
992459704
478352
867427
108675263
3918527
974513963
279664820
66330
579129154
3773029
7450686
9229021
570751
139543428
252728385
1178228
275848470
820436
1869281
2231534
5426384
1727539
2167032
148404066
2560414
2845296
97361
556770
198029
783286741
679221363
1297163
433444809
2223783
2859191
7992687
4425659
59952
4279218
4921700
3225346
793431548
1186851
1100001
138574232
4795041
796451789
205260
32838
1432078
558501759
695808
18512414
2969447
345144
868832855
706490241
158859303
562217273
963424593
4496452
3728376
5769247
888519
351988964
285552
2054812
71425
4823064
8325152
82065
525099
1483016
180591757
641780778
259278983
8227010
21675
252656
62808
53557
6830188
2660634
118200441
1666320
581815909
2306954
1338588
138309458
968398553
76552420
1602781
468005908
351803992
7709484
28617270
266300949
1500636
3313598
1190590
4177040
1637602
3909005
2450750
2244223
1425080
519311
881742661
180781
105498781
1293777
1238773
136504
684197552
269616
1913216
1656167
2335105
551430
107639
237870440
1989934
857592801
1562382
161325
6921823
7943905
3733596
818600069
4675301
3692028
2276609
919687466
116185
2308726
116759054
3485457
1584249
922223
8105574
154266052
4476789
88465957
5429500
5773342
8343
547096
876726
878827699
258808801
6928936
135689269
755968
175001
83650
4797520
632891
457570
130321
6652713
167898454
6084092
796640
3609357
113777
191323967
388068
5412033
5979042
126707
4218457
347230236
31602450
276522
389574769
33890
998471
596294514
1144478
8537753
655218
293878
661545078
558179754
3009073
554261
721917473
248917
863227070
395669
777215506
3507011
2069989
43100898
6495920
786315067
499056731
6739016
563920
479816299
5363156
480508926
5377491
1147081
777526908
3359077
9225514
680202
6956378
1330216
93115562
6680681
2232576
483544564
25338695
898320881
5309458
555735412
768482
2661244
867980
604699356
1080499
1132620
1588842
626956
6372230
4313904
797503
343084
3943092
734001943
4865956
1416623
667427
564820
1985446
601683
495194120
522505897
134021945
460071343
288116718
658478129
66291710
888529686
2217885
2695158
3378080
3419037
17217657
169448
35701
935060911
693989
1720401
1109193
226538
1609561
9326320
795974
2297747
817817
1846811
6765949
232519
56339
246175
610837543
6299605
5367697
198395062
787534634
882387
1557352
4625275
116416
120633
7695275
738032038
238117
5036969
354117505
693980542
303751753
42810
912718079
101119689
784530454
3613816
4241671
18624
218734416
818764
240573
2368755
1724027
968862366
4755337
549179
15484
4362163
2996568
1391546
414102
211581
145586943
3243542
3369300
1726417
953025649
343809960
292834
455565086
5122461
785592
1552261
6616429
274929146
12040975
59328
976074289
5291500
397969488
63194
5861344
3291912
140678400
1763700
889369
3451869
852663229
355499
5260921
1270157
945667
5197320
1377483
31780
1053297
1765664
78262839
1623322
908101071
513952914
569041
525520830
1849226
355894
846689689
673523653
5350
4995
180664135
3910370
4943069
738588588
2268406
2817832
636735041
4170274
1897572
1719386
479318572
359392
3726662
2584
6680723
461522279
4968675
33986
5275354
829710800
5288721
414621407
538985487
4480640
716617509
302808814
950724032
42744
304827179
366678239
1535625
732511292
1835882
2338308
3639454
1565790
276960
198257
953584
917683204
227469883
6714911
5615898
3380257
165091801
2127663
271490983
77420
41021
4122778
930718867
3698045
3014326
5103661
4883344
40775
662554273
262249
726874
6453013
2078337
1294718
681778538
7974430
4177345
337850039
99515183
314770
682317329
61613294
19141
895141389
2278480
519536304
994574
315962888
191104
8188247
78244115
446780523
6677269
3489472
4139086
784261136
3433775
4251198
640677
845622784
4168
663920864
6542608
3186656
1278165
970385977
765085482
240651435
2360601
4470078
350784
4197808
1220332
5986092
758113908
3816493
1228082
887668
215411996
14024
2441948
4751184
1987257
279241
2640588
821028
4484625
912132217
681550043
569124
230234832
480436857
472439967
4179168
5794356
1129101
2585422
419044786
773327993
4521775
3572533
60963033
486989383
686376430
4164219
132231
6853089
734308
40582841
369965185
259013454
421457335
3489696
218643833
616815354
747381468
883060616
5049667
238669883
572132180
261142275
440533162
520219170
515518
527125903
1913832
900313
3370864
3572174
166219
983159796
149488
1518695
6568980
2672954
45504
2382497
4278384
653227835
5029381
3582112
5825977
1409056
1704045
1459652
560397
498322156
679665
678963
2273270
864336607
182892298
6291395
6454135
7927836
1520964
244502
566917
758017
3568801
780963374
95654898
568721120
171983563
243006
886807
407542322
489907035
105248
573288
4933649
567213
538479
394840355
221426984
1640593
4592969
2575875
216638510
2845793
3454416
99298
414241
797462298
3911960
1496880
1447358
677500267
5186952
908320225
1517383
872000
310534
2633789
655982747
967928315
941359682
1848923
2107149
814765655
784655351
307531159
12149
1887274
961227904
9759
912360
450499
2423772
847064362
4010742
3064924
1632533
767410394
2241451
1797383
551320300
964153217
362843126
562951
1998575
3290923
6068097
3988444
559614690
6802199
897281733
65492
1362106
4717103
7739042
87132
659664890
921345
32773271
347859223
1155344
256850415
240533313
8516341
3247828
737813
2513454
791866
458352
368033
883021713
209966056
130739072
46258594
306533
947394728
2760576
3584971
2667435
1371356
4163368
5488468
550650013
506219
2498715
598971
271448154
993378000
271695125
6042725
416650
6757246
2075049
4654103
302530841
330232810
3446699
854403870
2036891
2170637
1478380
5369017
682803575
7961251
179066
2469728
308864
967174
844898
380283
110584
44304
644581872
164494221
803907809
275268089
949639
83752
36739060
943979054
612861802
399156331
4479798
1194883
33032
2669453
8972847
3318111
903155126
422668
5231376
3696884
577399
886286288
4603041
500446
4171108
979590
109737472
1929720
1966652
1056943
2593849
974801
995177475
656163
1022847
7138718
334996552
3304240
452027
259665974
727789115
2587232
5964843
507594248
117099479
287517
646495212
939475132
7348438
7558222
385679
1032151
2021400
1059508
728785
729541
849581100
1231986
3766272
2382017
229103
540408548
960214377
1349905
3399522
851076944
1508508
7672789
4079091
2012288
8629751
25281594
677073191
241380
4661791
1112292
448896886
90591805
734202344
888058618
315734500
1081984
4026989
4892592
63008
621003185
281839166
3405355
505536438
542733174
651118
1889621
2515129
7906757
6063962
385326162
3635868
817087049
442343515
530063
265174
2076903
6767641
335816222
566528
3014248
2415738
81833
1388915
514651984
7318084
66447335
761377669
280820
6055665
1246977
836364
92256
352394
2543866
7575988
4939665
921984102
966174550
4037216
6206569
159808
657941219
675790022
1525672
3276872
611945
38413
4432021
493240
832078
3571665
3050592
2867971
825669980
6457852
1203700
777908
8802669
138180343
950278
694471
2166806
3648310
7010113
7187761
692038237
1786804
532238097
47769675
189011129
2843674
918465927
488968
1820141
501714
36526
3430846
1372360
2029504
322873
2597081
147433121
50784
2842624
952009733
452400
5349716
4290066
317013869
656647823
5981300
671226
23985438
1530764
7473029
172197711
912660816
160000
616894971
1963890
3158653
21479533
543336
582227
1679542
778436798
5894392
873146788
53760
9542399
1098629
1133458
106114133
304881175
3477213
7301836
399343
354851
2030770
898724
798523762
231690083
608429
179817
3560376
4600223
5804008
3092048
417853937
1583134
4261214
326280
313973
679205455
751910070
222811462
527671
682048747
6849392
2090641
2298760
643215
2118781
244736
5128060
614097160
6232955
6454730
1009086
830965481
341512703
220827
369493
2606749
385712804
65680149
955380935
576910661
6630909
932454948
1717992
410449
594511
124040783
485277976
381257
3239402
114691
923735
622240330
401643
168693376
1526042
295166338
993864
837297929
1265669
2218817
781125137
387058171
565429
429761
5476743
1608412
1770081
814715921
40206137
5241658
1324616
2407671
294642
1721230
2119534
6596224
3559849
394182342
264627
264129
928761
4263
646949713
6471569
2070706
754254682
1607384
1398401
247574712
452391
698231
771542027
623262167
243167919
1134585
831258992
153358120
5326799
5494329
1815019
606187119
647495
539761881
29001371
429720160
3759612
1886345
799845705
3878657
979278977
993986672
3990311
868703833
1360
2200909
4580841
3797746
466171
172917
6424054
172681
194269
617177777
896814
893076
852736
747657530
3357703
2264253
277226354
5178744
398716771
1611960
536520
879682904
727285981
5280337
4305343
1236054
431448
3763540
4641621
230178309
711709
4783321
600824
981026927
4322698
543008
2755840
4705558
2660601
3045645
654648410
306587563
4709720
605608046
867034882
90959
70966
48438
1391085
355126231
1820725
570973
3126616
39791712
1613507
4334523
227201326
656860099
5569570
4181174
459124047
8550964
760848217
348419136
816913503
55643291
576452397
817349822
382601305
782879
39779829
549367
735073258
849023
494297584
163849496
3005311
2209943
239696
5838369
1241244
5266483
659374433
4968961
652061198
1196210
2085750
771867858
1735940
27262613
710176
5324257
4500306
1102817
318542783
5635329
349885353
969422
373047765
3173047
2955566
833292943
262585
25244
514853315
487797242
2463071
1699543
833996167
7604586
1830121
4292388
793870434
7369012
2130982
2247263
995591227
376263011
451090419
476294377
611351
613868
904105153
2410449
913900
1698429
214838184
400955949
597734747
720848299
811031782
2962636
2800931
492930026
412109675
540777535
104816
325581169
1085480
241093
671154806
4159008
1051600
574323517
9661443
2571379
447464795
2394387
806163469
4616149
2289896
423388
1679435
4258765
3887930
1482343
4642122
308104
339211
6319403
1411834
3368505
491714
3090438
620520325
3455944
1814771
1514121
4107545
658670351
8396608
557669993
1621449
909663575
542282308
1993525
7173156
2311038
4749489
485789898
3578592
4603588
954952985
742557
658751392
1036147
2415107
5463527
5501916
3226116
5750143
207553490
2809063
856570647
267765078
787501
147331107
1665116
22317512
5920527
6978401
1190050
1685124
802068
571191
73185388
533943223
415708216
152374923
1234347
564432222
878300915
5667197
511836216
504221
7869469
4451453
332811332
267599747
6545059
1116916
748140387
559372881
2039775
892005545
823645447
1872611
4928925
429998336
340271
431675076
1135259
4989529
193643
812119
428258456
5713600
104719437
5622684
615187
653303
532302959
23808614
4751759
320399
117549
994164407
576703890
22375521
2554755
2172877
299672875
31793
370132590
2108659
2098059
348800
6320896
974571312
48922
3081871
95471453
5009979
128571
14067842
237430
641617
5929988
324853
52900
381269581
676466545
266319044
44780505
840949333
787469102
313117311
4660430
791378956
516789
2024046
214722
795413080
472345
931073410
948476
1353385
476557390
421762678
1951421
769397822
3945329
120754145
1021536
317599346
659917614
98526
456910
6311297
2709174
2699895
41173
3185693
1061950
846426
2110874
2851635
653898
73636
813847531
604672
1972609
26464
3899904
206142344
4249257
2545315
358001297
849343
3313312
3254091
1709172
394731
2360861
1955739
252756
1276715
57004
247850030
16546880
582971
933676196
988828830
735086
326435674
453783395
3980861
187443535
599456
3952779
5321275
4548323
6016380
592510086
599524438
765809581
2197516
652327
80926
2379983
487300
79340
9263101
2283254
278284429
896392061
668118
344850
2493507
779999
576639
3392516
2130406
36565
6604904
5085825
132400959
890451127
4647469
290321146
605590621
638730
4037805
294898183
4723691
491616
580889
1133751
1293843
845452
393579834
433920750
6075162
3827698
5944192
1942725
888310
2203021
398753119
1575953
507472977
70709
6420897
6299226
6516271
2704289
216406195
302385217
3125049
6501116
6540913
193441662
5202052
662242478
145207
6054989
1955896
572684405
741968
2425623
496417920
1472707
824481
5688467
241081
863122668
412144
4395868
198649082
632205712
1249321
1855223
4569341
5829847
137761
3481256
650742783
4252811
6255995
2102642
4522576
3345115
94575
617410153
2258180
441463
1092177
400717035
2118502
3368784
248544
560833
1715798
168129051
1986692
217937
1663290
870319
1341401
4456284
5404468
825742876
100061888
2291711
1640976
559193
257451
6295611
1671597
1690736
288215804
3041221
1716688
722606
761608
400778360
8644640
4041545
715858453
7063847
3622293
3281074
4754574
586225
659047814
63300074
78621773
518575197
667534475
583556
434240525
789676
941742244
3997962
693082208
246370
4998217
5503654
2679009
6826171
1303941
172810614
1574815
2507576
406004302
747067440
4577053
910739713
57649630
946485
1413204
271442363
541180
580658590
1086553
4461568
436560445
2650714
959989
1047480
742244
2467211
4049148
1042049
1721191
2516454
379154735
2567253
631893281
150607375
403941
172603
6774616
2581808
4249684
177392
5528625
2179708
995568842
5969569
765481562
1323540
923975
2047093
5567083
711773287
284597136
510760
753128660
493480447
816060
689565
724331
357642
1317222
2999510
706663782
718723
7102036
1871764
6046975
116386
197124
371352669
4825087
327737697
720904
672540345
682770484
622192878
373280
545446071
473993
193973776
65232997
732890
982301
3906004
556757592
188085
439846839
3249010
943098657
4235385
1236816
3394678
4605360
164269
4417437
788813
518600808
95893979
443000059
714936008
670656
3074772
460323
1488492
983740940
5645660
698840200
15101
2145530
1656028
2879692
1643993
3647965
959590
1431695
3884905
489453372
6341043
38366
2525977
904870477
912414177
6237068
354914612
132871
1522222
2259304
442701
5713066
985912
3317179
214114
386087894
365817
97236
5331966
2183765
2615548
676427502
853184
1943085
1442077
227435685
1108224
3049985
3702852
4957964
792037
145659
5334078
1055016
434859916
3435831
353768838
8668054
8123990
998966726
5665835
187234322
2409856
1330738
236691
4055867
472208543
1072347
846857570
962687
672442714
1547757
4956857
509131567
171386
760610556
1898314
9311013
4251547
1269432
6823459
1005907
834015
3758418
1405683
284139
4225813
811003
3643693
560014999
5071067
392644
365001876
1565771
219608
593642
250017873
645138
972943904
1655616
207451
2195621
1887842
3695634
5230396
51198
7650254
164018279
5442576
3640604
639519959
598873298
4050261
19783
14352573
5742162
155318407
3385771
3750274
1187572
1138507
2284816
259823
5885121
4177825
805061
241474546
543553
866163054
995201981
480324
1934799
524186973
7978905
314101575
219510
2844361
123831710
4266100
71023995
5167853
406169331
2123268
344515
382329626
3644038
1910992
623547228
167258597
189622076
673546006
656132510
802601
831084130
505901791
442414484
3667445
7484494
713156910
722528393
871715164
798355300
2427942
283977113
3850771
3416571
4932352
2722288
646711268
823276
227360265
5003466
746609651
1644754
75019949
7447
1065487
472897558
589523262
37328363
4067804
334616363
1036746
226181
4604121
6106840
47488
825581365
1414923
3922344
126591
1851073
377409713
6576876
1155195
511231
1203842
34156
1857092
4421167
1256629
410965154
744314462
262600
4317919
1440336
1
828160
615951
3424823
11219
1530229
7905216
2426763
3163067
50708
1185926
2297348
864420448
3914194
2151268
6345387
2940226
3757587
444518399
362503
799992189
653606
1129381
42861883
884516734
972712998
864241076
462373
604039
2678206
2421218
44617
3762851
1428989
4631023
446746
963721520
721111
25993
1990552
2336841
1081592
1742849
388863353
639017
562990963
7020421
2171086
45610170
753121931
167742
1028
2009818
2081046
805388221
45369
325024532
468555964
41792
686084
7047567
496480
470504016
4824993
4593159
403383868
374252408
1873509
2047732
846142638
1488702
39850078
874008705
1206620
1467637
526730878
2054449
1405993
665153247
456775157
4500948
653227792
3360965
5760053
364624433
9103073
296938038
166284
349316
6075370
468526
7290541
432651389
3953416
93821
579362825
389049001
2609041
3522149
5766903
2953312
251593390
247253
127103625
327283732
4350027
904730
339427860
502424
2676845
1458138
3171534
1199475
1207591
920871550
293408054
2058718
599605644
490136627
740218204
200592
1169199
468856841
7807074
85983206
1680576
7402921
626567
3297640
719675813
2769506
1039732
1164525
4329463
2201825
132310
4922736
3603015
1245918
200467
1461216
221833
113680963
7614356
15552
8521020
819154
468262280
886516581
2087941
1212160
566555171
33099
4803701
2261057
3651764
6301356
5978803
2099946
2314275
3594643
537111
29586692
108653
331243682
797282365
1013627
3449218
169957415
3999696
6142694
2155723
5218771
832670
351348482
1357443
247808367
99100
898675
500789118
640535591
1477503
5593264
500144686
193920
159296605
101096722
2111744
3136762
5439447
466973
655886322
4579168
289681
7601664
854458
927738892
167108720
554577858
5157945
868443755
9132704
153036
7827639
669524
2619740
243611
895900461
657891895
4138357
760096
2824752
129857411
516797761
838318993
304746523
2560153
17824
3781609
198014384
4978765
978579
5858101
1758104
4036
341223
7451356
3270495
289662886
464140232
948195841
889865783
759185435
961019983
360431769
279789739
6128903
3105715
6265009
1359444
654250835
2721483
417688
4080546
2544021
249687
4264783
143660081
895855
139119428
1668364
977322267
361872849
1936869
1318
929160329
884061031
3742990
1779093
5947415
75766366
5496245
3016520
1071395
785275
825147534
1190883
7083875
3681025
2743860
2319567
656100
638460948
926446082
819584690
2942184
870934511
189235514
1203880
825413126
4526183
640432638
1346333
885366331
268027201
1099799
376807809
552643849
2484281
1116761
2179969
379056605
4280244
1528232
1020133
721737
3800536
1566118
7398520
1933092
2084933
728085256
6132343
4228561
9344736
721324190
1670840
3435936
834893532
1434273
483043528
669899493
74786914
2615170
726473
270339
3493900
3147781
3137424
612094331
372373
270692
210049600
1870812
2033172
865813361
555046128
621208758
950740344
290230
596776236
156215647
440544726
751374692
152921
707427615
169662
383401
239576367
4686347
1765183
1342936
1974498
408302
6909216
6047496
4439273
644559
1148715
60745090
5156410
2473173
1777565
7666977
683375
4976181
6180799
609234
609360
55917
3669301
911161398
1242096
4059116
3553992
608335
778372253
962698
3626393
293760
967317823
419710477
1761227
793482
2852611
3858694
4220838
874257782
565348879
691388339
264392932
5978296
4354927
3519584
54800476
2225433
7466540
93103
2210079
355671158
163053
754485263
2764424
805351
2801131
881439455
99755669
3023425
102995923
231375892
6267051
336717
151161
733701
6959538
789940572
4736213
4136860
293385
7218741
556479058
598912395
409371
113101
655074200
860526883
903815
3918289
321024
62135400
262042637
965566418
961137
502138
82559760
844670976
479959
1545813
621310555
995226219
350064
1303499
2290737
1625238
617317
3930054
435120
97232774
549954
709017051
53111
493747
4767122
764032
1258525
5539840
155820
909316360
1149903
6679348
8102696
896242
369612870
978074635
3786600
748790476
619039839
218616
552559
706649187
5222504
593197488
8245962
509039
3125655
3732496
579252464
97408
845479
7002037
1562775
1055214
877967
1308447
396942880
164148975
6893
148162
331125794
3021359
483403316
992977797
643551116
1888874
53500
635819657
141043
875588163
204116913
2651285
190355617
904235255
926352032
627617
3802600
285591
105489
2629232
34120382
341621
636557986
92551439
861515
4121075
934161
3702774
357349
4336905
3634909
6185627
3758864
887340027
387322513
5065076
12425755
1032078
1308930
3132987
176490647
367684
75447688
911901
672937
993969094
827154087
8019300
872813
122432398
233436
2763350
2774436
834684467
2639424
2804432
55879164
18810952
686535552
3982488
1965838
2458342
563242
381808
921988
321534225
158618908
2503264
6421101
516153
1962368
569975204
324715672
1438820
1070235
817512504
888813017
1466194
224674
117814389
96673
251152072
1162725
134397676
4302165
731674
5647996
465249
361194
210971
402403474
434449
873018378
239232
185521150
174012245
1694781
3250663
3138360
2872573
5045881
398574969
293294
32167082
314689
391566910
123412362
2027605
506326764
4077321
49
546048
553993838
543868716
2651588
7461142
1045459
779336081
2769768
81251104
1823440
402577648
4990591
1723369
69017
486651
943914335
3113840
987783417
3903473
439543
915414592
2772550
3690648
196865834
509440
5460031
806481582
694095632
2640402
3208228
393279
3413103
3176845
69007
535450062
1989088
504226507
668136967
2445830
491171997
8090973
5110464
326537481
423761378
2412336
815991
271916
435555
705690327
2037873
507096483
591634
2223578
1259820
1740173
9400569
783631
743235
26375912
229892142
254224612
194673575
774344
941559086
448338967
718752330
2230827
132376
1521416
964851544
480259
737427
745421754
2704413
94763611
108261545
3137536
170429915
5651399
401262252
848135589
2074645
2757373
4845892
260550600
9081229
1013880
526921
5022720
381894
887475753
1304926
278885353
43861533
2624858
150666
3455442
1180986
799623417
806060571
3054809
475585050
263565628
2318845
8444872
544685
557639
755426171
2218640
498791958
7458057
503965876
1884801
843655
5530573
4177169
5103787
411256
747518214
3971371
290820053
473635812
4418081
2116603
969325
2068920
345970
7857064
113113875
4199518
290184
1186975
2962979
77797
844379
2270177
446125227
5868532
4870906
815453092
380272255
3114791
286242
2117018
7438666
523047992
6136289
7233185
5351302
578768
530303879
200232
1486265
311461
4055623
391667600
409228687
1719061
2429384
731332
2814870
3410713
1126239
3674336
276498728
6673425
2755980
451986
3403044
1553401
1598793
2694693
6154773
8765934
26240
5498542
571907039
661881798
1286115
413996616
403191
4375202
1584647
637030056
7338543
464370760
149443
3167060
1403
68658473
475252389
793920
4533103
577771088
131902
224236050
9121540
611648445
596581913
3530960
410948
3435488
1283641
78773232
804378562
380633042
4542876
732421840
206967584
2684644
2732517
840929871
7037607
232015
8333326
4088382
8906
4126280
477626667
571565
5713686
104139381
795106016
940912492
2085179
8120416
29254040
680660
469559880
699404540
4730521
2594884
225053419
287193
3173630
112158
7715881
130524
99559595
566717
1806343
959920612
364410
4083144
226810
541248
565468
9534246
870339235
1053744
5580769
1788793
430870
6807061
4839939
912056994
708937
2741045
5469903
798513744
2511346
97127953
233417
522365
6191601
5821516
796364
608780037
915236
178788
91071233
168943869
1358457
1335458
853581
975786996
2235706
247741
419743417
613857457
3662751
4328965
241375681
1188686
560822
503800202
693015133
77396799
7099593
743392314
957650687
1442773
890399
848767738
1691179
3281159
836395317
458223
7240743
208599
3971457
852357999
9047115
378059
1550526
1960037
248524703
194553632
666106954
1528542
453181
192101676
1875752
437605
604620411
978456853
864230126
296305812
1429929
4977571
3739415
75874
911811338
235694
480759360
198061187
603500
1238829
130337720
1465248
1605190
1109181
33988016
829999
2029250
668076734
2291760
6199393
440436896
928480973
239010923
518587
5688804
580776799
3576923
88437585
372598
432013899
280624628
821782
139209
630982129
6547100
441045
26782
5327491
7990941
3123649
2811719
399683
6861049
416832
938259266
283191
2060811
3836128
1049603
4826679
7091095
684168
664401064
9046137
5898733
19168
704681879
415153
3864084
2525293
1544357
552828148
1737056
7148424
4593168
4592607
321085765
837236510
773140436
346606885
301106164
264200055
918052117
674898705
565614678
543223159
4345351
1616007
16573
234757341
1006481
411938
22434148
2283427
5950491
3841347
5590477
350080
416387
549074566
675196441
459189
