1905479
1675691
4198005
3151271
1527621
2349717
4819969
2144213
769238
1844626
2267294
6170414
504378
158095
2056438
519757
3140376
4682046
810586
4958791
6046103
448293
2946836
4319167
520532
4772799
135531
3745242
1179157
5959096
596848
2264969
1190065
2538400
3373875
4850467
3874655
4711697
4084124
966400
892957
352357
2189226
955193
4936554
3209048
846153
2792853
153606
2288983
2734412
795464
2979064
449139
3424778
2011046
206568
3010299
3361252
832789
4866131
209205
1532113
4524717
3795976
4009545
1593359
2185750
99578
2783232
1083883
1961967
2383224
4272373
310184
146262
4340024
564634
1710320
744791
5743426
2306464
7694250
1913092
169324
2273745
631423
909098
2333335
2472026
1091669
2779633
5770491
1171925
2566687
1893688
5008817
5206537
1257510
5227113
5013573
3987233
809183
1181829
3172717
5945214
1013781
2148308
463008
3349799
3035022
2479105
2552331
2182078
1204313
74389
417099
2311376
696269
3864510
3286204
2125051
3899486
1452231
4022372
2045627
98477
3919986
904252
2249559
3533100
3387316
6096715
5203117
1143871
37564
660675
5473941
3999216
7418454
5734350
2945351
4247686
3720291
1143069
727986
2848123
3027194
3864080
3403875
1834286
1934441
4382987
3129953
768218
1572013
1663542
4767416
7519548
4273992
3354968
3581461
176089
96991
2906538
3392705
3439673
1521972
3149389
6123577
3695803
399942
861271
1142531
4298349
1424371
374201
2452703
911986
406301
1807215
4753473
6909957
4588699
2081549
2116189
854367
2742998
85767
2281129
2941170
6473266
1293302
1172133
516925
2449154
520800
4996623
4212901
2710201
3527168
5202117
1055125
2548677
4920606
830982
609054
4133319
416318
229090
1858583
2530771
3770527
834235
1077680
3576136
4069921
3225541
1947924
618662
3412389
5543386
2129367
977307
1676748
2726321
1529179
1927671
275397
1970381
3986350
2217461
199274
950326
574112
5447686
3105216
3231641
4555524
953965
3105263
743176
456010
2546889
153770
6149334
907417
2049348
662703
4577986
3439653
28512
631195
431240
1272251
4296766
2630380
4232696
2766889
602035
1579399
4380074
417178
4040099
4536452
1502837
5602059
2036457
1160819
2883252
3118335
5536641
3132828
2927066
1019406
3243094
341003
5495008
2734853
569384
52945
1321004
1492223
234984
17790
918700
2529423
1551048
5076924
3030672
3241563
944926
2216832
1894946
3539601
1997037
805614
2066684
657153
1326512
356179
5761837
7326831
831247
702741
4420947
3232792
11930
1678494
1842462
4981364
2122151
105212
1407585
1709281
1192586
321788
2206765
6305633
152704
1048386
3762885
414932
1991013
718185
1272876
5439661
553137
3860362
267648
888030
4919125
3625481
1920146
1824547
6269773
5847580
424594
839653
2451213
5914186
5685046
1197024
4048091
386013
5287594
2316645
384925
1623066
2044537
3805872
139306
875533
728137
120308
1748445
716909
2420129
161839
4256728
6344696
4416809
1378897
4342343
4212260
228062
2841879
3538798
717682
4585017
1417352
2149503
4877805
3483992
100445
1185446
4266697
1607293
1720531
2925016
6178199
547391
2729761
587609
921258
1862162
1015045
1120308
3826348
3342018
1389050
397874
5360905
55005
1738545
2741163
4978586
2602716
2075073
713151
493321
6804052
5484246
408476
5607996
2564545
2550523
2889407
2906763
2479962
1808959
3926634
391993
738720
5099006
2920700
4911371
5128761
3662463
5872179
82346
2231359
238106
3319307
6742175
5298376
1678938
74681
4244709
585881
3409994
7207068
3991480
1604629
886802
1672365
1279470
1367597
4293924
3993906
1668585
2033321
2582654
982393
2764858
2178481
1641243
2912777
3049560
5295708
4374384
491053
2127637
3750587
628286
6793392
2533884
1065069
1975477
793308
1312099
3136223
4373975
817858
5257473
970642
3169812
286986
714715
5444015
1025520
952299
1472783
574423
1935860
2122433
2719043
2010415
3802386
1519140
3724526
2742749
2770563
3496294
2842868
1877730
1066393
169844
1129182
786021
457610
1674604
3273538
6568333
4028852
103928
477789
419874
2492195
4025959
2470122
2111471
5563325
914511
1442107
816238
3091624
3731534
3955548
4927479
4089046
329546
1966470
813913
980707
4616431
5330100
916160
6241886
456869
887765
5399082
845123
5534900
1321523
4860215
6701596
2919706
1282752
2994336
5533054
5156044
1156941
4383361
289108
2831241
805360
947563
5656596
28579
195372
604500
1588758
3978824
6991955
1758049
4162445
1550866
1621115
196536
329278
1094128
978135
3031635
3473084
5635344
6592104
5041453
2668281
2113908
1042822
3635738
2349038
380304
1033815
3371266
1500736
3936463
414715
1788389
5536875
10167
1656713
3852739
2930262
3138532
5095439
4786170
1622044
3734393
3797939
1313487
792491
7090438
2638747
2083244
4755981
253452
1490678
1778693
3386203
1392211
6686844
720582
674305
1628494
5474806
989687
2713710
721976
5421509
3377640
4175386
4692828
3226817
4413122
4275385
6291214
6443290
1758971
3188973
4869889
5080906
524566
2357905
6058888
1712268
2469247
4563685
1811650
295843
3918440
1375743
200647
3681524
1263101
894480
1383022
3638568
4388299
58001
7048999
346741
5904698
6776947
2024111
3752589
1829269
6005297
122192
4320763
3435679
769146
5215017
3763279
264167
874798
242288
1235710
4049197
570566
5050204
1633082
3606675
4577364
1995915
2819923
878300
1745672
2627324
2009907
1372468
876471
894577
1273815
2836717
822123
526323
1301463
378442
3725002
2200737
6503941
5144465
2110665
591950
601451
969026
390011
401310
5819874
5512327
1700602
2380956
1351345
2890186
3338734
4626533
2095528
2671333
5495261
4927217
2405119
502893
4054681
1613625
866609
596572
3171219
4193688
1402508
1146868
2025447
274109
2793464
1690610
2770491
1753440
3281094
1611207
1148757
3439818
3568141
297114
6453085
3720729
3009585
2680282
1883277
2692292
300033
113328
2078533
5133783
480977
6021579
553089
1140679
6501402
2480419
6912930
1851649
6138904
445327
188632
125590
3818114
3157396
1836515
1902735
44057
5637806
5390384
126004
1787954
2243488
887694
2284730
831252
3454034
1293551
4520880
3907325
3989791
1702054
158877
2251158
4534695
5258727
4466948
4837876
5063608
1243769
2293112
1073640
391346
1818026
1930954
430740
741655
1969786
2973596
5228387
1192582
3849885
6225699
2778071
1252012
3720982
3551832
2955297
3044761
312181
4214133
4849497
1466710
2972682
317654
703339
2183292
2428307
1673168
2874642
3856306
2700066
2970868
3711746
1214650
914068
3270169
6443123
3554490
2711682
616689
2976397
5122767
7645895
2528673
1253393
117030
4875353
482559
1604488
401328
187968
5601882
583509
5311852
4534899
1475396
2037365
1179486
6552720
3931908
2021943
3760973
2375589
1416575
1357432
1592903
839709
4596887
37644
1133457
4037801
3120976
1663157
5310493
1412345
496625
3220601
3242289
1268386
4837701
3439763
1132423
894881
2214150
1255579
7071477
3430529
1888509
5432011
1824890
2113139
741849
237482
3422953
1403808
2416279
4274362
346381
3014484
4788012
2972992
3059261
688976
3938151
4933173
1823738
1361111
5876676
1755397
5562927
3643456
2406064
305641
3413296
437391
1238544
5210099
1086459
1592597
2429322
6555792
1841301
1335619
3301448
4438124
1628884
3074362
1164400
5034660
861644
82239
228410
1155922
892033
5684375
1072458
2616677
4172939
3491872
1442090
279716
1330182
4894971
1548619
3040016
367341
2803455
830923
1038621
2321601
2892001
3959336
3771021
1246123
6976370
3476406
4808087
4742066
5906851
1111808
3102629
1123128
935773
2206022
3175344
45379
1174950
31536
2150086
134219
1419014
3457444
5770245
2634873
652057
1593540
3631193
3663271
6937187
2483911
3041819
23218
3387246
6013688
2439784
1782415
2873336
5384225
6172493
3919321
4770306
1149948
3263944
284411
44855
1405988
297352
2821274
698885
5541522
106134
7144251
364549
1623128
441416
4611073
1408532
1008949
3898509
5216544
4760544
5097804
547371
4436091
3841393
1424852
3412552
1142583
1057689
1242158
2919236
5425093
2986431
2710056
1451013
4402535
997327
1820490
1869364
3446192
5932254
1316739
2789544
3232107
2962769
6077432
1282131
3306171
178323
6868387
6101023
6286372
4651052
496330
2516316
599582
665240
4027176
4273461
369203
3705481
656804
6361739
5003196
1306895
4799369
412003
2983965
1629257
173515
607220
4684234
1058466
2633191
901709
2989583
5948577
2984580
6035276
5618161
4228191
4828492
3557274
2715110
271393
3317766
1268294
914015
1741546
3408575
1718177
2506428
6524586
5744496
6363060
1942958
2861733
2368191
4629489
4163369
6541915
1084545
1934287
135902
3425817
2968314
1706981
5328559
3363751
3874348
622943
851562
3270306
4026852
1311160
1051445
4488206
1068138
3774249
867239
824303
5096886
4339916
4293315
2741698
696813
616496
219446
1429568
3174886
2757953
1925959
2210700
1720837
4085867
87793
4509526
655192
6512241
711782
2351284
3713457
1374225
5156909
2534499
3224007
406857
3814307
4586540
764859
3429391
3159745
141917
1050297
6206949
2093287
3025796
3069759
1797893
7320451
3531117
489061
3199330
4973553
929085
5828685
3239766
2162183
2833964
2932536
2715738
365523
4591925
2490681
512859
2074082
6248799
2525249
6523871
1579298
177584
350369
1572227
5434524
458465
398103
191901
1165508
658111
1303183
3172696
2436270
1201541
879067
165289
2718
4002278
3332911
1765712
5630961
1461214
491057
3321400
4366696
2145744
1232428
1149087
2575412
4292800
3634481
5951677
4301656
131675
4633238
4834109
3985751
3936338
5384371
1202329
2580170
5273326
3277300
393122
28933
5686158
1942675
2895958
2343042
1600837
1156115
3838586
986081
38164
1278464
2107375
3524639
3249260
5613835
662192
6264561
5488810
620311
319126
591867
6275889
822230
471588
4617177
3640318
3931091
409356
1000893
3852050
2330828
3501165
1914678
1131897
6967396
1996415
6182225
1568287
4299904
139148
166600
2685413
3182456
1508291
5782776
1368416
4222895
70809
195486
641354
5091176
673904
2102936
4927911
3423730
5285946
1110060
3649991
932445
381658
2351260
4223619
2483817
3866239
4051127
1823384
5045919
1840829
2981611
4819115
3749288
7196455
3938973
4340165
46024
5769561
1142223
5955059
3701320
352318
2090543
2528779
420271
2226745
1668654
436622
361497
1615465
577626
896680
4122814
892776
3150826
3235746
22696
6104441
159602
3738408
4946172
3777617
947920
1486310
3231328
2907259
2330487
1112666
238318
852448
2512610
5429521
439822
3336659
1234241
209223
5203028
2572709
2737227
1152295
2567714
1239832
848742
3618942
331889
4132238
4860249
1167652
5160698
629778
2011737
4996822
924277
4458168
244287
3743013
5392995
3214051
708412
2484467
733826
970628
1270589
3676643
4707026
876066
2458229
2601771
5379900
4220961
2171246
488281
4767624
3037716
129170
2399625
4525099
1510669
3693207
924764
3597658
5864112
3314777
5013720
4333753
6439781
3871889
491652
1908882
3305983
619158
1283984
4536548
1511
3552320
5955739
404564
6476524
4057797
4578019
1943218
479883
2544631
290830
3781340
1869622
4809298
4077431
1198339
5081670
1672928
1817247
2278652
3457247
1154471
2038176
3573031
2186019
2317829
914769
4793846
4811103
59439
1891787
1843176
3105986
2858886
6514331
1410818
3706691
2189323
1745281
2780189
531312
3897765
1888638
1618269
2586381
1462282
3295726
5153894
1001353
2767878
5288500
6901746
1629782
3335786
1191679
2570801
2891067
4255802
1540598
1957083
4477583
714622
1671893
2991186
2948861
4266122
6208938
2208305
3405156
596918
2344638
2741124
1226145
4376581
195958
1972082
262512
4704170
1871673
1184178
3606259
3193637
1918006
1394366
1056781
250776
72907
789944
2212473
3658707
1162172
5755484
2803538
447789
5364904
444956
1251080
428427
2470422
2051775
655796
4881768
1184750
1167535
3260455
4632471
2079796
3014082
796500
3930121
6296185
369740
103788
319379
3302316
1343544
447291
1188492
751900
2467548
2512830
3790858
177814
4603311
2225249
3568960
2466669
1326927
3440768
2662258
27557
6320564
269085
2405769
826970
3518282
1377213
1893683
2403244
2448422
583511
3476534
877081
385398
2396398
4563090
312854
1802484
4025944
13567
1268863
1433557
3684687
1073347
91708
887618
1253813
5871352
1841116
4430151
87110
1629199
2386706
1130065
3209880
1550540
374477
3888782
2082563
3565800
5988678
4691598
706050
6312537
3253795
2413836
1955532
5583546
2606178
3186306
5252641
1279911
2645042
3532678
4559166
4012739
950008
6381561
186201
132422
2042870
2726641
155843
2135242
604601
104765
5567150
959453
322430
3084340
2965948
5427052
4173117
3247171
7180777
3744701
4354034
1787097
6625070
809766
2119611
804452
2127759
1606583
2548856
4147932
6298613
4006627
6249064
2271350
1024591
6913721
4999678
4442486
1235720
164108
3464416
6436669
743341
102534
1708758
1197333
1785566
626471
4673754
1628906
1338442
5396664
4577471
1176074
5545424
133397
1691308
3952181
4918396
467639
185050
1755310
2651453
4060478
7127967
2318738
567396
278142
4286687
1713856
6153551
802488
1053844
5967380
4189864
6374666
3751119
4054240
6140996
3873972
2809241
6614335
5349950
3383166
1629943
943803
2422505
2950638
5392965
4874408
2117818
1263655
4601931
3437681
286957
4139230
1737953
370934
1441389
3681894
6252509
3161199
3370246
589401
2531467
863215
3114839
614778
3579234
1500820
3595757
1084789
1893233
352078
1452761
1447991
4504048
1698417
282680
1059683
5690144
647410
1030296
1222115
3547676
182098
255360
1364861
3361719
258001
98845
4379939
5408625
1396983
1396801
1687997
1809041
2747476
6462399
3498884
6004660
507485
2152233
4799253
3947399
51797
3314527
912768
1449717
786241
3739804
230714
1779261
3141338
3546930
1769342
1943117
2641345
518304
3371718
7029765
299801
1118856
